1        1   (0)      1  : 0.9996 0.0004
2        2   (0)      1  : 0.9996 0.0004
3        3   (0)      1  : 0.9967 0.0033
4        4   (0)      1  : 0.9996 0.0004
5        5   (0)      1  : 0.9996 0.0004
6        6   (0)      1  : 0.9995 0.0005
7        7   (0)      1  : 0.9996 0.0004
8        8   (0)      1  : 0.9998 0.0002
9        9   (0)      1  : 0.9998 0.0002
10       10   (0)      1  : 0.9997 0.0003
11       11   (0)      1  : 0.9996 0.0004
12       12   (0)      1  : 0.9998 0.0002
13       13   (0)      1  : 0.9997 0.0003
14       14   (0)      1  : 0.9997 0.0003
15       15   (0)      1  : 0.9997 0.0003
16       16   (0)      1  : 0.9996 0.0004
17       17   (0)      1  : 0.9996 0.0004
18       18   (0)      2  : 0.4055 0.5945
19       19   (0)      2  : 0.4369 0.5631
20       20   (0)      3  : 0.9996 0.0004
21       21   (0)      3  : 0.9996 0.0004
22       22   (0)      2  : 0.4067 0.5933
23       23   (0)      2  : 0.3862 0.6138
24       24   (0)      2  : 0.4225 0.5775
25       25   (0)      4  : 0.0863 0.9137
26       26   (0)      4  : 0.0003 0.9997
27       27   (0)      4  : 0.0005 0.9995
28       28   (0)      4  : 0.0004 0.9996
29       29   (0)      4  : 0.0005 0.9995
30       30   (0)      4  : 0.0941 0.9059
31       31   (0)      4  : 0.0005 0.9995
32       32   (0)      4  : 0.0008 0.9992
33       33   (0)      4  : 0.0004 0.9996
34       34   (0)      4  : 0.0409 0.9591
35       35   (0)      4  : 0.0986 0.9014
36       36   (0)      4  : 0.0003 0.9997
37       37   (0)      4  : 0.0003 0.9997
38       38   (0)      4  : 0.0004 0.9996
39       39   (0)      4  : 0.0003 0.9997
40       40   (0)      4  : 0.0003 0.9997
41       41   (0)      4  : 0.0004 0.9996
42       42   (0)      4  : 0.0004 0.9996
43       43   (0)      4  : 0.0005 0.9995
44       44   (0)      4  : 0.0006 0.9994
45       45   (0)      4  : 0.0004 0.9996
46       46   (0)      4  : 0.0260 0.9740
47       47   (0)      4  : 0.0004 0.9996
48       48   (0)      4  : 0.1223 0.8777
49       49   (0)      4  : 0.0004 0.9996
50       50   (0)      4  : 0.0004 0.9996
51       51   (0)      1  : 0.9998 0.0003
52       52   (0)      1  : 0.9997 0.0003
53       53   (0)      1  : 0.7198 0.2802
54       54   (0)      1  : 0.3657 0.6343
55       55   (0)      1  : 0.7638 0.2362
56       56   (0)      1  : 0.3981 0.6019
57       57   (0)      1  : 0.4437 0.5563
58       58   (0)      1  : 0.5677 0.4323
59       59   (0)      1  : 0.9599 0.0401
60       60   (0)      1  : 0.9997 0.0003
61       61   (0)      1  : 0.9998 0.0002
62       62   (0)      1  : 0.8295 0.1705
63       63   (0)      1  : 0.8833 0.1167
64       64   (0)      1  : 0.9997 0.0003
65       65   (0)      1  : 0.9997 0.0003
66       66   (0)      1  : 0.9996 0.0004
67       67   (0)      1  : 0.9997 0.0003
68       68   (0)      1  : 0.9996 0.0004
69       69   (0)      1  : 0.9996 0.0004
70       70   (0)      1  : 0.9997 0.0003
71       71   (0)      1  : 0.9996 0.0004
72       72   (0)      1  : 0.9996 0.0004
73       73   (0)      1  : 0.9997 0.0003
74       74   (0)      1  : 0.9998 0.0002
75       75   (0)      1  : 0.9998 0.0002
76       76   (0)      1  : 0.9995 0.0005
77       77   (0)      1  : 0.9996 0.0004
78       78   (0)      1  : 0.9996 0.0004
79       79   (0)      1  : 0.7057 0.2943
80       80   (0)      1  : 0.9998 0.0003
81       81   (0)      1  : 0.9997 0.0003
82       82   (0)      1  : 0.9997 0.0003
83       83   (0)      1  : 0.9995 0.0005
84       84   (0)      1  : 0.9456 0.0544
85       85   (0)      1  : 0.9998 0.0002
86       86   (0)      1  : 0.9998 0.0002
87       87   (0)      5  : 0.3470 0.6530
88       88   (0)      5  : 0.2282 0.7718
89       89   (0)      5  : 0.3452 0.6548
90       90   (0)      5  : 0.0433 0.9567
91       91   (0)      5  : 0.0010 0.9990
92       92   (0)      5  : 0.2576 0.7424
93       93   (0)      5  : 0.1536 0.8464
94       94   (0)      5  : 0.1931 0.8069
95       95   (0)      5  : 0.0007 0.9993
96       96   (0)      5  : 0.0876 0.9124
97       97   (0)      6  : 0.9997 0.0003
98       98   (0)      6  : 0.9997 0.0003
99       99   (0)      6  : 0.9997 0.0003
100      100   (0)      6  : 0.9998 0.0002
101      101   (0)      6  : 0.9998 0.0002
102      102   (0)      6  : 0.9998 0.0002
103      103   (0)      6  : 0.9997 0.0003
104      104   (0)      6  : 0.9997 0.0003
105      105   (0)      6  : 0.9996 0.0004
106      106   (0)      6  : 0.9996 0.0004
107      107   (0)      6  : 0.9996 0.0004
108      108   (0)      6  : 0.9996 0.0004
109      109   (0)      6  : 0.9996 0.0004
110      110   (0)      2  : 0.4860 0.5140
111      111   (0)      2  : 0.4624 0.5376
112      112   (0)      2  : 0.4900 0.5100
113      113   (0)      2  : 0.4834 0.5166
114      114   (0)      2  : 0.4815 0.5185
115      115   (0)      3  : 0.9996 0.0004
