  1        1   (0)      1 :  0.0000 0.0000 0.0000 0.0000 0.7998 0.2000 
  2        2   (0)      1 :  0.0000 0.0000 0.0000 0.0000 0.7998 0.2000 
  3        3   (0)      1 :  0.0000 0.0000 0.0000 0.0000 0.7998 0.2000 
  4        4   (0)      1 :  0.0000 0.0000 0.0000 0.0000 0.7998 0.2000 
  5        5   (0)      1 :  0.0001 0.0001 0.0001 0.0001 0.7998 0.2000 
  6        6   (0)      1 :  0.0000 0.0000 0.0000 0.0000 0.7998 0.2000 
  7        7   (0)      1 :  0.0001 0.0001 0.0001 0.0001 0.9997 0.0001 
  8        8   (0)      1 :  0.0000 0.0000 0.0000 0.0000 0.9998 0.0000 
  9        9   (0)      1 :  0.0000 0.0000 0.0000 0.0000 0.9998 0.0000 
 10       10   (0)      1 :  0.0000 0.0000 0.0000 0.0000 0.9998 0.0000 
 11       11   (0)      1 :  0.0000 0.0000 0.0000 0.0000 0.9998 0.0000 
 12       12   (0)      1 :  0.0000 0.0000 0.0000 0.0000 0.9998 0.0000 
 13       13   (0)      1 :  0.0000 0.0000 0.0000 0.0000 0.9998 0.0000 
 14       14   (0)      1 :  0.0000 0.0000 0.0000 0.0000 0.9998 0.0000 
 15       15   (0)      1 :  0.0000 0.0000 0.0000 0.0000 0.9998 0.0000 
 16       16   (0)      1 :  0.0001 0.0001 0.0001 0.0001 0.9997 0.0001 
 17       17   (0)      1 :  0.0001 0.0001 0.0001 0.0001 0.9997 0.0001 
 18       18   (0)      2 :  0.0000 0.9998 0.0000 0.0000 0.0000 0.0000 
 19       19   (0)      2 :  0.0000 0.9998 0.0000 0.0000 0.0000 0.0000 
 20       20   (0)      3 :  0.0000 0.0288 0.0000 0.0000 0.5712 0.3999 
 21       21   (0)      3 :  0.0000 0.0196 0.0000 0.0000 0.5804 0.3999 
 22       22   (0)      2 :  0.0000 0.9998 0.0000 0.0000 0.0000 0.0000 
 23       23   (0)      2 :  0.0000 0.9998 0.0000 0.0000 0.0000 0.0000 
 24       24   (0)      2 :  0.0000 0.9998 0.0000 0.0000 0.0000 0.0000 
 25       25   (0)      4 :  0.0000 0.0000 0.0000 0.9759 0.0239 0.0000 
 26       26   (0)      4 :  0.0000 0.0000 0.0000 0.9998 0.0000 0.0000 
 27       27   (0)      4 :  0.0001 0.0001 0.0001 0.9997 0.0001 0.0001 
 28       28   (0)      4 :  0.0000 0.0000 0.0000 0.9998 0.0000 0.0000 
 29       29   (0)      4 :  0.0001 0.0001 0.0001 0.9997 0.0001 0.0001 
 30       30   (0)      4 :  0.0001 0.0001 0.0001 0.9328 0.0548 0.0123 
 31       31   (0)      4 :  0.0001 0.0001 0.0001 0.9997 0.0001 0.0001 
 32       32   (0)      4 :  0.0001 0.0001 0.0001 0.9997 0.0001 0.0001 
 33       33   (0)      4 :  0.0000 0.0000 0.0000 0.9998 0.0000 0.0000 
 34       34   (0)      4 :  0.0000 0.0000 0.0000 0.9798 0.0201 0.0000 
 35       35   (0)      4 :  0.0000 0.0000 0.0000 0.9704 0.0295 0.0000 
 36       36   (0)      4 :  0.0000 0.0000 0.0000 0.9998 0.0000 0.0000 
 37       37   (0)      4 :  0.0000 0.0000 0.0000 0.9998 0.0000 0.0000 
 38       38   (0)      4 :  0.0000 0.0000 0.0000 0.9998 0.0000 0.0000 
 39       39   (0)      4 :  0.0000 0.0000 0.0000 0.9998 0.0000 0.0000 
 40       40   (0)      4 :  0.0000 0.0000 0.0000 0.9998 0.0000 0.0000 
 41       41   (0)      4 :  0.0000 0.0000 0.0000 0.9998 0.0000 0.0000 
 42       42   (0)      4 :  0.0000 0.0000 0.0000 0.9998 0.0000 0.0000 
 43       43   (0)      4 :  0.0001 0.0001 0.0001 0.9997 0.0001 0.0001 
 44       44   (0)      4 :  0.0000 0.0000 0.0000 0.9998 0.0000 0.0000 
 45       45   (0)      4 :  0.0000 0.0000 0.0000 0.9998 0.0000 0.0000 
 46       46   (0)      4 :  0.0000 0.0055 0.0000 0.9658 0.0285 0.0000 
 47       47   (0)      4 :  0.0001 0.0001 0.0001 0.9997 0.0001 0.0001 
 48       48   (0)      4 :  0.0000 0.0424 0.0000 0.8999 0.0484 0.0092 
 49       49   (0)      4 :  0.0000 0.0000 0.0000 0.9998 0.0000 0.0000 
 50       50   (0)      4 :  0.0000 0.0000 0.0000 0.9998 0.0000 0.0000 
 51       51   (0)      1 :  0.0000 0.0000 0.0000 0.0000 0.7999 0.2000 
 52       52   (0)      1 :  0.0000 0.0000 0.0000 0.0000 0.7999 0.2000 
 53       53   (0)      1 :  0.0001 0.0570 0.0001 0.1570 0.6157 0.1701 
 54       54   (0)      1 :  0.0000 0.0765 0.0000 0.5731 0.2781 0.0722 
 55       55   (0)      1 :  0.0001 0.0168 0.0001 0.1545 0.6691 0.1595 
 56       56   (0)      1 :  0.0000 0.0000 0.0000 0.5372 0.3819 0.0807 
 57       57   (0)      1 :  0.0000 0.0000 0.0000 0.5095 0.4040 0.0864 
 58       58   (0)      1 :  0.0000 0.0000 0.0000 0.3404 0.5384 0.1210 
 59       59   (0)      1 :  0.0000 0.0000 0.0000 0.0189 0.9688 0.0121 
 60       60   (0)      1 :  0.0000 0.0000 0.0000 0.0000 0.9998 0.0000 
 61       61   (0)      1 :  0.0000 0.0000 0.0000 0.0000 0.9998 0.0000 
 62       62   (0)      1 :  0.0000 0.0000 0.0000 0.0962 0.9036 0.0000 
 63       63   (0)      1 :  0.0000 0.0000 0.0000 0.0499 0.9500 0.0000 
 64       64   (0)      1 :  0.0000 0.0000 0.0000 0.0000 0.9998 0.0000 
 65       65   (0)      1 :  0.0000 0.0000 0.0000 0.0000 0.9998 0.0000 
 66       66   (0)      1 :  0.0001 0.0001 0.0001 0.0001 0.9997 0.0001 
 67       67   (0)      1 :  0.0000 0.0000 0.0000 0.0000 0.9998 0.0000 
 68       68   (0)      1 :  0.0001 0.0001 0.0001 0.0001 0.9997 0.0001 
 69       69   (0)      1 :  0.0001 0.0001 0.0001 0.0001 0.9997 0.0001 
 70       70   (0)      1 :  0.0000 0.0000 0.0000 0.0000 0.9998 0.0000 
 71       71   (0)      1 :  0.0001 0.0001 0.0001 0.0001 0.9997 0.0001 
 72       72   (0)      1 :  0.0001 0.0001 0.0001 0.0001 0.9997 0.0001 
 73       73   (0)      1 :  0.0000 0.0000 0.0000 0.0000 0.9998 0.0000 
 74       74   (0)      1 :  0.0000 0.0000 0.0000 0.0000 0.9998 0.0000 
 75       75   (0)      1 :  0.0000 0.0000 0.0000 0.0000 0.9998 0.0000 
 76       76   (0)      1 :  0.0001 0.0001 0.0001 0.0001 0.9997 0.0001 
 77       77   (0)      1 :  0.0000 0.0001 0.0000 0.0001 0.9997 0.0001 
 78       78   (0)      1 :  0.0000 0.0000 0.0000 0.0000 0.9998 0.0000 
 79       79   (0)      1 :  0.0000 0.0245 0.0000 0.1800 0.6424 0.1530 
 80       80   (0)      1 :  0.0000 0.0000 0.0000 0.0000 0.8786 0.1213 
 81       81   (0)      1 :  0.0000 0.0000 0.0000 0.0000 0.7999 0.2000 
 82       82   (0)      1 :  0.0000 0.0000 0.0000 0.0000 0.8433 0.1566 
 83       83   (0)      1 :  0.0000 0.0000 0.0000 0.0000 0.7622 0.2376 
 84       84   (0)      1 :  0.0001 0.0001 0.0001 0.0113 0.7885 0.2000 
 85       85   (0)      1 :  0.0000 0.0000 0.0000 0.0000 0.9998 0.0000 
 86       86   (0)      1 :  0.0000 0.0000 0.0000 0.0000 0.8430 0.1569 
 87       87   (0)      5 :  0.0001 0.1240 0.0001 0.5969 0.2790 0.0001 
 88       88   (0)      5 :  0.0000 0.2000 0.0000 0.6845 0.1154 0.0000 
 89       89   (0)      5 :  0.0000 0.1253 0.0000 0.5845 0.2344 0.0557 
 90       90   (0)      5 :  0.0001 0.0524 0.0001 0.9226 0.0248 0.0001 
 91       91   (0)      5 :  0.0000 0.0199 0.0000 0.9800 0.0000 0.0000 
 92       92   (0)      5 :  0.0000 0.0707 0.0000 0.7271 0.2021 0.0000 
 93       93   (0)      5 :  0.0001 0.1008 0.0001 0.8636 0.0354 0.0001 
 94       94   (0)      5 :  0.0000 0.2000 0.0000 0.6695 0.1303 0.0000 
 95       95   (0)      5 :  0.0001 0.0222 0.0001 0.9776 0.0001 0.0001 
 96       96   (0)      5 :  0.0000 0.0900 0.0000 0.8617 0.0482 0.0000 
 97       97   (0)      6 :  0.0000 0.0000 0.0000 0.0000 0.3999 0.5999 
 98       98   (0)      6 :  0.0000 0.0000 0.0000 0.0000 0.3999 0.5999 
 99       99   (0)      6 :  0.0000 0.0000 0.0000 0.0000 0.3999 0.5999 
100      100   (0)      6 :  0.0000 0.0000 0.0000 0.0000 0.5999 0.3999 
101      101   (0)      6 :  0.0000 0.0000 0.0000 0.0000 0.7428 0.2570 
102      102   (0)      6 :  0.0000 0.0000 0.0000 0.0000 0.5999 0.4000 
103      103   (0)      6 :  0.0000 0.0000 0.0000 0.0000 0.3999 0.5999 
104      104   (0)      6 :  0.0000 0.0000 0.0000 0.0000 0.3999 0.5999 
105      105   (0)      6 :  0.0000 0.0000 0.0000 0.0000 0.3999 0.5999 
106      106   (0)      6 :  0.0001 0.0001 0.0001 0.0001 0.3999 0.5999 
107      107   (0)      6 :  0.0000 0.0000 0.0000 0.0000 0.3999 0.5999 
108      108   (0)      6 :  0.0000 0.0000 0.0000 0.0000 0.3999 0.5999 
109      109   (0)      6 :  0.0000 0.0000 0.0000 0.0000 0.3999 0.5999 
110      110   (0)      2 :  0.0000 0.8784 0.0000 0.0000 0.1036 0.0179 
111      111   (0)      2 :  0.0000 0.9998 0.0000 0.0000 0.0000 0.0000 
112      112   (0)      2 :  0.0000 0.9998 0.0000 0.0000 0.0000 0.0000 
113      113   (0)      2 :  0.0000 0.9998 0.0000 0.0000 0.0000 0.0000 
114      114   (0)      2 :  0.0000 0.9998 0.0000 0.0000 0.0000 0.0000 
115      115   (0)      3 :  0.0000 0.0311 0.0000 0.0000 0.5689 0.4000 
