  1        1   (0)      1 :  0.0000 0.0000 0.0000 0.0000 0.0000 0.0000 0.9997 0.0000 
  2        2   (0)      1 :  0.0000 0.0000 0.0000 0.0000 0.0000 0.0000 0.9998 0.0000 
  3        3   (0)      1 :  0.0000 0.0000 0.0000 0.0000 0.0000 0.0000 0.9997 0.0000 
  4        4   (0)      1 :  0.0000 0.0000 0.0000 0.0000 0.0000 0.0000 0.9997 0.0000 
  5        5   (0)      1 :  0.0000 0.0000 0.0000 0.0000 0.0000 0.0000 0.9997 0.0000 
  6        6   (0)      1 :  0.0000 0.0000 0.0000 0.0000 0.0000 0.0000 0.9997 0.0000 
  7        7   (0)      1 :  0.0000 0.0000 0.0000 0.0000 0.0000 0.0000 0.9997 0.0000 
  8        8   (0)      1 :  0.0000 0.0000 0.0000 0.0000 0.0000 0.0000 0.9998 0.0000 
  9        9   (0)      1 :  0.0000 0.0000 0.0000 0.0000 0.0000 0.0000 0.9998 0.0000 
 10       10   (0)      1 :  0.0000 0.0000 0.0000 0.0000 0.0000 0.0000 0.9998 0.0000 
 11       11   (0)      1 :  0.0000 0.0000 0.0000 0.0000 0.0000 0.0000 0.9997 0.0000 
 12       12   (0)      1 :  0.0000 0.0000 0.0000 0.0000 0.0000 0.0000 0.9998 0.0000 
 13       13   (0)      1 :  0.0000 0.0000 0.0000 0.0000 0.0000 0.0000 0.9998 0.0000 
 14       14   (0)      1 :  0.0000 0.0000 0.0000 0.0000 0.0000 0.0000 0.9998 0.0000 
 15       15   (0)      1 :  0.0000 0.0000 0.0000 0.0000 0.0000 0.0000 0.9997 0.0000 
 16       16   (0)      1 :  0.0000 0.0000 0.0000 0.0000 0.0000 0.0000 0.9997 0.0000 
 17       17   (0)      1 :  0.0000 0.0000 0.0000 0.0000 0.0000 0.0000 0.9997 0.0000 
 18       18   (0)      2 :  0.0000 0.0000 0.9998 0.0000 0.0000 0.0000 0.0000 0.0000 
 19       19   (0)      2 :  0.0000 0.0000 0.9997 0.0000 0.0000 0.0000 0.0000 0.0000 
 20       20   (0)      3 :  0.0000 0.0000 0.0546 0.0000 0.0000 0.0000 0.9453 0.0000 
 21       21   (0)      3 :  0.0000 0.0000 0.0423 0.0000 0.0000 0.0000 0.9575 0.0000 
 22       22   (0)      2 :  0.0000 0.0000 0.9997 0.0000 0.0000 0.0000 0.0000 0.0000 
 23       23   (0)      2 :  0.0000 0.0000 0.9998 0.0000 0.0000 0.0000 0.0000 0.0000 
 24       24   (0)      2 :  0.0000 0.0000 0.9998 0.0000 0.0000 0.0000 0.0000 0.0000 
 25       25   (0)      4 :  0.0000 0.9620 0.0000 0.0000 0.0000 0.0000 0.0378 0.0000 
 26       26   (0)      4 :  0.0000 0.9998 0.0000 0.0000 0.0000 0.0000 0.0000 0.0000 
 27       27   (0)      4 :  0.0000 0.9997 0.0000 0.0000 0.0000 0.0000 0.0000 0.0000 
 28       28   (0)      4 :  0.0000 0.9997 0.0000 0.0000 0.0000 0.0000 0.0000 0.0000 
 29       29   (0)      4 :  0.0000 0.9997 0.0000 0.0000 0.0000 0.0000 0.0000 0.0000 
 30       30   (0)      4 :  0.0000 0.9186 0.0000 0.0000 0.0000 0.0000 0.0811 0.0000 
 31       31   (0)      4 :  0.0000 0.9997 0.0000 0.0000 0.0000 0.0000 0.0000 0.0000 
 32       32   (0)      4 :  0.0000 0.9997 0.0000 0.0000 0.0000 0.0000 0.0000 0.0000 
 33       33   (0)      4 :  0.0000 0.9998 0.0000 0.0000 0.0000 0.0000 0.0000 0.0000 
 34       34   (0)      4 :  0.0000 0.9556 0.0000 0.0000 0.0000 0.0000 0.0442 0.0000 
 35       35   (0)      4 :  0.0000 0.8715 0.0000 0.0000 0.0000 0.0000 0.1284 0.0000 
 36       36   (0)      4 :  0.0000 0.9998 0.0000 0.0000 0.0000 0.0000 0.0000 0.0000 
 37       37   (0)      4 :  0.0000 0.9998 0.0000 0.0000 0.0000 0.0000 0.0000 0.0000 
 38       38   (0)      4 :  0.0000 0.9998 0.0000 0.0000 0.0000 0.0000 0.0000 0.0000 
 39       39   (0)      4 :  0.0000 0.9998 0.0000 0.0000 0.0000 0.0000 0.0000 0.0000 
 40       40   (0)      4 :  0.0000 0.9998 0.0000 0.0000 0.0000 0.0000 0.0000 0.0000 
 41       41   (0)      4 :  0.0000 0.9997 0.0000 0.0000 0.0000 0.0000 0.0000 0.0000 
 42       42   (0)      4 :  0.0000 0.9997 0.0000 0.0000 0.0000 0.0000 0.0000 0.0000 
 43       43   (0)      4 :  0.0000 0.9997 0.0000 0.0000 0.0000 0.0000 0.0000 0.0000 
 44       44   (0)      4 :  0.0000 0.9997 0.0000 0.0000 0.0000 0.0000 0.0000 0.0000 
 45       45   (0)      4 :  0.0000 0.9997 0.0000 0.0000 0.0000 0.0000 0.0000 0.0000 
 46       46   (0)      4 :  0.0000 0.9997 0.0000 0.0000 0.0000 0.0000 0.0000 0.0000 
 47       47   (0)      4 :  0.0000 0.9997 0.0000 0.0000 0.0000 0.0000 0.0000 0.0000 
 48       48   (0)      4 :  0.0000 0.8682 0.0000 0.0000 0.0000 0.0000 0.1316 0.0000 
 49       49   (0)      4 :  0.0000 0.9998 0.0000 0.0000 0.0000 0.0000 0.0000 0.0000 
 50       50   (0)      4 :  0.0000 0.9997 0.0000 0.0000 0.0000 0.0000 0.0000 0.0000 
 51       51   (0)      1 :  0.0000 0.0000 0.0000 0.0000 0.0000 0.0000 0.9998 0.0000 
 52       52   (0)      1 :  0.0000 0.0000 0.0000 0.0000 0.0000 0.0000 0.9998 0.0000 
 53       53   (0)      1 :  0.0000 0.0000 0.0100 0.0000 0.0000 0.2000 0.7898 0.0000 
 54       54   (0)      1 :  0.0000 0.3251 0.0012 0.0000 0.0000 0.2000 0.4736 0.0000 
 55       55   (0)      1 :  0.0000 0.3189 0.0000 0.0000 0.0000 0.1548 0.5260 0.0000 
 56       56   (0)      1 :  0.0000 0.3901 0.0000 0.0000 0.0000 0.2000 0.3901 0.0197 
 57       57   (0)      1 :  0.0000 0.2963 0.0000 0.0000 0.0000 0.2000 0.5036 0.0000 
 58       58   (0)      1 :  0.0000 0.2486 0.0000 0.0000 0.0000 0.2000 0.5513 0.0000 
 59       59   (0)      1 :  0.0000 0.0000 0.0015 0.0000 0.0000 0.0000 0.9983 0.0000 
 60       60   (0)      1 :  0.0000 0.0000 0.0000 0.0000 0.0000 0.0000 0.9998 0.0000 
 61       61   (0)      1 :  0.0000 0.0000 0.0000 0.0000 0.0000 0.0000 0.9998 0.0000 
 62       62   (0)      1 :  0.0000 0.1099 0.0000 0.0000 0.0000 0.0223 0.8676 0.0000 
 63       63   (0)      1 :  0.0000 0.0596 0.0000 0.0000 0.0000 0.0170 0.9233 0.0000 
 64       64   (0)      1 :  0.0000 0.0000 0.0000 0.0000 0.0000 0.0000 0.9997 0.0000 
 65       65   (0)      1 :  0.0000 0.0000 0.0000 0.0000 0.0000 0.0000 0.9998 0.0000 
 66       66   (0)      1 :  0.0000 0.0000 0.0000 0.0000 0.0000 0.0000 0.9997 0.0000 
 67       67   (0)      1 :  0.0000 0.0000 0.0000 0.0000 0.0000 0.0000 0.9998 0.0000 
 68       68   (0)      1 :  0.0000 0.0000 0.0000 0.0000 0.0000 0.0000 0.9997 0.0000 
 69       69   (0)      1 :  0.0000 0.0000 0.0000 0.0000 0.0000 0.0000 0.9997 0.0000 
 70       70   (0)      1 :  0.0000 0.0000 0.0000 0.0000 0.0000 0.0000 0.9998 0.0000 
 71       71   (0)      1 :  0.0000 0.0000 0.0000 0.0000 0.0000 0.0000 0.9997 0.0000 
 72       72   (0)      1 :  0.0000 0.0000 0.0000 0.0000 0.0000 0.0000 0.9997 0.0000 
 73       73   (0)      1 :  0.0000 0.0000 0.0000 0.0000 0.0000 0.0000 0.9998 0.0000 
 74       74   (0)      1 :  0.0000 0.0000 0.0000 0.0000 0.0000 0.0000 0.9998 0.0000 
 75       75   (0)      1 :  0.0000 0.0000 0.0000 0.0000 0.0000 0.0000 0.9998 0.0000 
 76       76   (0)      1 :  0.0000 0.0000 0.0000 0.0000 0.0000 0.0000 0.9997 0.0000 
 77       77   (0)      1 :  0.0000 0.0000 0.0000 0.0000 0.0000 0.0000 0.9997 0.0000 
 78       78   (0)      1 :  0.0000 0.0000 0.0000 0.0000 0.0000 0.0000 0.9997 0.0000 
 79       79   (0)      1 :  0.0000 0.0617 0.0000 0.0000 0.0000 0.0608 0.8774 0.0000 
 80       80   (0)      1 :  0.0000 0.0000 0.0000 0.0000 0.0000 0.0000 0.9998 0.0000 
 81       81   (0)      1 :  0.0000 0.0000 0.0000 0.0000 0.0000 0.0000 0.9998 0.0000 
 82       82   (0)      1 :  0.0000 0.0000 0.0000 0.0000 0.0000 0.0000 0.9998 0.0000 
 83       83   (0)      1 :  0.0000 0.0000 0.0000 0.0000 0.0000 0.0000 0.7720 0.2278 
 84       84   (0)      1 :  0.0000 0.0000 0.0000 0.0000 0.0000 0.0000 0.9997 0.0000 
 85       85   (0)      1 :  0.0000 0.0000 0.0000 0.0000 0.0000 0.0000 0.9998 0.0000 
 86       86   (0)      1 :  0.0000 0.0000 0.0000 0.0000 0.0000 0.0000 0.9998 0.0000 
 87       87   (0)      5 :  0.0000 0.4546 0.0000 0.0000 0.0000 0.0000 0.5452 0.0000 
 88       88   (0)      5 :  0.0000 0.5959 0.0000 0.0000 0.0000 0.0000 0.4039 0.0000 
 89       89   (0)      5 :  0.0000 0.4216 0.0000 0.0000 0.0000 0.0000 0.5782 0.0000 
 90       90   (0)      5 :  0.0000 0.9418 0.0000 0.0000 0.0000 0.0000 0.0579 0.0000 
 91       91   (0)      5 :  0.0000 0.9826 0.0000 0.0000 0.0000 0.0000 0.0172 0.0000 
 92       92   (0)      5 :  0.0037 0.5728 0.0000 0.0000 0.0000 0.0000 0.4233 0.0000 
 93       93   (0)      5 :  0.0000 0.7468 0.0000 0.0000 0.0000 0.0000 0.2530 0.0000 
 94       94   (0)      5 :  0.0000 0.8021 0.0000 0.0000 0.0000 0.0000 0.1978 0.0000 
 95       95   (0)      5 :  0.0000 0.9683 0.0000 0.0000 0.0000 0.0000 0.0315 0.0000 
 96       96   (0)      5 :  0.0000 0.8019 0.0000 0.0000 0.0000 0.0000 0.1978 0.0000 
 97       97   (0)      6 :  0.0000 0.0000 0.0000 0.0000 0.0000 0.0000 0.5999 0.3999 
 98       98   (0)      6 :  0.0000 0.0000 0.0000 0.0000 0.0000 0.0000 0.5999 0.3999 
 99       99   (0)      6 :  0.0000 0.0000 0.0000 0.0000 0.0000 0.0000 0.5999 0.3999 
100      100   (0)      6 :  0.0000 0.0000 0.0000 0.0000 0.0000 0.0000 0.7871 0.2128 
101      101   (0)      6 :  0.0000 0.0000 0.0000 0.0000 0.0000 0.0000 0.7945 0.2054 
102      102   (0)      6 :  0.0000 0.0000 0.0000 0.0000 0.0000 0.0000 0.7897 0.2102 
103      103   (0)      6 :  0.0000 0.0000 0.0000 0.0000 0.0000 0.0000 0.5999 0.3999 
104      104   (0)      6 :  0.0000 0.0000 0.0000 0.0000 0.0000 0.0000 0.5999 0.3999 
105      105   (0)      6 :  0.0000 0.0000 0.0000 0.0000 0.0000 0.0000 0.5999 0.3999 
106      106   (0)      6 :  0.0000 0.0000 0.0000 0.0000 0.0000 0.0000 0.5999 0.3999 
107      107   (0)      6 :  0.0000 0.0000 0.0000 0.0000 0.0000 0.0000 0.5999 0.3999 
108      108   (0)      6 :  0.0000 0.0000 0.0000 0.0000 0.0000 0.0000 0.5999 0.3999 
109      109   (0)      6 :  0.0000 0.0000 0.0000 0.0000 0.0000 0.0000 0.5999 0.3999 
110      110   (0)      2 :  0.0000 0.0000 0.8357 0.0000 0.0000 0.0000 0.1641 0.0000 
111      111   (0)      2 :  0.0000 0.0000 0.9997 0.0000 0.0000 0.0000 0.0000 0.0000 
112      112   (0)      2 :  0.0000 0.0000 0.9144 0.0000 0.0000 0.0000 0.0854 0.0000 
113      113   (0)      2 :  0.0000 0.0000 0.9998 0.0000 0.0000 0.0000 0.0000 0.0000 
114      114   (0)      2 :  0.0000 0.0000 0.9998 0.0000 0.0000 0.0000 0.0000 0.0000 
115      115   (0)      3 :  0.0000 0.0000 0.1083 0.0000 0.0000 0.0000 0.8915 0.0000 
