  1        1   (0)      1 :  0.0000 0.5999 0.0000 0.0000 0.2000 0.0000 0.0000 0.2000 0.0000 
  2        2   (0)      1 :  0.0000 0.5999 0.0000 0.0000 0.2000 0.0000 0.0000 0.2000 0.0000 
  3        3   (0)      1 :  0.0000 0.5999 0.0000 0.0000 0.2000 0.0000 0.0000 0.2000 0.0000 
  4        4   (0)      1 :  0.0000 0.5999 0.0000 0.0000 0.2000 0.0000 0.0000 0.2000 0.0000 
  5        5   (0)      1 :  0.0000 0.5999 0.0000 0.0000 0.2000 0.0000 0.0000 0.2000 0.0000 
  6        6   (0)      1 :  0.0000 0.6610 0.0000 0.0000 0.1389 0.0000 0.0000 0.2000 0.0000 
  7        7   (0)      1 :  0.0000 0.9997 0.0000 0.0000 0.0000 0.0000 0.0000 0.0000 0.0000 
  8        8   (0)      1 :  0.0000 0.9998 0.0000 0.0000 0.0000 0.0000 0.0000 0.0000 0.0000 
  9        9   (0)      1 :  0.0000 0.9998 0.0000 0.0000 0.0000 0.0000 0.0000 0.0000 0.0000 
 10       10   (0)      1 :  0.0000 0.9998 0.0000 0.0000 0.0000 0.0000 0.0000 0.0000 0.0000 
 11       11   (0)      1 :  0.0000 0.9997 0.0000 0.0000 0.0000 0.0000 0.0000 0.0000 0.0000 
 12       12   (0)      1 :  0.0000 0.9998 0.0000 0.0000 0.0000 0.0000 0.0000 0.0000 0.0000 
 13       13   (0)      1 :  0.0000 0.9998 0.0000 0.0000 0.0000 0.0000 0.0000 0.0000 0.0000 
 14       14   (0)      1 :  0.0000 0.9997 0.0000 0.0000 0.0000 0.0000 0.0000 0.0000 0.0000 
 15       15   (0)      1 :  0.0000 0.9997 0.0000 0.0000 0.0000 0.0000 0.0000 0.0000 0.0000 
 16       16   (0)      1 :  0.0000 0.9997 0.0000 0.0000 0.0000 0.0000 0.0000 0.0000 0.0000 
 17       17   (0)      1 :  0.0000 0.9997 0.0000 0.0000 0.0000 0.0000 0.0000 0.0000 0.0000 
 18       18   (0)      2 :  0.0000 0.0000 0.0000 0.0000 0.9998 0.0000 0.0000 0.0000 0.0000 
 19       19   (0)      2 :  0.0000 0.0000 0.0000 0.0000 0.9997 0.0000 0.0000 0.0000 0.0000 
 20       20   (0)      3 :  0.0000 0.5765 0.0000 0.0000 0.2234 0.0000 0.0000 0.2000 0.0000 
 21       21   (0)      3 :  0.0000 0.5818 0.0000 0.0000 0.2181 0.0000 0.0000 0.2000 0.0000 
 22       22   (0)      2 :  0.0000 0.0000 0.0000 0.0000 0.9997 0.0000 0.0000 0.0000 0.0000 
 23       23   (0)      2 :  0.0000 0.0000 0.0000 0.0000 0.9998 0.0000 0.0000 0.0000 0.0000 
 24       24   (0)      2 :  0.0000 0.0000 0.0000 0.0000 0.9998 0.0000 0.0000 0.0000 0.0000 
 25       25   (0)      4 :  0.7940 0.0526 0.0000 0.0000 0.1532 0.0000 0.0000 0.0000 0.0000 
 26       26   (0)      4 :  0.9998 0.0000 0.0000 0.0000 0.0000 0.0000 0.0000 0.0000 0.0000 
 27       27   (0)      4 :  0.9997 0.0000 0.0000 0.0000 0.0000 0.0000 0.0000 0.0000 0.0000 
 28       28   (0)      4 :  0.9997 0.0000 0.0000 0.0000 0.0000 0.0000 0.0000 0.0000 0.0000 
 29       29   (0)      4 :  0.9997 0.0000 0.0000 0.0000 0.0000 0.0000 0.0000 0.0000 0.0000 
 30       30   (0)      4 :  0.9045 0.0580 0.0000 0.0000 0.0149 0.0000 0.0000 0.0225 0.0000 
 31       31   (0)      4 :  0.9997 0.0000 0.0000 0.0000 0.0000 0.0000 0.0000 0.0000 0.0000 
 32       32   (0)      4 :  0.9997 0.0000 0.0000 0.0000 0.0000 0.0000 0.0000 0.0000 0.0000 
 33       33   (0)      4 :  0.9998 0.0000 0.0000 0.0000 0.0000 0.0000 0.0000 0.0000 0.0000 
 34       34   (0)      4 :  0.7470 0.0528 0.0000 0.0000 0.2000 0.0000 0.0000 0.0000 0.0000 
 35       35   (0)      4 :  0.6922 0.0969 0.0000 0.0000 0.2107 0.0000 0.0000 0.0000 0.0000 
 36       36   (0)      4 :  0.7999 0.0000 0.0000 0.0000 0.2000 0.0000 0.0000 0.0000 0.0000 
 37       37   (0)      4 :  0.7999 0.0000 0.0000 0.0000 0.2000 0.0000 0.0000 0.0000 0.0000 
 38       38   (0)      4 :  0.9998 0.0000 0.0000 0.0000 0.0000 0.0000 0.0000 0.0000 0.0000 
 39       39   (0)      4 :  0.7998 0.0000 0.0000 0.0000 0.2000 0.0000 0.0000 0.0000 0.0000 
 40       40   (0)      4 :  0.7999 0.0000 0.0000 0.0000 0.2000 0.0000 0.0000 0.0000 0.0000 
 41       41   (0)      4 :  0.9997 0.0000 0.0000 0.0000 0.0000 0.0000 0.0000 0.0000 0.0000 
 42       42   (0)      4 :  0.9997 0.0000 0.0000 0.0000 0.0000 0.0000 0.0000 0.0000 0.0000 
 43       43   (0)      4 :  0.9997 0.0000 0.0000 0.0000 0.0000 0.0000 0.0000 0.0000 0.0000 
 44       44   (0)      4 :  0.9997 0.0000 0.0000 0.0000 0.0000 0.0000 0.0000 0.0000 0.0000 
 45       45   (0)      4 :  0.9997 0.0000 0.0000 0.0000 0.0000 0.0000 0.0000 0.0000 0.0000 
 46       46   (0)      4 :  0.9831 0.0000 0.0000 0.0000 0.0167 0.0000 0.0000 0.0000 0.0000 
 47       47   (0)      4 :  0.9997 0.0000 0.0000 0.0000 0.0000 0.0000 0.0000 0.0000 0.0000 
 48       48   (0)      4 :  0.6910 0.0839 0.0000 0.0000 0.2080 0.0000 0.0000 0.0170 0.0000 
 49       49   (0)      4 :  0.9998 0.0000 0.0000 0.0000 0.0000 0.0000 0.0000 0.0000 0.0000 
 50       50   (0)      4 :  0.9997 0.0000 0.0000 0.0000 0.0000 0.0000 0.0000 0.0000 0.0000 
 51       51   (0)      1 :  0.0000 0.5999 0.0000 0.0000 0.2000 0.0000 0.0000 0.2000 0.0000 
 52       52   (0)      1 :  0.0000 0.5999 0.0000 0.0000 0.2000 0.0000 0.0000 0.2000 0.0000 
 53       53   (0)      1 :  0.0403 0.5868 0.0000 0.0000 0.2037 0.0000 0.0000 0.1690 0.0000 
 54       54   (0)      1 :  0.3168 0.2596 0.0000 0.0000 0.2235 0.0000 0.0000 0.0000 0.2000 
 55       55   (0)      1 :  0.2127 0.3294 0.0000 0.0000 0.2577 0.0000 0.0000 0.2000 0.0000 
 56       56   (0)      1 :  0.3236 0.2291 0.0000 0.0000 0.2472 0.0000 0.0000 0.0000 0.2000 
 57       57   (0)      1 :  0.2880 0.2672 0.0000 0.0000 0.2447 0.0000 0.0000 0.1722 0.0278 
 58       58   (0)      1 :  0.2321 0.3206 0.0000 0.0000 0.2472 0.0000 0.0000 0.2000 0.0000 
 59       59   (0)      1 :  0.0000 0.9566 0.0000 0.0000 0.0219 0.0000 0.0000 0.0213 0.0000 
 60       60   (0)      1 :  0.0000 0.9998 0.0000 0.0000 0.0000 0.0000 0.0000 0.0000 0.0000 
 61       61   (0)      1 :  0.0000 0.9998 0.0000 0.0000 0.0000 0.0000 0.0000 0.0000 0.0000 
 62       62   (0)      1 :  0.1038 0.8385 0.0000 0.0000 0.0576 0.0000 0.0000 0.0000 0.0000 
 63       63   (0)      1 :  0.0372 0.9288 0.0000 0.0000 0.0339 0.0000 0.0000 0.0000 0.0000 
 64       64   (0)      1 :  0.0000 0.9997 0.0000 0.0000 0.0000 0.0000 0.0000 0.0000 0.0000 
 65       65   (0)      1 :  0.0000 0.9998 0.0000 0.0000 0.0000 0.0000 0.0000 0.0000 0.0000 
 66       66   (0)      1 :  0.0000 0.9997 0.0000 0.0000 0.0000 0.0000 0.0000 0.0000 0.0000 
 67       67   (0)      1 :  0.0000 0.9998 0.0000 0.0000 0.0000 0.0000 0.0000 0.0000 0.0000 
 68       68   (0)      1 :  0.0000 0.9997 0.0000 0.0000 0.0000 0.0000 0.0000 0.0000 0.0000 
 69       69   (0)      1 :  0.0000 0.9997 0.0000 0.0000 0.0000 0.0000 0.0000 0.0000 0.0000 
 70       70   (0)      1 :  0.0000 0.9998 0.0000 0.0000 0.0000 0.0000 0.0000 0.0000 0.0000 
 71       71   (0)      1 :  0.0000 0.9997 0.0000 0.0000 0.0000 0.0000 0.0000 0.0000 0.0000 
 72       72   (0)      1 :  0.0000 0.9997 0.0000 0.0000 0.0000 0.0000 0.0000 0.0000 0.0000 
 73       73   (0)      1 :  0.0000 0.9998 0.0000 0.0000 0.0000 0.0000 0.0000 0.0000 0.0000 
 74       74   (0)      1 :  0.0000 0.9998 0.0000 0.0000 0.0000 0.0000 0.0000 0.0000 0.0000 
 75       75   (0)      1 :  0.0000 0.9998 0.0000 0.0000 0.0000 0.0000 0.0000 0.0000 0.0000 
 76       76   (0)      1 :  0.0000 0.9997 0.0000 0.0000 0.0000 0.0000 0.0000 0.0000 0.0000 
 77       77   (0)      1 :  0.0000 0.9997 0.0000 0.0000 0.0000 0.0000 0.0000 0.0000 0.0000 
 78       78   (0)      1 :  0.0000 0.9997 0.0000 0.0000 0.0000 0.0000 0.0000 0.0000 0.0000 
 79       79   (0)      1 :  0.0890 0.4457 0.0000 0.0000 0.2652 0.0000 0.0000 0.2000 0.0000 
 80       80   (0)      1 :  0.0000 0.7728 0.0000 0.0000 0.0682 0.0000 0.0000 0.1589 0.0000 
 81       81   (0)      1 :  0.0000 0.5999 0.0000 0.0000 0.2000 0.0000 0.0000 0.2000 0.0000 
 82       82   (0)      1 :  0.0000 0.7415 0.0000 0.0000 0.0583 0.0000 0.0000 0.2000 0.0000 
 83       83   (0)      1 :  0.0000 0.5721 0.0000 0.0000 0.2000 0.0000 0.0000 0.2277 0.0000 
 84       84   (0)      1 :  0.0000 0.5998 0.0000 0.0000 0.2000 0.0000 0.0000 0.2000 0.0000 
 85       85   (0)      1 :  0.0000 0.9998 0.0000 0.0000 0.0000 0.0000 0.0000 0.0000 0.0000 
 86       86   (0)      1 :  0.0000 0.7212 0.0000 0.0000 0.0787 0.0000 0.0000 0.2000 0.0000 
 87       87   (0)      5 :  0.3315 0.3203 0.0000 0.0000 0.2604 0.0000 0.0000 0.0876 0.0000 
 88       88   (0)      5 :  0.5038 0.1703 0.0000 0.0000 0.2631 0.0000 0.0000 0.0627 0.0000 
 89       89   (0)      5 :  0.2881 0.3475 0.0000 0.0000 0.2648 0.0000 0.0000 0.0995 0.0000 
 90       90   (0)      5 :  0.7045 0.0762 0.0000 0.0000 0.2000 0.0000 0.0000 0.0192 0.0000 
 91       91   (0)      5 :  0.7679 0.0319 0.0000 0.0000 0.2000 0.0000 0.0000 0.0000 0.0000 
 92       92   (0)      5 :  0.4938 0.1747 0.0000 0.0000 0.2607 0.0000 0.0000 0.0707 0.0000 
 93       93   (0)      5 :  0.5854 0.1603 0.0000 0.0000 0.2000 0.0000 0.0000 0.0542 0.0000 
 94       94   (0)      5 :  0.6114 0.1294 0.0000 0.0000 0.2367 0.0000 0.0000 0.0224 0.0000 
 95       95   (0)      5 :  0.7684 0.0314 0.0000 0.0000 0.2000 0.0000 0.0000 0.0000 0.0000 
 96       96   (0)      5 :  0.6333 0.1030 0.0000 0.0000 0.2266 0.0000 0.0000 0.0369 0.0000 
 97       97   (0)      6 :  0.0000 0.3999 0.0000 0.0000 0.2000 0.0000 0.0000 0.3999 0.0000 
 98       98   (0)      6 :  0.0000 0.3999 0.0000 0.0000 0.2000 0.0000 0.0000 0.3999 0.0000 
 99       99   (0)      6 :  0.0000 0.3999 0.0000 0.0000 0.2000 0.0000 0.0000 0.3999 0.0000 
100      100   (0)      6 :  0.0000 0.5829 0.0000 0.0000 0.2000 0.0000 0.0000 0.2169 0.0000 
101      101   (0)      6 :  0.0000 0.5905 0.0000 0.0000 0.2000 0.0000 0.0000 0.2094 0.0000 
102      102   (0)      6 :  0.0000 0.5871 0.0000 0.0000 0.2000 0.0000 0.0000 0.2128 0.0000 
103      103   (0)      6 :  0.0000 0.3999 0.0000 0.0000 0.2000 0.0000 0.0000 0.3999 0.0000 
104      104   (0)      6 :  0.0000 0.3999 0.0000 0.0000 0.2000 0.0000 0.0000 0.3999 0.0000 
105      105   (0)      6 :  0.0000 0.3999 0.0000 0.0000 0.2000 0.0000 0.0000 0.3999 0.0000 
106      106   (0)      6 :  0.0000 0.3999 0.0000 0.0000 0.2000 0.0000 0.0000 0.3999 0.0000 
107      107   (0)      6 :  0.0000 0.3999 0.0000 0.0000 0.2000 0.0000 0.0000 0.3999 0.0000 
108      108   (0)      6 :  0.0000 0.3999 0.0000 0.0000 0.2000 0.0000 0.0000 0.3999 0.0000 
109      109   (0)      6 :  0.0000 0.3999 0.0000 0.0000 0.2000 0.0000 0.0000 0.3999 0.0000 
110      110   (0)      2 :  0.0000 0.0922 0.0000 0.0000 0.8818 0.0000 0.0000 0.0258 0.0000 
111      111   (0)      2 :  0.0000 0.0000 0.0000 0.0000 0.9997 0.0000 0.0000 0.0000 0.0000 
112      112   (0)      2 :  0.0000 0.0230 0.0000 0.0000 0.9768 0.0000 0.0000 0.0000 0.0000 
113      113   (0)      2 :  0.0000 0.0000 0.0000 0.0000 0.9998 0.0000 0.0000 0.0000 0.0000 
114      114   (0)      2 :  0.0000 0.0000 0.0000 0.0000 0.9998 0.0000 0.0000 0.0000 0.0000 
115      115   (0)      3 :  0.0000 0.5515 0.0000 0.0000 0.2598 0.0000 0.0000 0.1886 0.0000 
