1        1   (0)      1  : 0.9996 0.0004
2        2   (0)      1  : 0.9996 0.0004
3        3   (0)      1  : 0.9986 0.0014
4        4   (0)      1  : 0.9996 0.0004
5        5   (0)      1  : 0.9996 0.0004
6        6   (0)      1  : 0.9996 0.0004
7        7   (0)      1  : 0.9996 0.0004
8        8   (0)      1  : 0.9998 0.0002
9        9   (0)      1  : 0.9998 0.0002
10       10   (0)      1  : 0.9997 0.0003
11       11   (0)      1  : 0.9996 0.0004
12       12   (0)      1  : 0.9998 0.0002
13       13   (0)      1  : 0.9997 0.0003
14       14   (0)      1  : 0.9997 0.0003
15       15   (0)      1  : 0.9997 0.0003
16       16   (0)      1  : 0.9996 0.0004
17       17   (0)      1  : 0.9996 0.0004
18       18   (0)      2  : 0.9995 0.0005
19       19   (0)      2  : 0.9992 0.0008
20       20   (0)      3  : 0.9997 0.0003
21       21   (0)      3  : 0.9997 0.0003
22       22   (0)      2  : 0.9996 0.0004
23       23   (0)      2  : 0.9996 0.0004
24       24   (0)      2  : 0.9995 0.0005
25       25   (0)      4  : 0.1190 0.8810
26       26   (0)      4  : 0.0004 0.9996
27       27   (0)      4  : 0.0005 0.9995
28       28   (0)      4  : 0.0004 0.9996
29       29   (0)      4  : 0.0006 0.9994
30       30   (0)      4  : 0.1404 0.8596
31       31   (0)      4  : 0.0004 0.9996
32       32   (0)      4  : 0.0027 0.9973
33       33   (0)      4  : 0.0004 0.9996
34       34   (0)      4  : 0.1388 0.8612
35       35   (0)      4  : 0.1880 0.8120
36       36   (0)      4  : 0.0003 0.9997
37       37   (0)      4  : 0.0003 0.9997
38       38   (0)      4  : 0.0004 0.9996
39       39   (0)      4  : 0.0003 0.9997
40       40   (0)      4  : 0.0003 0.9997
41       41   (0)      4  : 0.0004 0.9996
42       42   (0)      4  : 0.0004 0.9996
43       43   (0)      4  : 0.0005 0.9995
44       44   (0)      4  : 0.0006 0.9994
45       45   (0)      4  : 0.0004 0.9996
46       46   (0)      4  : 0.1049 0.8951
47       47   (0)      4  : 0.0005 0.9995
48       48   (0)      4  : 0.1732 0.8268
49       49   (0)      4  : 0.0004 0.9996
50       50   (0)      4  : 0.0004 0.9996
51       51   (0)      1  : 0.9998 0.0002
52       52   (0)      1  : 0.9997 0.0003
53       53   (0)      1  : 0.7841 0.2159
54       54   (0)      1  : 0.4358 0.5642
55       55   (0)      1  : 0.7747 0.2253
56       56   (0)      1  : 0.4440 0.5560
57       57   (0)      1  : 0.4834 0.5166
58       58   (0)      1  : 0.5833 0.4167
59       59   (0)      1  : 0.9814 0.0186
60       60   (0)      1  : 0.9997 0.0003
61       61   (0)      1  : 0.9998 0.0002
62       62   (0)      1  : 0.8704 0.1296
63       63   (0)      1  : 0.9099 0.0901
64       64   (0)      1  : 0.9997 0.0003
65       65   (0)      1  : 0.9997 0.0003
66       66   (0)      1  : 0.9996 0.0004
67       67   (0)      1  : 0.9997 0.0003
68       68   (0)      1  : 0.9996 0.0004
69       69   (0)      1  : 0.9996 0.0004
70       70   (0)      1  : 0.9997 0.0003
71       71   (0)      1  : 0.9996 0.0004
72       72   (0)      1  : 0.9996 0.0004
73       73   (0)      1  : 0.9997 0.0003
74       74   (0)      1  : 0.9998 0.0002
75       75   (0)      1  : 0.9998 0.0002
76       76   (0)      1  : 0.9995 0.0005
77       77   (0)      1  : 0.9996 0.0004
78       78   (0)      1  : 0.9996 0.0004
79       79   (0)      1  : 0.7457 0.2543
80       80   (0)      1  : 0.9998 0.0002
81       81   (0)      1  : 0.9998 0.0002
82       82   (0)      1  : 0.9997 0.0003
83       83   (0)      1  : 0.9996 0.0004
84       84   (0)      1  : 0.9585 0.0415
85       85   (0)      1  : 0.9998 0.0002
86       86   (0)      1  : 0.9998 0.0002
87       87   (0)      5  : 0.4251 0.5749
88       88   (0)      5  : 0.3161 0.6839
89       89   (0)      5  : 0.4427 0.5573
90       90   (0)      5  : 0.1149 0.8851
91       91   (0)      5  : 0.0362 0.9638
92       92   (0)      5  : 0.3351 0.6649
93       93   (0)      5  : 0.1795 0.8205
94       94   (0)      5  : 0.3005 0.6995
95       95   (0)      5  : 0.0169 0.9831
96       96   (0)      5  : 0.1524 0.8476
97       97   (0)      6  : 0.9997 0.0003
98       98   (0)      6  : 0.9997 0.0003
99       99   (0)      6  : 0.9997 0.0003
100      100   (0)      6  : 0.9998 0.0002
101      101   (0)      6  : 0.9998 0.0002
102      102   (0)      6  : 0.9998 0.0002
103      103   (0)      6  : 0.9997 0.0003
104      104   (0)      6  : 0.9997 0.0003
105      105   (0)      6  : 0.9994 0.0006
106      106   (0)      6  : 0.9996 0.0004
107      107   (0)      6  : 0.9996 0.0004
108      108   (0)      6  : 0.9996 0.0004
109      109   (0)      6  : 0.9970 0.0030
110      110   (0)      2  : 0.9844 0.0156
111      111   (0)      2  : 0.9995 0.0005
112      112   (0)      2  : 0.9994 0.0006
113      113   (0)      2  : 0.9963 0.0037
114      114   (0)      2  : 0.9994 0.0006
115      115   (0)      3  : 0.9998 0.0002
