1        1   (0)      1  : 0.0001 0.0001 0.9998
2        2   (0)      1  : 0.0001 0.0001 0.9998
3        3   (0)      1  : 0.0001 0.0001 0.9998
4        4   (0)      1  : 0.0001 0.0001 0.9998
5        5   (0)      1  : 0.0001 0.0001 0.9997
6        6   (0)      1  : 0.0001 0.0001 0.9998
7        7   (0)      1  : 0.9997 0.0001 0.0001
8        8   (0)      1  : 0.9998 0.0001 0.0001
9        9   (0)      1  : 0.9998 0.0001 0.0001
10       10   (0)      1  : 0.9998 0.0001 0.0001
11       11   (0)      1  : 0.9998 0.0001 0.0001
12       12   (0)      1  : 0.9998 0.0001 0.0001
13       13   (0)      1  : 0.9998 0.0001 0.0001
14       14   (0)      1  : 0.9998 0.0001 0.0001
15       15   (0)      1  : 0.9998 0.0001 0.0001
16       16   (0)      1  : 0.9998 0.0001 0.0001
17       17   (0)      1  : 0.9997 0.0001 0.0001
18       18   (0)      2  : 0.0001 0.9998 0.0001
19       19   (0)      2  : 0.1407 0.8592 0.0001
20       20   (0)      3  : 0.0001 0.0001 0.9998
21       21   (0)      3  : 0.0001 0.0001 0.9998
22       22   (0)      2  : 0.0001 0.9353 0.0645
23       23   (0)      2  : 0.0001 0.9998 0.0001
24       24   (0)      2  : 0.0698 0.9301 0.0001
25       25   (0)      4  : 0.0001 0.9998 0.0001
26       26   (0)      4  : 0.0001 0.9998 0.0001
27       27   (0)      4  : 0.0001 0.9997 0.0001
28       28   (0)      4  : 0.0001 0.9998 0.0001
29       29   (0)      4  : 0.0001 0.9997 0.0001
30       30   (0)      4  : 0.0002 0.9997 0.0002
31       31   (0)      4  : 0.0001 0.9997 0.0001
32       32   (0)      4  : 0.0001 0.9997 0.0001
33       33   (0)      4  : 0.0001 0.9998 0.0001
34       34   (0)      4  : 0.0001 0.9998 0.0001
35       35   (0)      4  : 0.0001 0.9998 0.0001
36       36   (0)      4  : 0.0001 0.9998 0.0001
37       37   (0)      4  : 0.0001 0.9998 0.0001
38       38   (0)      4  : 0.0001 0.9998 0.0001
39       39   (0)      4  : 0.0001 0.9998 0.0001
40       40   (0)      4  : 0.0001 0.9998 0.0001
41       41   (0)      4  : 0.0001 0.9998 0.0001
42       42   (0)      4  : 0.0001 0.9998 0.0001
43       43   (0)      4  : 0.0001 0.9998 0.0001
44       44   (0)      4  : 0.0001 0.9998 0.0001
45       45   (0)      4  : 0.0001 0.9998 0.0001
46       46   (0)      4  : 0.0001 0.9998 0.0001
47       47   (0)      4  : 0.0001 0.9998 0.0001
48       48   (0)      4  : 0.0001 0.9998 0.0001
49       49   (0)      4  : 0.0001 0.9998 0.0001
50       50   (0)      4  : 0.0001 0.9998 0.0001
51       51   (0)      1  : 0.0001 0.0001 0.9998
52       52   (0)      1  : 0.1452 0.0001 0.8547
53       53   (0)      1  : 0.7035 0.2964 0.0001
54       54   (0)      1  : 0.4187 0.5812 0.0001
55       55   (0)      1  : 0.6346 0.3652 0.0001
56       56   (0)      1  : 0.4686 0.5313 0.0001
57       57   (0)      1  : 0.5074 0.4925 0.0001
58       58   (0)      1  : 0.4742 0.4124 0.1134
59       59   (0)      1  : 0.9366 0.0633 0.0001
60       60   (0)      1  : 0.9998 0.0001 0.0001
61       61   (0)      1  : 0.9998 0.0001 0.0001
62       62   (0)      1  : 0.9998 0.0001 0.0001
63       63   (0)      1  : 0.9998 0.0001 0.0001
64       64   (0)      1  : 0.9998 0.0001 0.0001
65       65   (0)      1  : 0.9998 0.0001 0.0001
66       66   (0)      1  : 0.9997 0.0001 0.0001
67       67   (0)      1  : 0.9998 0.0001 0.0001
68       68   (0)      1  : 0.9997 0.0001 0.0001
69       69   (0)      1  : 0.9997 0.0001 0.0001
70       70   (0)      1  : 0.9998 0.0001 0.0001
71       71   (0)      1  : 0.9997 0.0001 0.0001
72       72   (0)      1  : 0.9997 0.0001 0.0001
73       73   (0)      1  : 0.9998 0.0001 0.0001
74       74   (0)      1  : 0.9998 0.0001 0.0001
75       75   (0)      1  : 0.9998 0.0001 0.0001
76       76   (0)      1  : 0.9997 0.0002 0.0002
77       77   (0)      1  : 0.9997 0.0001 0.0001
78       78   (0)      1  : 0.9998 0.0001 0.0001
79       79   (0)      1  : 0.7421 0.2578 0.0001
80       80   (0)      1  : 0.4030 0.0001 0.5969
81       81   (0)      1  : 0.0001 0.0001 0.9998
82       82   (0)      1  : 0.2750 0.0001 0.7249
83       83   (0)      1  : 0.0001 0.0001 0.9998
84       84   (0)      1  : 0.3280 0.0573 0.6147
85       85   (0)      1  : 0.9998 0.0001 0.0001
86       86   (0)      1  : 0.2134 0.0001 0.7865
87       87   (0)      5  : 0.0001 0.9142 0.0857
88       88   (0)      5  : 0.0001 0.9374 0.0624
89       89   (0)      5  : 0.0001 0.8039 0.1960
90       90   (0)      5  : 0.0001 0.9997 0.0001
91       91   (0)      5  : 0.0001 0.9998 0.0001
92       92   (0)      5  : 0.0001 0.9029 0.0970
93       93   (0)      5  : 0.0001 0.9475 0.0524
94       94   (0)      5  : 0.0001 0.9978 0.0021
95       95   (0)      5  : 0.0001 0.9997 0.0001
96       96   (0)      5  : 0.0001 0.9998 0.0001
97       97   (0)      6  : 0.0001 0.0001 0.9998
98       98   (0)      6  : 0.0001 0.0001 0.9998
99       99   (0)      6  : 0.0001 0.0001 0.9998
100      100   (0)      6  : 0.0001 0.0001 0.9998
101      101   (0)      6  : 0.0001 0.0001 0.9998
102      102   (0)      6  : 0.0001 0.0001 0.9998
103      103   (0)      6  : 0.0001 0.0001 0.9998
104      104   (0)      6  : 0.0001 0.0001 0.9998
105      105   (0)      6  : 0.0001 0.0001 0.9998
106      106   (0)      6  : 0.0001 0.0001 0.9997
107      107   (0)      6  : 0.0001 0.0001 0.9998
108      108   (0)      6  : 0.0001 0.0001 0.9998
109      109   (0)      6  : 0.0001 0.0001 0.9998
110      110   (0)      2  : 0.1601 0.8398 0.0001
111      111   (0)      2  : 0.0391 0.9608 0.0001
112      112   (0)      2  : 0.0001 0.8993 0.1006
113      113   (0)      2  : 0.1018 0.8981 0.0001
114      114   (0)      2  : 0.0001 0.8495 0.1504
115      115   (0)      3  : 0.0001 0.0001 0.9998
