  1        1   (0)      1 :  0.9998 0.0001 0.0001 0.0001 
  2        2   (0)      1 :  0.9998 0.0001 0.0001 0.0001 
  3        3   (0)      1 :  0.9998 0.0001 0.0001 0.0001 
  4        4   (0)      1 :  0.9998 0.0001 0.0001 0.0001 
  5        5   (0)      1 :  0.9998 0.0001 0.0001 0.0001 
  6        6   (0)      1 :  0.9998 0.0001 0.0001 0.0001 
  7        7   (0)      1 :  0.9997 0.0001 0.0001 0.0001 
  8        8   (0)      1 :  0.9998 0.0001 0.0001 0.0001 
  9        9   (0)      1 :  0.9998 0.0001 0.0001 0.0001 
 10       10   (0)      1 :  0.9998 0.0001 0.0001 0.0001 
 11       11   (0)      1 :  0.9998 0.0001 0.0001 0.0001 
 12       12   (0)      1 :  0.9998 0.0001 0.0001 0.0001 
 13       13   (0)      1 :  0.9998 0.0001 0.0001 0.0001 
 14       14   (0)      1 :  0.9998 0.0001 0.0001 0.0001 
 15       15   (0)      1 :  0.9998 0.0001 0.0001 0.0001 
 16       16   (0)      1 :  0.9998 0.0001 0.0001 0.0001 
 17       17   (0)      1 :  0.9997 0.0001 0.0001 0.0001 
 18       18   (0)      2 :  0.0001 0.9998 0.0001 0.0001 
 19       19   (0)      2 :  0.0001 0.9998 0.0001 0.0001 
 20       20   (0)      3 :  0.9735 0.0264 0.0001 0.0001 
 21       21   (0)      3 :  0.9755 0.0244 0.0001 0.0001 
 22       22   (0)      2 :  0.0001 0.9998 0.0001 0.0001 
 23       23   (0)      2 :  0.0001 0.9998 0.0001 0.0001 
 24       24   (0)      2 :  0.0001 0.9998 0.0001 0.0001 
 25       25   (0)      4 :  0.0509 0.0001 0.0001 0.9490 
 26       26   (0)      4 :  0.0001 0.0001 0.0001 0.9998 
 27       27   (0)      4 :  0.0001 0.0001 0.0001 0.9997 
 28       28   (0)      4 :  0.0001 0.0001 0.0001 0.9998 
 29       29   (0)      4 :  0.0001 0.0001 0.0001 0.9997 
 30       30   (0)      4 :  0.0990 0.0001 0.0001 0.9008 
 31       31   (0)      4 :  0.0001 0.0001 0.0001 0.9998 
 32       32   (0)      4 :  0.0001 0.0001 0.0001 0.9997 
 33       33   (0)      4 :  0.0001 0.0001 0.0001 0.9998 
 34       34   (0)      4 :  0.0001 0.0001 0.0001 0.9998 
 35       35   (0)      4 :  0.0567 0.0001 0.0001 0.9432 
 36       36   (0)      4 :  0.0001 0.0001 0.2000 0.7999 
 37       37   (0)      4 :  0.0001 0.0001 0.2000 0.7999 
 38       38   (0)      4 :  0.0001 0.0001 0.0001 0.9998 
 39       39   (0)      4 :  0.0001 0.0001 0.0251 0.9748 
 40       40   (0)      4 :  0.0001 0.0001 0.2000 0.7999 
 41       41   (0)      4 :  0.0001 0.0001 0.0001 0.9998 
 42       42   (0)      4 :  0.0001 0.0001 0.0001 0.9998 
 43       43   (0)      4 :  0.0001 0.0001 0.0001 0.9998 
 44       44   (0)      4 :  0.0001 0.0001 0.0001 0.9998 
 45       45   (0)      4 :  0.0001 0.0001 0.0001 0.9998 
 46       46   (0)      4 :  0.0001 0.0001 0.0001 0.9998 
 47       47   (0)      4 :  0.0001 0.0001 0.0001 0.9998 
 48       48   (0)      4 :  0.0657 0.0001 0.0001 0.9341 
 49       49   (0)      4 :  0.0001 0.0001 0.0001 0.9998 
 50       50   (0)      4 :  0.0001 0.0001 0.0001 0.9998 
 51       51   (0)      1 :  0.9999 0.0001 0.0000 0.0001 
 52       52   (0)      1 :  0.9998 0.0001 0.0001 0.0001 
 53       53   (0)      1 :  0.7675 0.0001 0.0403 0.1920 
 54       54   (0)      1 :  0.6872 0.0001 0.0778 0.2350 
 55       55   (0)      1 :  0.7449 0.0001 0.0324 0.2226 
 56       56   (0)      1 :  0.6385 0.0001 0.0649 0.2965 
 57       57   (0)      1 :  0.6594 0.0001 0.0575 0.2831 
 58       58   (0)      1 :  0.7305 0.0001 0.0431 0.2263 
 59       59   (0)      1 :  0.9953 0.0001 0.0001 0.0045 
 60       60   (0)      1 :  0.9998 0.0001 0.0001 0.0001 
 61       61   (0)      1 :  0.9998 0.0001 0.0001 0.0001 
 62       62   (0)      1 :  0.9343 0.0001 0.0037 0.0619 
 63       63   (0)      1 :  0.9448 0.0001 0.0068 0.0484 
 64       64   (0)      1 :  0.9998 0.0001 0.0001 0.0001 
 65       65   (0)      1 :  0.9998 0.0001 0.0001 0.0001 
 66       66   (0)      1 :  0.9998 0.0001 0.0001 0.0001 
 67       67   (0)      1 :  0.9998 0.0001 0.0001 0.0001 
 68       68   (0)      1 :  0.9997 0.0001 0.0001 0.0001 
 69       69   (0)      1 :  0.9997 0.0001 0.0001 0.0001 
 70       70   (0)      1 :  0.9998 0.0001 0.0001 0.0001 
 71       71   (0)      1 :  0.9998 0.0001 0.0001 0.0001 
 72       72   (0)      1 :  0.9998 0.0001 0.0001 0.0001 
 73       73   (0)      1 :  0.9998 0.0001 0.0001 0.0001 
 74       74   (0)      1 :  0.9998 0.0001 0.0001 0.0001 
 75       75   (0)      1 :  0.9998 0.0001 0.0001 0.0001 
 76       76   (0)      1 :  0.9997 0.0001 0.0001 0.0001 
 77       77   (0)      1 :  0.9998 0.0001 0.0001 0.0001 
 78       78   (0)      1 :  0.9998 0.0001 0.0001 0.0001 
 79       79   (0)      1 :  0.8163 0.0001 0.0286 0.1551 
 80       80   (0)      1 :  0.9998 0.0001 0.0001 0.0001 
 81       81   (0)      1 :  0.9998 0.0001 0.0001 0.0001 
 82       82   (0)      1 :  0.9998 0.0001 0.0001 0.0001 
 83       83   (0)      1 :  0.9998 0.0001 0.0001 0.0001 
 84       84   (0)      1 :  0.9930 0.0001 0.0001 0.0068 
 85       85   (0)      1 :  0.9998 0.0001 0.0001 0.0001 
 86       86   (0)      1 :  0.9998 0.0001 0.0001 0.0001 
 87       87   (0)      5 :  0.3456 0.0001 0.0001 0.6542 
 88       88   (0)      5 :  0.2799 0.0001 0.0001 0.7200 
 89       89   (0)      5 :  0.4896 0.0517 0.0001 0.4586 
 90       90   (0)      5 :  0.1163 0.0001 0.0001 0.8836 
 91       91   (0)      5 :  0.0034 0.0001 0.0001 0.9964 
 92       92   (0)      5 :  0.3077 0.0001 0.0001 0.6922 
 93       93   (0)      5 :  0.1973 0.0001 0.0001 0.8025 
 94       94   (0)      5 :  0.1657 0.0001 0.0001 0.8342 
 95       95   (0)      5 :  0.0220 0.0001 0.0001 0.9778 
 96       96   (0)      5 :  0.1855 0.0001 0.0001 0.8143 
 97       97   (0)      6 :  0.9998 0.0001 0.0001 0.0001 
 98       98   (0)      6 :  0.9998 0.0001 0.0001 0.0001 
 99       99   (0)      6 :  0.9998 0.0001 0.0001 0.0001 
100      100   (0)      6 :  0.9998 0.0001 0.0001 0.0001 
101      101   (0)      6 :  0.9998 0.0001 0.0001 0.0001 
102      102   (0)      6 :  0.9998 0.0001 0.0001 0.0001 
103      103   (0)      6 :  0.9998 0.0001 0.0001 0.0001 
104      104   (0)      6 :  0.9998 0.0001 0.0001 0.0001 
105      105   (0)      6 :  0.5999 0.0001 0.4000 0.0001 
106      106   (0)      6 :  0.9998 0.0001 0.0001 0.0001 
107      107   (0)      6 :  0.9998 0.0001 0.0001 0.0001 
108      108   (0)      6 :  0.9998 0.0001 0.0001 0.0001 
109      109   (0)      6 :  0.5999 0.0001 0.4000 0.0001 
110      110   (0)      2 :  0.1328 0.8671 0.0001 0.0001 
111      111   (0)      2 :  0.0001 0.9998 0.0001 0.0001 
112      112   (0)      2 :  0.0243 0.9755 0.0001 0.0001 
113      113   (0)      2 :  0.0001 0.9998 0.0001 0.0001 
114      114   (0)      2 :  0.0001 0.9998 0.0001 0.0001 
115      115   (0)      3 :  0.9411 0.0588 0.0001 0.0001 
