  1        1   (0)      1 :  0.0000 0.7998 0.0000 0.0000 0.0000 0.0000 0.2000 
  2        2   (0)      1 :  0.0000 0.7998 0.0000 0.0000 0.0000 0.0000 0.2000 
  3        3   (0)      1 :  0.0000 0.7998 0.0000 0.0000 0.0000 0.0000 0.2000 
  4        4   (0)      1 :  0.0000 0.7998 0.0000 0.0000 0.0000 0.0000 0.2000 
  5        5   (0)      1 :  0.0000 0.7998 0.0000 0.0000 0.0000 0.0000 0.2000 
  6        6   (0)      1 :  0.0000 0.7998 0.0000 0.0000 0.0000 0.0000 0.2000 
  7        7   (0)      1 :  0.0000 0.9997 0.0000 0.0000 0.0000 0.0000 0.0000 
  8        8   (0)      1 :  0.0000 0.9998 0.0000 0.0000 0.0000 0.0000 0.0000 
  9        9   (0)      1 :  0.0000 0.9998 0.0000 0.0000 0.0000 0.0000 0.0000 
 10       10   (0)      1 :  0.0000 0.9998 0.0000 0.0000 0.0000 0.0000 0.0000 
 11       11   (0)      1 :  0.0000 0.9998 0.0000 0.0000 0.0000 0.0000 0.0000 
 12       12   (0)      1 :  0.0000 0.9998 0.0000 0.0000 0.0000 0.0000 0.0000 
 13       13   (0)      1 :  0.0000 0.9998 0.0000 0.0000 0.0000 0.0000 0.0000 
 14       14   (0)      1 :  0.0000 0.9998 0.0000 0.0000 0.0000 0.0000 0.0000 
 15       15   (0)      1 :  0.0000 0.9998 0.0000 0.0000 0.0000 0.0000 0.0000 
 16       16   (0)      1 :  0.0000 0.9997 0.0000 0.0000 0.0000 0.0000 0.0000 
 17       17   (0)      1 :  0.0000 0.9997 0.0000 0.0000 0.0000 0.0000 0.0000 
 18       18   (0)      2 :  0.7999 0.2000 0.0000 0.0000 0.0000 0.0000 0.0000 
 19       19   (0)      2 :  0.6860 0.3138 0.0000 0.0000 0.0000 0.0000 0.0000 
 20       20   (0)      3 :  0.0000 0.9998 0.0000 0.0000 0.0000 0.0000 0.0000 
 21       21   (0)      3 :  0.0000 0.9998 0.0000 0.0000 0.0000 0.0000 0.0000 
 22       22   (0)      2 :  0.7539 0.2459 0.0000 0.0000 0.0000 0.0000 0.0000 
 23       23   (0)      2 :  0.7999 0.2000 0.0000 0.0000 0.0000 0.0000 0.0000 
 24       24   (0)      2 :  0.7590 0.2409 0.0000 0.0000 0.0000 0.0000 0.0000 
 25       25   (0)      4 :  0.0000 0.0673 0.0000 0.0000 0.7555 0.0000 0.1771 
 26       26   (0)      4 :  0.0000 0.0000 0.0000 0.0000 0.9998 0.0000 0.0000 
 27       27   (0)      4 :  0.0000 0.0000 0.0000 0.0000 0.9997 0.0000 0.0000 
 28       28   (0)      4 :  0.0000 0.0000 0.0000 0.0000 0.9997 0.0000 0.0000 
 29       29   (0)      4 :  0.0000 0.0000 0.0000 0.0000 0.9997 0.0000 0.0000 
 30       30   (0)      4 :  0.0001 0.0699 0.0001 0.0001 0.8965 0.0001 0.0334 
 31       31   (0)      4 :  0.0000 0.0000 0.0000 0.0000 0.9997 0.0000 0.0000 
 32       32   (0)      4 :  0.0000 0.0000 0.0000 0.0000 0.9997 0.0000 0.0001 
 33       33   (0)      4 :  0.0000 0.0000 0.0000 0.0000 0.9998 0.0000 0.0000 
 34       34   (0)      4 :  0.0000 0.0702 0.0000 0.0000 0.7297 0.0000 0.2000 
 35       35   (0)      4 :  0.0000 0.1182 0.0000 0.0000 0.6816 0.0000 0.2000 
 36       36   (0)      4 :  0.0000 0.0000 0.0000 0.0000 0.7999 0.0000 0.2000 
 37       37   (0)      4 :  0.0000 0.0000 0.0000 0.0000 0.7999 0.0000 0.2000 
 38       38   (0)      4 :  0.0000 0.0000 0.0000 0.0000 0.9998 0.0000 0.0000 
 39       39   (0)      4 :  0.0000 0.0000 0.0000 0.0000 0.7999 0.0000 0.2000 
 40       40   (0)      4 :  0.0000 0.0000 0.0000 0.0000 0.7999 0.0000 0.2000 
 41       41   (0)      4 :  0.0000 0.0000 0.0000 0.0000 0.9997 0.0000 0.0000 
 42       42   (0)      4 :  0.0000 0.0000 0.0000 0.0000 0.9998 0.0000 0.0000 
 43       43   (0)      4 :  0.0000 0.0000 0.0000 0.0000 0.9997 0.0000 0.0000 
 44       44   (0)      4 :  0.0000 0.0000 0.0000 0.0000 0.9998 0.0000 0.0000 
 45       45   (0)      4 :  0.0000 0.0000 0.0000 0.0000 0.9997 0.0000 0.0000 
 46       46   (0)      4 :  0.0000 0.0598 0.0000 0.0000 0.7400 0.0000 0.2000 
 47       47   (0)      4 :  0.0000 0.0000 0.0000 0.0000 0.9997 0.0000 0.0000 
 48       48   (0)      4 :  0.0000 0.0636 0.0000 0.0000 0.7108 0.0000 0.2255 
 49       49   (0)      4 :  0.0000 0.0000 0.0000 0.0000 0.9998 0.0000 0.0000 
 50       50   (0)      4 :  0.0000 0.0000 0.0000 0.0000 0.9998 0.0000 0.0000 
 51       51   (0)      1 :  0.0000 0.9998 0.0000 0.0000 0.0000 0.0000 0.0000 
 52       52   (0)      1 :  0.0000 0.9770 0.0000 0.0000 0.0000 0.0000 0.0228 
 53       53   (0)      1 :  0.0000 0.5719 0.0000 0.0000 0.1707 0.0000 0.2572 
 54       54   (0)      1 :  0.0000 0.2906 0.0000 0.0000 0.4591 0.0000 0.2501 
 55       55   (0)      1 :  0.0000 0.5891 0.0000 0.0000 0.1576 0.0000 0.2531 
 56       56   (0)      1 :  0.0000 0.3109 0.0000 0.0000 0.4311 0.0000 0.2579 
 57       57   (0)      1 :  0.0000 0.3439 0.0000 0.0000 0.3994 0.0000 0.2566 
 58       58   (0)      1 :  0.0000 0.4415 0.0000 0.0000 0.2990 0.0000 0.2593 
 59       59   (0)      1 :  0.0000 0.9875 0.0000 0.0000 0.0123 0.0000 0.0000 
 60       60   (0)      1 :  0.0000 0.9998 0.0000 0.0000 0.0000 0.0000 0.0000 
 61       61   (0)      1 :  0.0000 0.9998 0.0000 0.0000 0.0000 0.0000 0.0000 
 62       62   (0)      1 :  0.0000 0.8468 0.0000 0.0000 0.1215 0.0000 0.0316 
 63       63   (0)      1 :  0.0000 0.8916 0.0000 0.0000 0.0856 0.0000 0.0226 
 64       64   (0)      1 :  0.0000 0.9998 0.0000 0.0000 0.0000 0.0000 0.0000 
 65       65   (0)      1 :  0.0000 0.9998 0.0000 0.0000 0.0000 0.0000 0.0000 
 66       66   (0)      1 :  0.0000 0.9997 0.0000 0.0000 0.0000 0.0000 0.0000 
 67       67   (0)      1 :  0.0000 0.9998 0.0000 0.0000 0.0000 0.0000 0.0000 
 68       68   (0)      1 :  0.0000 0.9997 0.0000 0.0000 0.0000 0.0000 0.0000 
 69       69   (0)      1 :  0.0000 0.9997 0.0000 0.0000 0.0000 0.0000 0.0000 
 70       70   (0)      1 :  0.0000 0.9998 0.0000 0.0000 0.0000 0.0000 0.0000 
 71       71   (0)      1 :  0.0000 0.9997 0.0000 0.0000 0.0000 0.0000 0.0000 
 72       72   (0)      1 :  0.0000 0.9997 0.0000 0.0000 0.0000 0.0000 0.0000 
 73       73   (0)      1 :  0.0000 0.9998 0.0000 0.0000 0.0000 0.0000 0.0000 
 74       74   (0)      1 :  0.0000 0.9998 0.0000 0.0000 0.0000 0.0000 0.0000 
 75       75   (0)      1 :  0.0000 0.9998 0.0000 0.0000 0.0000 0.0000 0.0000 
 76       76   (0)      1 :  0.0001 0.9997 0.0001 0.0001 0.0001 0.0001 0.0001 
 77       77   (0)      1 :  0.0000 0.9997 0.0000 0.0000 0.0000 0.0000 0.0000 
 78       78   (0)      1 :  0.0000 0.9997 0.0000 0.0000 0.0000 0.0000 0.0000 
 79       79   (0)      1 :  0.0000 0.5477 0.0000 0.0000 0.1722 0.0000 0.2800 
 80       80   (0)      1 :  0.0000 0.9998 0.0000 0.0000 0.0000 0.0000 0.0000 
 81       81   (0)      1 :  0.0000 0.9843 0.0000 0.0000 0.0000 0.0000 0.0155 
 82       82   (0)      1 :  0.0000 0.9998 0.0000 0.0000 0.0000 0.0000 0.0000 
 83       83   (0)      1 :  0.0000 0.8355 0.0000 0.0363 0.0000 0.0000 0.1281 
 84       84   (0)      1 :  0.0001 0.7677 0.0001 0.0001 0.0140 0.0001 0.2180 
 85       85   (0)      1 :  0.0000 0.9998 0.0000 0.0000 0.0000 0.0000 0.0000 
 86       86   (0)      1 :  0.0000 0.9998 0.0000 0.0000 0.0000 0.0000 0.0000 
 87       87   (0)      5 :  0.0000 0.3290 0.0000 0.0000 0.3683 0.0000 0.3025 
 88       88   (0)      5 :  0.0000 0.1831 0.0000 0.0000 0.6168 0.0000 0.2000 
 89       89   (0)      5 :  0.0000 0.2845 0.0000 0.0000 0.3599 0.0000 0.3555 
 90       90   (0)      5 :  0.0000 0.0341 0.0000 0.0000 0.7506 0.0000 0.2151 
 91       91   (0)      5 :  0.0000 0.0000 0.0000 0.0000 0.7998 0.0000 0.2000 
 92       92   (0)      5 :  0.0000 0.2684 0.0000 0.0000 0.5556 0.0000 0.1758 
 93       93   (0)      5 :  0.0000 0.0743 0.0000 0.0000 0.6724 0.0000 0.2531 
 94       94   (0)      5 :  0.0000 0.2053 0.0000 0.0000 0.5946 0.0000 0.2000 
 95       95   (0)      5 :  0.0000 0.0000 0.0000 0.0000 0.7998 0.0000 0.2000 
 96       96   (0)      5 :  0.0000 0.0543 0.0000 0.0000 0.7143 0.0000 0.2312 
 97       97   (0)      6 :  0.0000 0.3999 0.0000 0.3999 0.0000 0.0000 0.2000 
 98       98   (0)      6 :  0.0000 0.3999 0.0000 0.3999 0.0000 0.0000 0.2000 
 99       99   (0)      6 :  0.0000 0.3999 0.0000 0.3999 0.0000 0.0000 0.2000 
100      100   (0)      6 :  0.0000 0.5999 0.0000 0.2000 0.0000 0.0000 0.2000 
101      101   (0)      6 :  0.0000 0.7448 0.0000 0.0551 0.0000 0.0000 0.2000 
102      102   (0)      6 :  0.0000 0.5999 0.0000 0.2000 0.0000 0.0000 0.2000 
103      103   (0)      6 :  0.0000 0.3999 0.0000 0.3999 0.0000 0.0000 0.2000 
104      104   (0)      6 :  0.0000 0.3999 0.0000 0.3999 0.0000 0.0000 0.2000 
105      105   (0)      6 :  0.0000 0.3999 0.0000 0.3999 0.0000 0.0000 0.2000 
106      106   (0)      6 :  0.0000 0.3999 0.0000 0.3999 0.0000 0.0000 0.2000 
107      107   (0)      6 :  0.0000 0.3999 0.0000 0.3999 0.0000 0.0000 0.2000 
108      108   (0)      6 :  0.0000 0.3999 0.0000 0.3999 0.0000 0.0000 0.2000 
109      109   (0)      6 :  0.0000 0.3999 0.0000 0.3999 0.0000 0.0000 0.2000 
110      110   (0)      2 :  0.5862 0.4136 0.0000 0.0000 0.0000 0.0000 0.0000 
111      111   (0)      2 :  0.6483 0.3515 0.0000 0.0000 0.0000 0.0000 0.0000 
112      112   (0)      2 :  0.6086 0.3912 0.0000 0.0000 0.0000 0.0000 0.0000 
113      113   (0)      2 :  0.7216 0.2782 0.0000 0.0000 0.0000 0.0000 0.0000 
114      114   (0)      2 :  0.7083 0.2915 0.0000 0.0000 0.0000 0.0000 0.0000 
115      115   (0)      3 :  0.0000 0.9998 0.0000 0.0000 0.0000 0.0000 0.0000 
