  1        1   (0)      1 :  0.9998 0.0001 0.0001 
  2        2   (0)      1 :  0.9998 0.0001 0.0001 
  3        3   (0)      1 :  0.9998 0.0001 0.0001 
  4        4   (0)      1 :  0.9998 0.0001 0.0001 
  5        5   (0)      1 :  0.9998 0.0001 0.0001 
  6        6   (0)      1 :  0.9998 0.0001 0.0001 
  7        7   (0)      1 :  0.9997 0.0001 0.0001 
  8        8   (0)      1 :  0.9998 0.0001 0.0001 
  9        9   (0)      1 :  0.9998 0.0001 0.0001 
 10       10   (0)      1 :  0.9998 0.0001 0.0001 
 11       11   (0)      1 :  0.9998 0.0001 0.0001 
 12       12   (0)      1 :  0.9998 0.0001 0.0001 
 13       13   (0)      1 :  0.9998 0.0001 0.0001 
 14       14   (0)      1 :  0.9998 0.0001 0.0001 
 15       15   (0)      1 :  0.9998 0.0001 0.0001 
 16       16   (0)      1 :  0.9997 0.0002 0.0001 
 17       17   (0)      1 :  0.9997 0.0001 0.0001 
 18       18   (0)      2 :  0.1337 0.5999 0.2664 
 19       19   (0)      2 :  0.1316 0.5999 0.2685 
 20       20   (0)      3 :  0.9515 0.0484 0.0001 
 21       21   (0)      3 :  0.9582 0.0417 0.0001 
 22       22   (0)      2 :  0.1186 0.5999 0.2815 
 23       23   (0)      2 :  0.1206 0.5999 0.2794 
 24       24   (0)      2 :  0.1135 0.5999 0.2866 
 25       25   (0)      4 :  0.0613 0.0001 0.9386 
 26       26   (0)      4 :  0.0001 0.0001 0.9998 
 27       27   (0)      4 :  0.0001 0.0001 0.9997 
 28       28   (0)      4 :  0.0001 0.0001 0.9998 
 29       29   (0)      4 :  0.0001 0.0001 0.9997 
 30       30   (0)      4 :  0.0897 0.0002 0.9102 
 31       31   (0)      4 :  0.0001 0.0001 0.9997 
 32       32   (0)      4 :  0.0001 0.0001 0.9997 
 33       33   (0)      4 :  0.0001 0.0001 0.9998 
 34       34   (0)      4 :  0.0536 0.0001 0.9463 
 35       35   (0)      4 :  0.1121 0.0001 0.8878 
 36       36   (0)      4 :  0.0001 0.0001 0.9998 
 37       37   (0)      4 :  0.0001 0.0001 0.9998 
 38       38   (0)      4 :  0.0001 0.0001 0.9998 
 39       39   (0)      4 :  0.0001 0.0001 0.9998 
 40       40   (0)      4 :  0.0001 0.0001 0.9998 
 41       41   (0)      4 :  0.0001 0.0001 0.9998 
 42       42   (0)      4 :  0.0001 0.0001 0.9998 
 43       43   (0)      4 :  0.0001 0.0001 0.9998 
 44       44   (0)      4 :  0.0001 0.0001 0.9998 
 45       45   (0)      4 :  0.0001 0.0001 0.9998 
 46       46   (0)      4 :  0.0001 0.0001 0.9998 
 47       47   (0)      4 :  0.0001 0.0001 0.9998 
 48       48   (0)      4 :  0.1128 0.0001 0.8871 
 49       49   (0)      4 :  0.0001 0.0001 0.9998 
 50       50   (0)      4 :  0.0001 0.0001 0.9998 
 51       51   (0)      1 :  0.9998 0.0001 0.0001 
 52       52   (0)      1 :  0.9998 0.0001 0.0001 
 53       53   (0)      1 :  0.8905 0.0170 0.0925 
 54       54   (0)      1 :  0.4633 0.0001 0.5366 
 55       55   (0)      1 :  0.4989 0.0001 0.5010 
 56       56   (0)      1 :  0.4569 0.0001 0.5430 
 57       57   (0)      1 :  0.4930 0.0001 0.5069 
 58       58   (0)      1 :  0.6243 0.0001 0.3755 
 59       59   (0)      1 :  0.9560 0.0001 0.0439 
 60       60   (0)      1 :  0.9998 0.0001 0.0001 
 61       61   (0)      1 :  0.9998 0.0001 0.0001 
 62       62   (0)      1 :  0.8760 0.0001 0.1239 
 63       63   (0)      1 :  0.9224 0.0001 0.0775 
 64       64   (0)      1 :  0.9998 0.0001 0.0001 
 65       65   (0)      1 :  0.9998 0.0001 0.0001 
 66       66   (0)      1 :  0.9998 0.0001 0.0001 
 67       67   (0)      1 :  0.9998 0.0001 0.0001 
 68       68   (0)      1 :  0.9997 0.0001 0.0001 
 69       69   (0)      1 :  0.9997 0.0001 0.0001 
 70       70   (0)      1 :  0.9998 0.0001 0.0001 
 71       71   (0)      1 :  0.9998 0.0001 0.0001 
 72       72   (0)      1 :  0.9998 0.0001 0.0001 
 73       73   (0)      1 :  0.9998 0.0001 0.0001 
 74       74   (0)      1 :  0.9998 0.0001 0.0001 
 75       75   (0)      1 :  0.9998 0.0001 0.0001 
 76       76   (0)      1 :  0.9997 0.0001 0.0002 
 77       77   (0)      1 :  0.9998 0.0001 0.0001 
 78       78   (0)      1 :  0.9998 0.0001 0.0001 
 79       79   (0)      1 :  0.7315 0.0001 0.2684 
 80       80   (0)      1 :  0.9998 0.0001 0.0001 
 81       81   (0)      1 :  0.9998 0.0001 0.0001 
 82       82   (0)      1 :  0.9998 0.0001 0.0001 
 83       83   (0)      1 :  0.9929 0.0001 0.0070 
 84       84   (0)      1 :  0.9997 0.0002 0.0002 
 85       85   (0)      1 :  0.9998 0.0001 0.0001 
 86       86   (0)      1 :  0.9998 0.0001 0.0001 
 87       87   (0)      5 :  0.4087 0.0001 0.5912 
 88       88   (0)      5 :  0.3016 0.0001 0.6983 
 89       89   (0)      5 :  0.4564 0.0001 0.5435 
 90       90   (0)      5 :  0.0922 0.0001 0.9077 
 91       91   (0)      5 :  0.0235 0.0001 0.9764 
 92       92   (0)      5 :  0.3247 0.0001 0.6752 
 93       93   (0)      5 :  0.2319 0.0001 0.7680 
 94       94   (0)      5 :  0.1801 0.0001 0.8198 
 95       95   (0)      5 :  0.0374 0.0001 0.9625 
 96       96   (0)      5 :  0.1699 0.0001 0.8300 
 97       97   (0)      6 :  0.9998 0.0001 0.0001 
 98       98   (0)      6 :  0.9998 0.0001 0.0001 
 99       99   (0)      6 :  0.9998 0.0001 0.0001 
100      100   (0)      6 :  0.9998 0.0001 0.0001 
101      101   (0)      6 :  0.9998 0.0001 0.0001 
102      102   (0)      6 :  0.9998 0.0001 0.0001 
103      103   (0)      6 :  0.9998 0.0001 0.0001 
104      104   (0)      6 :  0.9998 0.0001 0.0001 
105      105   (0)      6 :  0.9998 0.0001 0.0001 
106      106   (0)      6 :  0.9998 0.0001 0.0001 
107      107   (0)      6 :  0.9998 0.0001 0.0001 
108      108   (0)      6 :  0.9997 0.0002 0.0001 
109      109   (0)      6 :  0.7998 0.2000 0.0001 
110      110   (0)      2 :  0.1879 0.5618 0.2503 
111      111   (0)      2 :  0.1221 0.5999 0.2780 
112      112   (0)      2 :  0.1409 0.5999 0.2592 
113      113   (0)      2 :  0.1201 0.5999 0.2800 
114      114   (0)      2 :  0.1083 0.5999 0.2918 
115      115   (0)      3 :  0.9082 0.0917 0.0001 
