1        1   (0)      1  : 0.9998 0.0001 0.0001 0.0001
2        2   (0)      1  : 0.9998 0.0001 0.0001 0.0001
3        3   (0)      1  : 0.9998 0.0001 0.0001 0.0001
4        4   (0)      1  : 0.9998 0.0001 0.0001 0.0001
5        5   (0)      1  : 0.9998 0.0001 0.0001 0.0001
6        6   (0)      1  : 0.9998 0.0001 0.0001 0.0001
7        7   (0)      1  : 0.9998 0.0001 0.0001 0.0001
8        8   (0)      1  : 0.9998 0.0001 0.0001 0.0001
9        9   (0)      1  : 0.9998 0.0001 0.0001 0.0001
10       10   (0)      1  : 0.9998 0.0001 0.0001 0.0001
11       11   (0)      1  : 0.9998 0.0001 0.0001 0.0001
12       12   (0)      1  : 0.9998 0.0001 0.0001 0.0001
13       13   (0)      1  : 0.9998 0.0001 0.0001 0.0001
14       14   (0)      1  : 0.9998 0.0001 0.0001 0.0001
15       15   (0)      1  : 0.9998 0.0001 0.0001 0.0001
16       16   (0)      1  : 0.9998 0.0001 0.0001 0.0001
17       17   (0)      1  : 0.9997 0.0001 0.0001 0.0001
18       18   (0)      2  : 0.0001 0.0001 0.9998 0.0001
19       19   (0)      2  : 0.0001 0.0001 0.9998 0.0001
20       20   (0)      3  : 0.9083 0.0001 0.0916 0.0001
21       21   (0)      3  : 0.9198 0.0001 0.0801 0.0001
22       22   (0)      2  : 0.0001 0.0001 0.9998 0.0001
23       23   (0)      2  : 0.0001 0.0001 0.9998 0.0001
24       24   (0)      2  : 0.0001 0.0001 0.9998 0.0001
25       25   (0)      4  : 0.0917 0.9082 0.0001 0.0001
26       26   (0)      4  : 0.0001 0.9998 0.0001 0.0001
27       27   (0)      4  : 0.0001 0.9997 0.0001 0.0001
28       28   (0)      4  : 0.0001 0.9998 0.0001 0.0001
29       29   (0)      4  : 0.0001 0.9997 0.0001 0.0001
30       30   (0)      4  : 0.0895 0.9103 0.0001 0.0001
31       31   (0)      4  : 0.0001 0.9998 0.0001 0.0001
32       32   (0)      4  : 0.0001 0.9997 0.0001 0.0001
33       33   (0)      4  : 0.0001 0.9998 0.0001 0.0001
34       34   (0)      4  : 0.1052 0.8947 0.0001 0.0001
35       35   (0)      4  : 0.1863 0.8136 0.0001 0.0001
36       36   (0)      4  : 0.0001 0.9998 0.0001 0.0001
37       37   (0)      4  : 0.0001 0.9998 0.0001 0.0001
38       38   (0)      4  : 0.0001 0.9998 0.0001 0.0001
39       39   (0)      4  : 0.0001 0.9998 0.0001 0.0001
40       40   (0)      4  : 0.0001 0.9998 0.0001 0.0001
41       41   (0)      4  : 0.0001 0.9998 0.0001 0.0001
42       42   (0)      4  : 0.0001 0.9998 0.0001 0.0001
43       43   (0)      4  : 0.0001 0.9998 0.0001 0.0001
44       44   (0)      4  : 0.0001 0.9998 0.0001 0.0001
45       45   (0)      4  : 0.0001 0.9998 0.0001 0.0001
46       46   (0)      4  : 0.0001 0.9998 0.0001 0.0001
47       47   (0)      4  : 0.0001 0.9998 0.0001 0.0001
48       48   (0)      4  : 0.1441 0.7584 0.0001 0.0975
49       49   (0)      4  : 0.0001 0.9998 0.0001 0.0001
50       50   (0)      4  : 0.0001 0.9998 0.0001 0.0001
51       51   (0)      1  : 0.9999 0.0000 0.0000 0.0000
52       52   (0)      1  : 0.9998 0.0001 0.0001 0.0001
53       53   (0)      1  : 0.8609 0.1114 0.0277 0.0001
54       54   (0)      1  : 0.6337 0.3662 0.0001 0.0001
55       55   (0)      1  : 0.6443 0.3555 0.0001 0.0001
56       56   (0)      1  : 0.6322 0.3677 0.0001 0.0001
57       57   (0)      1  : 0.6696 0.3303 0.0001 0.0001
58       58   (0)      1  : 0.6467 0.3531 0.0001 0.0001
59       59   (0)      1  : 0.9601 0.0296 0.0102 0.0001
60       60   (0)      1  : 0.9998 0.0001 0.0001 0.0001
61       61   (0)      1  : 0.9998 0.0001 0.0001 0.0000
62       62   (0)      1  : 0.8644 0.1355 0.0001 0.0001
63       63   (0)      1  : 0.9141 0.0858 0.0001 0.0001
64       64   (0)      1  : 0.9998 0.0001 0.0001 0.0001
65       65   (0)      1  : 0.9998 0.0001 0.0001 0.0001
66       66   (0)      1  : 0.9998 0.0001 0.0001 0.0001
67       67   (0)      1  : 0.9998 0.0001 0.0001 0.0001
68       68   (0)      1  : 0.9997 0.0001 0.0001 0.0001
69       69   (0)      1  : 0.9997 0.0001 0.0001 0.0001
70       70   (0)      1  : 0.9998 0.0001 0.0001 0.0001
71       71   (0)      1  : 0.9998 0.0001 0.0001 0.0001
72       72   (0)      1  : 0.9998 0.0001 0.0001 0.0001
73       73   (0)      1  : 0.9998 0.0001 0.0001 0.0001
74       74   (0)      1  : 0.9998 0.0001 0.0001 0.0001
75       75   (0)      1  : 0.9998 0.0001 0.0001 0.0000
76       76   (0)      1  : 0.9997 0.0001 0.0001 0.0001
77       77   (0)      1  : 0.9998 0.0001 0.0001 0.0001
78       78   (0)      1  : 0.9998 0.0001 0.0001 0.0001
79       79   (0)      1  : 0.8161 0.1837 0.0001 0.0001
80       80   (0)      1  : 0.9998 0.0001 0.0001 0.0000
81       81   (0)      1  : 0.9998 0.0001 0.0001 0.0000
82       82   (0)      1  : 0.9998 0.0001 0.0001 0.0001
83       83   (0)      1  : 0.9935 0.0064 0.0001 0.0001
84       84   (0)      1  : 0.9997 0.0001 0.0001 0.0001
85       85   (0)      1  : 0.9998 0.0001 0.0001 0.0001
86       86   (0)      1  : 0.9998 0.0001 0.0001 0.0000
87       87   (0)      5  : 0.3059 0.3607 0.0001 0.3333
88       88   (0)      5  : 0.2236 0.4431 0.0001 0.3333
89       89   (0)      5  : 0.3347 0.3319 0.0001 0.3333
90       90   (0)      5  : 0.0492 0.7316 0.0001 0.2190
91       91   (0)      5  : 0.0233 0.7931 0.0001 0.1836
92       92   (0)      5  : 0.3772 0.4164 0.0001 0.2063
93       93   (0)      5  : 0.1817 0.4849 0.0001 0.3333
94       94   (0)      5  : 0.1351 0.5315 0.0001 0.3333
95       95   (0)      5  : 0.0271 0.7982 0.0001 0.1746
96       96   (0)      5  : 0.1366 0.5300 0.0001 0.3333
97       97   (0)      6  : 0.9998 0.0001 0.0001 0.0001
98       98   (0)      6  : 0.9998 0.0001 0.0001 0.0001
99       99   (0)      6  : 0.9998 0.0001 0.0001 0.0001
100      100   (0)      6  : 0.9998 0.0001 0.0001 0.0001
101      101   (0)      6  : 0.9998 0.0001 0.0001 0.0001
102      102   (0)      6  : 0.9998 0.0001 0.0001 0.0001
103      103   (0)      6  : 0.9998 0.0001 0.0001 0.0001
104      104   (0)      6  : 0.9998 0.0001 0.0001 0.0001
105      105   (0)      6  : 0.9998 0.0001 0.0001 0.0001
106      106   (0)      6  : 0.9998 0.0001 0.0001 0.0001
107      107   (0)      6  : 0.9998 0.0001 0.0001 0.0001
108      108   (0)      6  : 0.9998 0.0001 0.0001 0.0001
109      109   (0)      6  : 0.9998 0.0001 0.0001 0.0001
110      110   (0)      2  : 0.0655 0.0001 0.9344 0.0001
111      111   (0)      2  : 0.0001 0.0001 0.9998 0.0001
112      112   (0)      2  : 0.0347 0.0001 0.9652 0.0001
113      113   (0)      2  : 0.0001 0.0001 0.9998 0.0001
114      114   (0)      2  : 0.0001 0.0001 0.9998 0.0001
115      115   (0)      3  : 0.8345 0.0001 0.1654 0.0001
