  1        1   (0)      1 :  0.0000 0.0000 0.0000 0.0000 0.9998 0.0000 
  2        2   (0)      1 :  0.0000 0.0000 0.0000 0.0000 0.9998 0.0000 
  3        3   (0)      1 :  0.0000 0.0000 0.0000 0.0000 0.9998 0.0000 
  4        4   (0)      1 :  0.0000 0.0000 0.0000 0.0000 0.9998 0.0000 
  5        5   (0)      1 :  0.0001 0.0001 0.0001 0.0001 0.9997 0.0001 
  6        6   (0)      1 :  0.0000 0.0000 0.0000 0.0000 0.9998 0.0000 
  7        7   (0)      1 :  0.0001 0.0001 0.0001 0.0001 0.9997 0.0001 
  8        8   (0)      1 :  0.0000 0.0000 0.0000 0.0000 0.9998 0.0000 
  9        9   (0)      1 :  0.0000 0.0000 0.0000 0.0000 0.9998 0.0000 
 10       10   (0)      1 :  0.0000 0.0000 0.0000 0.0000 0.9998 0.0000 
 11       11   (0)      1 :  0.0000 0.0000 0.0000 0.0000 0.9998 0.0000 
 12       12   (0)      1 :  0.0000 0.0000 0.0000 0.0000 0.9998 0.0000 
 13       13   (0)      1 :  0.0000 0.0000 0.0000 0.0000 0.9998 0.0000 
 14       14   (0)      1 :  0.0000 0.0000 0.0000 0.0000 0.9998 0.0000 
 15       15   (0)      1 :  0.0000 0.0000 0.0000 0.0000 0.9998 0.0000 
 16       16   (0)      1 :  0.0000 0.0000 0.0001 0.0001 0.9997 0.0001 
 17       17   (0)      1 :  0.0001 0.0001 0.0001 0.0001 0.9997 0.0001 
 18       18   (0)      2 :  0.0000 0.0000 0.0000 0.0000 0.0000 0.9998 
 19       19   (0)      2 :  0.0000 0.0000 0.0000 0.0000 0.0000 0.9998 
 20       20   (0)      3 :  0.0000 0.0000 0.0000 0.0000 0.9426 0.0573 
 21       21   (0)      3 :  0.0000 0.0000 0.0000 0.0000 0.9520 0.0478 
 22       22   (0)      2 :  0.0000 0.0000 0.0000 0.0000 0.0000 0.9998 
 23       23   (0)      2 :  0.0000 0.0000 0.0000 0.0000 0.0000 0.9998 
 24       24   (0)      2 :  0.0000 0.0000 0.0000 0.0000 0.0000 0.9998 
 25       25   (0)      4 :  0.0000 0.0000 0.0000 0.9626 0.0372 0.0000 
 26       26   (0)      4 :  0.0000 0.2000 0.0000 0.7999 0.0000 0.0000 
 27       27   (0)      4 :  0.0001 0.0001 0.0001 0.9997 0.0001 0.0001 
 28       28   (0)      4 :  0.0000 0.0000 0.0000 0.9998 0.0000 0.0000 
 29       29   (0)      4 :  0.0001 0.0001 0.0001 0.9997 0.0001 0.0001 
 30       30   (0)      4 :  0.0001 0.0001 0.0001 0.9084 0.0914 0.0001 
 31       31   (0)      4 :  0.0001 0.0001 0.0001 0.9997 0.0001 0.0001 
 32       32   (0)      4 :  0.0001 0.0001 0.0001 0.9997 0.0001 0.0001 
 33       33   (0)      4 :  0.0000 0.0000 0.0000 0.9998 0.0000 0.0000 
 34       34   (0)      4 :  0.0000 0.0000 0.0000 0.9572 0.0426 0.0000 
 35       35   (0)      4 :  0.0000 0.0000 0.0000 0.9093 0.0906 0.0000 
 36       36   (0)      4 :  0.0000 0.2000 0.0000 0.7999 0.0000 0.0000 
 37       37   (0)      4 :  0.0000 0.2000 0.0000 0.7999 0.0000 0.0000 
 38       38   (0)      4 :  0.0000 0.0000 0.0000 0.9998 0.0000 0.0000 
 39       39   (0)      4 :  0.0000 0.2000 0.0000 0.7999 0.0000 0.0000 
 40       40   (0)      4 :  0.0000 0.2000 0.0000 0.7999 0.0000 0.0000 
 41       41   (0)      4 :  0.0000 0.0000 0.0000 0.9998 0.0000 0.0000 
 42       42   (0)      4 :  0.0000 0.0000 0.0000 0.9998 0.0000 0.0000 
 43       43   (0)      4 :  0.0001 0.0001 0.0001 0.9997 0.0001 0.0001 
 44       44   (0)      4 :  0.0000 0.0000 0.0000 0.9998 0.0000 0.0000 
 45       45   (0)      4 :  0.0000 0.0000 0.0000 0.9998 0.0000 0.0000 
 46       46   (0)      4 :  0.0000 0.0000 0.0000 0.9998 0.0000 0.0000 
 47       47   (0)      4 :  0.0000 0.0001 0.0001 0.9997 0.0001 0.0001 
 48       48   (0)      4 :  0.0000 0.0000 0.0000 0.9315 0.0683 0.0000 
 49       49   (0)      4 :  0.0000 0.0000 0.0000 0.9998 0.0000 0.0000 
 50       50   (0)      4 :  0.0000 0.0000 0.0000 0.9998 0.0000 0.0000 
 51       51   (0)      1 :  0.0000 0.0000 0.0000 0.0000 0.9998 0.0000 
 52       52   (0)      1 :  0.0000 0.0000 0.0000 0.0000 0.9998 0.0000 
 53       53   (0)      1 :  0.0001 0.0384 0.0001 0.0497 0.9050 0.0068 
 54       54   (0)      1 :  0.0000 0.0908 0.0000 0.2169 0.6922 0.0000 
 55       55   (0)      1 :  0.0001 0.0613 0.0001 0.1998 0.7387 0.0001 
 56       56   (0)      1 :  0.0000 0.0899 0.0000 0.2195 0.6905 0.0000 
 57       57   (0)      1 :  0.0000 0.0763 0.0000 0.2413 0.6823 0.0000 
 58       58   (0)      1 :  0.0000 0.0610 0.0000 0.2083 0.7305 0.0000 
 59       59   (0)      1 :  0.0000 0.0000 0.0000 0.0000 0.9998 0.0000 
 60       60   (0)      1 :  0.0000 0.0000 0.0000 0.0000 0.9998 0.0000 
 61       61   (0)      1 :  0.0000 0.0000 0.0000 0.0000 0.9998 0.0000 
 62       62   (0)      1 :  0.0000 0.0198 0.0000 0.0788 0.9013 0.0000 
 63       63   (0)      1 :  0.0000 0.0117 0.0000 0.0490 0.9392 0.0000 
 64       64   (0)      1 :  0.0000 0.0000 0.0000 0.0000 0.9998 0.0000 
 65       65   (0)      1 :  0.0000 0.0000 0.0000 0.0000 0.9998 0.0000 
 66       66   (0)      1 :  0.0001 0.0001 0.0001 0.0001 0.9997 0.0001 
 67       67   (0)      1 :  0.0000 0.0000 0.0000 0.0000 0.9998 0.0000 
 68       68   (0)      1 :  0.0001 0.0001 0.0001 0.0001 0.9997 0.0001 
 69       69   (0)      1 :  0.0001 0.0001 0.0001 0.0001 0.9997 0.0001 
 70       70   (0)      1 :  0.0000 0.0000 0.0000 0.0000 0.9998 0.0000 
 71       71   (0)      1 :  0.0001 0.0001 0.0001 0.0001 0.9997 0.0001 
 72       72   (0)      1 :  0.0001 0.0001 0.0001 0.0001 0.9997 0.0001 
 73       73   (0)      1 :  0.0000 0.0000 0.0000 0.0000 0.9998 0.0000 
 74       74   (0)      1 :  0.0000 0.0000 0.0000 0.0000 0.9998 0.0000 
 75       75   (0)      1 :  0.0000 0.0000 0.0000 0.0000 0.9998 0.0000 
 76       76   (0)      1 :  0.0001 0.0001 0.0001 0.0001 0.9997 0.0001 
 77       77   (0)      1 :  0.0000 0.0001 0.0001 0.0001 0.9997 0.0001 
 78       78   (0)      1 :  0.0000 0.0000 0.0000 0.0000 0.9998 0.0000 
 79       79   (0)      1 :  0.0000 0.0379 0.0000 0.1229 0.8390 0.0000 
 80       80   (0)      1 :  0.0000 0.0000 0.0000 0.0000 0.9998 0.0000 
 81       81   (0)      1 :  0.0000 0.0000 0.0000 0.0000 0.9998 0.0000 
 82       82   (0)      1 :  0.0000 0.0000 0.0000 0.0000 0.9998 0.0000 
 83       83   (0)      1 :  0.0000 0.0000 0.0630 0.0025 0.9343 0.0000 
 84       84   (0)      1 :  0.0001 0.0001 0.0001 0.0001 0.9997 0.0001 
 85       85   (0)      1 :  0.0000 0.0000 0.0000 0.0000 0.9998 0.0000 
 86       86   (0)      1 :  0.0000 0.0000 0.0000 0.0000 0.9998 0.0000 
 87       87   (0)      5 :  0.0001 0.0200 0.0001 0.4568 0.5231 0.0001 
 88       88   (0)      5 :  0.0000 0.0217 0.0000 0.5615 0.4166 0.0000 
 89       89   (0)      5 :  0.0000 0.0165 0.0000 0.4223 0.5611 0.0000 
 90       90   (0)      5 :  0.0001 0.0001 0.0001 0.9540 0.0458 0.0001 
 91       91   (0)      5 :  0.0000 0.0000 0.0000 0.9998 0.0000 0.0000 
 92       92   (0)      5 :  0.0000 0.0000 0.0000 0.6238 0.3761 0.0000 
 93       93   (0)      5 :  0.0001 0.0001 0.0001 0.7823 0.2175 0.0001 
 94       94   (0)      5 :  0.0000 0.2000 0.0000 0.7336 0.0663 0.0000 
 95       95   (0)      5 :  0.0001 0.0001 0.0001 0.9859 0.0139 0.0001 
 96       96   (0)      5 :  0.0000 0.0000 0.0000 0.8314 0.1684 0.0000 
 97       97   (0)      6 :  0.0000 0.0000 0.3999 0.0000 0.5999 0.0000 
 98       98   (0)      6 :  0.0000 0.0000 0.3999 0.0000 0.5999 0.0000 
 99       99   (0)      6 :  0.0000 0.0000 0.3999 0.0000 0.5999 0.0000 
100      100   (0)      6 :  0.0000 0.0000 0.2158 0.0000 0.7841 0.0000 
101      101   (0)      6 :  0.0000 0.0000 0.2081 0.0000 0.7917 0.0000 
102      102   (0)      6 :  0.0000 0.0000 0.2120 0.0000 0.7879 0.0000 
103      103   (0)      6 :  0.0000 0.0000 0.3999 0.0000 0.5999 0.0000 
104      104   (0)      6 :  0.0000 0.0000 0.3999 0.0000 0.5999 0.0000 
105      105   (0)      6 :  0.0000 0.0000 0.5999 0.0000 0.3999 0.0000 
106      106   (0)      6 :  0.0001 0.0001 0.3999 0.0001 0.5999 0.0001 
107      107   (0)      6 :  0.0000 0.0000 0.5999 0.0000 0.3999 0.0000 
108      108   (0)      6 :  0.0000 0.0000 0.3999 0.0000 0.5999 0.0000 
109      109   (0)      6 :  0.0000 0.0000 0.5999 0.0000 0.3999 0.0000 
110      110   (0)      2 :  0.0000 0.0000 0.0000 0.0000 0.1617 0.8382 
111      111   (0)      2 :  0.0000 0.0000 0.0000 0.0000 0.0000 0.9998 
112      112   (0)      2 :  0.0000 0.0000 0.0000 0.0000 0.0166 0.9833 
113      113   (0)      2 :  0.0000 0.0000 0.0000 0.0000 0.0000 0.9998 
114      114   (0)      2 :  0.0000 0.0000 0.0000 0.0000 0.0000 0.9998 
115      115   (0)      3 :  0.0000 0.0000 0.0000 0.0000 0.8894 0.1104 
