  1        1   (0)      1 :  0.0000 0.0000 0.0000 0.5999 0.0000 0.0000 0.3999 0.0000 
  2        2   (0)      1 :  0.0000 0.0000 0.0000 0.5999 0.0000 0.0000 0.3999 0.0000 
  3        3   (0)      1 :  0.0000 0.0000 0.0000 0.7998 0.0000 0.0000 0.2000 0.0000 
  4        4   (0)      1 :  0.0000 0.0000 0.0000 0.7998 0.0000 0.0000 0.2000 0.0000 
  5        5   (0)      1 :  0.0000 0.0000 0.0000 0.7998 0.0000 0.0000 0.2000 0.0000 
  6        6   (0)      1 :  0.0000 0.0000 0.0000 0.7998 0.0000 0.0000 0.2000 0.0000 
  7        7   (0)      1 :  0.0000 0.0000 0.0000 0.9997 0.0000 0.0000 0.0000 0.0000 
  8        8   (0)      1 :  0.0000 0.0000 0.0000 0.9998 0.0000 0.0000 0.0000 0.0000 
  9        9   (0)      1 :  0.0000 0.0000 0.0000 0.9998 0.0000 0.0000 0.0000 0.0000 
 10       10   (0)      1 :  0.0000 0.0000 0.0000 0.9998 0.0000 0.0000 0.0000 0.0000 
 11       11   (0)      1 :  0.0000 0.0000 0.0000 0.9997 0.0000 0.0000 0.0000 0.0000 
 12       12   (0)      1 :  0.0000 0.0000 0.0000 0.9998 0.0000 0.0000 0.0000 0.0000 
 13       13   (0)      1 :  0.0000 0.0000 0.0000 0.9998 0.0000 0.0000 0.0000 0.0000 
 14       14   (0)      1 :  0.0000 0.0000 0.0000 0.9997 0.0000 0.0000 0.0000 0.0000 
 15       15   (0)      1 :  0.0000 0.0000 0.0000 0.9997 0.0000 0.0000 0.0000 0.0000 
 16       16   (0)      1 :  0.0000 0.0000 0.0000 0.9997 0.0000 0.0000 0.0000 0.0000 
 17       17   (0)      1 :  0.0000 0.0000 0.0000 0.9997 0.0000 0.0000 0.0000 0.0000 
 18       18   (0)      2 :  0.0000 0.0000 0.0000 0.2000 0.0000 0.0000 0.0000 0.7998 
 19       19   (0)      2 :  0.0000 0.0000 0.0000 0.2428 0.0000 0.0000 0.0000 0.7570 
 20       20   (0)      3 :  0.0000 0.0000 0.0000 0.9639 0.0000 0.0000 0.0000 0.0359 
 21       21   (0)      3 :  0.0000 0.0000 0.0000 0.9759 0.0000 0.0000 0.0000 0.0239 
 22       22   (0)      2 :  0.0000 0.0000 0.0000 0.2000 0.0000 0.0000 0.0000 0.7998 
 23       23   (0)      2 :  0.0000 0.0000 0.0000 0.2000 0.0000 0.0000 0.0000 0.7998 
 24       24   (0)      2 :  0.0000 0.0000 0.0000 0.2000 0.0000 0.0000 0.0000 0.7999 
 25       25   (0)      4 :  0.9692 0.0000 0.0000 0.0307 0.0000 0.0000 0.0000 0.0000 
 26       26   (0)      4 :  0.9998 0.0000 0.0000 0.0000 0.0000 0.0000 0.0000 0.0000 
 27       27   (0)      4 :  0.9997 0.0000 0.0000 0.0000 0.0000 0.0000 0.0000 0.0000 
 28       28   (0)      4 :  0.9997 0.0000 0.0000 0.0000 0.0000 0.0000 0.0000 0.0000 
 29       29   (0)      4 :  0.9997 0.0000 0.0000 0.0000 0.0000 0.0000 0.0000 0.0000 
 30       30   (0)      4 :  0.9474 0.0000 0.0000 0.0523 0.0000 0.0000 0.0000 0.0000 
 31       31   (0)      4 :  0.9997 0.0000 0.0000 0.0000 0.0000 0.0000 0.0000 0.0000 
 32       32   (0)      4 :  0.9997 0.0000 0.0000 0.0000 0.0000 0.0000 0.0000 0.0000 
 33       33   (0)      4 :  0.9998 0.0000 0.0000 0.0000 0.0000 0.0000 0.0000 0.0000 
 34       34   (0)      4 :  0.9739 0.0000 0.0000 0.0259 0.0000 0.0000 0.0000 0.0000 
 35       35   (0)      4 :  0.9386 0.0000 0.0000 0.0613 0.0000 0.0000 0.0000 0.0000 
 36       36   (0)      4 :  0.9998 0.0000 0.0000 0.0000 0.0000 0.0000 0.0000 0.0000 
 37       37   (0)      4 :  0.9998 0.0000 0.0000 0.0000 0.0000 0.0000 0.0000 0.0000 
 38       38   (0)      4 :  0.9998 0.0000 0.0000 0.0000 0.0000 0.0000 0.0000 0.0000 
 39       39   (0)      4 :  0.9998 0.0000 0.0000 0.0000 0.0000 0.0000 0.0000 0.0000 
 40       40   (0)      4 :  0.9998 0.0000 0.0000 0.0000 0.0000 0.0000 0.0000 0.0000 
 41       41   (0)      4 :  0.9997 0.0000 0.0000 0.0000 0.0000 0.0000 0.0000 0.0000 
 42       42   (0)      4 :  0.9997 0.0000 0.0000 0.0000 0.0000 0.0000 0.0000 0.0000 
 43       43   (0)      4 :  0.9997 0.0000 0.0000 0.0000 0.0000 0.0000 0.0000 0.0000 
 44       44   (0)      4 :  0.9997 0.0000 0.0000 0.0000 0.0000 0.0000 0.0000 0.0000 
 45       45   (0)      4 :  0.9997 0.0000 0.0000 0.0000 0.0000 0.0000 0.0000 0.0000 
 46       46   (0)      4 :  0.9639 0.0000 0.0000 0.0359 0.0000 0.0000 0.0000 0.0000 
 47       47   (0)      4 :  0.9997 0.0000 0.0000 0.0000 0.0000 0.0000 0.0000 0.0000 
 48       48   (0)      4 :  0.9127 0.0000 0.0000 0.0870 0.0000 0.0000 0.0000 0.0000 
 49       49   (0)      4 :  0.9998 0.0000 0.0000 0.0000 0.0000 0.0000 0.0000 0.0000 
 50       50   (0)      4 :  0.9997 0.0000 0.0000 0.0000 0.0000 0.0000 0.0000 0.0000 
 51       51   (0)      1 :  0.0000 0.0000 0.0000 0.9998 0.0000 0.0000 0.0000 0.0000 
 52       52   (0)      1 :  0.0000 0.0000 0.0000 0.9998 0.0000 0.0000 0.0000 0.0000 
 53       53   (0)      1 :  0.1540 0.0000 0.0000 0.5211 0.0000 0.0000 0.3247 0.0000 
 54       54   (0)      1 :  0.2622 0.0000 0.0000 0.5377 0.0000 0.0000 0.2000 0.0000 
 55       55   (0)      1 :  0.1527 0.0000 0.0000 0.5323 0.0000 0.0000 0.3147 0.0000 
 56       56   (0)      1 :  0.2848 0.0000 0.0000 0.4814 0.0000 0.0000 0.2338 0.0000 
 57       57   (0)      1 :  0.3081 0.0000 0.0000 0.4918 0.0000 0.0000 0.2000 0.0000 
 58       58   (0)      1 :  0.2730 0.0000 0.0000 0.4548 0.0000 0.0000 0.2720 0.0000 
 59       59   (0)      1 :  0.0134 0.0000 0.0000 0.9864 0.0000 0.0000 0.0000 0.0000 
 60       60   (0)      1 :  0.0000 0.0000 0.0000 0.9998 0.0000 0.0000 0.0000 0.0000 
 61       61   (0)      1 :  0.0000 0.0000 0.0000 0.9998 0.0000 0.0000 0.0000 0.0000 
 62       62   (0)      1 :  0.0676 0.0000 0.0000 0.8943 0.0000 0.0000 0.0379 0.0000 
 63       63   (0)      1 :  0.0467 0.0000 0.0000 0.9182 0.0000 0.0000 0.0349 0.0000 
 64       64   (0)      1 :  0.0000 0.0000 0.0000 0.9997 0.0000 0.0000 0.0000 0.0000 
 65       65   (0)      1 :  0.0000 0.0000 0.0000 0.9998 0.0000 0.0000 0.0000 0.0000 
 66       66   (0)      1 :  0.0000 0.0000 0.0000 0.9997 0.0000 0.0000 0.0000 0.0000 
 67       67   (0)      1 :  0.0000 0.0000 0.0000 0.9998 0.0000 0.0000 0.0000 0.0000 
 68       68   (0)      1 :  0.0000 0.0000 0.0000 0.9997 0.0000 0.0000 0.0000 0.0000 
 69       69   (0)      1 :  0.0000 0.0000 0.0000 0.9997 0.0000 0.0000 0.0000 0.0000 
 70       70   (0)      1 :  0.0000 0.0000 0.0000 0.9998 0.0000 0.0000 0.0000 0.0000 
 71       71   (0)      1 :  0.0000 0.0000 0.0000 0.9997 0.0000 0.0000 0.0000 0.0000 
 72       72   (0)      1 :  0.0000 0.0000 0.0000 0.9997 0.0000 0.0000 0.0000 0.0000 
 73       73   (0)      1 :  0.0000 0.0000 0.0000 0.9998 0.0000 0.0000 0.0000 0.0000 
 74       74   (0)      1 :  0.0000 0.0000 0.0000 0.9998 0.0000 0.0000 0.0000 0.0000 
 75       75   (0)      1 :  0.0000 0.0000 0.0000 0.9998 0.0000 0.0000 0.0000 0.0000 
 76       76   (0)      1 :  0.0000 0.0000 0.0000 0.9997 0.0000 0.0000 0.0000 0.0000 
 77       77   (0)      1 :  0.0000 0.0000 0.0000 0.9997 0.0000 0.0000 0.0000 0.0000 
 78       78   (0)      1 :  0.0000 0.0000 0.0000 0.9997 0.0000 0.0000 0.0000 0.0000 
 79       79   (0)      1 :  0.1410 0.0000 0.0000 0.6589 0.0000 0.0000 0.2000 0.0000 
 80       80   (0)      1 :  0.0000 0.0000 0.0000 0.9998 0.0000 0.0000 0.0000 0.0000 
 81       81   (0)      1 :  0.0000 0.0000 0.0000 0.9998 0.0000 0.0000 0.0000 0.0000 
 82       82   (0)      1 :  0.0000 0.0000 0.0000 0.9998 0.0000 0.0000 0.0000 0.0000 
 83       83   (0)      1 :  0.0000 0.0000 0.0000 0.9055 0.0000 0.0000 0.0943 0.0000 
 84       84   (0)      1 :  0.0319 0.0000 0.0000 0.9085 0.0000 0.0000 0.0593 0.0000 
 85       85   (0)      1 :  0.0000 0.0000 0.0000 0.9998 0.0000 0.0000 0.0000 0.0000 
 86       86   (0)      1 :  0.0000 0.0000 0.0000 0.9998 0.0000 0.0000 0.0000 0.0000 
 87       87   (0)      5 :  0.5985 0.0000 0.0000 0.3868 0.0000 0.0000 0.0145 0.0000 
 88       88   (0)      5 :  0.8241 0.0000 0.0000 0.1757 0.0000 0.0000 0.0000 0.0000 
 89       89   (0)      5 :  0.6398 0.0000 0.0000 0.3462 0.0000 0.0000 0.0138 0.0000 
 90       90   (0)      5 :  0.9800 0.0000 0.0000 0.0198 0.0000 0.0000 0.0000 0.0000 
 91       91   (0)      5 :  0.9997 0.0000 0.0000 0.0000 0.0000 0.0000 0.0000 0.0000 
 92       92   (0)      5 :  0.7976 0.0000 0.0000 0.2022 0.0000 0.0000 0.0000 0.0000 
 93       93   (0)      5 :  0.7315 0.0000 0.0000 0.0683 0.0000 0.0000 0.2000 0.0000 
 94       94   (0)      5 :  0.8502 0.0000 0.0000 0.1497 0.0000 0.0000 0.0000 0.0000 
 95       95   (0)      5 :  0.9997 0.0000 0.0000 0.0000 0.0000 0.0000 0.0000 0.0000 
 96       96   (0)      5 :  0.9058 0.0000 0.0000 0.0940 0.0000 0.0000 0.0000 0.0000 
 97       97   (0)      6 :  0.0000 0.0000 0.0000 0.7998 0.0000 0.0000 0.2000 0.0000 
 98       98   (0)      6 :  0.0000 0.0000 0.0000 0.7998 0.0000 0.0000 0.2000 0.0000 
 99       99   (0)      6 :  0.0000 0.0000 0.0000 0.7998 0.0000 0.0000 0.2000 0.0000 
100      100   (0)      6 :  0.0000 0.0000 0.0000 0.7999 0.0000 0.0000 0.2000 0.0000 
101      101   (0)      6 :  0.0000 0.0000 0.0000 0.7999 0.0000 0.0000 0.2000 0.0000 
102      102   (0)      6 :  0.0000 0.0000 0.0000 0.7999 0.0000 0.0000 0.2000 0.0000 
103      103   (0)      6 :  0.0000 0.0000 0.0000 0.7998 0.0000 0.0000 0.2000 0.0000 
104      104   (0)      6 :  0.0000 0.0000 0.0000 0.7998 0.0000 0.0000 0.2000 0.0000 
105      105   (0)      6 :  0.0000 0.0000 0.0000 0.7998 0.0000 0.0000 0.2000 0.0000 
106      106   (0)      6 :  0.0000 0.0000 0.0000 0.7998 0.0000 0.0000 0.2000 0.0000 
107      107   (0)      6 :  0.0000 0.0000 0.0000 0.7998 0.0000 0.0000 0.2000 0.0000 
108      108   (0)      6 :  0.0000 0.0000 0.0000 0.7998 0.0000 0.0000 0.2000 0.0000 
109      109   (0)      6 :  0.0000 0.0000 0.0000 0.7998 0.0000 0.0000 0.2000 0.0000 
110      110   (0)      2 :  0.0000 0.0000 0.0000 0.2618 0.0000 0.0000 0.0000 0.7381 
111      111   (0)      2 :  0.0000 0.0000 0.0000 0.2450 0.0000 0.0000 0.0000 0.7548 
112      112   (0)      2 :  0.0000 0.0000 0.0000 0.2586 0.0000 0.0000 0.0000 0.7412 
113      113   (0)      2 :  0.0000 0.0000 0.0000 0.2502 0.0000 0.0000 0.0000 0.7496 
114      114   (0)      2 :  0.0000 0.0000 0.0000 0.2392 0.0000 0.0000 0.0000 0.7606 
115      115   (0)      3 :  0.0000 0.0000 0.0000 0.9625 0.0000 0.0000 0.0000 0.0374 
