1        1   (0)      1  : 0.9998 0.0001 0.0001
2        2   (0)      1  : 0.9998 0.0001 0.0001
3        3   (0)      1  : 0.9998 0.0001 0.0001
4        4   (0)      1  : 0.9998 0.0001 0.0001
5        5   (0)      1  : 0.9997 0.0001 0.0001
6        6   (0)      1  : 0.9998 0.0001 0.0001
7        7   (0)      1  : 0.9997 0.0001 0.0001
8        8   (0)      1  : 0.9998 0.0001 0.0001
9        9   (0)      1  : 0.9998 0.0001 0.0001
10       10   (0)      1  : 0.9998 0.0001 0.0001
11       11   (0)      1  : 0.9998 0.0001 0.0001
12       12   (0)      1  : 0.9998 0.0001 0.0001
13       13   (0)      1  : 0.9998 0.0001 0.0001
14       14   (0)      1  : 0.9998 0.0001 0.0001
15       15   (0)      1  : 0.9998 0.0001 0.0001
16       16   (0)      1  : 0.9998 0.0001 0.0001
17       17   (0)      1  : 0.9997 0.0001 0.0001
18       18   (0)      2  : 0.0001 0.0001 0.9998
19       19   (0)      2  : 0.0001 0.0001 0.9998
20       20   (0)      3  : 0.9723 0.0001 0.0276
21       21   (0)      3  : 0.9998 0.0001 0.0001
22       22   (0)      2  : 0.0001 0.0001 0.9998
23       23   (0)      2  : 0.0001 0.0001 0.9998
24       24   (0)      2  : 0.0001 0.0001 0.9998
25       25   (0)      4  : 0.0001 0.9998 0.0001
26       26   (0)      4  : 0.0001 0.9998 0.0001
27       27   (0)      4  : 0.0001 0.9997 0.0001
28       28   (0)      4  : 0.0001 0.9998 0.0001
29       29   (0)      4  : 0.0001 0.9997 0.0001
30       30   (0)      4  : 0.0739 0.9260 0.0002
31       31   (0)      4  : 0.0001 0.9997 0.0001
32       32   (0)      4  : 0.0001 0.9997 0.0001
33       33   (0)      4  : 0.0001 0.9998 0.0001
34       34   (0)      4  : 0.0001 0.9998 0.0001
35       35   (0)      4  : 0.0759 0.9240 0.0001
36       36   (0)      4  : 0.0001 0.9998 0.0001
37       37   (0)      4  : 0.0001 0.9998 0.0001
38       38   (0)      4  : 0.0001 0.9998 0.0001
39       39   (0)      4  : 0.0001 0.9998 0.0001
40       40   (0)      4  : 0.0001 0.9998 0.0001
41       41   (0)      4  : 0.0001 0.9998 0.0001
42       42   (0)      4  : 0.0001 0.9998 0.0001
43       43   (0)      4  : 0.0001 0.9998 0.0001
44       44   (0)      4  : 0.0001 0.9998 0.0001
45       45   (0)      4  : 0.0001 0.9998 0.0001
46       46   (0)      4  : 0.0136 0.9863 0.0001
47       47   (0)      4  : 0.0001 0.9998 0.0001
48       48   (0)      4  : 0.0740 0.9259 0.0001
49       49   (0)      4  : 0.0001 0.9998 0.0001
50       50   (0)      4  : 0.0001 0.9998 0.0001
51       51   (0)      1  : 0.9998 0.0001 0.0001
52       52   (0)      1  : 0.9998 0.0001 0.0001
53       53   (0)      1  : 0.8509 0.1489 0.0001
54       54   (0)      1  : 0.2704 0.6812 0.0484
55       55   (0)      1  : 0.6072 0.3927 0.0001
56       56   (0)      1  : 0.3798 0.6202 0.0001
57       57   (0)      1  : 0.4854 0.5145 0.0001
58       58   (0)      1  : 0.5454 0.4545 0.0001
59       59   (0)      1  : 0.9998 0.0001 0.0001
60       60   (0)      1  : 0.9998 0.0001 0.0001
61       61   (0)      1  : 0.9998 0.0001 0.0001
62       62   (0)      1  : 0.9596 0.0403 0.0001
63       63   (0)      1  : 0.9192 0.0807 0.0001
64       64   (0)      1  : 0.9998 0.0001 0.0001
65       65   (0)      1  : 0.9998 0.0001 0.0001
66       66   (0)      1  : 0.9997 0.0001 0.0001
67       67   (0)      1  : 0.9998 0.0001 0.0001
68       68   (0)      1  : 0.9997 0.0001 0.0001
69       69   (0)      1  : 0.9997 0.0001 0.0001
70       70   (0)      1  : 0.9998 0.0001 0.0001
71       71   (0)      1  : 0.9997 0.0001 0.0001
72       72   (0)      1  : 0.9998 0.0001 0.0001
73       73   (0)      1  : 0.9998 0.0001 0.0001
74       74   (0)      1  : 0.9998 0.0001 0.0001
75       75   (0)      1  : 0.9998 0.0001 0.0001
76       76   (0)      1  : 0.9997 0.0002 0.0002
77       77   (0)      1  : 0.9998 0.0001 0.0001
78       78   (0)      1  : 0.9998 0.0001 0.0001
79       79   (0)      1  : 0.6932 0.3067 0.0001
80       80   (0)      1  : 0.9998 0.0001 0.0001
81       81   (0)      1  : 0.9998 0.0001 0.0001
82       82   (0)      1  : 0.9998 0.0001 0.0001
83       83   (0)      1  : 0.9998 0.0001 0.0001
84       84   (0)      1  : 0.9943 0.0056 0.0002
85       85   (0)      1  : 0.9998 0.0001 0.0001
86       86   (0)      1  : 0.9998 0.0001 0.0001
87       87   (0)      5  : 0.2442 0.7556 0.0001
88       88   (0)      5  : 0.2889 0.7110 0.0001
89       89   (0)      5  : 0.4106 0.5893 0.0001
90       90   (0)      5  : 0.1161 0.8838 0.0001
91       91   (0)      5  : 0.0001 0.9998 0.0001
92       92   (0)      5  : 0.3406 0.6593 0.0001
93       93   (0)      5  : 0.1597 0.8402 0.0001
94       94   (0)      5  : 0.2030 0.7969 0.0001
95       95   (0)      5  : 0.0001 0.9997 0.0001
96       96   (0)      5  : 0.0984 0.9015 0.0001
97       97   (0)      6  : 0.9998 0.0001 0.0001
98       98   (0)      6  : 0.9998 0.0001 0.0001
99       99   (0)      6  : 0.9998 0.0001 0.0001
100      100   (0)      6  : 0.9998 0.0001 0.0001
101      101   (0)      6  : 0.9998 0.0001 0.0001
102      102   (0)      6  : 0.9998 0.0001 0.0001
103      103   (0)      6  : 0.9998 0.0001 0.0001
104      104   (0)      6  : 0.9998 0.0001 0.0001
105      105   (0)      6  : 0.9998 0.0001 0.0001
106      106   (0)      6  : 0.9997 0.0001 0.0001
107      107   (0)      6  : 0.9998 0.0001 0.0001
108      108   (0)      6  : 0.9998 0.0001 0.0001
109      109   (0)      6  : 0.9998 0.0001 0.0001
110      110   (0)      2  : 0.0496 0.0001 0.9503
111      111   (0)      2  : 0.0001 0.0001 0.9998
112      112   (0)      2  : 0.0001 0.0001 0.9998
113      113   (0)      2  : 0.0001 0.0001 0.9998
114      114   (0)      2  : 0.1672 0.0001 0.8327
115      115   (0)      3  : 0.9336 0.0001 0.0663
