1        1   (0)      1  : 0.9996 0.0004
2        2   (0)      1  : 0.9997 0.0003
3        3   (0)      1  : 0.9996 0.0004
4        4   (0)      1  : 0.9996 0.0004
5        5   (0)      1  : 0.9996 0.0004
6        6   (0)      1  : 0.9996 0.0004
7        7   (0)      1  : 0.9996 0.0004
8        8   (0)      1  : 0.9998 0.0002
9        9   (0)      1  : 0.9998 0.0002
10       10   (0)      1  : 0.9997 0.0003
11       11   (0)      1  : 0.9996 0.0004
12       12   (0)      1  : 0.9998 0.0002
13       13   (0)      1  : 0.9997 0.0003
14       14   (0)      1  : 0.9997 0.0003
15       15   (0)      1  : 0.9997 0.0003
16       16   (0)      1  : 0.9996 0.0004
17       17   (0)      1  : 0.9996 0.0004
18       18   (0)      2  : 0.9997 0.0003
19       19   (0)      2  : 0.9993 0.0007
20       20   (0)      3  : 0.9997 0.0003
21       21   (0)      3  : 0.9997 0.0003
22       22   (0)      2  : 0.9994 0.0006
23       23   (0)      2  : 0.9996 0.0004
24       24   (0)      2  : 0.9996 0.0004
25       25   (0)      4  : 0.1023 0.8977
26       26   (0)      4  : 0.0003 0.9997
27       27   (0)      4  : 0.0005 0.9995
28       28   (0)      4  : 0.0004 0.9996
29       29   (0)      4  : 0.0007 0.9993
30       30   (0)      4  : 0.1256 0.8744
31       31   (0)      4  : 0.0004 0.9996
32       32   (0)      4  : 0.0007 0.9993
33       33   (0)      4  : 0.0004 0.9996
34       34   (0)      4  : 0.1287 0.8713
35       35   (0)      4  : 0.2280 0.7720
36       36   (0)      4  : 0.0003 0.9997
37       37   (0)      4  : 0.0003 0.9997
38       38   (0)      4  : 0.0003 0.9997
39       39   (0)      4  : 0.0003 0.9997
40       40   (0)      4  : 0.0003 0.9997
41       41   (0)      4  : 0.0004 0.9996
42       42   (0)      4  : 0.0004 0.9996
43       43   (0)      4  : 0.0005 0.9995
44       44   (0)      4  : 0.0007 0.9993
45       45   (0)      4  : 0.0004 0.9996
46       46   (0)      4  : 0.0205 0.9795
47       47   (0)      4  : 0.0004 0.9996
48       48   (0)      4  : 0.1738 0.8262
49       49   (0)      4  : 0.0004 0.9996
50       50   (0)      4  : 0.0004 0.9996
51       51   (0)      1  : 0.9998 0.0002
52       52   (0)      1  : 0.9998 0.0002
53       53   (0)      1  : 0.8884 0.1116
54       54   (0)      1  : 0.4861 0.5139
55       55   (0)      1  : 0.6221 0.3779
56       56   (0)      1  : 0.4561 0.5439
57       57   (0)      1  : 0.5040 0.4960
58       58   (0)      1  : 0.5937 0.4063
59       59   (0)      1  : 0.9984 0.0016
60       60   (0)      1  : 0.9996 0.0004
61       61   (0)      1  : 0.9998 0.0002
62       62   (0)      1  : 0.8337 0.1663
63       63   (0)      1  : 0.8967 0.1033
64       64   (0)      1  : 0.9997 0.0003
65       65   (0)      1  : 0.9997 0.0003
66       66   (0)      1  : 0.9997 0.0003
67       67   (0)      1  : 0.9997 0.0003
68       68   (0)      1  : 0.9996 0.0004
69       69   (0)      1  : 0.9996 0.0004
70       70   (0)      1  : 0.9997 0.0003
71       71   (0)      1  : 0.9996 0.0004
72       72   (0)      1  : 0.9996 0.0004
73       73   (0)      1  : 0.9997 0.0003
74       74   (0)      1  : 0.9998 0.0002
75       75   (0)      1  : 0.9998 0.0002
76       76   (0)      1  : 0.9995 0.0005
77       77   (0)      1  : 0.9996 0.0004
78       78   (0)      1  : 0.9996 0.0004
79       79   (0)      1  : 0.7870 0.2130
80       80   (0)      1  : 0.9998 0.0002
81       81   (0)      1  : 0.9998 0.0002
82       82   (0)      1  : 0.9997 0.0003
83       83   (0)      1  : 0.9994 0.0006
84       84   (0)      1  : 0.9993 0.0007
85       85   (0)      1  : 0.9998 0.0002
86       86   (0)      1  : 0.9998 0.0002
87       87   (0)      5  : 0.4999 0.5001
88       88   (0)      5  : 0.4072 0.5928
89       89   (0)      5  : 0.5690 0.4310
90       90   (0)      5  : 0.1651 0.8349
91       91   (0)      5  : 0.0904 0.9096
92       92   (0)      5  : 0.4090 0.5910
93       93   (0)      5  : 0.2902 0.7098
94       94   (0)      5  : 0.3098 0.6902
95       95   (0)      5  : 0.0818 0.9182
96       96   (0)      5  : 0.2319 0.7681
97       97   (0)      6  : 0.9997 0.0003
98       98   (0)      6  : 0.9997 0.0003
99       99   (0)      6  : 0.9997 0.0003
100      100   (0)      6  : 0.9998 0.0002
101      101   (0)      6  : 0.9998 0.0002
102      102   (0)      6  : 0.9998 0.0002
103      103   (0)      6  : 0.9997 0.0003
104      104   (0)      6  : 0.9997 0.0003
105      105   (0)      6  : 0.9995 0.0005
106      106   (0)      6  : 0.9996 0.0004
107      107   (0)      6  : 0.9996 0.0004
108      108   (0)      6  : 0.9996 0.0004
109      109   (0)      6  : 0.9975 0.0025
110      110   (0)      2  : 0.9993 0.0007
111      111   (0)      2  : 0.9995 0.0005
112      112   (0)      2  : 0.9988 0.0012
113      113   (0)      2  : 0.9694 0.0306
114      114   (0)      2  : 0.9649 0.0351
115      115   (0)      3  : 0.9998 0.0002
