  1        1   (0)      1 :  0.0003 0.9997 
  2        2   (0)      1 :  0.0003 0.9997 
  3        3   (0)      1 :  0.0005 0.9995 
  4        4   (0)      1 :  0.0004 0.9996 
  5        5   (0)      1 :  0.0004 0.9996 
  6        6   (0)      1 :  0.0004 0.9996 
  7        7   (0)      1 :  0.0004 0.9996 
  8        8   (0)      1 :  0.0002 0.9998 
  9        9   (0)      1 :  0.0002 0.9998 
 10       10   (0)      1 :  0.0003 0.9997 
 11       11   (0)      1 :  0.0004 0.9996 
 12       12   (0)      1 :  0.0003 0.9997 
 13       13   (0)      1 :  0.0003 0.9997 
 14       14   (0)      1 :  0.0003 0.9997 
 15       15   (0)      1 :  0.0003 0.9997 
 16       16   (0)      1 :  0.0003 0.9997 
 17       17   (0)      1 :  0.0004 0.9996 
 18       18   (0)      2 :  0.2531 0.7469 
 19       19   (0)      2 :  0.2301 0.7699 
 20       20   (0)      3 :  0.0003 0.9997 
 21       21   (0)      3 :  0.0003 0.9997 
 22       22   (0)      2 :  0.2280 0.7720 
 23       23   (0)      2 :  0.2642 0.7358 
 24       24   (0)      2 :  0.2430 0.7570 
 25       25   (0)      4 :  0.8948 0.1052 
 26       26   (0)      4 :  0.9997 0.0003 
 27       27   (0)      4 :  0.9994 0.0006 
 28       28   (0)      4 :  0.9996 0.0004 
 29       29   (0)      4 :  0.9994 0.0006 
 30       30   (0)      4 :  0.8878 0.1122 
 31       31   (0)      4 :  0.9996 0.0004 
 32       32   (0)      4 :  0.9949 0.0051 
 33       33   (0)      4 :  0.9996 0.0004 
 34       34   (0)      4 :  0.9976 0.0024 
 35       35   (0)      4 :  0.8684 0.1316 
 36       36   (0)      4 :  0.9997 0.0003 
 37       37   (0)      4 :  0.9997 0.0003 
 38       38   (0)      4 :  0.9997 0.0003 
 39       39   (0)      4 :  0.9997 0.0003 
 40       40   (0)      4 :  0.9998 0.0002 
 41       41   (0)      4 :  0.9996 0.0004 
 42       42   (0)      4 :  0.9996 0.0004 
 43       43   (0)      4 :  0.9996 0.0004 
 44       44   (0)      4 :  0.9995 0.0005 
 45       45   (0)      4 :  0.9996 0.0004 
 46       46   (0)      4 :  0.9733 0.0267 
 47       47   (0)      4 :  0.9996 0.0004 
 48       48   (0)      4 :  0.8230 0.1770 
 49       49   (0)      4 :  0.9996 0.0004 
 50       50   (0)      4 :  0.9996 0.0004 
 51       51   (0)      1 :  0.0002 0.9998 
 52       52   (0)      1 :  0.0003 0.9997 
 53       53   (0)      1 :  0.1209 0.8791 
 54       54   (0)      1 :  0.5680 0.4320 
 55       55   (0)      1 :  0.3395 0.6605 
 56       56   (0)      1 :  0.5752 0.4248 
 57       57   (0)      1 :  0.5297 0.4703 
 58       58   (0)      1 :  0.4438 0.5562 
 59       59   (0)      1 :  0.0118 0.9882 
 60       60   (0)      1 :  0.0003 0.9997 
 61       61   (0)      1 :  0.0002 0.9998 
 62       62   (0)      1 :  0.1651 0.8349 
 63       63   (0)      1 :  0.1110 0.8890 
 64       64   (0)      1 :  0.0003 0.9997 
 65       65   (0)      1 :  0.0003 0.9997 
 66       66   (0)      1 :  0.0004 0.9996 
 67       67   (0)      1 :  0.0003 0.9997 
 68       68   (0)      1 :  0.0004 0.9996 
 69       69   (0)      1 :  0.0004 0.9996 
 70       70   (0)      1 :  0.0003 0.9997 
 71       71   (0)      1 :  0.0003 0.9997 
 72       72   (0)      1 :  0.0004 0.9996 
 73       73   (0)      1 :  0.0003 0.9997 
 74       74   (0)      1 :  0.0002 0.9998 
 75       75   (0)      1 :  0.0002 0.9998 
 76       76   (0)      1 :  0.0005 0.9995 
 77       77   (0)      1 :  0.0004 0.9996 
 78       78   (0)      1 :  0.0003 0.9997 
 79       79   (0)      1 :  0.3298 0.6702 
 80       80   (0)      1 :  0.0002 0.9998 
 81       81   (0)      1 :  0.0003 0.9997 
 82       82   (0)      1 :  0.0003 0.9997 
 83       83   (0)      1 :  0.0010 0.9990 
 84       84   (0)      1 :  0.0008 0.9992 
 85       85   (0)      1 :  0.0002 0.9998 
 86       86   (0)      1 :  0.0002 0.9998 
 87       87   (0)      5 :  0.4497 0.5503 
 88       88   (0)      5 :  0.6204 0.3796 
 89       89   (0)      5 :  0.4854 0.5146 
 90       90   (0)      5 :  0.8722 0.1278 
 91       91   (0)      5 :  0.8987 0.1013 
 92       92   (0)      5 :  0.5760 0.4240 
 93       93   (0)      5 :  0.7442 0.2558 
 94       94   (0)      5 :  0.7614 0.2386 
 95       95   (0)      5 :  0.8807 0.1193 
 96       96   (0)      5 :  0.8453 0.1547 
 97       97   (0)      6 :  0.0003 0.9997 
 98       98   (0)      6 :  0.0003 0.9997 
 99       99   (0)      6 :  0.0003 0.9997 
100      100   (0)      6 :  0.0002 0.9998 
101      101   (0)      6 :  0.0002 0.9998 
102      102   (0)      6 :  0.0002 0.9998 
103      103   (0)      6 :  0.0003 0.9997 
104      104   (0)      6 :  0.0004 0.9996 
105      105   (0)      6 :  0.0005 0.9995 
106      106   (0)      6 :  0.0004 0.9996 
107      107   (0)      6 :  0.0004 0.9996 
108      108   (0)      6 :  0.0004 0.9996 
109      109   (0)      6 :  0.0006 0.9994 
110      110   (0)      2 :  0.2558 0.7442 
111      111   (0)      2 :  0.1974 0.8026 
112      112   (0)      2 :  0.1991 0.8009 
113      113   (0)      2 :  0.2335 0.7665 
114      114   (0)      2 :  0.2095 0.7905 
115      115   (0)      3 :  0.0003 0.9997 
