1        1   (0)      1  : 0.9998 0.0001 0.0001 0.0001
2        2   (0)      1  : 0.9998 0.0001 0.0001 0.0001
3        3   (0)      1  : 0.9998 0.0001 0.0001 0.0001
4        4   (0)      1  : 0.9998 0.0001 0.0001 0.0001
5        5   (0)      1  : 0.9998 0.0001 0.0001 0.0001
6        6   (0)      1  : 0.9998 0.0001 0.0001 0.0001
7        7   (0)      1  : 0.9998 0.0001 0.0001 0.0001
8        8   (0)      1  : 0.9998 0.0001 0.0001 0.0001
9        9   (0)      1  : 0.9998 0.0001 0.0001 0.0001
10       10   (0)      1  : 0.9998 0.0001 0.0001 0.0001
11       11   (0)      1  : 0.9998 0.0001 0.0001 0.0001
12       12   (0)      1  : 0.9998 0.0001 0.0001 0.0001
13       13   (0)      1  : 0.9998 0.0001 0.0001 0.0001
14       14   (0)      1  : 0.9998 0.0001 0.0001 0.0001
15       15   (0)      1  : 0.9998 0.0001 0.0001 0.0001
16       16   (0)      1  : 0.9998 0.0001 0.0001 0.0001
17       17   (0)      1  : 0.9997 0.0001 0.0001 0.0001
18       18   (0)      2  : 0.0001 0.0001 0.9998 0.0001
19       19   (0)      2  : 0.0001 0.0001 0.9998 0.0001
20       20   (0)      3  : 0.9683 0.0001 0.0316 0.0001
21       21   (0)      3  : 0.9703 0.0001 0.0296 0.0001
22       22   (0)      2  : 0.0001 0.0001 0.9998 0.0001
23       23   (0)      2  : 0.0001 0.0001 0.9998 0.0001
24       24   (0)      2  : 0.0001 0.0001 0.9998 0.0001
25       25   (0)      4  : 0.0001 0.9998 0.0001 0.0001
26       26   (0)      4  : 0.0001 0.9998 0.0001 0.0001
27       27   (0)      4  : 0.0001 0.9997 0.0001 0.0001
28       28   (0)      4  : 0.0001 0.9998 0.0001 0.0001
29       29   (0)      4  : 0.0001 0.9997 0.0001 0.0001
30       30   (0)      4  : 0.1280 0.8718 0.0001 0.0001
31       31   (0)      4  : 0.0001 0.9998 0.0001 0.0001
32       32   (0)      4  : 0.0001 0.9997 0.0001 0.0001
33       33   (0)      4  : 0.0001 0.9998 0.0001 0.0001
34       34   (0)      4  : 0.0001 0.9998 0.0001 0.0001
35       35   (0)      4  : 0.0085 0.9914 0.0001 0.0001
36       36   (0)      4  : 0.0001 0.6666 0.0001 0.3333
37       37   (0)      4  : 0.0001 0.6666 0.0001 0.3333
38       38   (0)      4  : 0.0001 0.9998 0.0001 0.0001
39       39   (0)      4  : 0.0001 0.9582 0.0001 0.0417
40       40   (0)      4  : 0.0001 0.6666 0.0001 0.3333
41       41   (0)      4  : 0.0001 0.9998 0.0001 0.0001
42       42   (0)      4  : 0.0001 0.9998 0.0001 0.0001
43       43   (0)      4  : 0.0001 0.9998 0.0001 0.0001
44       44   (0)      4  : 0.0001 0.9998 0.0001 0.0001
45       45   (0)      4  : 0.0001 0.9998 0.0001 0.0001
46       46   (0)      4  : 0.0001 0.9998 0.0001 0.0001
47       47   (0)      4  : 0.0001 0.9998 0.0001 0.0001
48       48   (0)      4  : 0.0782 0.9216 0.0001 0.0001
49       49   (0)      4  : 0.0001 0.9998 0.0001 0.0001
50       50   (0)      4  : 0.0001 0.9998 0.0001 0.0001
51       51   (0)      1  : 0.9999 0.0000 0.0000 0.0000
52       52   (0)      1  : 0.9998 0.0001 0.0001 0.0001
53       53   (0)      1  : 0.8137 0.1190 0.0001 0.0672
54       54   (0)      1  : 0.8703 0.0001 0.0001 0.1296
55       55   (0)      1  : 0.7921 0.1539 0.0001 0.0539
56       56   (0)      1  : 0.7464 0.1454 0.0001 0.1082
57       57   (0)      1  : 0.7674 0.1367 0.0001 0.0958
58       58   (0)      1  : 0.8235 0.1046 0.0001 0.0719
59       59   (0)      1  : 0.9924 0.0075 0.0001 0.0001
60       60   (0)      1  : 0.9998 0.0001 0.0001 0.0001
61       61   (0)      1  : 0.9998 0.0001 0.0001 0.0001
62       62   (0)      1  : 0.9937 0.0001 0.0001 0.0062
63       63   (0)      1  : 0.9887 0.0001 0.0001 0.0112
64       64   (0)      1  : 0.9998 0.0001 0.0001 0.0001
65       65   (0)      1  : 0.9998 0.0001 0.0001 0.0001
66       66   (0)      1  : 0.9998 0.0001 0.0001 0.0001
67       67   (0)      1  : 0.9998 0.0001 0.0001 0.0001
68       68   (0)      1  : 0.9997 0.0001 0.0001 0.0001
69       69   (0)      1  : 0.9997 0.0001 0.0001 0.0001
70       70   (0)      1  : 0.9998 0.0001 0.0001 0.0001
71       71   (0)      1  : 0.9998 0.0001 0.0001 0.0001
72       72   (0)      1  : 0.9998 0.0001 0.0001 0.0001
73       73   (0)      1  : 0.9998 0.0001 0.0001 0.0001
74       74   (0)      1  : 0.9998 0.0001 0.0001 0.0001
75       75   (0)      1  : 0.9998 0.0001 0.0001 0.0000
76       76   (0)      1  : 0.9997 0.0001 0.0001 0.0001
77       77   (0)      1  : 0.9998 0.0001 0.0001 0.0001
78       78   (0)      1  : 0.9998 0.0001 0.0001 0.0001
79       79   (0)      1  : 0.8834 0.0690 0.0001 0.0476
80       80   (0)      1  : 0.9998 0.0001 0.0001 0.0000
81       81   (0)      1  : 0.9998 0.0001 0.0001 0.0001
82       82   (0)      1  : 0.9998 0.0001 0.0001 0.0001
83       83   (0)      1  : 0.9998 0.0001 0.0001 0.0001
84       84   (0)      1  : 0.9997 0.0001 0.0001 0.0001
85       85   (0)      1  : 0.9998 0.0001 0.0001 0.0001
86       86   (0)      1  : 0.9998 0.0001 0.0001 0.0000
87       87   (0)      5  : 0.3379 0.6619 0.0001 0.0001
88       88   (0)      5  : 0.2498 0.7501 0.0001 0.0001
89       89   (0)      5  : 0.4135 0.5863 0.0001 0.0001
90       90   (0)      5  : 0.1473 0.8525 0.0001 0.0001
91       91   (0)      5  : 0.0056 0.9942 0.0001 0.0001
92       92   (0)      5  : 0.2898 0.7101 0.0001 0.0001
93       93   (0)      5  : 0.1966 0.8033 0.0001 0.0001
94       94   (0)      5  : 0.1226 0.8772 0.0001 0.0001
95       95   (0)      5  : 0.0366 0.9632 0.0001 0.0001
96       96   (0)      5  : 0.1833 0.8166 0.0001 0.0001
97       97   (0)      6  : 0.9998 0.0001 0.0001 0.0001
98       98   (0)      6  : 0.9998 0.0001 0.0001 0.0001
99       99   (0)      6  : 0.9998 0.0001 0.0001 0.0001
100      100   (0)      6  : 0.9998 0.0001 0.0001 0.0001
101      101   (0)      6  : 0.9998 0.0001 0.0001 0.0001
102      102   (0)      6  : 0.9998 0.0001 0.0001 0.0001
103      103   (0)      6  : 0.9998 0.0001 0.0001 0.0001
104      104   (0)      6  : 0.9998 0.0001 0.0001 0.0001
105      105   (0)      6  : 0.9998 0.0001 0.0001 0.0001
106      106   (0)      6  : 0.9998 0.0001 0.0001 0.0001
107      107   (0)      6  : 0.9998 0.0001 0.0001 0.0001
108      108   (0)      6  : 0.9998 0.0001 0.0001 0.0001
109      109   (0)      6  : 0.9998 0.0001 0.0001 0.0001
110      110   (0)      2  : 0.1127 0.0001 0.8872 0.0001
111      111   (0)      2  : 0.0001 0.0001 0.9998 0.0001
112      112   (0)      2  : 0.0405 0.0001 0.9594 0.0001
113      113   (0)      2  : 0.0001 0.0001 0.9998 0.0001
114      114   (0)      2  : 0.0001 0.0001 0.9998 0.0001
115      115   (0)      3  : 0.9357 0.0001 0.0642 0.0001
