1        1   (0)      1  : 0.9998 0.0001 0.0001
2        2   (0)      1  : 0.9998 0.0001 0.0001
3        3   (0)      1  : 0.9998 0.0001 0.0001
4        4   (0)      1  : 0.9998 0.0001 0.0001
5        5   (0)      1  : 0.9998 0.0001 0.0001
6        6   (0)      1  : 0.9998 0.0001 0.0001
7        7   (0)      1  : 0.9997 0.0001 0.0001
8        8   (0)      1  : 0.9998 0.0001 0.0001
9        9   (0)      1  : 0.9998 0.0001 0.0001
10       10   (0)      1  : 0.9998 0.0001 0.0001
11       11   (0)      1  : 0.9998 0.0001 0.0001
12       12   (0)      1  : 0.9998 0.0001 0.0001
13       13   (0)      1  : 0.9998 0.0001 0.0001
14       14   (0)      1  : 0.9998 0.0001 0.0001
15       15   (0)      1  : 0.9998 0.0001 0.0001
16       16   (0)      1  : 0.9998 0.0001 0.0001
17       17   (0)      1  : 0.9997 0.0001 0.0001
18       18   (0)      2  : 0.3333 0.0001 0.6666
19       19   (0)      2  : 0.3333 0.0001 0.6665
20       20   (0)      3  : 0.9551 0.0001 0.0448
21       21   (0)      3  : 0.9691 0.0001 0.0308
22       22   (0)      2  : 0.3333 0.0001 0.6665
23       23   (0)      2  : 0.3333 0.0001 0.6666
24       24   (0)      2  : 0.3333 0.0001 0.6666
25       25   (0)      4  : 0.0800 0.9199 0.0001
26       26   (0)      4  : 0.0001 0.9998 0.0001
27       27   (0)      4  : 0.0001 0.9997 0.0001
28       28   (0)      4  : 0.0001 0.9998 0.0001
29       29   (0)      4  : 0.0001 0.9997 0.0001
30       30   (0)      4  : 0.1373 0.8626 0.0001
31       31   (0)      4  : 0.0001 0.9997 0.0001
32       32   (0)      4  : 0.0001 0.9997 0.0001
33       33   (0)      4  : 0.0001 0.9998 0.0001
34       34   (0)      4  : 0.0665 0.9334 0.0001
35       35   (0)      4  : 0.0978 0.9021 0.0001
36       36   (0)      4  : 0.0001 0.9998 0.0001
37       37   (0)      4  : 0.0001 0.9998 0.0001
38       38   (0)      4  : 0.0001 0.9998 0.0001
39       39   (0)      4  : 0.0001 0.9998 0.0001
40       40   (0)      4  : 0.0001 0.9998 0.0001
41       41   (0)      4  : 0.0001 0.9998 0.0001
42       42   (0)      4  : 0.0001 0.9998 0.0001
43       43   (0)      4  : 0.0001 0.9998 0.0001
44       44   (0)      4  : 0.0001 0.9998 0.0001
45       45   (0)      4  : 0.0001 0.9998 0.0001
46       46   (0)      4  : 0.0793 0.9206 0.0001
47       47   (0)      4  : 0.0001 0.9998 0.0001
48       48   (0)      4  : 0.1425 0.8574 0.0001
49       49   (0)      4  : 0.0001 0.9998 0.0001
50       50   (0)      4  : 0.0001 0.9998 0.0001
51       51   (0)      1  : 0.9998 0.0001 0.0001
52       52   (0)      1  : 0.9998 0.0001 0.0001
53       53   (0)      1  : 0.7855 0.2143 0.0001
54       54   (0)      1  : 0.5932 0.4067 0.0001
55       55   (0)      1  : 0.8196 0.1803 0.0001
56       56   (0)      1  : 0.6084 0.3915 0.0001
57       57   (0)      1  : 0.6357 0.3643 0.0001
58       58   (0)      1  : 0.7120 0.2879 0.0001
59       59   (0)      1  : 0.9727 0.0272 0.0001
60       60   (0)      1  : 0.9998 0.0001 0.0001
61       61   (0)      1  : 0.9998 0.0001 0.0001
62       62   (0)      1  : 0.8850 0.1149 0.0001
63       63   (0)      1  : 0.9173 0.0826 0.0001
64       64   (0)      1  : 0.9998 0.0001 0.0001
65       65   (0)      1  : 0.9998 0.0001 0.0001
66       66   (0)      1  : 0.9997 0.0001 0.0001
67       67   (0)      1  : 0.9998 0.0001 0.0001
68       68   (0)      1  : 0.9997 0.0001 0.0001
69       69   (0)      1  : 0.9997 0.0001 0.0001
70       70   (0)      1  : 0.9998 0.0001 0.0001
71       71   (0)      1  : 0.9998 0.0001 0.0001
72       72   (0)      1  : 0.9998 0.0001 0.0001
73       73   (0)      1  : 0.9998 0.0001 0.0001
74       74   (0)      1  : 0.9998 0.0001 0.0001
75       75   (0)      1  : 0.9998 0.0001 0.0001
76       76   (0)      1  : 0.9997 0.0002 0.0002
77       77   (0)      1  : 0.9998 0.0001 0.0001
78       78   (0)      1  : 0.9998 0.0001 0.0001
79       79   (0)      1  : 0.8006 0.1993 0.0001
80       80   (0)      1  : 0.9998 0.0001 0.0001
81       81   (0)      1  : 0.9998 0.0001 0.0001
82       82   (0)      1  : 0.9998 0.0001 0.0001
83       83   (0)      1  : 0.9998 0.0001 0.0001
84       84   (0)      1  : 0.9598 0.0401 0.0002
85       85   (0)      1  : 0.9998 0.0001 0.0001
86       86   (0)      1  : 0.9998 0.0001 0.0001
87       87   (0)      5  : 0.4044 0.5955 0.0001
88       88   (0)      5  : 0.2664 0.7335 0.0001
89       89   (0)      5  : 0.4065 0.5934 0.0001
90       90   (0)      5  : 0.0865 0.9133 0.0001
91       91   (0)      5  : 0.0001 0.9998 0.0001
92       92   (0)      5  : 0.3108 0.6891 0.0001
93       93   (0)      5  : 0.1855 0.8144 0.0001
94       94   (0)      5  : 0.2413 0.7586 0.0001
95       95   (0)      5  : 0.0001 0.9997 0.0001
96       96   (0)      5  : 0.1348 0.8651 0.0001
97       97   (0)      6  : 0.9998 0.0001 0.0001
98       98   (0)      6  : 0.9998 0.0001 0.0001
99       99   (0)      6  : 0.9998 0.0001 0.0001
100      100   (0)      6  : 0.9998 0.0001 0.0001
101      101   (0)      6  : 0.9998 0.0001 0.0001
102      102   (0)      6  : 0.9998 0.0001 0.0001
103      103   (0)      6  : 0.9998 0.0001 0.0001
104      104   (0)      6  : 0.9998 0.0001 0.0001
105      105   (0)      6  : 0.9998 0.0001 0.0001
106      106   (0)      6  : 0.9997 0.0001 0.0001
107      107   (0)      6  : 0.9998 0.0001 0.0001
108      108   (0)      6  : 0.9998 0.0001 0.0001
109      109   (0)      6  : 0.9998 0.0001 0.0001
110      110   (0)      2  : 0.3963 0.0001 0.6036
111      111   (0)      2  : 0.3333 0.0001 0.6665
112      112   (0)      2  : 0.3799 0.0001 0.6200
113      113   (0)      2  : 0.3333 0.0001 0.6666
114      114   (0)      2  : 0.3333 0.0001 0.6665
115      115   (0)      3  : 0.9543 0.0001 0.0457
