1        1   (0)      1  : 0.9998 0.0001 0.0001 0.0001
2        2   (0)      1  : 0.9998 0.0001 0.0001 0.0001
3        3   (0)      1  : 0.9998 0.0001 0.0001 0.0001
4        4   (0)      1  : 0.9998 0.0001 0.0001 0.0001
5        5   (0)      1  : 0.9998 0.0001 0.0001 0.0001
6        6   (0)      1  : 0.9998 0.0001 0.0001 0.0001
7        7   (0)      1  : 0.9997 0.0001 0.0001 0.0001
8        8   (0)      1  : 0.9998 0.0001 0.0001 0.0001
9        9   (0)      1  : 0.9998 0.0001 0.0001 0.0001
10       10   (0)      1  : 0.9998 0.0001 0.0001 0.0001
11       11   (0)      1  : 0.9998 0.0001 0.0001 0.0001
12       12   (0)      1  : 0.9998 0.0001 0.0001 0.0001
13       13   (0)      1  : 0.9998 0.0001 0.0001 0.0001
14       14   (0)      1  : 0.9998 0.0001 0.0001 0.0001
15       15   (0)      1  : 0.9998 0.0001 0.0001 0.0001
16       16   (0)      1  : 0.9998 0.0001 0.0001 0.0001
17       17   (0)      1  : 0.9997 0.0001 0.0001 0.0001
18       18   (0)      2  : 0.0001 0.0001 0.9998 0.0001
19       19   (0)      2  : 0.0001 0.0001 0.9998 0.0001
20       20   (0)      3  : 0.9437 0.0001 0.0562 0.0001
21       21   (0)      3  : 0.9559 0.0001 0.0439 0.0001
22       22   (0)      2  : 0.0001 0.0001 0.9998 0.0001
23       23   (0)      2  : 0.0001 0.0001 0.9998 0.0001
24       24   (0)      2  : 0.0001 0.0001 0.9998 0.0001
25       25   (0)      4  : 0.0639 0.9359 0.0001 0.0001
26       26   (0)      4  : 0.0001 0.9998 0.0001 0.0001
27       27   (0)      4  : 0.0001 0.9997 0.0001 0.0001
28       28   (0)      4  : 0.0001 0.9998 0.0001 0.0001
29       29   (0)      4  : 0.0001 0.9997 0.0001 0.0001
30       30   (0)      4  : 0.1306 0.8692 0.0001 0.0001
31       31   (0)      4  : 0.0001 0.9997 0.0001 0.0001
32       32   (0)      4  : 0.0001 0.9997 0.0001 0.0001
33       33   (0)      4  : 0.0001 0.9998 0.0001 0.0001
34       34   (0)      4  : 0.0626 0.9372 0.0001 0.0001
35       35   (0)      4  : 0.1839 0.8160 0.0001 0.0001
36       36   (0)      4  : 0.0001 0.9998 0.0001 0.0001
37       37   (0)      4  : 0.0001 0.9998 0.0001 0.0001
38       38   (0)      4  : 0.0001 0.9998 0.0001 0.0001
39       39   (0)      4  : 0.0001 0.9998 0.0001 0.0001
40       40   (0)      4  : 0.0001 0.9998 0.0001 0.0001
41       41   (0)      4  : 0.0001 0.9998 0.0001 0.0001
42       42   (0)      4  : 0.0001 0.9998 0.0001 0.0001
43       43   (0)      4  : 0.0001 0.9998 0.0001 0.0001
44       44   (0)      4  : 0.0001 0.9998 0.0001 0.0001
45       45   (0)      4  : 0.0001 0.9998 0.0001 0.0001
46       46   (0)      4  : 0.0001 0.9998 0.0001 0.0001
47       47   (0)      4  : 0.0001 0.9998 0.0001 0.0001
48       48   (0)      4  : 0.1688 0.8311 0.0001 0.0001
49       49   (0)      4  : 0.0001 0.9998 0.0001 0.0001
50       50   (0)      4  : 0.0001 0.9998 0.0001 0.0001
51       51   (0)      1  : 0.9998 0.0001 0.0001 0.0001
52       52   (0)      1  : 0.9998 0.0001 0.0001 0.0001
53       53   (0)      1  : 0.9079 0.0556 0.0365 0.0001
54       54   (0)      1  : 0.6785 0.2619 0.0595 0.0001
55       55   (0)      1  : 0.6606 0.3392 0.0001 0.0001
56       56   (0)      1  : 0.4983 0.5016 0.0001 0.0001
57       57   (0)      1  : 0.5690 0.4309 0.0001 0.0001
58       58   (0)      1  : 0.6313 0.3685 0.0001 0.0001
59       59   (0)      1  : 0.9998 0.0001 0.0001 0.0001
60       60   (0)      1  : 0.9998 0.0001 0.0001 0.0001
61       61   (0)      1  : 0.9998 0.0001 0.0001 0.0001
62       62   (0)      1  : 0.9048 0.0951 0.0001 0.0001
63       63   (0)      1  : 0.9411 0.0587 0.0001 0.0001
64       64   (0)      1  : 0.9998 0.0001 0.0001 0.0001
65       65   (0)      1  : 0.9998 0.0001 0.0001 0.0001
66       66   (0)      1  : 0.9997 0.0001 0.0001 0.0001
67       67   (0)      1  : 0.9998 0.0001 0.0001 0.0001
68       68   (0)      1  : 0.9997 0.0001 0.0001 0.0001
69       69   (0)      1  : 0.9997 0.0001 0.0001 0.0001
70       70   (0)      1  : 0.9998 0.0001 0.0001 0.0001
71       71   (0)      1  : 0.9998 0.0001 0.0001 0.0001
72       72   (0)      1  : 0.9998 0.0001 0.0001 0.0001
73       73   (0)      1  : 0.9998 0.0001 0.0001 0.0001
74       74   (0)      1  : 0.9998 0.0001 0.0001 0.0001
75       75   (0)      1  : 0.9998 0.0001 0.0001 0.0001
76       76   (0)      1  : 0.9997 0.0001 0.0001 0.0001
77       77   (0)      1  : 0.9998 0.0001 0.0001 0.0001
78       78   (0)      1  : 0.9998 0.0001 0.0001 0.0001
79       79   (0)      1  : 0.7730 0.2269 0.0001 0.0001
80       80   (0)      1  : 0.9998 0.0001 0.0001 0.0001
81       81   (0)      1  : 0.9998 0.0001 0.0001 0.0001
82       82   (0)      1  : 0.9998 0.0001 0.0001 0.0001
83       83   (0)      1  : 0.9264 0.0001 0.0001 0.0734
84       84   (0)      1  : 0.9997 0.0001 0.0001 0.0001
85       85   (0)      1  : 0.9998 0.0001 0.0001 0.0001
86       86   (0)      1  : 0.9998 0.0001 0.0001 0.0001
87       87   (0)      5  : 0.5108 0.4890 0.0001 0.0001
88       88   (0)      5  : 0.3790 0.6208 0.0001 0.0001
89       89   (0)      5  : 0.5454 0.4545 0.0001 0.0001
90       90   (0)      5  : 0.1590 0.8409 0.0001 0.0001
91       91   (0)      5  : 0.0789 0.9209 0.0001 0.0001
92       92   (0)      5  : 0.4070 0.5928 0.0001 0.0001
93       93   (0)      5  : 0.2986 0.7012 0.0001 0.0001
94       94   (0)      5  : 0.2695 0.7304 0.0001 0.0001
95       95   (0)      5  : 0.0795 0.9204 0.0001 0.0001
96       96   (0)      5  : 0.2337 0.7662 0.0001 0.0001
97       97   (0)      6  : 0.3900 0.0001 0.0001 0.6099
98       98   (0)      6  : 0.7399 0.0001 0.0001 0.2599
99       99   (0)      6  : 0.7622 0.0001 0.0001 0.2376
100      100   (0)      6  : 0.9998 0.0001 0.0001 0.0001
101      101   (0)      6  : 0.9998 0.0001 0.0001 0.0001
102      102   (0)      6  : 0.9998 0.0001 0.0001 0.0001
103      103   (0)      6  : 0.4303 0.0001 0.0001 0.5695
104      104   (0)      6  : 0.0001 0.0001 0.0001 0.9998
105      105   (0)      6  : 0.0001 0.0001 0.0001 0.9998
106      106   (0)      6  : 0.0001 0.0001 0.0001 0.9997
107      107   (0)      6  : 0.0001 0.0001 0.0001 0.9998
108      108   (0)      6  : 0.0001 0.0001 0.0001 0.9998
109      109   (0)      6  : 0.0001 0.0001 0.0001 0.9998
110      110   (0)      2  : 0.1054 0.0001 0.8945 0.0001
111      111   (0)      2  : 0.0001 0.0001 0.9998 0.0001
112      112   (0)      2  : 0.0001 0.0001 0.9998 0.0001
113      113   (0)      2  : 0.0001 0.0001 0.9998 0.0001
114      114   (0)      2  : 0.0001 0.0001 0.9998 0.0001
115      115   (0)      3  : 0.8857 0.0001 0.1142 0.0001
