1        1   (0)      1  : 0.5999 0.0000 0.0000 0.3999 0.0000 0.0000
2        2   (0)      1  : 0.5999 0.0000 0.0000 0.3999 0.0000 0.0000
3        3   (0)      1  : 0.5939 0.0000 0.0000 0.4059 0.0000 0.0000
4        4   (0)      1  : 0.5999 0.0000 0.0000 0.3999 0.0000 0.0000
5        5   (0)      1  : 0.5999 0.0001 0.0001 0.3999 0.0001 0.0001
6        6   (0)      1  : 0.5999 0.0001 0.0001 0.3999 0.0000 0.0000
7        7   (0)      1  : 0.9997 0.0001 0.0001 0.0001 0.0001 0.0001
8        8   (0)      1  : 0.9998 0.0000 0.0000 0.0000 0.0000 0.0000
9        9   (0)      1  : 0.9998 0.0000 0.0000 0.0000 0.0000 0.0000
10       10   (0)      1  : 0.9998 0.0000 0.0000 0.0000 0.0000 0.0000
11       11   (0)      1  : 0.9998 0.0000 0.0000 0.0000 0.0000 0.0000
12       12   (0)      1  : 0.9998 0.0000 0.0000 0.0000 0.0000 0.0000
13       13   (0)      1  : 0.7998 0.0000 0.0000 0.2000 0.0000 0.0000
14       14   (0)      1  : 0.7998 0.0000 0.0000 0.2000 0.0000 0.0000
15       15   (0)      1  : 0.9998 0.0000 0.0000 0.0000 0.0000 0.0000
16       16   (0)      1  : 0.7998 0.0001 0.0001 0.2000 0.0000 0.0000
17       17   (0)      1  : 0.7998 0.0001 0.0001 0.2000 0.0001 0.0001
18       18   (0)      2  : 0.0000 0.0000 0.9998 0.0000 0.0000 0.0000
19       19   (0)      2  : 0.0000 0.0000 0.9998 0.0000 0.0000 0.0000
20       20   (0)      3  : 0.7999 0.0000 0.0000 0.2000 0.0000 0.0000
21       21   (0)      3  : 0.7998 0.0000 0.0000 0.2000 0.0000 0.0000
22       22   (0)      2  : 0.0000 0.0000 0.9998 0.0000 0.0000 0.0000
23       23   (0)      2  : 0.0000 0.0000 0.9998 0.0000 0.0000 0.0000
24       24   (0)      2  : 0.0000 0.0000 0.9998 0.0000 0.0000 0.0000
25       25   (0)      4  : 0.0000 0.7998 0.0000 0.2000 0.0000 0.0000
26       26   (0)      4  : 0.0000 0.7999 0.0000 0.2000 0.0000 0.0000
27       27   (0)      4  : 0.0001 0.9997 0.0001 0.0001 0.0001 0.0001
28       28   (0)      4  : 0.0000 0.9998 0.0000 0.0000 0.0000 0.0000
29       29   (0)      4  : 0.0001 0.9997 0.0001 0.0001 0.0001 0.0001
30       30   (0)      4  : 0.0847 0.8954 0.0001 0.0197 0.0001 0.0001
31       31   (0)      4  : 0.0001 0.9997 0.0001 0.0001 0.0001 0.0001
32       32   (0)      4  : 0.0001 0.9997 0.0001 0.0001 0.0001 0.0001
33       33   (0)      4  : 0.0000 0.9998 0.0000 0.0000 0.0000 0.0000
34       34   (0)      4  : 0.0000 0.9998 0.0000 0.0000 0.0000 0.0000
35       35   (0)      4  : 0.0521 0.9366 0.0000 0.0112 0.0000 0.0000
36       36   (0)      4  : 0.0000 0.7999 0.0000 0.2000 0.0000 0.0000
37       37   (0)      4  : 0.0000 0.7999 0.0000 0.2000 0.0000 0.0000
38       38   (0)      4  : 0.0000 0.9998 0.0000 0.0000 0.0000 0.0000
39       39   (0)      4  : 0.0000 0.7999 0.0000 0.2000 0.0000 0.0000
40       40   (0)      4  : 0.0000 0.7999 0.0000 0.2000 0.0000 0.0000
41       41   (0)      4  : 0.0000 0.9998 0.0000 0.0000 0.0000 0.0000
42       42   (0)      4  : 0.0000 0.9998 0.0000 0.0000 0.0000 0.0000
43       43   (0)      4  : 0.0001 0.9997 0.0001 0.0001 0.0000 0.0000
44       44   (0)      4  : 0.0000 0.9998 0.0000 0.0000 0.0000 0.0000
45       45   (0)      4  : 0.0000 0.9998 0.0000 0.0000 0.0000 0.0000
46       46   (0)      4  : 0.0028 0.9970 0.0000 0.0000 0.0000 0.0000
47       47   (0)      4  : 0.0001 0.9997 0.0001 0.0001 0.0000 0.0000
48       48   (0)      4  : 0.0439 0.7278 0.0000 0.2281 0.0000 0.0000
49       49   (0)      4  : 0.0000 0.9998 0.0000 0.0000 0.0000 0.0000
50       50   (0)      4  : 0.0000 0.9998 0.0000 0.0000 0.0000 0.0000
51       51   (0)      1  : 0.7999 0.0000 0.0000 0.2000 0.0000 0.0000
52       52   (0)      1  : 0.7999 0.0000 0.0000 0.2000 0.0000 0.0000
53       53   (0)      1  : 0.7133 0.0293 0.0263 0.2311 0.0001 0.0001
54       54   (0)      1  : 0.3598 0.4503 0.0000 0.1898 0.0000 0.0000
55       55   (0)      1  : 0.5439 0.2484 0.0001 0.2075 0.0001 0.0001
56       56   (0)      1  : 0.3556 0.4606 0.0000 0.1837 0.0000 0.0000
57       57   (0)      1  : 0.3947 0.4257 0.0000 0.1795 0.0000 0.0000
58       58   (0)      1  : 0.4683 0.3420 0.0000 0.1896 0.0000 0.0000
59       59   (0)      1  : 0.9414 0.0116 0.0000 0.0468 0.0000 0.0000
60       60   (0)      1  : 0.9998 0.0000 0.0000 0.0000 0.0000 0.0000
61       61   (0)      1  : 0.9388 0.0000 0.0000 0.0611 0.0000 0.0000
62       62   (0)      1  : 0.8442 0.1294 0.0000 0.0262 0.0000 0.0000
63       63   (0)      1  : 0.9397 0.0411 0.0000 0.0190 0.0000 0.0000
64       64   (0)      1  : 0.9998 0.0000 0.0000 0.0000 0.0000 0.0000
65       65   (0)      1  : 0.9998 0.0000 0.0000 0.0000 0.0000 0.0000
66       66   (0)      1  : 0.9997 0.0001 0.0001 0.0001 0.0001 0.0001
67       67   (0)      1  : 0.9998 0.0000 0.0000 0.0000 0.0000 0.0000
68       68   (0)      1  : 0.9997 0.0001 0.0001 0.0001 0.0001 0.0001
69       69   (0)      1  : 0.9997 0.0001 0.0001 0.0001 0.0001 0.0001
70       70   (0)      1  : 0.9998 0.0000 0.0000 0.0000 0.0000 0.0000
71       71   (0)      1  : 0.9997 0.0001 0.0001 0.0001 0.0001 0.0001
72       72   (0)      1  : 0.9997 0.0001 0.0001 0.0001 0.0001 0.0001
73       73   (0)      1  : 0.9998 0.0000 0.0000 0.0000 0.0000 0.0000
74       74   (0)      1  : 0.9998 0.0000 0.0000 0.0000 0.0000 0.0000
75       75   (0)      1  : 0.9998 0.0000 0.0000 0.0000 0.0000 0.0000
76       76   (0)      1  : 0.9997 0.0001 0.0001 0.0001 0.0001 0.0001
77       77   (0)      1  : 0.9997 0.0001 0.0001 0.0001 0.0001 0.0001
78       78   (0)      1  : 0.9998 0.0000 0.0000 0.0000 0.0000 0.0000
79       79   (0)      1  : 0.5426 0.2587 0.0000 0.1986 0.0000 0.0000
80       80   (0)      1  : 0.7999 0.0000 0.0000 0.2000 0.0000 0.0000
81       81   (0)      1  : 0.7999 0.0000 0.0000 0.2000 0.0000 0.0000
82       82   (0)      1  : 0.7999 0.0000 0.0000 0.2000 0.0000 0.0000
83       83   (0)      1  : 0.6527 0.0000 0.0000 0.3472 0.0000 0.0000
84       84   (0)      1  : 0.7998 0.0001 0.0001 0.2000 0.0001 0.0001
85       85   (0)      1  : 0.9998 0.0000 0.0000 0.0000 0.0000 0.0000
86       86   (0)      1  : 0.7999 0.0000 0.0000 0.2000 0.0000 0.0000
87       87   (0)      5  : 0.4070 0.4023 0.0001 0.1905 0.0001 0.0001
88       88   (0)      5  : 0.1960 0.6094 0.0000 0.1945 0.0000 0.0000
89       89   (0)      5  : 0.2914 0.5173 0.0000 0.1911 0.0000 0.0000
90       90   (0)      5  : 0.0177 0.7492 0.0001 0.2329 0.0001 0.0001
91       91   (0)      5  : 0.0274 0.7566 0.0000 0.2158 0.0000 0.0000
92       92   (0)      5  : 0.2391 0.5769 0.0000 0.1839 0.0000 0.0000
93       93   (0)      5  : 0.1040 0.6732 0.0001 0.2227 0.0001 0.0001
94       94   (0)      5  : 0.0426 0.7172 0.0000 0.2401 0.0000 0.0000
95       95   (0)      5  : 0.0362 0.7438 0.0001 0.2198 0.0001 0.0001
96       96   (0)      5  : 0.0689 0.7484 0.0000 0.1825 0.0000 0.0000
97       97   (0)      6  : 0.3999 0.0000 0.0000 0.5999 0.0000 0.0000
98       98   (0)      6  : 0.3999 0.0000 0.0000 0.5999 0.0000 0.0000
99       99   (0)      6  : 0.3999 0.0000 0.0000 0.5999 0.0000 0.0000
100      100   (0)      6  : 0.3999 0.0000 0.0000 0.5999 0.0000 0.0000
101      101   (0)      6  : 0.3999 0.0000 0.0000 0.5999 0.0000 0.0000
102      102   (0)      6  : 0.4000 0.0000 0.0000 0.5999 0.0000 0.0000
103      103   (0)      6  : 0.3999 0.0000 0.0000 0.5999 0.0000 0.0000
104      104   (0)      6  : 0.3999 0.0000 0.0000 0.5999 0.0000 0.0000
105      105   (0)      6  : 0.2000 0.0000 0.2000 0.5999 0.0000 0.0000
106      106   (0)      6  : 0.3999 0.0001 0.0001 0.5999 0.0001 0.0001
107      107   (0)      6  : 0.3999 0.0000 0.0000 0.5999 0.0000 0.0000
108      108   (0)      6  : 0.3999 0.0001 0.0001 0.5999 0.0000 0.0000
109      109   (0)      6  : 0.2000 0.0000 0.2000 0.5999 0.0000 0.0000
110      110   (0)      2  : 0.0715 0.0000 0.9283 0.0000 0.0000 0.0000
111      111   (0)      2  : 0.0851 0.0000 0.8978 0.0169 0.0000 0.0000
112      112   (0)      2  : 0.0625 0.0000 0.9373 0.0000 0.0000 0.0000
113      113   (0)      2  : 0.0000 0.0000 0.9998 0.0000 0.0000 0.0000
114      114   (0)      2  : 0.0000 0.0000 0.9998 0.0000 0.0000 0.0000
115      115   (0)      3  : 0.7999 0.0000 0.0000 0.2000 0.0000 0.0000
