1        1   (0)      1  : 0.9997 0.0003
2        2   (0)      1  : 0.9997 0.0003
3        3   (0)      1  : 0.9995 0.0005
4        4   (0)      1  : 0.9996 0.0004
5        5   (0)      1  : 0.9996 0.0004
6        6   (0)      1  : 0.9996 0.0004
7        7   (0)      1  : 0.9996 0.0004
8        8   (0)      1  : 0.9998 0.0002
9        9   (0)      1  : 0.9998 0.0002
10       10   (0)      1  : 0.9997 0.0003
11       11   (0)      1  : 0.9996 0.0004
12       12   (0)      1  : 0.9998 0.0002
13       13   (0)      1  : 0.9997 0.0003
14       14   (0)      1  : 0.9997 0.0003
15       15   (0)      1  : 0.9997 0.0003
16       16   (0)      1  : 0.9997 0.0003
17       17   (0)      1  : 0.9996 0.0004
18       18   (0)      2  : 0.9997 0.0003
19       19   (0)      2  : 0.9993 0.0007
20       20   (0)      3  : 0.9997 0.0003
21       21   (0)      3  : 0.9997 0.0003
22       22   (0)      2  : 0.9994 0.0006
23       23   (0)      2  : 0.9996 0.0004
24       24   (0)      2  : 0.9996 0.0004
25       25   (0)      4  : 0.0007 0.9993
26       26   (0)      4  : 0.0003 0.9997
27       27   (0)      4  : 0.0005 0.9995
28       28   (0)      4  : 0.0004 0.9996
29       29   (0)      4  : 0.0006 0.9994
30       30   (0)      4  : 0.0959 0.9041
31       31   (0)      4  : 0.0004 0.9996
32       32   (0)      4  : 0.0006 0.9994
33       33   (0)      4  : 0.0004 0.9996
34       34   (0)      4  : 0.0008 0.9992
35       35   (0)      4  : 0.1132 0.8868
36       36   (0)      4  : 0.0003 0.9997
37       37   (0)      4  : 0.0003 0.9997
38       38   (0)      4  : 0.0004 0.9996
39       39   (0)      4  : 0.0003 0.9997
40       40   (0)      4  : 0.0003 0.9997
41       41   (0)      4  : 0.0004 0.9996
42       42   (0)      4  : 0.0004 0.9996
43       43   (0)      4  : 0.0005 0.9995
44       44   (0)      4  : 0.0005 0.9995
45       45   (0)      4  : 0.0004 0.9996
46       46   (0)      4  : 0.0867 0.9133
47       47   (0)      4  : 0.0004 0.9996
48       48   (0)      4  : 0.0943 0.9057
49       49   (0)      4  : 0.0003 0.9997
50       50   (0)      4  : 0.0004 0.9996
51       51   (0)      1  : 0.9998 0.0002
52       52   (0)      1  : 0.9998 0.0002
53       53   (0)      1  : 0.9068 0.0932
54       54   (0)      1  : 0.4472 0.5528
55       55   (0)      1  : 0.6534 0.3466
56       56   (0)      1  : 0.4347 0.5653
57       57   (0)      1  : 0.5383 0.4617
58       58   (0)      1  : 0.5949 0.4051
59       59   (0)      1  : 0.9965 0.0035
60       60   (0)      1  : 0.9997 0.0003
61       61   (0)      1  : 0.9998 0.0002
62       62   (0)      1  : 0.9358 0.0642
63       63   (0)      1  : 0.9272 0.0728
64       64   (0)      1  : 0.9997 0.0003
65       65   (0)      1  : 0.9997 0.0003
66       66   (0)      1  : 0.9996 0.0004
67       67   (0)      1  : 0.9997 0.0003
68       68   (0)      1  : 0.9996 0.0004
69       69   (0)      1  : 0.9996 0.0004
70       70   (0)      1  : 0.9997 0.0003
71       71   (0)      1  : 0.9996 0.0004
72       72   (0)      1  : 0.9997 0.0003
73       73   (0)      1  : 0.9997 0.0003
74       74   (0)      1  : 0.9998 0.0002
75       75   (0)      1  : 0.9998 0.0002
76       76   (0)      1  : 0.9995 0.0005
77       77   (0)      1  : 0.9996 0.0004
78       78   (0)      1  : 0.9996 0.0004
79       79   (0)      1  : 0.7603 0.2397
80       80   (0)      1  : 0.9998 0.0002
81       81   (0)      1  : 0.9998 0.0002
82       82   (0)      1  : 0.9998 0.0002
83       83   (0)      1  : 0.9995 0.0005
84       84   (0)      1  : 0.9986 0.0014
85       85   (0)      1  : 0.9998 0.0002
86       86   (0)      1  : 0.9998 0.0002
87       87   (0)      5  : 0.3003 0.6997
88       88   (0)      5  : 0.3599 0.6401
89       89   (0)      5  : 0.4692 0.5308
90       90   (0)      5  : 0.1703 0.8297
91       91   (0)      5  : 0.0712 0.9288
92       92   (0)      5  : 0.3838 0.6162
93       93   (0)      5  : 0.1844 0.8156
94       94   (0)      5  : 0.2623 0.7377
95       95   (0)      5  : 0.0125 0.9875
96       96   (0)      5  : 0.1219 0.8781
97       97   (0)      6  : 0.9997 0.0003
98       98   (0)      6  : 0.9997 0.0003
99       99   (0)      6  : 0.9997 0.0003
100      100   (0)      6  : 0.9998 0.0002
101      101   (0)      6  : 0.9997 0.0003
102      102   (0)      6  : 0.9998 0.0002
103      103   (0)      6  : 0.9997 0.0003
104      104   (0)      6  : 0.9997 0.0003
105      105   (0)      6  : 0.9994 0.0006
106      106   (0)      6  : 0.9996 0.0004
107      107   (0)      6  : 0.9996 0.0004
108      108   (0)      6  : 0.9996 0.0004
109      109   (0)      6  : 0.9994 0.0006
110      110   (0)      2  : 0.9849 0.0151
111      111   (0)      2  : 0.9976 0.0024
112      112   (0)      2  : 0.9989 0.0011
113      113   (0)      2  : 0.9994 0.0006
114      114   (0)      2  : 0.9984 0.0016
115      115   (0)      3  : 0.9998 0.0002
