1        1   (0)      1  : 0.9997 0.0000 0.0000 0.0000 0.0000 0.0000 0.0000 0.0000
2        2   (0)      1  : 0.9998 0.0000 0.0000 0.0000 0.0000 0.0000 0.0000 0.0000
3        3   (0)      1  : 0.9997 0.0000 0.0000 0.0000 0.0000 0.0000 0.0000 0.0000
4        4   (0)      1  : 0.9997 0.0000 0.0000 0.0000 0.0000 0.0000 0.0000 0.0000
5        5   (0)      1  : 0.9997 0.0000 0.0000 0.0000 0.0000 0.0000 0.0000 0.0000
6        6   (0)      1  : 0.9997 0.0000 0.0000 0.0000 0.0000 0.0000 0.0000 0.0000
7        7   (0)      1  : 0.9997 0.0000 0.0000 0.0000 0.0000 0.0000 0.0000 0.0000
8        8   (0)      1  : 0.9998 0.0000 0.0000 0.0000 0.0000 0.0000 0.0000 0.0000
9        9   (0)      1  : 0.9998 0.0000 0.0000 0.0000 0.0000 0.0000 0.0000 0.0000
10       10   (0)      1  : 0.9998 0.0000 0.0000 0.0000 0.0000 0.0000 0.0000 0.0000
11       11   (0)      1  : 0.9997 0.0000 0.0000 0.0000 0.0000 0.0000 0.0000 0.0000
12       12   (0)      1  : 0.9998 0.0000 0.0000 0.0000 0.0000 0.0000 0.0000 0.0000
13       13   (0)      1  : 0.9998 0.0000 0.0000 0.0000 0.0000 0.0000 0.0000 0.0000
14       14   (0)      1  : 0.9997 0.0000 0.0000 0.0000 0.0000 0.0000 0.0000 0.0000
15       15   (0)      1  : 0.9997 0.0000 0.0000 0.0000 0.0000 0.0000 0.0000 0.0000
16       16   (0)      1  : 0.9997 0.0000 0.0000 0.0000 0.0000 0.0000 0.0000 0.0000
17       17   (0)      1  : 0.9997 0.0000 0.0000 0.0000 0.0000 0.0000 0.0000 0.0000
18       18   (0)      2  : 0.2000 0.0000 0.7998 0.0000 0.0000 0.0000 0.0000 0.0000
19       19   (0)      2  : 0.2797 0.0000 0.7200 0.0000 0.0000 0.0000 0.0000 0.0000
20       20   (0)      3  : 0.9998 0.0000 0.0000 0.0000 0.0000 0.0000 0.0000 0.0000
21       21   (0)      3  : 0.9998 0.0000 0.0000 0.0000 0.0000 0.0000 0.0000 0.0000
22       22   (0)      2  : 0.2000 0.0000 0.7998 0.0000 0.0000 0.0000 0.0000 0.0000
23       23   (0)      2  : 0.2000 0.0000 0.7998 0.0000 0.0000 0.0000 0.0000 0.0000
24       24   (0)      2  : 0.2000 0.0000 0.7999 0.0000 0.0000 0.0000 0.0000 0.0000
25       25   (0)      4  : 0.0000 0.9998 0.0000 0.0000 0.0000 0.0000 0.0000 0.0000
26       26   (0)      4  : 0.0000 0.9998 0.0000 0.0000 0.0000 0.0000 0.0000 0.0000
27       27   (0)      4  : 0.0000 0.9997 0.0000 0.0000 0.0000 0.0000 0.0000 0.0000
28       28   (0)      4  : 0.0000 0.9997 0.0000 0.0000 0.0000 0.0000 0.0000 0.0000
29       29   (0)      4  : 0.0000 0.9997 0.0000 0.0000 0.0000 0.0000 0.0000 0.0000
30       30   (0)      4  : 0.0856 0.9141 0.0000 0.0000 0.0000 0.0000 0.0000 0.0000
31       31   (0)      4  : 0.0000 0.9997 0.0000 0.0000 0.0000 0.0000 0.0000 0.0000
32       32   (0)      4  : 0.0000 0.9997 0.0000 0.0000 0.0000 0.0000 0.0000 0.0000
33       33   (0)      4  : 0.0000 0.9998 0.0000 0.0000 0.0000 0.0000 0.0000 0.0000
34       34   (0)      4  : 0.0000 0.9998 0.0000 0.0000 0.0000 0.0000 0.0000 0.0000
35       35   (0)      4  : 0.0666 0.9332 0.0000 0.0000 0.0000 0.0000 0.0000 0.0000
36       36   (0)      4  : 0.0000 0.9998 0.0000 0.0000 0.0000 0.0000 0.0000 0.0000
37       37   (0)      4  : 0.0000 0.9998 0.0000 0.0000 0.0000 0.0000 0.0000 0.0000
38       38   (0)      4  : 0.0000 0.9998 0.0000 0.0000 0.0000 0.0000 0.0000 0.0000
39       39   (0)      4  : 0.0000 0.9998 0.0000 0.0000 0.0000 0.0000 0.0000 0.0000
40       40   (0)      4  : 0.0000 0.9998 0.0000 0.0000 0.0000 0.0000 0.0000 0.0000
41       41   (0)      4  : 0.0000 0.9997 0.0000 0.0000 0.0000 0.0000 0.0000 0.0000
42       42   (0)      4  : 0.0000 0.9997 0.0000 0.0000 0.0000 0.0000 0.0000 0.0000
43       43   (0)      4  : 0.0000 0.9997 0.0000 0.0000 0.0000 0.0000 0.0000 0.0000
44       44   (0)      4  : 0.0000 0.9997 0.0000 0.0000 0.0000 0.0000 0.0000 0.0000
45       45   (0)      4  : 0.0000 0.9997 0.0000 0.0000 0.0000 0.0000 0.0000 0.0000
46       46   (0)      4  : 0.0763 0.9235 0.0000 0.0000 0.0000 0.0000 0.0000 0.0000
47       47   (0)      4  : 0.0000 0.9997 0.0000 0.0000 0.0000 0.0000 0.0000 0.0000
48       48   (0)      4  : 0.0742 0.8729 0.0000 0.0000 0.0000 0.0000 0.0000 0.0527
49       49   (0)      4  : 0.0000 0.9998 0.0000 0.0000 0.0000 0.0000 0.0000 0.0000
50       50   (0)      4  : 0.0000 0.9997 0.0000 0.0000 0.0000 0.0000 0.0000 0.0000
51       51   (0)      1  : 0.9998 0.0000 0.0000 0.0000 0.0000 0.0000 0.0000 0.0000
52       52   (0)      1  : 0.9998 0.0000 0.0000 0.0000 0.0000 0.0000 0.0000 0.0000
53       53   (0)      1  : 0.9180 0.0047 0.0000 0.0000 0.0000 0.0584 0.0000 0.0187
54       54   (0)      1  : 0.5354 0.2262 0.0000 0.0000 0.0000 0.2000 0.0000 0.0383
55       55   (0)      1  : 0.5736 0.2011 0.0000 0.0000 0.0000 0.2000 0.0000 0.0252
56       56   (0)      1  : 0.4311 0.3865 0.0000 0.0000 0.0000 0.1466 0.0000 0.0356
57       57   (0)      1  : 0.5039 0.2686 0.0000 0.0000 0.0000 0.2000 0.0000 0.0274
58       58   (0)      1  : 0.5380 0.2391 0.0000 0.0000 0.0000 0.2000 0.0000 0.0228
59       59   (0)      1  : 0.9998 0.0000 0.0000 0.0000 0.0000 0.0000 0.0000 0.0000
60       60   (0)      1  : 0.9998 0.0000 0.0000 0.0000 0.0000 0.0000 0.0000 0.0000
61       61   (0)      1  : 0.9998 0.0000 0.0000 0.0000 0.0000 0.0000 0.0000 0.0000
62       62   (0)      1  : 0.9693 0.0176 0.0000 0.0000 0.0000 0.0129 0.0000 0.0000
63       63   (0)      1  : 0.9772 0.0123 0.0000 0.0000 0.0000 0.0103 0.0000 0.0000
64       64   (0)      1  : 0.9997 0.0000 0.0000 0.0000 0.0000 0.0000 0.0000 0.0000
65       65   (0)      1  : 0.9998 0.0000 0.0000 0.0000 0.0000 0.0000 0.0000 0.0000
66       66   (0)      1  : 0.9997 0.0000 0.0000 0.0000 0.0000 0.0000 0.0000 0.0000
67       67   (0)      1  : 0.9998 0.0000 0.0000 0.0000 0.0000 0.0000 0.0000 0.0000
68       68   (0)      1  : 0.9997 0.0000 0.0000 0.0000 0.0000 0.0000 0.0000 0.0000
69       69   (0)      1  : 0.9997 0.0000 0.0000 0.0000 0.0000 0.0000 0.0000 0.0000
70       70   (0)      1  : 0.9998 0.0000 0.0000 0.0000 0.0000 0.0000 0.0000 0.0000
71       71   (0)      1  : 0.9997 0.0000 0.0000 0.0000 0.0000 0.0000 0.0000 0.0000
72       72   (0)      1  : 0.9997 0.0000 0.0000 0.0000 0.0000 0.0000 0.0000 0.0000
73       73   (0)      1  : 0.9998 0.0000 0.0000 0.0000 0.0000 0.0000 0.0000 0.0000
74       74   (0)      1  : 0.9998 0.0000 0.0000 0.0000 0.0000 0.0000 0.0000 0.0000
75       75   (0)      1  : 0.9998 0.0000 0.0000 0.0000 0.0000 0.0000 0.0000 0.0000
76       76   (0)      1  : 0.9997 0.0000 0.0000 0.0000 0.0000 0.0000 0.0000 0.0000
77       77   (0)      1  : 0.9997 0.0000 0.0000 0.0000 0.0000 0.0000 0.0000 0.0000
78       78   (0)      1  : 0.9997 0.0000 0.0000 0.0000 0.0000 0.0000 0.0000 0.0000
79       79   (0)      1  : 0.7831 0.1325 0.0000 0.0000 0.0000 0.0669 0.0000 0.0174
80       80   (0)      1  : 0.9998 0.0000 0.0000 0.0000 0.0000 0.0000 0.0000 0.0000
81       81   (0)      1  : 0.9998 0.0000 0.0000 0.0000 0.0000 0.0000 0.0000 0.0000
82       82   (0)      1  : 0.9998 0.0000 0.0000 0.0000 0.0000 0.0000 0.0000 0.0000
83       83   (0)      1  : 0.9558 0.0000 0.0000 0.0440 0.0000 0.0000 0.0000 0.0000
84       84   (0)      1  : 0.9832 0.0000 0.0000 0.0000 0.0000 0.0165 0.0000 0.0000
85       85   (0)      1  : 0.9998 0.0000 0.0000 0.0000 0.0000 0.0000 0.0000 0.0000
86       86   (0)      1  : 0.9998 0.0000 0.0000 0.0000 0.0000 0.0000 0.0000 0.0000
87       87   (0)      5  : 0.3165 0.4347 0.0000 0.0000 0.0000 0.0000 0.0000 0.2486
88       88   (0)      5  : 0.3473 0.4075 0.0000 0.0000 0.0000 0.0000 0.0000 0.2450
89       89   (0)      5  : 0.4256 0.3382 0.0000 0.0000 0.0000 0.0000 0.0000 0.2361
90       90   (0)      5  : 0.0628 0.7370 0.0000 0.0000 0.0000 0.0000 0.0000 0.2000
91       91   (0)      5  : 0.0145 0.8523 0.0000 0.0000 0.0000 0.0000 0.0000 0.1330
92       92   (0)      5  : 0.4629 0.3801 0.0000 0.0000 0.0000 0.0000 0.0000 0.1569
93       93   (0)      5  : 0.1052 0.4947 0.0000 0.0000 0.0000 0.0000 0.0000 0.3999
94       94   (0)      5  : 0.1929 0.6070 0.0000 0.0000 0.0000 0.0000 0.0000 0.2000
95       95   (0)      5  : 0.0000 0.9147 0.0000 0.0000 0.0000 0.0000 0.0000 0.0851
96       96   (0)      5  : 0.0636 0.5363 0.0000 0.0000 0.0000 0.0000 0.0000 0.3999
97       97   (0)      6  : 0.5999 0.0000 0.0000 0.3999 0.0000 0.0000 0.0000 0.0000
98       98   (0)      6  : 0.7513 0.0000 0.0000 0.2485 0.0000 0.0000 0.0000 0.0000
99       99   (0)      6  : 0.7455 0.0000 0.0000 0.2543 0.0000 0.0000 0.0000 0.0000
100      100   (0)      6  : 0.7999 0.0000 0.0000 0.2000 0.0000 0.0000 0.0000 0.0000
101      101   (0)      6  : 0.9719 0.0000 0.0000 0.0279 0.0000 0.0000 0.0000 0.0000
102      102   (0)      6  : 0.9504 0.0000 0.0000 0.0494 0.0000 0.0000 0.0000 0.0000
103      103   (0)      6  : 0.5999 0.0000 0.0000 0.3999 0.0000 0.0000 0.0000 0.0000
104      104   (0)      6  : 0.5999 0.0000 0.0000 0.3999 0.0000 0.0000 0.0000 0.0000
105      105   (0)      6  : 0.3999 0.0000 0.0000 0.5999 0.0000 0.0000 0.0000 0.0000
106      106   (0)      6  : 0.5999 0.0000 0.0000 0.3999 0.0000 0.0000 0.0000 0.0000
107      107   (0)      6  : 0.5999 0.0000 0.0000 0.3999 0.0000 0.0000 0.0000 0.0000
108      108   (0)      6  : 0.5999 0.0000 0.0000 0.3999 0.0000 0.0000 0.0000 0.0000
109      109   (0)      6  : 0.3999 0.0000 0.0000 0.5999 0.0000 0.0000 0.0000 0.0000
110      110   (0)      2  : 0.3618 0.0000 0.6381 0.0000 0.0000 0.0000 0.0000 0.0000
111      111   (0)      2  : 0.2000 0.0000 0.7998 0.0000 0.0000 0.0000 0.0000 0.0000
112      112   (0)      2  : 0.2999 0.0000 0.6999 0.0000 0.0000 0.0000 0.0000 0.0000
113      113   (0)      2  : 0.2863 0.0000 0.7135 0.0000 0.0000 0.0000 0.0000 0.0000
114      114   (0)      2  : 0.4620 0.0000 0.5378 0.0000 0.0000 0.0000 0.0000 0.0000
115      115   (0)      3  : 0.9784 0.0000 0.0214 0.0000 0.0000 0.0000 0.0000 0.0000
