  1        1   (0)      1 :  0.0001 0.0001 0.9998 
  2        2   (0)      1 :  0.0001 0.0001 0.9998 
  3        3   (0)      1 :  0.0001 0.0059 0.9940 
  4        4   (0)      1 :  0.0001 0.0001 0.9998 
  5        5   (0)      1 :  0.0001 0.0001 0.9997 
  6        6   (0)      1 :  0.0001 0.0001 0.9998 
  7        7   (0)      1 :  0.0001 0.0001 0.9997 
  8        8   (0)      1 :  0.0001 0.0001 0.9998 
  9        9   (0)      1 :  0.0001 0.0001 0.9998 
 10       10   (0)      1 :  0.0001 0.0001 0.9998 
 11       11   (0)      1 :  0.0001 0.0001 0.9998 
 12       12   (0)      1 :  0.0001 0.0001 0.9998 
 13       13   (0)      1 :  0.0001 0.0001 0.9998 
 14       14   (0)      1 :  0.0001 0.0001 0.9998 
 15       15   (0)      1 :  0.0001 0.0001 0.9998 
 16       16   (0)      1 :  0.0001 0.0001 0.9998 
 17       17   (0)      1 :  0.0001 0.0001 0.9997 
 18       18   (0)      2 :  0.1418 0.5999 0.2583 
 19       19   (0)      2 :  0.1215 0.5999 0.2786 
 20       20   (0)      3 :  0.0001 0.0001 0.9998 
 21       21   (0)      3 :  0.0001 0.0001 0.9998 
 22       22   (0)      2 :  0.1223 0.5999 0.2778 
 23       23   (0)      2 :  0.1490 0.5999 0.2511 
 24       24   (0)      2 :  0.1359 0.5999 0.2641 
 25       25   (0)      4 :  0.9315 0.0001 0.0684 
 26       26   (0)      4 :  0.9998 0.0001 0.0001 
 27       27   (0)      4 :  0.9997 0.0001 0.0001 
 28       28   (0)      4 :  0.9998 0.0001 0.0001 
 29       29   (0)      4 :  0.9997 0.0001 0.0001 
 30       30   (0)      4 :  0.8955 0.0002 0.1043 
 31       31   (0)      4 :  0.9997 0.0001 0.0001 
 32       32   (0)      4 :  0.9997 0.0001 0.0001 
 33       33   (0)      4 :  0.9998 0.0001 0.0001 
 34       34   (0)      4 :  0.9998 0.0001 0.0001 
 35       35   (0)      4 :  0.9190 0.0001 0.0809 
 36       36   (0)      4 :  0.9998 0.0001 0.0001 
 37       37   (0)      4 :  0.9998 0.0001 0.0001 
 38       38   (0)      4 :  0.9998 0.0001 0.0001 
 39       39   (0)      4 :  0.9998 0.0001 0.0001 
 40       40   (0)      4 :  0.9998 0.0001 0.0001 
 41       41   (0)      4 :  0.9998 0.0001 0.0001 
 42       42   (0)      4 :  0.9998 0.0001 0.0001 
 43       43   (0)      4 :  0.9998 0.0001 0.0001 
 44       44   (0)      4 :  0.9998 0.0001 0.0001 
 45       45   (0)      4 :  0.9998 0.0001 0.0001 
 46       46   (0)      4 :  0.9896 0.0001 0.0103 
 47       47   (0)      4 :  0.9998 0.0001 0.0001 
 48       48   (0)      4 :  0.8427 0.0001 0.1572 
 49       49   (0)      4 :  0.9998 0.0001 0.0001 
 50       50   (0)      4 :  0.9998 0.0001 0.0001 
 51       51   (0)      1 :  0.0001 0.0001 0.9998 
 52       52   (0)      1 :  0.0001 0.0001 0.9998 
 53       53   (0)      1 :  0.0413 0.1716 0.7871 
 54       54   (0)      1 :  0.3368 0.4000 0.2632 
 55       55   (0)      1 :  0.2629 0.1077 0.6294 
 56       56   (0)      1 :  0.4845 0.1812 0.3344 
 57       57   (0)      1 :  0.3162 0.3113 0.3724 
 58       58   (0)      1 :  0.4084 0.1586 0.4330 
 59       59   (0)      1 :  0.0105 0.0001 0.9894 
 60       60   (0)      1 :  0.0001 0.0001 0.9998 
 61       61   (0)      1 :  0.0001 0.0001 0.9998 
 62       62   (0)      1 :  0.1036 0.0524 0.8439 
 63       63   (0)      1 :  0.0699 0.0380 0.8920 
 64       64   (0)      1 :  0.0001 0.0001 0.9998 
 65       65   (0)      1 :  0.0001 0.0001 0.9998 
 66       66   (0)      1 :  0.0001 0.0001 0.9997 
 67       67   (0)      1 :  0.0001 0.0001 0.9998 
 68       68   (0)      1 :  0.0001 0.0001 0.9997 
 69       69   (0)      1 :  0.0001 0.0001 0.9997 
 70       70   (0)      1 :  0.0001 0.0001 0.9998 
 71       71   (0)      1 :  0.0001 0.0001 0.9997 
 72       72   (0)      1 :  0.0001 0.0001 0.9998 
 73       73   (0)      1 :  0.0001 0.0001 0.9998 
 74       74   (0)      1 :  0.0001 0.0001 0.9998 
 75       75   (0)      1 :  0.0001 0.0001 0.9998 
 76       76   (0)      1 :  0.0002 0.0002 0.9997 
 77       77   (0)      1 :  0.0001 0.0001 0.9998 
 78       78   (0)      1 :  0.0001 0.0001 0.9998 
 79       79   (0)      1 :  0.2011 0.1423 0.6566 
 80       80   (0)      1 :  0.0001 0.0001 0.9998 
 81       81   (0)      1 :  0.0001 0.0001 0.9998 
 82       82   (0)      1 :  0.0001 0.0001 0.9998 
 83       83   (0)      1 :  0.0001 0.0271 0.9728 
 84       84   (0)      1 :  0.0002 0.0001 0.9997 
 85       85   (0)      1 :  0.0001 0.0001 0.9998 
 86       86   (0)      1 :  0.0001 0.0001 0.9998 
 87       87   (0)      5 :  0.4666 0.0001 0.5333 
 88       88   (0)      5 :  0.6474 0.0001 0.3525 
 89       89   (0)      5 :  0.5123 0.0001 0.4876 
 90       90   (0)      5 :  0.8790 0.0001 0.1209 
 91       91   (0)      5 :  0.9110 0.0001 0.0889 
 92       92   (0)      5 :  0.6018 0.0001 0.3981 
 93       93   (0)      5 :  0.7465 0.0001 0.2534 
 94       94   (0)      5 :  0.8035 0.0001 0.1964 
 95       95   (0)      5 :  0.8972 0.0001 0.1027 
 96       96   (0)      5 :  0.8538 0.0001 0.1461 
 97       97   (0)      6 :  0.0001 0.2000 0.7998 
 98       98   (0)      6 :  0.0001 0.2000 0.7998 
 99       99   (0)      6 :  0.0001 0.2000 0.7998 
100      100   (0)      6 :  0.0001 0.0181 0.9818 
101      101   (0)      6 :  0.0001 0.0085 0.9915 
102      102   (0)      6 :  0.0001 0.0034 0.9965 
103      103   (0)      6 :  0.0001 0.2000 0.7998 
104      104   (0)      6 :  0.0001 0.2000 0.7998 
105      105   (0)      6 :  0.0001 0.2000 0.7998 
106      106   (0)      6 :  0.0001 0.2001 0.7998 
107      107   (0)      6 :  0.0001 0.2000 0.7998 
108      108   (0)      6 :  0.0001 0.2001 0.7998 
109      109   (0)      6 :  0.0001 0.2000 0.7998 
110      110   (0)      2 :  0.1260 0.5999 0.2741 
111      111   (0)      2 :  0.1066 0.5206 0.3728 
112      112   (0)      2 :  0.1048 0.5715 0.3237 
113      113   (0)      2 :  0.1240 0.5999 0.2761 
114      114   (0)      2 :  0.1108 0.5999 0.2893 
115      115   (0)      3 :  0.0001 0.0007 0.9992 
