  1        1   (0)      1 :  0.9996 0.0004 
  2        2   (0)      1 :  0.9996 0.0004 
  3        3   (0)      1 :  0.9978 0.0022 
  4        4   (0)      1 :  0.9996 0.0004 
  5        5   (0)      1 :  0.9996 0.0004 
  6        6   (0)      1 :  0.9996 0.0004 
  7        7   (0)      1 :  0.9996 0.0004 
  8        8   (0)      1 :  0.9998 0.0002 
  9        9   (0)      1 :  0.9998 0.0002 
 10       10   (0)      1 :  0.9997 0.0003 
 11       11   (0)      1 :  0.9996 0.0004 
 12       12   (0)      1 :  0.9998 0.0002 
 13       13   (0)      1 :  0.9997 0.0003 
 14       14   (0)      1 :  0.9997 0.0003 
 15       15   (0)      1 :  0.9997 0.0003 
 16       16   (0)      1 :  0.9996 0.0004 
 17       17   (0)      1 :  0.9996 0.0004 
 18       18   (0)      2 :  0.7619 0.2381 
 19       19   (0)      2 :  0.7743 0.2257 
 20       20   (0)      3 :  0.9997 0.0003 
 21       21   (0)      3 :  0.9997 0.0003 
 22       22   (0)      2 :  0.7624 0.2376 
 23       23   (0)      2 :  0.7543 0.2457 
 24       24   (0)      2 :  0.7687 0.2313 
 25       25   (0)      4 :  0.1059 0.8941 
 26       26   (0)      4 :  0.0003 0.9997 
 27       27   (0)      4 :  0.0005 0.9995 
 28       28   (0)      4 :  0.0004 0.9996 
 29       29   (0)      4 :  0.0005 0.9995 
 30       30   (0)      4 :  0.1219 0.8781 
 31       31   (0)      4 :  0.0005 0.9995 
 32       32   (0)      4 :  0.0019 0.9981 
 33       33   (0)      4 :  0.0004 0.9996 
 34       34   (0)      4 :  0.0996 0.9004 
 35       35   (0)      4 :  0.1522 0.8478 
 36       36   (0)      4 :  0.0003 0.9997 
 37       37   (0)      4 :  0.0003 0.9997 
 38       38   (0)      4 :  0.0004 0.9996 
 39       39   (0)      4 :  0.0003 0.9997 
 40       40   (0)      4 :  0.0003 0.9997 
 41       41   (0)      4 :  0.0004 0.9996 
 42       42   (0)      4 :  0.0004 0.9996 
 43       43   (0)      4 :  0.0005 0.9995 
 44       44   (0)      4 :  0.0006 0.9994 
 45       45   (0)      4 :  0.0004 0.9996 
 46       46   (0)      4 :  0.0733 0.9267 
 47       47   (0)      4 :  0.0004 0.9996 
 48       48   (0)      4 :  0.1528 0.8472 
 49       49   (0)      4 :  0.0004 0.9996 
 50       50   (0)      4 :  0.0004 0.9996 
 51       51   (0)      1 :  0.9998 0.0002 
 52       52   (0)      1 :  0.9997 0.0003 
 53       53   (0)      1 :  0.7583 0.2417 
 54       54   (0)      1 :  0.4078 0.5922 
 55       55   (0)      1 :  0.7704 0.2296 
 56       56   (0)      1 :  0.4256 0.5744 
 57       57   (0)      1 :  0.4675 0.5325 
 58       58   (0)      1 :  0.5771 0.4229 
 59       59   (0)      1 :  0.9728 0.0272 
 60       60   (0)      1 :  0.9997 0.0003 
 61       61   (0)      1 :  0.9998 0.0002 
 62       62   (0)      1 :  0.8540 0.1460 
 63       63   (0)      1 :  0.8992 0.1008 
 64       64   (0)      1 :  0.9997 0.0003 
 65       65   (0)      1 :  0.9997 0.0003 
 66       66   (0)      1 :  0.9996 0.0004 
 67       67   (0)      1 :  0.9997 0.0003 
 68       68   (0)      1 :  0.9996 0.0004 
 69       69   (0)      1 :  0.9996 0.0004 
 70       70   (0)      1 :  0.9997 0.0003 
 71       71   (0)      1 :  0.9996 0.0004 
 72       72   (0)      1 :  0.9996 0.0004 
 73       73   (0)      1 :  0.9997 0.0003 
 74       74   (0)      1 :  0.9998 0.0002 
 75       75   (0)      1 :  0.9998 0.0002 
 76       76   (0)      1 :  0.9995 0.0005 
 77       77   (0)      1 :  0.9996 0.0004 
 78       78   (0)      1 :  0.9996 0.0004 
 79       79   (0)      1 :  0.7297 0.2703 
 80       80   (0)      1 :  0.9998 0.0002 
 81       81   (0)      1 :  0.9998 0.0002 
 82       82   (0)      1 :  0.9997 0.0003 
 83       83   (0)      1 :  0.9995 0.0005 
 84       84   (0)      1 :  0.9534 0.0466 
 85       85   (0)      1 :  0.9998 0.0002 
 86       86   (0)      1 :  0.9998 0.0002 
 87       87   (0)      5 :  0.3939 0.6061 
 88       88   (0)      5 :  0.2809 0.7191 
 89       89   (0)      5 :  0.4037 0.5963 
 90       90   (0)      5 :  0.0862 0.9138 
 91       91   (0)      5 :  0.0221 0.9779 
 92       92   (0)      5 :  0.3041 0.6959 
 93       93   (0)      5 :  0.1691 0.8309 
 94       94   (0)      5 :  0.2576 0.7424 
 95       95   (0)      5 :  0.0104 0.9896 
 96       96   (0)      5 :  0.1265 0.8735 
 97       97   (0)      6 :  0.9997 0.0003 
 98       98   (0)      6 :  0.9997 0.0003 
 99       99   (0)      6 :  0.9997 0.0003 
100      100   (0)      6 :  0.9998 0.0002 
101      101   (0)      6 :  0.9998 0.0002 
102      102   (0)      6 :  0.9998 0.0002 
103      103   (0)      6 :  0.9997 0.0003 
104      104   (0)      6 :  0.9997 0.0003 
105      105   (0)      6 :  0.9995 0.0005 
106      106   (0)      6 :  0.9996 0.0004 
107      107   (0)      6 :  0.9996 0.0004 
108      108   (0)      6 :  0.9996 0.0004 
109      109   (0)      6 :  0.9980 0.0020 
110      110   (0)      2 :  0.7851 0.2149 
111      111   (0)      2 :  0.7847 0.2153 
112      112   (0)      2 :  0.7956 0.2044 
113      113   (0)      2 :  0.7912 0.2088 
114      114   (0)      2 :  0.7922 0.2078 
115      115   (0)      3 :  0.9997 0.0003 
