  1        1   (0)      1 :  0.0004 0.9996 
  2        2   (0)      1 :  0.0004 0.9996 
  3        3   (0)      1 :  0.0004 0.9996 
  4        4   (0)      1 :  0.0005 0.9995 
  5        5   (0)      1 :  0.0004 0.9996 
  6        6   (0)      1 :  0.0004 0.9996 
  7        7   (0)      1 :  0.0004 0.9996 
  8        8   (0)      1 :  0.0002 0.9998 
  9        9   (0)      1 :  0.0002 0.9998 
 10       10   (0)      1 :  0.0003 0.9997 
 11       11   (0)      1 :  0.0004 0.9996 
 12       12   (0)      1 :  0.0002 0.9998 
 13       13   (0)      1 :  0.0003 0.9997 
 14       14   (0)      1 :  0.0003 0.9997 
 15       15   (0)      1 :  0.0003 0.9997 
 16       16   (0)      1 :  0.0004 0.9996 
 17       17   (0)      1 :  0.0004 0.9996 
 18       18   (0)      2 :  0.5745 0.4255 
 19       19   (0)      2 :  0.5130 0.4870 
 20       20   (0)      3 :  0.0005 0.9995 
 21       21   (0)      3 :  0.0016 0.9984 
 22       22   (0)      2 :  0.5975 0.4025 
 23       23   (0)      2 :  0.6006 0.3994 
 24       24   (0)      2 :  0.5673 0.4327 
 25       25   (0)      4 :  0.9316 0.0684 
 26       26   (0)      4 :  0.9997 0.0003 
 27       27   (0)      4 :  0.9996 0.0004 
 28       28   (0)      4 :  0.9996 0.0004 
 29       29   (0)      4 :  0.9995 0.0005 
 30       30   (0)      4 :  0.9211 0.0789 
 31       31   (0)      4 :  0.9996 0.0004 
 32       32   (0)      4 :  0.9994 0.0006 
 33       33   (0)      4 :  0.9996 0.0004 
 34       34   (0)      4 :  0.9994 0.0006 
 35       35   (0)      4 :  0.9121 0.0879 
 36       36   (0)      4 :  0.9997 0.0003 
 37       37   (0)      4 :  0.9997 0.0003 
 38       38   (0)      4 :  0.9997 0.0003 
 39       39   (0)      4 :  0.9997 0.0003 
 40       40   (0)      4 :  0.9997 0.0003 
 41       41   (0)      4 :  0.9996 0.0004 
 42       42   (0)      4 :  0.9996 0.0004 
 43       43   (0)      4 :  0.9995 0.0005 
 44       44   (0)      4 :  0.9994 0.0006 
 45       45   (0)      4 :  0.9996 0.0004 
 46       46   (0)      4 :  0.9986 0.0014 
 47       47   (0)      4 :  0.9996 0.0004 
 48       48   (0)      4 :  0.9146 0.0854 
 49       49   (0)      4 :  0.9997 0.0003 
 50       50   (0)      4 :  0.9996 0.0004 
 51       51   (0)      1 :  0.0002 0.9998 
 52       52   (0)      1 :  0.0003 0.9997 
 53       53   (0)      1 :  0.3118 0.6882 
 54       54   (0)      1 :  0.6145 0.3855 
 55       55   (0)      1 :  0.3279 0.6721 
 56       56   (0)      1 :  0.5486 0.4514 
 57       57   (0)      1 :  0.5292 0.4708 
 58       58   (0)      1 :  0.4129 0.5871 
 59       59   (0)      1 :  0.0166 0.9834 
 60       60   (0)      1 :  0.0003 0.9997 
 61       61   (0)      1 :  0.0002 0.9998 
 62       62   (0)      1 :  0.1426 0.8574 
 63       63   (0)      1 :  0.1156 0.8844 
 64       64   (0)      1 :  0.0003 0.9997 
 65       65   (0)      1 :  0.0003 0.9997 
 66       66   (0)      1 :  0.0004 0.9996 
 67       67   (0)      1 :  0.0003 0.9997 
 68       68   (0)      1 :  0.0004 0.9996 
 69       69   (0)      1 :  0.0004 0.9996 
 70       70   (0)      1 :  0.0003 0.9997 
 71       71   (0)      1 :  0.0004 0.9996 
 72       72   (0)      1 :  0.0004 0.9996 
 73       73   (0)      1 :  0.0004 0.9996 
 74       74   (0)      1 :  0.0002 0.9998 
 75       75   (0)      1 :  0.0002 0.9998 
 76       76   (0)      1 :  0.0005 0.9995 
 77       77   (0)      1 :  0.0004 0.9996 
 78       78   (0)      1 :  0.0004 0.9996 
 79       79   (0)      1 :  0.2844 0.7156 
 80       80   (0)      1 :  0.0002 0.9998 
 81       81   (0)      1 :  0.0003 0.9997 
 82       82   (0)      1 :  0.0003 0.9997 
 83       83   (0)      1 :  0.0022 0.9978 
 84       84   (0)      1 :  0.0497 0.9503 
 85       85   (0)      1 :  0.0002 0.9998 
 86       86   (0)      1 :  0.0002 0.9998 
 87       87   (0)      5 :  0.7162 0.2838 
 88       88   (0)      5 :  0.7310 0.2690 
 89       89   (0)      5 :  0.5840 0.4160 
 90       90   (0)      5 :  0.9183 0.0817 
 91       91   (0)      5 :  0.9962 0.0038 
 92       92   (0)      5 :  0.7105 0.2895 
 93       93   (0)      5 :  0.8249 0.1751 
 94       94   (0)      5 :  0.8240 0.1760 
 95       95   (0)      5 :  0.9857 0.0143 
 96       96   (0)      5 :  0.8510 0.1490 
 97       97   (0)      6 :  0.0003 0.9997 
 98       98   (0)      6 :  0.0003 0.9997 
 99       99   (0)      6 :  0.0003 0.9997 
100      100   (0)      6 :  0.0002 0.9998 
101      101   (0)      6 :  0.0003 0.9997 
102      102   (0)      6 :  0.0002 0.9998 
103      103   (0)      6 :  0.0004 0.9996 
104      104   (0)      6 :  0.0004 0.9996 
105      105   (0)      6 :  0.0004 0.9996 
106      106   (0)      6 :  0.0004 0.9996 
107      107   (0)      6 :  0.0004 0.9996 
108      108   (0)      6 :  0.0004 0.9996 
109      109   (0)      6 :  0.0019 0.9981 
110      110   (0)      2 :  0.5327 0.4673 
111      111   (0)      2 :  0.6133 0.3867 
112      112   (0)      2 :  0.5286 0.4714 
113      113   (0)      2 :  0.5478 0.4522 
114      114   (0)      2 :  0.5183 0.4817 
115      115   (0)      3 :  0.0003 0.9997 
