  1        1   (0)      1 :  0.0001 0.0001 0.0001 0.9998 
  2        2   (0)      1 :  0.0001 0.0001 0.0001 0.9998 
  3        3   (0)      1 :  0.0001 0.0001 0.0001 0.9998 
  4        4   (0)      1 :  0.0001 0.0001 0.0001 0.9998 
  5        5   (0)      1 :  0.0001 0.0001 0.0001 0.9998 
  6        6   (0)      1 :  0.0001 0.0001 0.0001 0.9998 
  7        7   (0)      1 :  0.0001 0.0001 0.0001 0.9997 
  8        8   (0)      1 :  0.0001 0.0001 0.0001 0.9998 
  9        9   (0)      1 :  0.0001 0.0001 0.0001 0.9998 
 10       10   (0)      1 :  0.0001 0.0001 0.0001 0.9998 
 11       11   (0)      1 :  0.0001 0.0001 0.0001 0.9998 
 12       12   (0)      1 :  0.0001 0.0001 0.0001 0.9998 
 13       13   (0)      1 :  0.0001 0.0001 0.0001 0.9998 
 14       14   (0)      1 :  0.0001 0.0001 0.0001 0.9998 
 15       15   (0)      1 :  0.0001 0.0001 0.0001 0.9998 
 16       16   (0)      1 :  0.0001 0.0001 0.0001 0.9998 
 17       17   (0)      1 :  0.0001 0.0001 0.0001 0.9997 
 18       18   (0)      2 :  0.0001 0.9998 0.0001 0.0001 
 19       19   (0)      2 :  0.0001 0.9328 0.0001 0.0670 
 20       20   (0)      3 :  0.0001 0.0501 0.0001 0.9498 
 21       21   (0)      3 :  0.0001 0.0341 0.0001 0.9658 
 22       22   (0)      2 :  0.0001 0.9998 0.0001 0.0001 
 23       23   (0)      2 :  0.0001 0.9998 0.0001 0.0001 
 24       24   (0)      2 :  0.0001 0.9998 0.0001 0.0001 
 25       25   (0)      4 :  0.0001 0.0001 0.9526 0.0473 
 26       26   (0)      4 :  0.0001 0.0001 0.9998 0.0001 
 27       27   (0)      4 :  0.0001 0.0001 0.9997 0.0001 
 28       28   (0)      4 :  0.0001 0.0001 0.9998 0.0001 
 29       29   (0)      4 :  0.0001 0.0001 0.9997 0.0001 
 30       30   (0)      4 :  0.0001 0.0001 0.9235 0.0763 
 31       31   (0)      4 :  0.0001 0.0001 0.9998 0.0001 
 32       32   (0)      4 :  0.0001 0.0001 0.9997 0.0001 
 33       33   (0)      4 :  0.0001 0.0001 0.9998 0.0001 
 34       34   (0)      4 :  0.0001 0.0001 0.9617 0.0382 
 35       35   (0)      4 :  0.0001 0.0001 0.9408 0.0591 
 36       36   (0)      4 :  0.0001 0.0001 0.9998 0.0001 
 37       37   (0)      4 :  0.0001 0.0001 0.9998 0.0001 
 38       38   (0)      4 :  0.0001 0.0001 0.9998 0.0001 
 39       39   (0)      4 :  0.0001 0.0001 0.9998 0.0001 
 40       40   (0)      4 :  0.0001 0.0001 0.9998 0.0001 
 41       41   (0)      4 :  0.0001 0.0001 0.9998 0.0001 
 42       42   (0)      4 :  0.0001 0.0001 0.9998 0.0001 
 43       43   (0)      4 :  0.0001 0.0001 0.9998 0.0001 
 44       44   (0)      4 :  0.0001 0.0001 0.9998 0.0001 
 45       45   (0)      4 :  0.0001 0.0001 0.9998 0.0001 
 46       46   (0)      4 :  0.0001 0.0001 0.9489 0.0510 
 47       47   (0)      4 :  0.0001 0.0001 0.9998 0.0001 
 48       48   (0)      4 :  0.0001 0.0001 0.8843 0.1155 
 49       49   (0)      4 :  0.0001 0.0001 0.9998 0.0001 
 50       50   (0)      4 :  0.0001 0.0001 0.9998 0.0001 
 51       51   (0)      1 :  0.0000 0.0001 0.0001 0.9998 
 52       52   (0)      1 :  0.0001 0.0001 0.0001 0.9998 
 53       53   (0)      1 :  0.0001 0.0001 0.1578 0.8420 
 54       54   (0)      1 :  0.0001 0.0001 0.3669 0.6330 
 55       55   (0)      1 :  0.0001 0.0001 0.0976 0.9023 
 56       56   (0)      1 :  0.0001 0.0001 0.3528 0.6471 
 57       57   (0)      1 :  0.0001 0.0001 0.3281 0.6718 
 58       58   (0)      1 :  0.0001 0.0001 0.3440 0.6559 
 59       59   (0)      1 :  0.0001 0.0001 0.0260 0.9738 
 60       60   (0)      1 :  0.0001 0.0001 0.0001 0.9998 
 61       61   (0)      1 :  0.0001 0.0001 0.0001 0.9998 
 62       62   (0)      1 :  0.0001 0.0001 0.0978 0.9021 
 63       63   (0)      1 :  0.0001 0.0001 0.0671 0.9328 
 64       64   (0)      1 :  0.0001 0.0001 0.0001 0.9998 
 65       65   (0)      1 :  0.0001 0.0001 0.0001 0.9998 
 66       66   (0)      1 :  0.0001 0.0001 0.0001 0.9998 
 67       67   (0)      1 :  0.0001 0.0001 0.0001 0.9998 
 68       68   (0)      1 :  0.0001 0.0001 0.0001 0.9997 
 69       69   (0)      1 :  0.0001 0.0001 0.0001 0.9997 
 70       70   (0)      1 :  0.0001 0.0001 0.0001 0.9998 
 71       71   (0)      1 :  0.0001 0.0001 0.0001 0.9998 
 72       72   (0)      1 :  0.0001 0.0001 0.0001 0.9998 
 73       73   (0)      1 :  0.0001 0.0001 0.0001 0.9998 
 74       74   (0)      1 :  0.0001 0.0001 0.0001 0.9998 
 75       75   (0)      1 :  0.0001 0.0001 0.0001 0.9998 
 76       76   (0)      1 :  0.0001 0.0001 0.0001 0.9997 
 77       77   (0)      1 :  0.0001 0.0001 0.0001 0.9998 
 78       78   (0)      1 :  0.0001 0.0001 0.0001 0.9998 
 79       79   (0)      1 :  0.0001 0.0001 0.1183 0.8816 
 80       80   (0)      1 :  0.0001 0.0001 0.0001 0.9998 
 81       81   (0)      1 :  0.0001 0.0001 0.0001 0.9998 
 82       82   (0)      1 :  0.0001 0.0001 0.0001 0.9998 
 83       83   (0)      1 :  0.0001 0.0001 0.0001 0.9998 
 84       84   (0)      1 :  0.0001 0.0001 0.0221 0.9777 
 85       85   (0)      1 :  0.0001 0.0001 0.0001 0.9998 
 86       86   (0)      1 :  0.0001 0.0001 0.0001 0.9998 
 87       87   (0)      5 :  0.0001 0.0001 0.6813 0.3186 
 88       88   (0)      5 :  0.0001 0.0001 0.7785 0.2214 
 89       89   (0)      5 :  0.0001 0.0001 0.6804 0.3195 
 90       90   (0)      5 :  0.0001 0.0001 0.9515 0.0483 
 91       91   (0)      5 :  0.0001 0.0001 0.9998 0.0001 
 92       92   (0)      5 :  0.0001 0.0001 0.7141 0.2857 
 93       93   (0)      5 :  0.0001 0.0001 0.8536 0.1462 
 94       94   (0)      5 :  0.0001 0.0001 0.7915 0.2084 
 95       95   (0)      5 :  0.0001 0.0001 0.9998 0.0001 
 96       96   (0)      5 :  0.0001 0.0001 0.8969 0.1029 
 97       97   (0)      6 :  0.0001 0.0001 0.0001 0.9998 
 98       98   (0)      6 :  0.0001 0.0001 0.0001 0.9998 
 99       99   (0)      6 :  0.0001 0.0001 0.0001 0.9998 
100      100   (0)      6 :  0.0001 0.0001 0.0001 0.9998 
101      101   (0)      6 :  0.0001 0.0001 0.0001 0.9998 
102      102   (0)      6 :  0.0001 0.0001 0.0001 0.9998 
103      103   (0)      6 :  0.0001 0.0001 0.0001 0.9998 
104      104   (0)      6 :  0.0001 0.0001 0.0001 0.9998 
105      105   (0)      6 :  0.2000 0.2000 0.0001 0.5999 
106      106   (0)      6 :  0.0001 0.0001 0.0001 0.9998 
107      107   (0)      6 :  0.0001 0.0001 0.0001 0.9998 
108      108   (0)      6 :  0.0001 0.0001 0.0001 0.9998 
109      109   (0)      6 :  0.2000 0.2000 0.0001 0.5999 
110      110   (0)      2 :  0.0001 0.8537 0.0001 0.1461 
111      111   (0)      2 :  0.0001 0.9117 0.0001 0.0882 
112      112   (0)      2 :  0.0001 0.8738 0.0001 0.1260 
113      113   (0)      2 :  0.0001 0.9555 0.0001 0.0443 
114      114   (0)      2 :  0.0001 0.9408 0.0001 0.0591 
115      115   (0)      3 :  0.0001 0.0562 0.0001 0.9437 
