1        1   (0)      1  : 0.9998 0.0001 0.0001 0.0001 0.0001
2        2   (0)      1  : 0.9998 0.0001 0.0001 0.0001 0.0001
3        3   (0)      1  : 0.9998 0.0001 0.0001 0.0001 0.0001
4        4   (0)      1  : 0.9998 0.0001 0.0001 0.0001 0.0001
5        5   (0)      1  : 0.9997 0.0001 0.0001 0.0001 0.0001
6        6   (0)      1  : 0.9998 0.0001 0.0001 0.0001 0.0001
7        7   (0)      1  : 0.9997 0.0001 0.0001 0.0001 0.0001
8        8   (0)      1  : 0.9998 0.0000 0.0000 0.0000 0.0000
9        9   (0)      1  : 0.9998 0.0000 0.0000 0.0000 0.0000
10       10   (0)      1  : 0.9998 0.0001 0.0001 0.0001 0.0001
11       11   (0)      1  : 0.9998 0.0001 0.0001 0.0001 0.0001
12       12   (0)      1  : 0.9998 0.0000 0.0000 0.0000 0.0000
13       13   (0)      1  : 0.9998 0.0001 0.0001 0.0001 0.0001
14       14   (0)      1  : 0.9998 0.0001 0.0001 0.0001 0.0001
15       15   (0)      1  : 0.9998 0.0001 0.0001 0.0001 0.0001
16       16   (0)      1  : 0.9998 0.0001 0.0001 0.0001 0.0001
17       17   (0)      1  : 0.9997 0.0001 0.0001 0.0001 0.0001
18       18   (0)      2  : 0.0000 0.0000 0.9998 0.0000 0.0000
19       19   (0)      2  : 0.0001 0.0001 0.9998 0.0001 0.0001
20       20   (0)      3  : 0.9998 0.0000 0.0000 0.0000 0.0000
21       21   (0)      3  : 0.9998 0.0000 0.0000 0.0000 0.0000
22       22   (0)      2  : 0.0001 0.0001 0.9998 0.0001 0.0001
23       23   (0)      2  : 0.0000 0.0000 0.9998 0.0000 0.0000
24       24   (0)      2  : 0.0000 0.0000 0.9998 0.0000 0.0000
25       25   (0)      4  : 0.0001 0.9998 0.0001 0.0001 0.0001
26       26   (0)      4  : 0.0000 0.9998 0.0000 0.0000 0.0000
27       27   (0)      4  : 0.0001 0.9997 0.0001 0.0001 0.0001
28       28   (0)      4  : 0.0001 0.9998 0.0001 0.0001 0.0001
29       29   (0)      4  : 0.0001 0.9997 0.0001 0.0001 0.0001
30       30   (0)      4  : 0.0658 0.9340 0.0001 0.0001 0.0001
31       31   (0)      4  : 0.0001 0.9997 0.0001 0.0001 0.0001
32       32   (0)      4  : 0.0001 0.9997 0.0001 0.0001 0.0001
33       33   (0)      4  : 0.0001 0.9998 0.0001 0.0001 0.0001
34       34   (0)      4  : 0.0000 0.9998 0.0000 0.0000 0.0000
35       35   (0)      4  : 0.0047 0.9952 0.0000 0.0000 0.0000
36       36   (0)      4  : 0.0000 0.9998 0.0000 0.0000 0.0000
37       37   (0)      4  : 0.0000 0.9998 0.0000 0.0000 0.0000
38       38   (0)      4  : 0.0001 0.9998 0.0001 0.0001 0.0001
39       39   (0)      4  : 0.0000 0.9998 0.0000 0.0000 0.0000
40       40   (0)      4  : 0.0000 0.9998 0.0000 0.0000 0.0000
41       41   (0)      4  : 0.0001 0.9998 0.0001 0.0001 0.0001
42       42   (0)      4  : 0.0001 0.9998 0.0001 0.0001 0.0001
43       43   (0)      4  : 0.0001 0.9998 0.0001 0.0001 0.0001
44       44   (0)      4  : 0.0001 0.9998 0.0001 0.0001 0.0001
45       45   (0)      4  : 0.0001 0.9998 0.0001 0.0001 0.0001
46       46   (0)      4  : 0.0001 0.9998 0.0001 0.0001 0.0001
47       47   (0)      4  : 0.0001 0.9998 0.0001 0.0001 0.0001
48       48   (0)      4  : 0.1171 0.8827 0.0001 0.0001 0.0001
49       49   (0)      4  : 0.0001 0.9998 0.0001 0.0001 0.0001
50       50   (0)      4  : 0.0001 0.9998 0.0001 0.0001 0.0001
51       51   (0)      1  : 0.9998 0.0000 0.0000 0.0000 0.0000
52       52   (0)      1  : 0.9998 0.0000 0.0000 0.0000 0.0000
53       53   (0)      1  : 0.9274 0.0001 0.0001 0.0001 0.0724
54       54   (0)      1  : 0.4999 0.0000 0.0000 0.0000 0.4999
55       55   (0)      1  : 0.8479 0.0897 0.0001 0.0001 0.0623
56       56   (0)      1  : 0.4999 0.0000 0.0000 0.0000 0.5000
57       57   (0)      1  : 0.8691 0.0000 0.0000 0.0000 0.1308
58       58   (0)      1  : 0.9017 0.0001 0.0001 0.0001 0.0981
59       59   (0)      1  : 0.9998 0.0001 0.0001 0.0001 0.0001
60       60   (0)      1  : 0.9998 0.0001 0.0001 0.0001 0.0001
61       61   (0)      1  : 0.9998 0.0000 0.0000 0.0000 0.0000
62       62   (0)      1  : 0.9998 0.0001 0.0001 0.0001 0.0001
63       63   (0)      1  : 0.9998 0.0001 0.0001 0.0001 0.0001
64       64   (0)      1  : 0.9998 0.0001 0.0001 0.0001 0.0001
65       65   (0)      1  : 0.9998 0.0001 0.0001 0.0001 0.0001
66       66   (0)      1  : 0.9997 0.0001 0.0001 0.0001 0.0001
67       67   (0)      1  : 0.9998 0.0001 0.0001 0.0001 0.0001
68       68   (0)      1  : 0.9997 0.0001 0.0001 0.0001 0.0001
69       69   (0)      1  : 0.9997 0.0001 0.0001 0.0001 0.0001
70       70   (0)      1  : 0.9998 0.0001 0.0001 0.0001 0.0001
71       71   (0)      1  : 0.9997 0.0001 0.0001 0.0001 0.0001
72       72   (0)      1  : 0.9998 0.0001 0.0001 0.0001 0.0001
73       73   (0)      1  : 0.9998 0.0001 0.0001 0.0001 0.0001
74       74   (0)      1  : 0.9998 0.0000 0.0000 0.0000 0.0000
75       75   (0)      1  : 0.9998 0.0000 0.0000 0.0000 0.0000
76       76   (0)      1  : 0.9997 0.0001 0.0001 0.0001 0.0001
77       77   (0)      1  : 0.9998 0.0001 0.0001 0.0001 0.0001
78       78   (0)      1  : 0.9998 0.0001 0.0001 0.0001 0.0001
79       79   (0)      1  : 0.9044 0.0000 0.0001 0.0001 0.0955
80       80   (0)      1  : 0.9998 0.0000 0.0000 0.0000 0.0000
81       81   (0)      1  : 0.9998 0.0000 0.0000 0.0000 0.0000
82       82   (0)      1  : 0.9998 0.0000 0.0000 0.0000 0.0000
83       83   (0)      1  : 0.9998 0.0001 0.0001 0.0001 0.0001
84       84   (0)      1  : 0.9997 0.0001 0.0001 0.0001 0.0001
85       85   (0)      1  : 0.9998 0.0000 0.0000 0.0000 0.0000
86       86   (0)      1  : 0.9998 0.0000 0.0000 0.0000 0.0000
87       87   (0)      5  : 0.7581 0.2417 0.0001 0.0001 0.0001
88       88   (0)      5  : 0.3206 0.6792 0.0001 0.0001 0.0001
89       89   (0)      5  : 0.4668 0.5330 0.0000 0.0000 0.0000
90       90   (0)      5  : 0.0001 0.9998 0.0001 0.0001 0.0001
91       91   (0)      5  : 0.0001 0.9998 0.0001 0.0001 0.0001
92       92   (0)      5  : 0.3743 0.6256 0.0000 0.0000 0.0000
93       93   (0)      5  : 0.2494 0.7504 0.0001 0.0001 0.0001
94       94   (0)      5  : 0.0479 0.9519 0.0000 0.0000 0.0000
95       95   (0)      5  : 0.0001 0.9997 0.0001 0.0001 0.0001
96       96   (0)      5  : 0.0633 0.9365 0.0001 0.0001 0.0001
97       97   (0)      6  : 0.9998 0.0001 0.0001 0.0001 0.0001
98       98   (0)      6  : 0.9998 0.0001 0.0001 0.0001 0.0001
99       99   (0)      6  : 0.9998 0.0001 0.0001 0.0001 0.0001
100      100   (0)      6  : 0.9998 0.0000 0.0000 0.0000 0.0000
101      101   (0)      6  : 0.9998 0.0000 0.0000 0.0000 0.0000
102      102   (0)      6  : 0.9998 0.0000 0.0000 0.0000 0.0000
103      103   (0)      6  : 0.9998 0.0001 0.0001 0.0001 0.0001
104      104   (0)      6  : 0.9998 0.0001 0.0001 0.0001 0.0001
105      105   (0)      6  : 0.4999 0.0001 0.0001 0.4999 0.0001
106      106   (0)      6  : 0.9997 0.0001 0.0001 0.0001 0.0001
107      107   (0)      6  : 0.9998 0.0001 0.0001 0.0001 0.0001
108      108   (0)      6  : 0.9998 0.0001 0.0001 0.0001 0.0001
109      109   (0)      6  : 0.4999 0.0001 0.0001 0.4999 0.0001
110      110   (0)      2  : 0.2065 0.0000 0.7934 0.0000 0.0000
111      111   (0)      2  : 0.2564 0.0001 0.7434 0.0001 0.0001
112      112   (0)      2  : 0.2247 0.0001 0.7751 0.0001 0.0001
113      113   (0)      2  : 0.0001 0.0001 0.9998 0.0001 0.0001
114      114   (0)      2  : 0.1497 0.0001 0.8501 0.0001 0.0001
115      115   (0)      3  : 0.9998 0.0000 0.0000 0.0000 0.0000
