  1        1   (0)      1 :  0.0001 0.0001 0.0001 0.9998 
  2        2   (0)      1 :  0.0001 0.0001 0.0001 0.9998 
  3        3   (0)      1 :  0.0001 0.0001 0.0001 0.9998 
  4        4   (0)      1 :  0.0001 0.0001 0.0001 0.9998 
  5        5   (0)      1 :  0.0001 0.0001 0.0001 0.9998 
  6        6   (0)      1 :  0.0001 0.0001 0.0001 0.9998 
  7        7   (0)      1 :  0.0001 0.0001 0.0001 0.9997 
  8        8   (0)      1 :  0.0001 0.0001 0.0001 0.9998 
  9        9   (0)      1 :  0.0001 0.0001 0.0001 0.9998 
 10       10   (0)      1 :  0.0001 0.0001 0.0001 0.9998 
 11       11   (0)      1 :  0.0001 0.0001 0.0001 0.9998 
 12       12   (0)      1 :  0.0001 0.0001 0.0001 0.9998 
 13       13   (0)      1 :  0.0001 0.0001 0.0001 0.9998 
 14       14   (0)      1 :  0.0001 0.0001 0.0001 0.9998 
 15       15   (0)      1 :  0.0001 0.0001 0.0001 0.9998 
 16       16   (0)      1 :  0.0001 0.0001 0.0001 0.9998 
 17       17   (0)      1 :  0.0001 0.0001 0.0001 0.9997 
 18       18   (0)      2 :  0.0001 0.9998 0.0001 0.0001 
 19       19   (0)      2 :  0.0001 0.9998 0.0001 0.0001 
 20       20   (0)      3 :  0.0001 0.0774 0.0001 0.9225 
 21       21   (0)      3 :  0.0001 0.0656 0.0001 0.9342 
 22       22   (0)      2 :  0.0001 0.9998 0.0001 0.0001 
 23       23   (0)      2 :  0.0001 0.9998 0.0001 0.0001 
 24       24   (0)      2 :  0.0001 0.9998 0.0001 0.0001 
 25       25   (0)      4 :  0.0001 0.0001 0.9193 0.0806 
 26       26   (0)      4 :  0.0001 0.0001 0.9998 0.0001 
 27       27   (0)      4 :  0.0001 0.0001 0.9997 0.0001 
 28       28   (0)      4 :  0.0001 0.0001 0.9998 0.0001 
 29       29   (0)      4 :  0.0001 0.0001 0.9997 0.0001 
 30       30   (0)      4 :  0.0001 0.0001 0.8939 0.1059 
 31       31   (0)      4 :  0.0001 0.0001 0.9998 0.0001 
 32       32   (0)      4 :  0.0001 0.0001 0.9997 0.0001 
 33       33   (0)      4 :  0.0001 0.0001 0.9998 0.0001 
 34       34   (0)      4 :  0.0001 0.0001 0.9117 0.0882 
 35       35   (0)      4 :  0.0001 0.0001 0.8146 0.1853 
 36       36   (0)      4 :  0.0001 0.0001 0.9998 0.0001 
 37       37   (0)      4 :  0.0001 0.0001 0.9998 0.0001 
 38       38   (0)      4 :  0.0001 0.0001 0.9998 0.0001 
 39       39   (0)      4 :  0.0001 0.0001 0.9998 0.0001 
 40       40   (0)      4 :  0.0001 0.0001 0.9998 0.0001 
 41       41   (0)      4 :  0.0001 0.0001 0.9998 0.0001 
 42       42   (0)      4 :  0.0001 0.0001 0.9998 0.0001 
 43       43   (0)      4 :  0.0001 0.0001 0.9998 0.0001 
 44       44   (0)      4 :  0.0001 0.0001 0.9998 0.0001 
 45       45   (0)      4 :  0.0001 0.0001 0.9998 0.0001 
 46       46   (0)      4 :  0.0001 0.0001 0.9998 0.0001 
 47       47   (0)      4 :  0.0001 0.0001 0.9998 0.0001 
 48       48   (0)      4 :  0.0585 0.0001 0.7874 0.1540 
 49       49   (0)      4 :  0.0001 0.0001 0.9998 0.0001 
 50       50   (0)      4 :  0.0001 0.0001 0.9998 0.0001 
 51       51   (0)      1 :  0.0000 0.0001 0.0001 0.9999 
 52       52   (0)      1 :  0.0001 0.0001 0.0001 0.9998 
 53       53   (0)      1 :  0.0001 0.0312 0.0890 0.8797 
 54       54   (0)      1 :  0.0001 0.0238 0.3245 0.6516 
 55       55   (0)      1 :  0.0001 0.0001 0.3490 0.6509 
 56       56   (0)      1 :  0.0001 0.0001 0.4212 0.5786 
 57       57   (0)      1 :  0.0001 0.0001 0.3705 0.6294 
 58       58   (0)      1 :  0.0001 0.0001 0.3593 0.6406 
 59       59   (0)      1 :  0.0001 0.0062 0.0178 0.9760 
 60       60   (0)      1 :  0.0001 0.0001 0.0001 0.9998 
 61       61   (0)      1 :  0.0001 0.0001 0.0001 0.9998 
 62       62   (0)      1 :  0.0001 0.0001 0.1193 0.8805 
 63       63   (0)      1 :  0.0001 0.0001 0.0750 0.9249 
 64       64   (0)      1 :  0.0001 0.0001 0.0001 0.9998 
 65       65   (0)      1 :  0.0001 0.0001 0.0001 0.9998 
 66       66   (0)      1 :  0.0001 0.0001 0.0001 0.9998 
 67       67   (0)      1 :  0.0001 0.0001 0.0001 0.9998 
 68       68   (0)      1 :  0.0001 0.0001 0.0001 0.9997 
 69       69   (0)      1 :  0.0001 0.0001 0.0001 0.9997 
 70       70   (0)      1 :  0.0001 0.0001 0.0001 0.9998 
 71       71   (0)      1 :  0.0001 0.0001 0.0001 0.9998 
 72       72   (0)      1 :  0.0001 0.0001 0.0001 0.9998 
 73       73   (0)      1 :  0.0001 0.0001 0.0001 0.9998 
 74       74   (0)      1 :  0.0001 0.0001 0.0001 0.9998 
 75       75   (0)      1 :  0.0001 0.0001 0.0001 0.9998 
 76       76   (0)      1 :  0.0001 0.0001 0.0001 0.9997 
 77       77   (0)      1 :  0.0001 0.0001 0.0001 0.9998 
 78       78   (0)      1 :  0.0001 0.0001 0.0001 0.9998 
 79       79   (0)      1 :  0.0001 0.0001 0.2010 0.7989 
 80       80   (0)      1 :  0.0001 0.0001 0.0001 0.9998 
 81       81   (0)      1 :  0.0001 0.0001 0.0001 0.9998 
 82       82   (0)      1 :  0.0001 0.0001 0.0001 0.9998 
 83       83   (0)      1 :  0.0294 0.0001 0.0039 0.9666 
 84       84   (0)      1 :  0.0001 0.0001 0.0001 0.9997 
 85       85   (0)      1 :  0.0001 0.0001 0.0001 0.9998 
 86       86   (0)      1 :  0.0001 0.0001 0.0001 0.9998 
 87       87   (0)      5 :  0.2000 0.0001 0.4120 0.3879 
 88       88   (0)      5 :  0.2000 0.0001 0.5142 0.2857 
 89       89   (0)      5 :  0.2000 0.0001 0.3809 0.4190 
 90       90   (0)      5 :  0.1315 0.0001 0.7753 0.0931 
 91       91   (0)      5 :  0.1102 0.0001 0.8442 0.0455 
 92       92   (0)      5 :  0.1238 0.0001 0.4870 0.3891 
 93       93   (0)      5 :  0.2000 0.0001 0.5714 0.2284 
 94       94   (0)      5 :  0.2000 0.0001 0.6110 0.1889 
 95       95   (0)      5 :  0.1048 0.0001 0.8471 0.0481 
 96       96   (0)      5 :  0.2000 0.0001 0.6245 0.1754 
 97       97   (0)      6 :  0.2440 0.0001 0.0001 0.7559 
 98       98   (0)      6 :  0.1040 0.0001 0.0001 0.8959 
 99       99   (0)      6 :  0.0951 0.0001 0.0001 0.9048 
100      100   (0)      6 :  0.0001 0.0001 0.0001 0.9998 
101      101   (0)      6 :  0.0001 0.0001 0.0001 0.9998 
102      102   (0)      6 :  0.0001 0.0001 0.0001 0.9998 
103      103   (0)      6 :  0.2279 0.0001 0.0001 0.7720 
104      104   (0)      6 :  0.4000 0.0001 0.0001 0.5999 
105      105   (0)      6 :  0.4000 0.0001 0.0001 0.5999 
106      106   (0)      6 :  0.3999 0.0001 0.0001 0.5999 
107      107   (0)      6 :  0.4000 0.0001 0.0001 0.5999 
108      108   (0)      6 :  0.4000 0.0001 0.0001 0.5999 
109      109   (0)      6 :  0.4000 0.0001 0.0001 0.5999 
110      110   (0)      2 :  0.0001 0.9184 0.0001 0.0814 
111      111   (0)      2 :  0.0001 0.9998 0.0001 0.0001 
112      112   (0)      2 :  0.0001 0.9790 0.0001 0.0208 
113      113   (0)      2 :  0.0001 0.9998 0.0001 0.0001 
114      114   (0)      2 :  0.0001 0.9998 0.0001 0.0001 
115      115   (0)      3 :  0.0001 0.1449 0.0001 0.8550 
