1        1   (0)      1  : 0.9996 0.0004
2        2   (0)      1  : 0.9997 0.0003
3        3   (0)      1  : 0.9994 0.0006
4        4   (0)      1  : 0.9996 0.0004
5        5   (0)      1  : 0.9996 0.0004
6        6   (0)      1  : 0.9996 0.0004
7        7   (0)      1  : 0.9996 0.0004
8        8   (0)      1  : 0.9998 0.0002
9        9   (0)      1  : 0.9998 0.0002
10       10   (0)      1  : 0.9997 0.0003
11       11   (0)      1  : 0.9996 0.0004
12       12   (0)      1  : 0.9997 0.0003
13       13   (0)      1  : 0.9997 0.0003
14       14   (0)      1  : 0.9997 0.0003
15       15   (0)      1  : 0.9997 0.0003
16       16   (0)      1  : 0.9997 0.0003
17       17   (0)      1  : 0.9996 0.0004
18       18   (0)      2  : 0.3679 0.6321
19       19   (0)      2  : 0.4259 0.5741
20       20   (0)      3  : 0.9997 0.0003
21       21   (0)      3  : 0.9996 0.0004
22       22   (0)      2  : 0.4307 0.5693
23       23   (0)      2  : 0.3406 0.6594
24       24   (0)      2  : 0.3931 0.6069
25       25   (0)      4  : 0.1057 0.8943
26       26   (0)      4  : 0.0003 0.9997
27       27   (0)      4  : 0.0005 0.9995
28       28   (0)      4  : 0.0004 0.9996
29       29   (0)      4  : 0.0006 0.9994
30       30   (0)      4  : 0.0821 0.9179
31       31   (0)      4  : 0.0004 0.9996
32       32   (0)      4  : 0.0020 0.9980
33       33   (0)      4  : 0.0004 0.9996
34       34   (0)      4  : 0.0011 0.9989
35       35   (0)      4  : 0.1014 0.8986
36       36   (0)      4  : 0.0003 0.9997
37       37   (0)      4  : 0.0003 0.9997
38       38   (0)      4  : 0.0003 0.9997
39       39   (0)      4  : 0.0003 0.9997
40       40   (0)      4  : 0.0002 0.9998
41       41   (0)      4  : 0.0004 0.9996
42       42   (0)      4  : 0.0004 0.9996
43       43   (0)      4  : 0.0004 0.9996
44       44   (0)      4  : 0.0005 0.9995
45       45   (0)      4  : 0.0004 0.9996
46       46   (0)      4  : 0.0006 0.9994
47       47   (0)      4  : 0.0004 0.9996
48       48   (0)      4  : 0.1610 0.8390
49       49   (0)      4  : 0.0004 0.9996
50       50   (0)      4  : 0.0004 0.9996
51       51   (0)      1  : 0.9997 0.0003
52       52   (0)      1  : 0.9997 0.0003
53       53   (0)      1  : 0.8360 0.1640
54       54   (0)      1  : 0.4011 0.5989
55       55   (0)      1  : 0.6267 0.3733
56       56   (0)      1  : 0.3999 0.6001
57       57   (0)      1  : 0.4409 0.5591
58       58   (0)      1  : 0.5325 0.4675
59       59   (0)      1  : 0.9810 0.0190
60       60   (0)      1  : 0.9997 0.0003
61       61   (0)      1  : 0.9998 0.0002
62       62   (0)      1  : 0.8133 0.1867
63       63   (0)      1  : 0.8758 0.1242
64       64   (0)      1  : 0.9997 0.0003
65       65   (0)      1  : 0.9997 0.0003
66       66   (0)      1  : 0.9996 0.0004
67       67   (0)      1  : 0.9997 0.0003
68       68   (0)      1  : 0.9996 0.0004
69       69   (0)      1  : 0.9996 0.0004
70       70   (0)      1  : 0.9997 0.0003
71       71   (0)      1  : 0.9997 0.0003
72       72   (0)      1  : 0.9996 0.0004
73       73   (0)      1  : 0.9997 0.0003
74       74   (0)      1  : 0.9998 0.0002
75       75   (0)      1  : 0.9998 0.0002
76       76   (0)      1  : 0.9995 0.0005
77       77   (0)      1  : 0.9996 0.0004
78       78   (0)      1  : 0.9996 0.0004
79       79   (0)      1  : 0.6355 0.3645
80       80   (0)      1  : 0.9998 0.0002
81       81   (0)      1  : 0.9997 0.0003
82       82   (0)      1  : 0.9997 0.0003
83       83   (0)      1  : 0.9983 0.0017
84       84   (0)      1  : 0.9992 0.0008
85       85   (0)      1  : 0.9998 0.0002
86       86   (0)      1  : 0.9998 0.0002
87       87   (0)      5  : 0.5149 0.4851
88       88   (0)      5  : 0.3388 0.6612
89       89   (0)      5  : 0.4777 0.5223
90       90   (0)      5  : 0.0924 0.9076
91       91   (0)      5  : 0.0599 0.9401
92       92   (0)      5  : 0.3897 0.6103
93       93   (0)      5  : 0.2319 0.7681
94       94   (0)      5  : 0.1979 0.8021
95       95   (0)      5  : 0.0727 0.9273
96       96   (0)      5  : 0.1308 0.8692
97       97   (0)      6  : 0.9997 0.0003
98       98   (0)      6  : 0.9997 0.0003
99       99   (0)      6  : 0.9997 0.0003
100      100   (0)      6  : 0.9998 0.0002
101      101   (0)      6  : 0.9998 0.0002
102      102   (0)      6  : 0.9998 0.0002
103      103   (0)      6  : 0.9997 0.0003
104      104   (0)      6  : 0.9996 0.0004
105      105   (0)      6  : 0.9996 0.0004
106      106   (0)      6  : 0.9996 0.0004
107      107   (0)      6  : 0.9996 0.0004
108      108   (0)      6  : 0.9996 0.0004
109      109   (0)      6  : 0.9995 0.0005
110      110   (0)      2  : 0.4176 0.5824
111      111   (0)      2  : 0.5071 0.4929
112      112   (0)      2  : 0.5031 0.4969
113      113   (0)      2  : 0.4173 0.5827
114      114   (0)      2  : 0.4807 0.5193
115      115   (0)      3  : 0.9997 0.0003
