  1        1   (0)      1 :  0.0001 0.0001 0.9998 
  2        2   (0)      1 :  0.0001 0.0001 0.9998 
  3        3   (0)      1 :  0.0001 0.0001 0.9998 
  4        4   (0)      1 :  0.0001 0.0001 0.9998 
  5        5   (0)      1 :  0.0001 0.0001 0.9998 
  6        6   (0)      1 :  0.0001 0.0001 0.9998 
  7        7   (0)      1 :  0.0001 0.0001 0.9997 
  8        8   (0)      1 :  0.0001 0.0001 0.9998 
  9        9   (0)      1 :  0.0001 0.0001 0.9998 
 10       10   (0)      1 :  0.0001 0.0001 0.9998 
 11       11   (0)      1 :  0.0001 0.0001 0.9998 
 12       12   (0)      1 :  0.0001 0.0001 0.9998 
 13       13   (0)      1 :  0.0001 0.0001 0.9998 
 14       14   (0)      1 :  0.0001 0.0001 0.9998 
 15       15   (0)      1 :  0.0001 0.0001 0.9998 
 16       16   (0)      1 :  0.0001 0.0001 0.9998 
 17       17   (0)      1 :  0.0001 0.0001 0.9997 
 18       18   (0)      2 :  0.0001 0.5999 0.4000 
 19       19   (0)      2 :  0.0001 0.5999 0.4000 
 20       20   (0)      3 :  0.0001 0.0166 0.9833 
 21       21   (0)      3 :  0.0001 0.0001 0.9998 
 22       22   (0)      2 :  0.0001 0.5999 0.4000 
 23       23   (0)      2 :  0.0001 0.5999 0.4000 
 24       24   (0)      2 :  0.0001 0.5999 0.4000 
 25       25   (0)      4 :  0.9998 0.0001 0.0001 
 26       26   (0)      4 :  0.9998 0.0001 0.0001 
 27       27   (0)      4 :  0.9997 0.0001 0.0001 
 28       28   (0)      4 :  0.9998 0.0001 0.0001 
 29       29   (0)      4 :  0.9997 0.0001 0.0001 
 30       30   (0)      4 :  0.9171 0.0002 0.0828 
 31       31   (0)      4 :  0.9997 0.0001 0.0001 
 32       32   (0)      4 :  0.9997 0.0001 0.0001 
 33       33   (0)      4 :  0.9998 0.0001 0.0001 
 34       34   (0)      4 :  0.9998 0.0001 0.0001 
 35       35   (0)      4 :  0.9543 0.0001 0.0456 
 36       36   (0)      4 :  0.9998 0.0001 0.0001 
 37       37   (0)      4 :  0.9998 0.0001 0.0001 
 38       38   (0)      4 :  0.9998 0.0001 0.0001 
 39       39   (0)      4 :  0.9998 0.0001 0.0001 
 40       40   (0)      4 :  0.9998 0.0001 0.0001 
 41       41   (0)      4 :  0.9998 0.0001 0.0001 
 42       42   (0)      4 :  0.9998 0.0001 0.0001 
 43       43   (0)      4 :  0.9998 0.0001 0.0001 
 44       44   (0)      4 :  0.9998 0.0001 0.0001 
 45       45   (0)      4 :  0.9998 0.0001 0.0001 
 46       46   (0)      4 :  0.9917 0.0001 0.0082 
 47       47   (0)      4 :  0.9998 0.0001 0.0001 
 48       48   (0)      4 :  0.9290 0.0001 0.0709 
 49       49   (0)      4 :  0.9998 0.0001 0.0001 
 50       50   (0)      4 :  0.9998 0.0001 0.0001 
 51       51   (0)      1 :  0.0001 0.0001 0.9998 
 52       52   (0)      1 :  0.0001 0.0001 0.9998 
 53       53   (0)      1 :  0.0894 0.0001 0.9105 
 54       54   (0)      1 :  0.4088 0.0291 0.5622 
 55       55   (0)      1 :  0.3343 0.0001 0.6656 
 56       56   (0)      1 :  0.5545 0.0001 0.4454 
 57       57   (0)      1 :  0.3831 0.0001 0.6169 
 58       58   (0)      1 :  0.3884 0.0001 0.6114 
 59       59   (0)      1 :  0.0001 0.0001 0.9998 
 60       60   (0)      1 :  0.0001 0.0001 0.9998 
 61       61   (0)      1 :  0.0001 0.0001 0.9998 
 62       62   (0)      1 :  0.0242 0.0001 0.9757 
 63       63   (0)      1 :  0.0485 0.0001 0.9514 
 64       64   (0)      1 :  0.0001 0.0001 0.9998 
 65       65   (0)      1 :  0.0001 0.0001 0.9998 
 66       66   (0)      1 :  0.0001 0.0001 0.9997 
 67       67   (0)      1 :  0.0001 0.0001 0.9998 
 68       68   (0)      1 :  0.0001 0.0001 0.9997 
 69       69   (0)      1 :  0.0001 0.0001 0.9997 
 70       70   (0)      1 :  0.0001 0.0001 0.9998 
 71       71   (0)      1 :  0.0001 0.0001 0.9998 
 72       72   (0)      1 :  0.0001 0.0001 0.9998 
 73       73   (0)      1 :  0.0001 0.0001 0.9998 
 74       74   (0)      1 :  0.0001 0.0001 0.9998 
 75       75   (0)      1 :  0.0001 0.0001 0.9998 
 76       76   (0)      1 :  0.0002 0.0001 0.9997 
 77       77   (0)      1 :  0.0001 0.0001 0.9998 
 78       78   (0)      1 :  0.0001 0.0001 0.9998 
 79       79   (0)      1 :  0.1841 0.0001 0.8158 
 80       80   (0)      1 :  0.0001 0.0001 0.9998 
 81       81   (0)      1 :  0.0001 0.0001 0.9998 
 82       82   (0)      1 :  0.0001 0.0001 0.9998 
 83       83   (0)      1 :  0.0001 0.0001 0.9998 
 84       84   (0)      1 :  0.0034 0.0002 0.9964 
 85       85   (0)      1 :  0.0001 0.0001 0.9998 
 86       86   (0)      1 :  0.0001 0.0001 0.9998 
 87       87   (0)      5 :  0.7353 0.0001 0.2646 
 88       88   (0)      5 :  0.6890 0.0001 0.3109 
 89       89   (0)      5 :  0.5746 0.0001 0.4253 
 90       90   (0)      5 :  0.8611 0.0001 0.1388 
 91       91   (0)      5 :  0.9849 0.0001 0.0150 
 92       92   (0)      5 :  0.6461 0.0001 0.3538 
 93       93   (0)      5 :  0.8282 0.0001 0.1717 
 94       94   (0)      5 :  0.7879 0.0001 0.2120 
 95       95   (0)      5 :  0.9997 0.0001 0.0001 
 96       96   (0)      5 :  0.8923 0.0001 0.1076 
 97       97   (0)      6 :  0.0001 0.0001 0.9998 
 98       98   (0)      6 :  0.0001 0.0001 0.9998 
 99       99   (0)      6 :  0.0001 0.0001 0.9998 
100      100   (0)      6 :  0.0001 0.0001 0.9998 
101      101   (0)      6 :  0.0001 0.0001 0.9998 
102      102   (0)      6 :  0.0001 0.0001 0.9998 
103      103   (0)      6 :  0.0001 0.0001 0.9998 
104      104   (0)      6 :  0.0001 0.0001 0.9998 
105      105   (0)      6 :  0.0001 0.0001 0.9998 
106      106   (0)      6 :  0.0001 0.0001 0.9998 
107      107   (0)      6 :  0.0001 0.0001 0.9998 
108      108   (0)      6 :  0.0001 0.0001 0.9998 
109      109   (0)      6 :  0.0001 0.0001 0.9998 
110      110   (0)      2 :  0.0007 0.5702 0.4290 
111      111   (0)      2 :  0.0001 0.5999 0.4000 
112      112   (0)      2 :  0.0001 0.5999 0.4000 
113      113   (0)      2 :  0.0001 0.5999 0.4000 
114      114   (0)      2 :  0.0001 0.4997 0.5002 
115      115   (0)      3 :  0.0001 0.0398 0.9601 
