1        1   (0)      1  : 0.9998 0.0001 0.0001 0.0001 0.0001
2        2   (0)      1  : 0.9998 0.0001 0.0001 0.0001 0.0001
3        3   (0)      1  : 0.9781 0.0001 0.0001 0.0217 0.0001
4        4   (0)      1  : 0.9998 0.0001 0.0001 0.0001 0.0001
5        5   (0)      1  : 0.9997 0.0001 0.0001 0.0001 0.0001
6        6   (0)      1  : 0.9998 0.0001 0.0001 0.0001 0.0001
7        7   (0)      1  : 0.9997 0.0001 0.0001 0.0001 0.0001
8        8   (0)      1  : 0.9998 0.0000 0.0000 0.0000 0.0000
9        9   (0)      1  : 0.9998 0.0000 0.0000 0.0000 0.0000
10       10   (0)      1  : 0.9998 0.0001 0.0001 0.0001 0.0001
11       11   (0)      1  : 0.9998 0.0001 0.0001 0.0001 0.0001
12       12   (0)      1  : 0.9998 0.0000 0.0000 0.0000 0.0000
13       13   (0)      1  : 0.9998 0.0001 0.0001 0.0001 0.0001
14       14   (0)      1  : 0.9998 0.0001 0.0001 0.0001 0.0001
15       15   (0)      1  : 0.9998 0.0001 0.0001 0.0001 0.0001
16       16   (0)      1  : 0.9998 0.0001 0.0001 0.0001 0.0001
17       17   (0)      1  : 0.9997 0.0001 0.0001 0.0001 0.0001
18       18   (0)      2  : 0.0000 0.0000 0.9998 0.0000 0.0000
19       19   (0)      2  : 0.0001 0.0001 0.9998 0.0001 0.0001
20       20   (0)      3  : 0.9998 0.0000 0.0000 0.0000 0.0000
21       21   (0)      3  : 0.9998 0.0000 0.0000 0.0000 0.0000
22       22   (0)      2  : 0.0001 0.0001 0.9998 0.0001 0.0001
23       23   (0)      2  : 0.0000 0.0000 0.9998 0.0000 0.0000
24       24   (0)      2  : 0.0000 0.0000 0.9998 0.0000 0.0000
25       25   (0)      4  : 0.0333 0.9665 0.0001 0.0001 0.0001
26       26   (0)      4  : 0.0000 0.9998 0.0000 0.0000 0.0000
27       27   (0)      4  : 0.0001 0.9997 0.0001 0.0001 0.0001
28       28   (0)      4  : 0.0001 0.9998 0.0001 0.0001 0.0001
29       29   (0)      4  : 0.0001 0.9997 0.0001 0.0001 0.0001
30       30   (0)      4  : 0.0714 0.9283 0.0001 0.0001 0.0001
31       31   (0)      4  : 0.0001 0.9997 0.0001 0.0001 0.0001
32       32   (0)      4  : 0.0001 0.9997 0.0001 0.0001 0.0001
33       33   (0)      4  : 0.0001 0.9998 0.0001 0.0001 0.0001
34       34   (0)      4  : 0.0000 0.9998 0.0000 0.0000 0.0000
35       35   (0)      4  : 0.0344 0.9655 0.0000 0.0000 0.0000
36       36   (0)      4  : 0.0000 0.9998 0.0000 0.0000 0.0000
37       37   (0)      4  : 0.0000 0.6666 0.0000 0.0000 0.3333
38       38   (0)      4  : 0.0001 0.9998 0.0001 0.0001 0.0001
39       39   (0)      4  : 0.0000 0.9998 0.0000 0.0000 0.0000
40       40   (0)      4  : 0.0000 0.6666 0.0000 0.0000 0.3333
41       41   (0)      4  : 0.0001 0.9998 0.0001 0.0001 0.0001
42       42   (0)      4  : 0.0001 0.9998 0.0001 0.0001 0.0001
43       43   (0)      4  : 0.0001 0.9998 0.0001 0.0001 0.0001
44       44   (0)      4  : 0.0001 0.9998 0.0001 0.0001 0.0001
45       45   (0)      4  : 0.0001 0.9998 0.0001 0.0001 0.0001
46       46   (0)      4  : 0.0001 0.9998 0.0001 0.0001 0.0001
47       47   (0)      4  : 0.0001 0.9998 0.0001 0.0001 0.0001
48       48   (0)      4  : 0.1233 0.8766 0.0001 0.0001 0.0001
49       49   (0)      4  : 0.0001 0.9998 0.0001 0.0001 0.0001
50       50   (0)      4  : 0.0001 0.9998 0.0001 0.0001 0.0001
51       51   (0)      1  : 0.9998 0.0000 0.0000 0.0000 0.0000
52       52   (0)      1  : 0.9998 0.0000 0.0000 0.0000 0.0000
53       53   (0)      1  : 0.9187 0.0221 0.0232 0.0001 0.0359
54       54   (0)      1  : 0.5336 0.3654 0.0000 0.0000 0.1009
55       55   (0)      1  : 0.7438 0.2080 0.0001 0.0001 0.0481
56       56   (0)      1  : 0.5273 0.3763 0.0000 0.0000 0.0963
57       57   (0)      1  : 0.5775 0.3416 0.0000 0.0000 0.0809
58       58   (0)      1  : 0.6549 0.2834 0.0001 0.0001 0.0616
59       59   (0)      1  : 0.9998 0.0001 0.0001 0.0001 0.0001
60       60   (0)      1  : 0.9998 0.0001 0.0001 0.0001 0.0001
61       61   (0)      1  : 0.9998 0.0000 0.0000 0.0000 0.0000
62       62   (0)      1  : 0.9421 0.0577 0.0001 0.0001 0.0001
63       63   (0)      1  : 0.9646 0.0353 0.0001 0.0001 0.0001
64       64   (0)      1  : 0.9998 0.0001 0.0001 0.0001 0.0001
65       65   (0)      1  : 0.9998 0.0001 0.0001 0.0001 0.0001
66       66   (0)      1  : 0.9997 0.0001 0.0001 0.0001 0.0001
67       67   (0)      1  : 0.9998 0.0001 0.0001 0.0001 0.0001
68       68   (0)      1  : 0.9997 0.0001 0.0001 0.0001 0.0001
69       69   (0)      1  : 0.9997 0.0001 0.0001 0.0001 0.0001
70       70   (0)      1  : 0.9998 0.0001 0.0001 0.0001 0.0001
71       71   (0)      1  : 0.9997 0.0001 0.0001 0.0001 0.0001
72       72   (0)      1  : 0.9998 0.0001 0.0001 0.0001 0.0001
73       73   (0)      1  : 0.9998 0.0001 0.0001 0.0001 0.0001
74       74   (0)      1  : 0.9998 0.0000 0.0000 0.0000 0.0000
75       75   (0)      1  : 0.9998 0.0000 0.0000 0.0000 0.0000
76       76   (0)      1  : 0.9997 0.0001 0.0001 0.0001 0.0001
77       77   (0)      1  : 0.9998 0.0001 0.0001 0.0001 0.0001
78       78   (0)      1  : 0.9998 0.0001 0.0001 0.0001 0.0001
79       79   (0)      1  : 0.7352 0.2086 0.0001 0.0001 0.0561
80       80   (0)      1  : 0.9998 0.0000 0.0000 0.0000 0.0000
81       81   (0)      1  : 0.9998 0.0000 0.0000 0.0000 0.0000
82       82   (0)      1  : 0.9998 0.0000 0.0000 0.0000 0.0000
83       83   (0)      1  : 0.8563 0.0001 0.0001 0.1436 0.0001
84       84   (0)      1  : 0.9997 0.0001 0.0001 0.0001 0.0001
85       85   (0)      1  : 0.9998 0.0000 0.0000 0.0000 0.0000
86       86   (0)      1  : 0.9998 0.0000 0.0000 0.0000 0.0000
87       87   (0)      5  : 0.5245 0.4753 0.0001 0.0001 0.0001
88       88   (0)      5  : 0.3245 0.6754 0.0001 0.0001 0.0001
89       89   (0)      5  : 0.4638 0.5360 0.0000 0.0000 0.0000
90       90   (0)      5  : 0.0001 0.9998 0.0001 0.0001 0.0001
91       91   (0)      5  : 0.0465 0.9533 0.0001 0.0001 0.0001
92       92   (0)      5  : 0.3763 0.6235 0.0000 0.0000 0.0000
93       93   (0)      5  : 0.1564 0.8301 0.0001 0.0134 0.0001
94       94   (0)      5  : 0.1165 0.8834 0.0000 0.0000 0.0000
95       95   (0)      5  : 0.0652 0.9346 0.0001 0.0001 0.0001
96       96   (0)      5  : 0.1186 0.8812 0.0001 0.0001 0.0001
97       97   (0)      6  : 0.0001 0.0001 0.0001 0.9998 0.0001
98       98   (0)      6  : 0.0001 0.0001 0.0001 0.9998 0.0001
99       99   (0)      6  : 0.0001 0.0001 0.0001 0.9998 0.0001
100      100   (0)      6  : 0.3285 0.0000 0.0000 0.6714 0.0000
101      101   (0)      6  : 0.3333 0.0000 0.0000 0.6666 0.0000
102      102   (0)      6  : 0.3333 0.0000 0.0000 0.6666 0.0000
103      103   (0)      6  : 0.0001 0.0001 0.0001 0.9998 0.0001
104      104   (0)      6  : 0.0001 0.0001 0.0001 0.9998 0.0001
105      105   (0)      6  : 0.0001 0.0001 0.0001 0.9998 0.0001
106      106   (0)      6  : 0.0001 0.0001 0.0001 0.9997 0.0001
107      107   (0)      6  : 0.0001 0.0001 0.0001 0.9998 0.0001
108      108   (0)      6  : 0.0001 0.0001 0.0001 0.9998 0.0001
109      109   (0)      6  : 0.0001 0.0001 0.0001 0.9998 0.0001
110      110   (0)      2  : 0.0000 0.0000 0.9998 0.0000 0.0000
111      111   (0)      2  : 0.0001 0.0001 0.9998 0.0001 0.0001
112      112   (0)      2  : 0.0001 0.0001 0.9998 0.0001 0.0001
113      113   (0)      2  : 0.0001 0.0001 0.9998 0.0001 0.0001
114      114   (0)      2  : 0.0001 0.0001 0.9998 0.0001 0.0001
115      115   (0)      3  : 0.9998 0.0000 0.0000 0.0000 0.0000
