  1        1   (0)      1 :  0.2000 0.7998 0.0001 
  2        2   (0)      1 :  0.2000 0.7998 0.0001 
  3        3   (0)      1 :  0.2000 0.7998 0.0001 
  4        4   (0)      1 :  0.2000 0.7998 0.0001 
  5        5   (0)      1 :  0.2000 0.7998 0.0001 
  6        6   (0)      1 :  0.2000 0.7998 0.0001 
  7        7   (0)      1 :  0.0001 0.9997 0.0001 
  8        8   (0)      1 :  0.0001 0.9998 0.0001 
  9        9   (0)      1 :  0.0001 0.9998 0.0001 
 10       10   (0)      1 :  0.0001 0.9998 0.0001 
 11       11   (0)      1 :  0.0001 0.9998 0.0001 
 12       12   (0)      1 :  0.0001 0.9998 0.0001 
 13       13   (0)      1 :  0.0001 0.9998 0.0001 
 14       14   (0)      1 :  0.0001 0.9998 0.0001 
 15       15   (0)      1 :  0.0001 0.9998 0.0001 
 16       16   (0)      1 :  0.0001 0.9998 0.0001 
 17       17   (0)      1 :  0.0001 0.9997 0.0001 
 18       18   (0)      2 :  0.5999 0.0517 0.3484 
 19       19   (0)      2 :  0.5999 0.1006 0.2995 
 20       20   (0)      3 :  0.2286 0.7713 0.0001 
 21       21   (0)      3 :  0.2266 0.7733 0.0001 
 22       22   (0)      2 :  0.6128 0.0488 0.3384 
 23       23   (0)      2 :  0.5999 0.0437 0.3564 
 24       24   (0)      2 :  0.5999 0.0677 0.3324 
 25       25   (0)      4 :  0.0001 0.0552 0.9447 
 26       26   (0)      4 :  0.0001 0.0001 0.9998 
 27       27   (0)      4 :  0.0001 0.0001 0.9997 
 28       28   (0)      4 :  0.0001 0.0001 0.9998 
 29       29   (0)      4 :  0.0001 0.0001 0.9997 
 30       30   (0)      4 :  0.0002 0.0836 0.9162 
 31       31   (0)      4 :  0.0001 0.0001 0.9997 
 32       32   (0)      4 :  0.0001 0.0001 0.9997 
 33       33   (0)      4 :  0.0001 0.0001 0.9998 
 34       34   (0)      4 :  0.0001 0.0001 0.9998 
 35       35   (0)      4 :  0.0001 0.0372 0.9627 
 36       36   (0)      4 :  0.0001 0.0001 0.9998 
 37       37   (0)      4 :  0.0001 0.0001 0.9998 
 38       38   (0)      4 :  0.0001 0.0001 0.9998 
 39       39   (0)      4 :  0.0001 0.0001 0.9998 
 40       40   (0)      4 :  0.0001 0.0001 0.9998 
 41       41   (0)      4 :  0.0001 0.0001 0.9998 
 42       42   (0)      4 :  0.0001 0.0001 0.9998 
 43       43   (0)      4 :  0.0001 0.0001 0.9998 
 44       44   (0)      4 :  0.0001 0.0001 0.9998 
 45       45   (0)      4 :  0.0001 0.0001 0.9998 
 46       46   (0)      4 :  0.0001 0.0001 0.9998 
 47       47   (0)      4 :  0.0001 0.0001 0.9998 
 48       48   (0)      4 :  0.0001 0.0527 0.9472 
 49       49   (0)      4 :  0.0001 0.0001 0.9998 
 50       50   (0)      4 :  0.0001 0.0001 0.9998 
 51       51   (0)      1 :  0.2000 0.7999 0.0001 
 52       52   (0)      1 :  0.1710 0.8289 0.0001 
 53       53   (0)      1 :  0.0001 0.7493 0.2506 
 54       54   (0)      1 :  0.0001 0.5234 0.4765 
 55       55   (0)      1 :  0.0001 0.7266 0.2732 
 56       56   (0)      1 :  0.0001 0.5706 0.4293 
 57       57   (0)      1 :  0.0001 0.5914 0.4085 
 58       58   (0)      1 :  0.0228 0.6445 0.3327 
 59       59   (0)      1 :  0.0001 0.9796 0.0203 
 60       60   (0)      1 :  0.0001 0.9998 0.0001 
 61       61   (0)      1 :  0.0001 0.9998 0.0001 
 62       62   (0)      1 :  0.0001 0.9050 0.0949 
 63       63   (0)      1 :  0.0001 0.9263 0.0736 
 64       64   (0)      1 :  0.0001 0.9998 0.0001 
 65       65   (0)      1 :  0.0001 0.9998 0.0001 
 66       66   (0)      1 :  0.0001 0.9997 0.0001 
 67       67   (0)      1 :  0.0001 0.9998 0.0001 
 68       68   (0)      1 :  0.0001 0.9997 0.0001 
 69       69   (0)      1 :  0.0001 0.9997 0.0001 
 70       70   (0)      1 :  0.0001 0.9998 0.0001 
 71       71   (0)      1 :  0.0001 0.9998 0.0001 
 72       72   (0)      1 :  0.0001 0.9998 0.0001 
 73       73   (0)      1 :  0.0001 0.9998 0.0001 
 74       74   (0)      1 :  0.0001 0.9998 0.0001 
 75       75   (0)      1 :  0.0001 0.9998 0.0001 
 76       76   (0)      1 :  0.0002 0.9997 0.0002 
 77       77   (0)      1 :  0.0001 0.9998 0.0001 
 78       78   (0)      1 :  0.0001 0.9998 0.0001 
 79       79   (0)      1 :  0.0001 0.7686 0.2313 
 80       80   (0)      1 :  0.1195 0.8805 0.0001 
 81       81   (0)      1 :  0.2000 0.7999 0.0001 
 82       82   (0)      1 :  0.1451 0.8549 0.0001 
 83       83   (0)      1 :  0.2000 0.7998 0.0001 
 84       84   (0)      1 :  0.1231 0.8373 0.0397 
 85       85   (0)      1 :  0.0001 0.9998 0.0001 
 86       86   (0)      1 :  0.1574 0.8425 0.0001 
 87       87   (0)      5 :  0.0172 0.2545 0.7283 
 88       88   (0)      5 :  0.0126 0.2227 0.7647 
 89       89   (0)      5 :  0.0393 0.3387 0.6220 
 90       90   (0)      5 :  0.0001 0.0814 0.9185 
 91       91   (0)      5 :  0.0001 0.0007 0.9991 
 92       92   (0)      5 :  0.0195 0.2383 0.7423 
 93       93   (0)      5 :  0.0106 0.1521 0.8373 
 94       94   (0)      5 :  0.0005 0.1391 0.8604 
 95       95   (0)      5 :  0.0001 0.0171 0.9827 
 96       96   (0)      5 :  0.0001 0.1368 0.8631 
 97       97   (0)      6 :  0.2000 0.7998 0.0001 
 98       98   (0)      6 :  0.2000 0.7999 0.0001 
 99       99   (0)      6 :  0.2000 0.7999 0.0001 
100      100   (0)      6 :  0.2000 0.7999 0.0001 
101      101   (0)      6 :  0.2000 0.7999 0.0001 
102      102   (0)      6 :  0.2000 0.7999 0.0001 
103      103   (0)      6 :  0.2000 0.7998 0.0001 
104      104   (0)      6 :  0.2000 0.7998 0.0001 
105      105   (0)      6 :  0.2000 0.7998 0.0001 
106      106   (0)      6 :  0.2000 0.7998 0.0001 
107      107   (0)      6 :  0.2000 0.7998 0.0001 
108      108   (0)      6 :  0.2000 0.7998 0.0001 
109      109   (0)      6 :  0.2000 0.7998 0.0001 
110      110   (0)      2 :  0.5674 0.1343 0.2983 
111      111   (0)      2 :  0.5999 0.0550 0.3451 
112      112   (0)      2 :  0.6017 0.0878 0.3105 
113      113   (0)      2 :  0.5999 0.0862 0.3139 
114      114   (0)      2 :  0.6300 0.0720 0.2980 
115      115   (0)      3 :  0.2424 0.7575 0.0001 
