1        1   (0)      1  : 0.9996 0.0004
2        2   (0)      1  : 0.9997 0.0003
3        3   (0)      1  : 0.9996 0.0004
4        4   (0)      1  : 0.9996 0.0004
5        5   (0)      1  : 0.9996 0.0004
6        6   (0)      1  : 0.9996 0.0004
7        7   (0)      1  : 0.9996 0.0004
8        8   (0)      1  : 0.9998 0.0002
9        9   (0)      1  : 0.9998 0.0002
10       10   (0)      1  : 0.9997 0.0003
11       11   (0)      1  : 0.9997 0.0003
12       12   (0)      1  : 0.9998 0.0002
13       13   (0)      1  : 0.9997 0.0003
14       14   (0)      1  : 0.9997 0.0003
15       15   (0)      1  : 0.9996 0.0004
16       16   (0)      1  : 0.9996 0.0004
17       17   (0)      1  : 0.9996 0.0004
18       18   (0)      2  : 0.4116 0.5884
19       19   (0)      2  : 0.3738 0.6262
20       20   (0)      3  : 0.9996 0.0004
21       21   (0)      3  : 0.9996 0.0004
22       22   (0)      2  : 0.3559 0.6441
23       23   (0)      2  : 0.3894 0.6106
24       24   (0)      2  : 0.3628 0.6372
25       25   (0)      4  : 0.0435 0.9565
26       26   (0)      4  : 0.0003 0.9997
27       27   (0)      4  : 0.0005 0.9995
28       28   (0)      4  : 0.0004 0.9996
29       29   (0)      4  : 0.0006 0.9994
30       30   (0)      4  : 0.0693 0.9307
31       31   (0)      4  : 0.0004 0.9996
32       32   (0)      4  : 0.0006 0.9994
33       33   (0)      4  : 0.0004 0.9996
34       34   (0)      4  : 0.0124 0.9876
35       35   (0)      4  : 0.0912 0.9088
36       36   (0)      4  : 0.0003 0.9997
37       37   (0)      4  : 0.0003 0.9997
38       38   (0)      4  : 0.0003 0.9997
39       39   (0)      4  : 0.0003 0.9997
40       40   (0)      4  : 0.0003 0.9997
41       41   (0)      4  : 0.0004 0.9996
42       42   (0)      4  : 0.0004 0.9996
43       43   (0)      4  : 0.0005 0.9995
44       44   (0)      4  : 0.0005 0.9995
45       45   (0)      4  : 0.0004 0.9996
46       46   (0)      4  : 0.0006 0.9994
47       47   (0)      4  : 0.0004 0.9996
48       48   (0)      4  : 0.1117 0.8883
49       49   (0)      4  : 0.0004 0.9996
50       50   (0)      4  : 0.0003 0.9997
51       51   (0)      1  : 0.9997 0.0003
52       52   (0)      1  : 0.9997 0.0003
53       53   (0)      1  : 0.7798 0.2202
54       54   (0)      1  : 0.3933 0.6067
55       55   (0)      1  : 0.5384 0.4616
56       56   (0)      1  : 0.3944 0.6056
57       57   (0)      1  : 0.4573 0.5427
58       58   (0)      1  : 0.5337 0.4663
59       59   (0)      1  : 0.9545 0.0455
60       60   (0)      1  : 0.9996 0.0004
61       61   (0)      1  : 0.9998 0.0002
62       62   (0)      1  : 0.7810 0.2190
63       63   (0)      1  : 0.8644 0.1356
64       64   (0)      1  : 0.9997 0.0003
65       65   (0)      1  : 0.9997 0.0003
66       66   (0)      1  : 0.9997 0.0003
67       67   (0)      1  : 0.9997 0.0003
68       68   (0)      1  : 0.9996 0.0004
69       69   (0)      1  : 0.9996 0.0004
70       70   (0)      1  : 0.9997 0.0003
71       71   (0)      1  : 0.9996 0.0004
72       72   (0)      1  : 0.9996 0.0004
73       73   (0)      1  : 0.9996 0.0004
74       74   (0)      1  : 0.9998 0.0002
75       75   (0)      1  : 0.9998 0.0002
76       76   (0)      1  : 0.9995 0.0005
77       77   (0)      1  : 0.9996 0.0004
78       78   (0)      1  : 0.9996 0.0004
79       79   (0)      1  : 0.6843 0.3157
80       80   (0)      1  : 0.9998 0.0002
81       81   (0)      1  : 0.9997 0.0003
82       82   (0)      1  : 0.9997 0.0003
83       83   (0)      1  : 0.9791 0.0209
84       84   (0)      1  : 0.9872 0.0128
85       85   (0)      1  : 0.9998 0.0002
86       86   (0)      1  : 0.9998 0.0002
87       87   (0)      5  : 0.3932 0.6068
88       88   (0)      5  : 0.2929 0.7071
89       89   (0)      5  : 0.4396 0.5604
90       90   (0)      5  : 0.0722 0.9278
91       91   (0)      5  : 0.0008 0.9992
92       92   (0)      5  : 0.3145 0.6855
93       93   (0)      5  : 0.2270 0.7730
94       94   (0)      5  : 0.1791 0.8209
95       95   (0)      5  : 0.0019 0.9981
96       96   (0)      5  : 0.1573 0.8427
97       97   (0)      6  : 0.9997 0.0003
98       98   (0)      6  : 0.9997 0.0003
99       99   (0)      6  : 0.9997 0.0003
100      100   (0)      6  : 0.9998 0.0002
101      101   (0)      6  : 0.9998 0.0002
102      102   (0)      6  : 0.9998 0.0002
103      103   (0)      6  : 0.9997 0.0003
104      104   (0)      6  : 0.9997 0.0003
105      105   (0)      6  : 0.9996 0.0004
106      106   (0)      6  : 0.9996 0.0004
107      107   (0)      6  : 0.9997 0.0003
108      108   (0)      6  : 0.9996 0.0004
109      109   (0)      6  : 0.9996 0.0004
110      110   (0)      2  : 0.4313 0.5687
111      111   (0)      2  : 0.3568 0.6432
112      112   (0)      2  : 0.3962 0.6038
113      113   (0)      2  : 0.3392 0.6608
114      114   (0)      2  : 0.3234 0.6766
115      115   (0)      3  : 0.9995 0.0005
