  1        1   (0)      1 :  0.0004 0.9996 
  2        2   (0)      1 :  0.0003 0.9997 
  3        3   (0)      1 :  0.0004 0.9996 
  4        4   (0)      1 :  0.0004 0.9996 
  5        5   (0)      1 :  0.0004 0.9996 
  6        6   (0)      1 :  0.0004 0.9996 
  7        7   (0)      1 :  0.0004 0.9996 
  8        8   (0)      1 :  0.0002 0.9998 
  9        9   (0)      1 :  0.0002 0.9998 
 10       10   (0)      1 :  0.0003 0.9997 
 11       11   (0)      1 :  0.0004 0.9996 
 12       12   (0)      1 :  0.0002 0.9998 
 13       13   (0)      1 :  0.0003 0.9997 
 14       14   (0)      1 :  0.0003 0.9997 
 15       15   (0)      1 :  0.0003 0.9997 
 16       16   (0)      1 :  0.0004 0.9996 
 17       17   (0)      1 :  0.0004 0.9996 
 18       18   (0)      2 :  0.2356 0.7644 
 19       19   (0)      2 :  0.2509 0.7491 
 20       20   (0)      3 :  0.0003 0.9997 
 21       21   (0)      3 :  0.0003 0.9997 
 22       22   (0)      2 :  0.2580 0.7420 
 23       23   (0)      2 :  0.2444 0.7556 
 24       24   (0)      2 :  0.2551 0.7449 
 25       25   (0)      4 :  0.9212 0.0788 
 26       26   (0)      4 :  0.9997 0.0003 
 27       27   (0)      4 :  0.9995 0.0005 
 28       28   (0)      4 :  0.9996 0.0004 
 29       29   (0)      4 :  0.9994 0.0006 
 30       30   (0)      4 :  0.8969 0.1031 
 31       31   (0)      4 :  0.9996 0.0004 
 32       32   (0)      4 :  0.9993 0.0007 
 33       33   (0)      4 :  0.9996 0.0004 
 34       34   (0)      4 :  0.9178 0.0822 
 35       35   (0)      4 :  0.8267 0.1733 
 36       36   (0)      4 :  0.9997 0.0003 
 37       37   (0)      4 :  0.9997 0.0003 
 38       38   (0)      4 :  0.9997 0.0003 
 39       39   (0)      4 :  0.9997 0.0003 
 40       40   (0)      4 :  0.9997 0.0003 
 41       41   (0)      4 :  0.9996 0.0004 
 42       42   (0)      4 :  0.9996 0.0004 
 43       43   (0)      4 :  0.9995 0.0005 
 44       44   (0)      4 :  0.9994 0.0006 
 45       45   (0)      4 :  0.9996 0.0004 
 46       46   (0)      4 :  0.9875 0.0125 
 47       47   (0)      4 :  0.9996 0.0004 
 48       48   (0)      4 :  0.8510 0.1490 
 49       49   (0)      4 :  0.9996 0.0004 
 50       50   (0)      4 :  0.9996 0.0004 
 51       51   (0)      1 :  0.0002 0.9998 
 52       52   (0)      1 :  0.0003 0.9997 
 53       53   (0)      1 :  0.1550 0.8450 
 54       54   (0)      1 :  0.5510 0.4490 
 55       55   (0)      1 :  0.4114 0.5886 
 56       56   (0)      1 :  0.5686 0.4314 
 57       57   (0)      1 :  0.5147 0.4853 
 58       58   (0)      1 :  0.4303 0.5697 
 59       59   (0)      1 :  0.0192 0.9808 
 60       60   (0)      1 :  0.0004 0.9996 
 61       61   (0)      1 :  0.0002 0.9998 
 62       62   (0)      1 :  0.1874 0.8126 
 63       63   (0)      1 :  0.1162 0.8838 
 64       64   (0)      1 :  0.0003 0.9997 
 65       65   (0)      1 :  0.0003 0.9997 
 66       66   (0)      1 :  0.0003 0.9997 
 67       67   (0)      1 :  0.0003 0.9997 
 68       68   (0)      1 :  0.0004 0.9996 
 69       69   (0)      1 :  0.0004 0.9996 
 70       70   (0)      1 :  0.0003 0.9997 
 71       71   (0)      1 :  0.0004 0.9996 
 72       72   (0)      1 :  0.0004 0.9996 
 73       73   (0)      1 :  0.0003 0.9997 
 74       74   (0)      1 :  0.0002 0.9998 
 75       75   (0)      1 :  0.0002 0.9998 
 76       76   (0)      1 :  0.0005 0.9995 
 77       77   (0)      1 :  0.0004 0.9996 
 78       78   (0)      1 :  0.0004 0.9996 
 79       79   (0)      1 :  0.2541 0.7459 
 80       80   (0)      1 :  0.0002 0.9998 
 81       81   (0)      1 :  0.0003 0.9997 
 82       82   (0)      1 :  0.0003 0.9997 
 83       83   (0)      1 :  0.0087 0.9913 
 84       84   (0)      1 :  0.0055 0.9945 
 85       85   (0)      1 :  0.0002 0.9998 
 86       86   (0)      1 :  0.0002 0.9998 
 87       87   (0)      5 :  0.5428 0.4572 
 88       88   (0)      5 :  0.6385 0.3615 
 89       89   (0)      5 :  0.4828 0.5172 
 90       90   (0)      5 :  0.8720 0.1280 
 91       91   (0)      5 :  0.9455 0.0545 
 92       92   (0)      5 :  0.6288 0.3712 
 93       93   (0)      5 :  0.7351 0.2649 
 94       94   (0)      5 :  0.7425 0.2575 
 95       95   (0)      5 :  0.9502 0.0498 
 96       96   (0)      5 :  0.7979 0.2021 
 97       97   (0)      6 :  0.0003 0.9997 
 98       98   (0)      6 :  0.0003 0.9997 
 99       99   (0)      6 :  0.0003 0.9997 
100      100   (0)      6 :  0.0002 0.9998 
101      101   (0)      6 :  0.0002 0.9998 
102      102   (0)      6 :  0.0002 0.9998 
103      103   (0)      6 :  0.0003 0.9997 
104      104   (0)      6 :  0.0003 0.9997 
105      105   (0)      6 :  0.0005 0.9995 
106      106   (0)      6 :  0.0004 0.9996 
107      107   (0)      6 :  0.0004 0.9996 
108      108   (0)      6 :  0.0004 0.9996 
109      109   (0)      6 :  0.0017 0.9983 
110      110   (0)      2 :  0.2279 0.7721 
111      111   (0)      2 :  0.2576 0.7424 
112      112   (0)      2 :  0.2423 0.7577 
113      113   (0)      2 :  0.2827 0.7173 
114      114   (0)      2 :  0.2917 0.7083 
115      115   (0)      3 :  0.0003 0.9997 
