1        1   (0)      1  : 0.9996 0.0004
2        2   (0)      1  : 0.9996 0.0004
3        3   (0)      1  : 0.9996 0.0004
4        4   (0)      1  : 0.9995 0.0005
5        5   (0)      1  : 0.9996 0.0004
6        6   (0)      1  : 0.9996 0.0004
7        7   (0)      1  : 0.9996 0.0004
8        8   (0)      1  : 0.9998 0.0002
9        9   (0)      1  : 0.9998 0.0002
10       10   (0)      1  : 0.9997 0.0003
11       11   (0)      1  : 0.9996 0.0004
12       12   (0)      1  : 0.9998 0.0002
13       13   (0)      1  : 0.9997 0.0003
14       14   (0)      1  : 0.9997 0.0003
15       15   (0)      1  : 0.9997 0.0003
16       16   (0)      1  : 0.9996 0.0004
17       17   (0)      1  : 0.9996 0.0004
18       18   (0)      2  : 0.4255 0.5745
19       19   (0)      2  : 0.4870 0.5130
20       20   (0)      3  : 0.9995 0.0005
21       21   (0)      3  : 0.9984 0.0016
22       22   (0)      2  : 0.4025 0.5975
23       23   (0)      2  : 0.3994 0.6006
24       24   (0)      2  : 0.4327 0.5673
25       25   (0)      4  : 0.0684 0.9316
26       26   (0)      4  : 0.0003 0.9997
27       27   (0)      4  : 0.0004 0.9996
28       28   (0)      4  : 0.0004 0.9996
29       29   (0)      4  : 0.0005 0.9995
30       30   (0)      4  : 0.0789 0.9211
31       31   (0)      4  : 0.0004 0.9996
32       32   (0)      4  : 0.0006 0.9994
33       33   (0)      4  : 0.0004 0.9996
34       34   (0)      4  : 0.0006 0.9994
35       35   (0)      4  : 0.0879 0.9121
36       36   (0)      4  : 0.0003 0.9997
37       37   (0)      4  : 0.0003 0.9997
38       38   (0)      4  : 0.0003 0.9997
39       39   (0)      4  : 0.0003 0.9997
40       40   (0)      4  : 0.0003 0.9997
41       41   (0)      4  : 0.0004 0.9996
42       42   (0)      4  : 0.0004 0.9996
43       43   (0)      4  : 0.0005 0.9995
44       44   (0)      4  : 0.0006 0.9994
45       45   (0)      4  : 0.0004 0.9996
46       46   (0)      4  : 0.0014 0.9986
47       47   (0)      4  : 0.0004 0.9996
48       48   (0)      4  : 0.0854 0.9146
49       49   (0)      4  : 0.0003 0.9997
50       50   (0)      4  : 0.0004 0.9996
51       51   (0)      1  : 0.9998 0.0002
52       52   (0)      1  : 0.9997 0.0003
53       53   (0)      1  : 0.6882 0.3118
54       54   (0)      1  : 0.3855 0.6145
55       55   (0)      1  : 0.6721 0.3279
56       56   (0)      1  : 0.4514 0.5486
57       57   (0)      1  : 0.4708 0.5292
58       58   (0)      1  : 0.5871 0.4129
59       59   (0)      1  : 0.9834 0.0166
60       60   (0)      1  : 0.9997 0.0003
61       61   (0)      1  : 0.9998 0.0002
62       62   (0)      1  : 0.8574 0.1426
63       63   (0)      1  : 0.8844 0.1156
64       64   (0)      1  : 0.9997 0.0003
65       65   (0)      1  : 0.9997 0.0003
66       66   (0)      1  : 0.9996 0.0004
67       67   (0)      1  : 0.9997 0.0003
68       68   (0)      1  : 0.9996 0.0004
69       69   (0)      1  : 0.9996 0.0004
70       70   (0)      1  : 0.9997 0.0003
71       71   (0)      1  : 0.9996 0.0004
72       72   (0)      1  : 0.9996 0.0004
73       73   (0)      1  : 0.9996 0.0004
74       74   (0)      1  : 0.9998 0.0002
75       75   (0)      1  : 0.9998 0.0002
76       76   (0)      1  : 0.9995 0.0005
77       77   (0)      1  : 0.9996 0.0004
78       78   (0)      1  : 0.9996 0.0004
79       79   (0)      1  : 0.7156 0.2844
80       80   (0)      1  : 0.9998 0.0002
81       81   (0)      1  : 0.9997 0.0003
82       82   (0)      1  : 0.9997 0.0003
83       83   (0)      1  : 0.9978 0.0022
84       84   (0)      1  : 0.9503 0.0497
85       85   (0)      1  : 0.9998 0.0002
86       86   (0)      1  : 0.9998 0.0002
87       87   (0)      5  : 0.2838 0.7162
88       88   (0)      5  : 0.2690 0.7310
89       89   (0)      5  : 0.4160 0.5840
90       90   (0)      5  : 0.0817 0.9183
91       91   (0)      5  : 0.0038 0.9962
92       92   (0)      5  : 0.2895 0.7105
93       93   (0)      5  : 0.1751 0.8249
94       94   (0)      5  : 0.1760 0.8240
95       95   (0)      5  : 0.0143 0.9857
96       96   (0)      5  : 0.1490 0.8510
97       97   (0)      6  : 0.9997 0.0003
98       98   (0)      6  : 0.9997 0.0003
99       99   (0)      6  : 0.9997 0.0003
100      100   (0)      6  : 0.9998 0.0002
101      101   (0)      6  : 0.9997 0.0003
102      102   (0)      6  : 0.9998 0.0002
103      103   (0)      6  : 0.9996 0.0004
104      104   (0)      6  : 0.9996 0.0004
105      105   (0)      6  : 0.9996 0.0004
106      106   (0)      6  : 0.9996 0.0004
107      107   (0)      6  : 0.9996 0.0004
108      108   (0)      6  : 0.9996 0.0004
109      109   (0)      6  : 0.9981 0.0019
110      110   (0)      2  : 0.4673 0.5327
111      111   (0)      2  : 0.3867 0.6133
112      112   (0)      2  : 0.4714 0.5286
113      113   (0)      2  : 0.4522 0.5478
114      114   (0)      2  : 0.4817 0.5183
115      115   (0)      3  : 0.9997 0.0003
