  1        1   (0)      1 :  0.9997 0.0000 0.0000 0.0000 0.0000 0.0000 0.0000 0.0000 0.0000 0.0000 
  2        2   (0)      1 :  0.9998 0.0000 0.0000 0.0000 0.0000 0.0000 0.0000 0.0000 0.0000 0.0000 
  3        3   (0)      1 :  0.9997 0.0000 0.0000 0.0000 0.0000 0.0000 0.0000 0.0000 0.0000 0.0000 
  4        4   (0)      1 :  0.9997 0.0000 0.0000 0.0000 0.0000 0.0000 0.0000 0.0000 0.0000 0.0000 
  5        5   (0)      1 :  0.9997 0.0000 0.0000 0.0000 0.0000 0.0000 0.0000 0.0000 0.0000 0.0000 
  6        6   (0)      1 :  0.9997 0.0000 0.0000 0.0000 0.0000 0.0000 0.0000 0.0000 0.0000 0.0000 
  7        7   (0)      1 :  0.9997 0.0000 0.0000 0.0000 0.0000 0.0000 0.0000 0.0000 0.0000 0.0000 
  8        8   (0)      1 :  0.9998 0.0000 0.0000 0.0000 0.0000 0.0000 0.0000 0.0000 0.0000 0.0000 
  9        9   (0)      1 :  0.9998 0.0000 0.0000 0.0000 0.0000 0.0000 0.0000 0.0000 0.0000 0.0000 
 10       10   (0)      1 :  0.9998 0.0000 0.0000 0.0000 0.0000 0.0000 0.0000 0.0000 0.0000 0.0000 
 11       11   (0)      1 :  0.9997 0.0000 0.0000 0.0000 0.0000 0.0000 0.0000 0.0000 0.0000 0.0000 
 12       12   (0)      1 :  0.9998 0.0000 0.0000 0.0000 0.0000 0.0000 0.0000 0.0000 0.0000 0.0000 
 13       13   (0)      1 :  0.9997 0.0000 0.0000 0.0000 0.0000 0.0000 0.0000 0.0000 0.0000 0.0000 
 14       14   (0)      1 :  0.9997 0.0000 0.0000 0.0000 0.0000 0.0000 0.0000 0.0000 0.0000 0.0000 
 15       15   (0)      1 :  0.9997 0.0000 0.0000 0.0000 0.0000 0.0000 0.0000 0.0000 0.0000 0.0000 
 16       16   (0)      1 :  0.9997 0.0000 0.0000 0.0000 0.0000 0.0000 0.0000 0.0000 0.0000 0.0000 
 17       17   (0)      1 :  0.9997 0.0000 0.0000 0.0000 0.0000 0.0000 0.0000 0.0000 0.0000 0.0000 
 18       18   (0)      2 :  0.0000 0.0000 0.9998 0.0000 0.0000 0.0000 0.0000 0.0000 0.0000 0.0000 
 19       19   (0)      2 :  0.0000 0.0000 0.9997 0.0000 0.0000 0.0000 0.0000 0.0000 0.0000 0.0000 
 20       20   (0)      3 :  0.9998 0.0000 0.0000 0.0000 0.0000 0.0000 0.0000 0.0000 0.0000 0.0000 
 21       21   (0)      3 :  0.9998 0.0000 0.0000 0.0000 0.0000 0.0000 0.0000 0.0000 0.0000 0.0000 
 22       22   (0)      2 :  0.0000 0.0000 0.9997 0.0000 0.0000 0.0000 0.0000 0.0000 0.0000 0.0000 
 23       23   (0)      2 :  0.0000 0.0000 0.9998 0.0000 0.0000 0.0000 0.0000 0.0000 0.0000 0.0000 
 24       24   (0)      2 :  0.0000 0.0000 0.9998 0.0000 0.0000 0.0000 0.0000 0.0000 0.0000 0.0000 
 25       25   (0)      4 :  0.0176 0.0000 0.0000 0.0000 0.0000 0.0000 0.0000 0.9822 0.0000 0.0000 
 26       26   (0)      4 :  0.0000 0.0000 0.0000 0.0000 0.0000 0.0000 0.0000 0.9998 0.0000 0.0000 
 27       27   (0)      4 :  0.0000 0.0000 0.0000 0.0000 0.0000 0.0000 0.0000 0.9997 0.0000 0.0000 
 28       28   (0)      4 :  0.0000 0.0000 0.0000 0.0000 0.0000 0.0000 0.0000 0.9997 0.0000 0.0000 
 29       29   (0)      4 :  0.0000 0.0000 0.0000 0.0000 0.0000 0.0000 0.0000 0.9997 0.0000 0.0000 
 30       30   (0)      4 :  0.0453 0.0000 0.0000 0.0000 0.0000 0.0000 0.0000 0.9544 0.0000 0.0000 
 31       31   (0)      4 :  0.0000 0.0000 0.0000 0.0000 0.0000 0.0000 0.0000 0.9997 0.0000 0.0000 
 32       32   (0)      4 :  0.0000 0.0000 0.0000 0.0000 0.0000 0.0000 0.0000 0.9997 0.0000 0.0000 
 33       33   (0)      4 :  0.0000 0.0000 0.0000 0.0000 0.0000 0.0000 0.0000 0.9997 0.0000 0.0000 
 34       34   (0)      4 :  0.0000 0.0000 0.0000 0.0000 0.0000 0.0000 0.0000 0.9998 0.0000 0.0000 
 35       35   (0)      4 :  0.0219 0.0000 0.0000 0.0000 0.0000 0.0000 0.0000 0.9779 0.0000 0.0000 
 36       36   (0)      4 :  0.0000 0.0000 0.0000 0.0000 0.0000 0.0000 0.0000 0.9998 0.0000 0.0000 
 37       37   (0)      4 :  0.0000 0.0000 0.0000 0.0000 0.0000 0.0000 0.0000 0.9998 0.0000 0.0000 
 38       38   (0)      4 :  0.0000 0.0000 0.0000 0.0000 0.0000 0.0000 0.0000 0.9998 0.0000 0.0000 
 39       39   (0)      4 :  0.0000 0.0000 0.0000 0.0000 0.0000 0.0000 0.0000 0.9998 0.0000 0.0000 
 40       40   (0)      4 :  0.0000 0.0000 0.0000 0.0000 0.0000 0.0000 0.0000 0.9998 0.0000 0.0000 
 41       41   (0)      4 :  0.0000 0.0000 0.0000 0.0000 0.0000 0.0000 0.0000 0.9997 0.0000 0.0000 
 42       42   (0)      4 :  0.0000 0.0000 0.0000 0.0000 0.0000 0.0000 0.0000 0.9997 0.0000 0.0000 
 43       43   (0)      4 :  0.0000 0.0000 0.0000 0.0000 0.0000 0.0000 0.0000 0.9997 0.0000 0.0000 
 44       44   (0)      4 :  0.0000 0.0000 0.0000 0.0000 0.0000 0.0000 0.0000 0.9997 0.0000 0.0000 
 45       45   (0)      4 :  0.0000 0.0000 0.0000 0.0000 0.0000 0.0000 0.0000 0.9997 0.0000 0.0000 
 46       46   (0)      4 :  0.0000 0.0000 0.0000 0.0000 0.0000 0.0000 0.0000 0.9997 0.0000 0.0000 
 47       47   (0)      4 :  0.0000 0.0000 0.0000 0.0000 0.0000 0.0000 0.0000 0.9997 0.0000 0.0000 
 48       48   (0)      4 :  0.0564 0.0000 0.0000 0.0000 0.0000 0.0000 0.0000 0.9434 0.0000 0.0000 
 49       49   (0)      4 :  0.0000 0.0000 0.0000 0.0000 0.0000 0.0000 0.0000 0.9997 0.0000 0.0000 
 50       50   (0)      4 :  0.0000 0.0000 0.0000 0.0000 0.0000 0.0000 0.0000 0.9997 0.0000 0.0000 
 51       51   (0)      1 :  0.9998 0.0000 0.0000 0.0000 0.0000 0.0000 0.0000 0.0000 0.0000 0.0000 
 52       52   (0)      1 :  0.9998 0.0000 0.0000 0.0000 0.0000 0.0000 0.0000 0.0000 0.0000 0.0000 
 53       53   (0)      1 :  0.8622 0.0000 0.0798 0.0303 0.0000 0.0000 0.0000 0.0275 0.0000 0.0000 
 54       54   (0)      1 :  0.4814 0.0000 0.0838 0.2000 0.0000 0.0000 0.0000 0.2347 0.0000 0.0000 
 55       55   (0)      1 :  0.7060 0.0000 0.0584 0.0380 0.0000 0.0000 0.0000 0.1974 0.0000 0.0000 
 56       56   (0)      1 :  0.3817 0.0000 0.0809 0.2000 0.0000 0.0000 0.0000 0.3373 0.0000 0.0000 
 57       57   (0)      1 :  0.5691 0.0000 0.0692 0.0541 0.0000 0.0000 0.0000 0.3075 0.0000 0.0000 
 58       58   (0)      1 :  0.6377 0.0000 0.0672 0.0402 0.0000 0.0000 0.0000 0.2547 0.0000 0.0000 
 59       59   (0)      1 :  0.9998 0.0000 0.0000 0.0000 0.0000 0.0000 0.0000 0.0000 0.0000 0.0000 
 60       60   (0)      1 :  0.9997 0.0000 0.0000 0.0000 0.0000 0.0000 0.0000 0.0000 0.0000 0.0000 
 61       61   (0)      1 :  0.9998 0.0000 0.0000 0.0000 0.0000 0.0000 0.0000 0.0000 0.0000 0.0000 
 62       62   (0)      1 :  0.9277 0.0000 0.0000 0.0000 0.0000 0.0000 0.0000 0.0721 0.0000 0.0000 
 63       63   (0)      1 :  0.9764 0.0000 0.0000 0.0000 0.0000 0.0000 0.0000 0.0234 0.0000 0.0000 
 64       64   (0)      1 :  0.9997 0.0000 0.0000 0.0000 0.0000 0.0000 0.0000 0.0000 0.0000 0.0000 
 65       65   (0)      1 :  0.9997 0.0000 0.0000 0.0000 0.0000 0.0000 0.0000 0.0000 0.0000 0.0000 
 66       66   (0)      1 :  0.9997 0.0000 0.0000 0.0000 0.0000 0.0000 0.0000 0.0000 0.0000 0.0000 
 67       67   (0)      1 :  0.9997 0.0000 0.0000 0.0000 0.0000 0.0000 0.0000 0.0000 0.0000 0.0000 
 68       68   (0)      1 :  0.9997 0.0000 0.0000 0.0000 0.0000 0.0000 0.0000 0.0000 0.0000 0.0000 
 69       69   (0)      1 :  0.9997 0.0000 0.0000 0.0000 0.0000 0.0000 0.0000 0.0000 0.0000 0.0000 
 70       70   (0)      1 :  0.9998 0.0000 0.0000 0.0000 0.0000 0.0000 0.0000 0.0000 0.0000 0.0000 
 71       71   (0)      1 :  0.9997 0.0000 0.0000 0.0000 0.0000 0.0000 0.0000 0.0000 0.0000 0.0000 
 72       72   (0)      1 :  0.9997 0.0000 0.0000 0.0000 0.0000 0.0000 0.0000 0.0000 0.0000 0.0000 
 73       73   (0)      1 :  0.9997 0.0000 0.0000 0.0000 0.0000 0.0000 0.0000 0.0000 0.0000 0.0000 
 74       74   (0)      1 :  0.9998 0.0000 0.0000 0.0000 0.0000 0.0000 0.0000 0.0000 0.0000 0.0000 
 75       75   (0)      1 :  0.9998 0.0000 0.0000 0.0000 0.0000 0.0000 0.0000 0.0000 0.0000 0.0000 
 76       76   (0)      1 :  0.9997 0.0000 0.0000 0.0000 0.0000 0.0000 0.0000 0.0000 0.0000 0.0000 
 77       77   (0)      1 :  0.9997 0.0000 0.0000 0.0000 0.0000 0.0000 0.0000 0.0000 0.0000 0.0000 
 78       78   (0)      1 :  0.9997 0.0000 0.0000 0.0000 0.0000 0.0000 0.0000 0.0000 0.0000 0.0000 
 79       79   (0)      1 :  0.7015 0.0000 0.0640 0.0394 0.0000 0.0000 0.0000 0.1950 0.0000 0.0000 
 80       80   (0)      1 :  0.9998 0.0000 0.0000 0.0000 0.0000 0.0000 0.0000 0.0000 0.0000 0.0000 
 81       81   (0)      1 :  0.9998 0.0000 0.0000 0.0000 0.0000 0.0000 0.0000 0.0000 0.0000 0.0000 
 82       82   (0)      1 :  0.9998 0.0000 0.0000 0.0000 0.0000 0.0000 0.0000 0.0000 0.0000 0.0000 
 83       83   (0)      1 :  0.9363 0.0000 0.0000 0.0634 0.0000 0.0000 0.0000 0.0000 0.0000 0.0000 
 84       84   (0)      1 :  0.9997 0.0000 0.0000 0.0000 0.0000 0.0000 0.0000 0.0000 0.0000 0.0000 
 85       85   (0)      1 :  0.9998 0.0000 0.0000 0.0000 0.0000 0.0000 0.0000 0.0000 0.0000 0.0000 
 86       86   (0)      1 :  0.9998 0.0000 0.0000 0.0000 0.0000 0.0000 0.0000 0.0000 0.0000 0.0000 
 87       87   (0)      5 :  0.4991 0.0000 0.0000 0.0000 0.0000 0.0000 0.0000 0.5007 0.0000 0.0000 
 88       88   (0)      5 :  0.1905 0.0000 0.0000 0.0000 0.0000 0.0000 0.0000 0.8093 0.0000 0.0000 
 89       89   (0)      5 :  0.4406 0.0000 0.0000 0.0000 0.0000 0.0000 0.0000 0.5592 0.0000 0.0000 
 90       90   (0)      5 :  0.0000 0.0000 0.0000 0.0000 0.0000 0.0000 0.0000 0.9997 0.0000 0.0000 
 91       91   (0)      5 :  0.0124 0.0000 0.0000 0.0000 0.0000 0.0000 0.0000 0.9873 0.0000 0.0000 
 92       92   (0)      5 :  0.3501 0.0000 0.0000 0.0000 0.0000 0.0000 0.0000 0.6497 0.0000 0.0000 
 93       93   (0)      5 :  0.0933 0.0000 0.0000 0.0000 0.0000 0.0000 0.0000 0.9065 0.0000 0.0000 
 94       94   (0)      5 :  0.0379 0.0000 0.0000 0.0000 0.0000 0.0000 0.0000 0.9619 0.0000 0.0000 
 95       95   (0)      5 :  0.0183 0.0000 0.0000 0.0000 0.0000 0.0000 0.0000 0.9815 0.0000 0.0000 
 96       96   (0)      5 :  0.0505 0.0000 0.0000 0.0000 0.0000 0.0000 0.0000 0.9492 0.0000 0.0000 
 97       97   (0)      6 :  0.3999 0.0000 0.0000 0.5999 0.0000 0.0000 0.0000 0.0000 0.0000 0.0000 
 98       98   (0)      6 :  0.5374 0.0000 0.0000 0.4624 0.0000 0.0000 0.0000 0.0000 0.0000 0.0000 
 99       99   (0)      6 :  0.3999 0.0000 0.0000 0.5999 0.0000 0.0000 0.0000 0.0000 0.0000 0.0000 
100      100   (0)      6 :  0.7962 0.0000 0.0000 0.2036 0.0000 0.0000 0.0000 0.0000 0.0000 0.0000 
101      101   (0)      6 :  0.9607 0.0000 0.0000 0.0392 0.0000 0.0000 0.0000 0.0000 0.0000 0.0000 
102      102   (0)      6 :  0.9691 0.0000 0.0000 0.0307 0.0000 0.0000 0.0000 0.0000 0.0000 0.0000 
103      103   (0)      6 :  0.3999 0.0000 0.0000 0.5999 0.0000 0.0000 0.0000 0.0000 0.0000 0.0000 
104      104   (0)      6 :  0.3999 0.0000 0.0000 0.5999 0.0000 0.0000 0.0000 0.0000 0.0000 0.0000 
105      105   (0)      6 :  0.3999 0.0000 0.0000 0.5999 0.0000 0.0000 0.0000 0.0000 0.0000 0.0000 
106      106   (0)      6 :  0.3999 0.0000 0.0000 0.5998 0.0000 0.0000 0.0000 0.0000 0.0000 0.0000 
107      107   (0)      6 :  0.3999 0.0000 0.0000 0.5999 0.0000 0.0000 0.0000 0.0000 0.0000 0.0000 
108      108   (0)      6 :  0.3999 0.0000 0.0000 0.5999 0.0000 0.0000 0.0000 0.0000 0.0000 0.0000 
109      109   (0)      6 :  0.3999 0.0000 0.0000 0.5999 0.0000 0.0000 0.0000 0.0000 0.0000 0.0000 
110      110   (0)      2 :  0.0799 0.0000 0.9200 0.0000 0.0000 0.0000 0.0000 0.0000 0.0000 0.0000 
111      111   (0)      2 :  0.0973 0.0000 0.9024 0.0000 0.0000 0.0000 0.0000 0.0000 0.0000 0.0000 
112      112   (0)      2 :  0.0790 0.0000 0.9208 0.0000 0.0000 0.0000 0.0000 0.0000 0.0000 0.0000 
113      113   (0)      2 :  0.0000 0.0000 0.9998 0.0000 0.0000 0.0000 0.0000 0.0000 0.0000 0.0000 
114      114   (0)      2 :  0.0514 0.0000 0.9484 0.0000 0.0000 0.0000 0.0000 0.0000 0.0000 0.0000 
115      115   (0)      3 :  0.9998 0.0000 0.0000 0.0000 0.0000 0.0000 0.0000 0.0000 0.0000 0.0000 
