  1        1   (0)      1 :  0.0000 0.9997 0.0000 0.0000 0.0000 0.0000 0.0000 0.0000 0.0000 
  2        2   (0)      1 :  0.0000 0.9998 0.0000 0.0000 0.0000 0.0000 0.0000 0.0000 0.0000 
  3        3   (0)      1 :  0.0000 0.9997 0.0000 0.0000 0.0000 0.0000 0.0000 0.0000 0.0000 
  4        4   (0)      1 :  0.0000 0.9997 0.0000 0.0000 0.0000 0.0000 0.0000 0.0000 0.0000 
  5        5   (0)      1 :  0.0000 0.9997 0.0000 0.0000 0.0000 0.0000 0.0000 0.0000 0.0000 
  6        6   (0)      1 :  0.0000 0.9997 0.0000 0.0000 0.0000 0.0000 0.0000 0.0000 0.0000 
  7        7   (0)      1 :  0.0000 0.9997 0.0000 0.0000 0.0000 0.0000 0.0000 0.0000 0.0000 
  8        8   (0)      1 :  0.0000 0.9998 0.0000 0.0000 0.0000 0.0000 0.0000 0.0000 0.0000 
  9        9   (0)      1 :  0.0000 0.9998 0.0000 0.0000 0.0000 0.0000 0.0000 0.0000 0.0000 
 10       10   (0)      1 :  0.0000 0.9998 0.0000 0.0000 0.0000 0.0000 0.0000 0.0000 0.0000 
 11       11   (0)      1 :  0.0000 0.9997 0.0000 0.0000 0.0000 0.0000 0.0000 0.0000 0.0000 
 12       12   (0)      1 :  0.0000 0.9998 0.0000 0.0000 0.0000 0.0000 0.0000 0.0000 0.0000 
 13       13   (0)      1 :  0.0000 0.9998 0.0000 0.0000 0.0000 0.0000 0.0000 0.0000 0.0000 
 14       14   (0)      1 :  0.0000 0.9997 0.0000 0.0000 0.0000 0.0000 0.0000 0.0000 0.0000 
 15       15   (0)      1 :  0.0000 0.9997 0.0000 0.0000 0.0000 0.0000 0.0000 0.0000 0.0000 
 16       16   (0)      1 :  0.0000 0.9997 0.0000 0.0000 0.0000 0.0000 0.0000 0.0000 0.0000 
 17       17   (0)      1 :  0.0000 0.9997 0.0000 0.0000 0.0000 0.0000 0.0000 0.0000 0.0000 
 18       18   (0)      2 :  0.0000 0.0000 0.0000 0.0000 0.9998 0.0000 0.0000 0.0000 0.0000 
 19       19   (0)      2 :  0.0000 0.0687 0.0000 0.0000 0.9311 0.0000 0.0000 0.0000 0.0000 
 20       20   (0)      3 :  0.0000 0.9776 0.0000 0.0000 0.0222 0.0000 0.0000 0.0000 0.0000 
 21       21   (0)      3 :  0.0000 0.9853 0.0000 0.0000 0.0145 0.0000 0.0000 0.0000 0.0000 
 22       22   (0)      2 :  0.0000 0.0000 0.0000 0.0000 0.9997 0.0000 0.0000 0.0000 0.0000 
 23       23   (0)      2 :  0.0000 0.0000 0.0000 0.0000 0.9998 0.0000 0.0000 0.0000 0.0000 
 24       24   (0)      2 :  0.0000 0.0173 0.0000 0.0000 0.9825 0.0000 0.0000 0.0000 0.0000 
 25       25   (0)      4 :  0.0000 0.1366 0.0000 0.0000 0.0000 0.0000 0.0000 0.0000 0.8632 
 26       26   (0)      4 :  0.0000 0.0000 0.0000 0.0000 0.0000 0.0000 0.0000 0.0000 0.9998 
 27       27   (0)      4 :  0.0000 0.0000 0.0000 0.0000 0.0000 0.0000 0.0000 0.0000 0.9997 
 28       28   (0)      4 :  0.0000 0.0000 0.0000 0.0000 0.0000 0.0000 0.0000 0.0000 0.9997 
 29       29   (0)      4 :  0.0000 0.0000 0.0000 0.0000 0.0000 0.0000 0.0000 0.0000 0.9997 
 30       30   (0)      4 :  0.0000 0.0964 0.0000 0.0000 0.0000 0.0000 0.0000 0.0000 0.9033 
 31       31   (0)      4 :  0.0000 0.0000 0.0000 0.0000 0.0000 0.0000 0.0000 0.0000 0.9997 
 32       32   (0)      4 :  0.0000 0.0000 0.0000 0.0000 0.0000 0.0000 0.0000 0.0000 0.9997 
 33       33   (0)      4 :  0.0000 0.0000 0.0000 0.0000 0.0000 0.0000 0.0000 0.0000 0.9998 
 34       34   (0)      4 :  0.0000 0.1088 0.0000 0.0000 0.0000 0.1547 0.0000 0.0000 0.7363 
 35       35   (0)      4 :  0.0000 0.1620 0.0000 0.0000 0.0000 0.1521 0.0000 0.0000 0.6858 
 36       36   (0)      4 :  0.0000 0.0000 0.0000 0.0000 0.0000 0.2000 0.0000 0.0000 0.7999 
 37       37   (0)      4 :  0.0000 0.0000 0.0000 0.0000 0.0000 0.2000 0.0000 0.0000 0.7999 
 38       38   (0)      4 :  0.0000 0.0000 0.0000 0.0000 0.0000 0.0000 0.0000 0.0000 0.9998 
 39       39   (0)      4 :  0.0000 0.0000 0.0000 0.0000 0.0000 0.2000 0.0000 0.0000 0.7998 
 40       40   (0)      4 :  0.0000 0.0000 0.0000 0.0000 0.0000 0.2000 0.0000 0.0000 0.7999 
 41       41   (0)      4 :  0.0000 0.0000 0.0000 0.0000 0.0000 0.0000 0.0000 0.0000 0.9997 
 42       42   (0)      4 :  0.0000 0.0000 0.0000 0.0000 0.0000 0.0000 0.0000 0.0000 0.9997 
 43       43   (0)      4 :  0.0000 0.0000 0.0000 0.0000 0.0000 0.0000 0.0000 0.0000 0.9997 
 44       44   (0)      4 :  0.0000 0.0000 0.0000 0.0000 0.0000 0.0000 0.0000 0.0000 0.9997 
 45       45   (0)      4 :  0.0000 0.0000 0.0000 0.0000 0.0000 0.0000 0.0000 0.0000 0.9997 
 46       46   (0)      4 :  0.0000 0.0544 0.0000 0.0000 0.0000 0.0000 0.0000 0.0000 0.9454 
 47       47   (0)      4 :  0.0000 0.0000 0.0000 0.0000 0.0000 0.0000 0.0000 0.0000 0.9997 
 48       48   (0)      4 :  0.0000 0.1150 0.0000 0.0000 0.0000 0.1775 0.0000 0.0000 0.7073 
 49       49   (0)      4 :  0.0000 0.0000 0.0000 0.0000 0.0000 0.0000 0.0000 0.0000 0.9998 
 50       50   (0)      4 :  0.0000 0.0000 0.0000 0.0000 0.0000 0.0000 0.0000 0.0000 0.9997 
 51       51   (0)      1 :  0.0000 0.9998 0.0000 0.0000 0.0000 0.0000 0.0000 0.0000 0.0000 
 52       52   (0)      1 :  0.0000 0.9998 0.0000 0.0000 0.0000 0.0000 0.0000 0.0000 0.0000 
 53       53   (0)      1 :  0.0000 0.7843 0.0000 0.0000 0.0000 0.0683 0.0000 0.0000 0.1472 
 54       54   (0)      1 :  0.0000 0.4018 0.0000 0.0000 0.0000 0.1356 0.0000 0.0000 0.4624 
 55       55   (0)      1 :  0.0000 0.7998 0.0000 0.0000 0.0000 0.0623 0.0000 0.0000 0.1377 
 56       56   (0)      1 :  0.0000 0.4274 0.0000 0.0000 0.0000 0.1295 0.0000 0.0000 0.4430 
 57       57   (0)      1 :  0.0000 0.4709 0.0000 0.0000 0.0000 0.1196 0.0000 0.0000 0.4093 
 58       58   (0)      1 :  0.0000 0.5888 0.0000 0.0000 0.0000 0.0928 0.0000 0.0000 0.3182 
 59       59   (0)      1 :  0.0000 0.9922 0.0000 0.0000 0.0000 0.0000 0.0000 0.0000 0.0076 
 60       60   (0)      1 :  0.0000 0.9998 0.0000 0.0000 0.0000 0.0000 0.0000 0.0000 0.0000 
 61       61   (0)      1 :  0.0000 0.9998 0.0000 0.0000 0.0000 0.0000 0.0000 0.0000 0.0000 
 62       62   (0)      1 :  0.0000 0.8742 0.0000 0.0000 0.0000 0.0320 0.0000 0.0000 0.0936 
 63       63   (0)      1 :  0.0000 0.9114 0.0000 0.0000 0.0000 0.0231 0.0000 0.0000 0.0653 
 64       64   (0)      1 :  0.0000 0.9997 0.0000 0.0000 0.0000 0.0000 0.0000 0.0000 0.0000 
 65       65   (0)      1 :  0.0000 0.9997 0.0000 0.0000 0.0000 0.0000 0.0000 0.0000 0.0000 
 66       66   (0)      1 :  0.0000 0.9997 0.0000 0.0000 0.0000 0.0000 0.0000 0.0000 0.0000 
 67       67   (0)      1 :  0.0000 0.9998 0.0000 0.0000 0.0000 0.0000 0.0000 0.0000 0.0000 
 68       68   (0)      1 :  0.0000 0.9997 0.0000 0.0000 0.0000 0.0000 0.0000 0.0000 0.0000 
 69       69   (0)      1 :  0.0000 0.9997 0.0000 0.0000 0.0000 0.0000 0.0000 0.0000 0.0000 
 70       70   (0)      1 :  0.0000 0.9998 0.0000 0.0000 0.0000 0.0000 0.0000 0.0000 0.0000 
 71       71   (0)      1 :  0.0000 0.9997 0.0000 0.0000 0.0000 0.0000 0.0000 0.0000 0.0000 
 72       72   (0)      1 :  0.0000 0.9997 0.0000 0.0000 0.0000 0.0000 0.0000 0.0000 0.0000 
 73       73   (0)      1 :  0.0000 0.9998 0.0000 0.0000 0.0000 0.0000 0.0000 0.0000 0.0000 
 74       74   (0)      1 :  0.0000 0.9998 0.0000 0.0000 0.0000 0.0000 0.0000 0.0000 0.0000 
 75       75   (0)      1 :  0.0000 0.9998 0.0000 0.0000 0.0000 0.0000 0.0000 0.0000 0.0000 
 76       76   (0)      1 :  0.0000 0.9997 0.0000 0.0000 0.0000 0.0000 0.0000 0.0000 0.0000 
 77       77   (0)      1 :  0.0000 0.9997 0.0000 0.0000 0.0000 0.0000 0.0000 0.0000 0.0000 
 78       78   (0)      1 :  0.0000 0.9997 0.0000 0.0000 0.0000 0.0000 0.0000 0.0000 0.0000 
 79       79   (0)      1 :  0.0000 0.7655 0.0000 0.0000 0.0000 0.0704 0.0000 0.0000 0.1639 
 80       80   (0)      1 :  0.0000 0.9998 0.0000 0.0000 0.0000 0.0000 0.0000 0.0000 0.0000 
 81       81   (0)      1 :  0.0000 0.9998 0.0000 0.0000 0.0000 0.0000 0.0000 0.0000 0.0000 
 82       82   (0)      1 :  0.0000 0.9998 0.0000 0.0000 0.0000 0.0000 0.0000 0.0000 0.0000 
 83       83   (0)      1 :  0.0000 0.9443 0.0000 0.0000 0.0000 0.0000 0.0000 0.0555 0.0000 
 84       84   (0)      1 :  0.0000 0.9887 0.0000 0.0000 0.0000 0.0000 0.0000 0.0000 0.0110 
 85       85   (0)      1 :  0.0000 0.9998 0.0000 0.0000 0.0000 0.0000 0.0000 0.0000 0.0000 
 86       86   (0)      1 :  0.0000 0.9998 0.0000 0.0000 0.0000 0.0000 0.0000 0.0000 0.0000 
 87       87   (0)      5 :  0.0000 0.3915 0.0000 0.0000 0.0000 0.1343 0.0000 0.0000 0.4740 
 88       88   (0)      5 :  0.0000 0.2618 0.0000 0.0000 0.0000 0.1515 0.0000 0.0000 0.5866 
 89       89   (0)      5 :  0.0000 0.4075 0.0000 0.0000 0.0000 0.1244 0.0000 0.0000 0.4680 
 90       90   (0)      5 :  0.0000 0.0503 0.0000 0.0000 0.0000 0.2000 0.0000 0.0000 0.7496 
 91       91   (0)      5 :  0.0000 0.0000 0.0000 0.0000 0.0000 0.2000 0.0000 0.0000 0.7998 
 92       92   (0)      5 :  0.0000 0.3020 0.0000 0.0000 0.0000 0.1451 0.0000 0.0000 0.5528 
 93       93   (0)      5 :  0.0000 0.1130 0.0000 0.0000 0.0000 0.2000 0.0000 0.0000 0.6868 
 94       94   (0)      5 :  0.0000 0.2517 0.0000 0.0000 0.0000 0.1478 0.0000 0.0000 0.6003 
 95       95   (0)      5 :  0.0000 0.0000 0.0000 0.0000 0.0000 0.2000 0.0000 0.0000 0.7998 
 96       96   (0)      5 :  0.0000 0.0818 0.0000 0.0000 0.0000 0.2000 0.0000 0.0000 0.7180 
 97       97   (0)      6 :  0.0000 0.3999 0.0000 0.0000 0.0000 0.0000 0.0000 0.5999 0.0000 
 98       98   (0)      6 :  0.0000 0.3999 0.0000 0.0000 0.0000 0.0000 0.0000 0.5999 0.0000 
 99       99   (0)      6 :  0.0000 0.3999 0.0000 0.0000 0.0000 0.0000 0.0000 0.5999 0.0000 
100      100   (0)      6 :  0.0000 0.7539 0.0000 0.0000 0.0000 0.0000 0.0000 0.2459 0.0000 
101      101   (0)      6 :  0.0000 0.7673 0.0000 0.0000 0.0000 0.0000 0.0000 0.2325 0.0000 
102      102   (0)      6 :  0.0000 0.5999 0.0000 0.0000 0.0000 0.0000 0.0000 0.3999 0.0000 
103      103   (0)      6 :  0.0000 0.3999 0.0000 0.0000 0.0000 0.0000 0.0000 0.5999 0.0000 
104      104   (0)      6 :  0.0000 0.3999 0.0000 0.0000 0.0000 0.0000 0.0000 0.5999 0.0000 
105      105   (0)      6 :  0.0000 0.2000 0.0000 0.0000 0.0000 0.0000 0.0000 0.7998 0.0000 
106      106   (0)      6 :  0.0000 0.3999 0.0000 0.0000 0.0000 0.0000 0.0000 0.5998 0.0000 
107      107   (0)      6 :  0.0000 0.3999 0.0000 0.0000 0.0000 0.0000 0.0000 0.5999 0.0000 
108      108   (0)      6 :  0.0000 0.3999 0.0000 0.0000 0.0000 0.0000 0.0000 0.5999 0.0000 
109      109   (0)      6 :  0.0000 0.2000 0.0000 0.0000 0.0000 0.0000 0.0000 0.7998 0.0000 
110      110   (0)      2 :  0.0000 0.1464 0.0000 0.0000 0.8534 0.0000 0.0000 0.0000 0.0000 
111      111   (0)      2 :  0.0000 0.0762 0.0000 0.0000 0.9235 0.0000 0.0000 0.0000 0.0000 
112      112   (0)      2 :  0.0000 0.0966 0.0000 0.0000 0.9031 0.0000 0.0000 0.0000 0.0000 
113      113   (0)      2 :  0.0000 0.0529 0.0000 0.0000 0.9469 0.0000 0.0000 0.0000 0.0000 
114      114   (0)      2 :  0.0000 0.0421 0.0000 0.0000 0.9576 0.0000 0.0000 0.0000 0.0000 
115      115   (0)      3 :  0.0000 0.9772 0.0000 0.0000 0.0226 0.0000 0.0000 0.0000 0.0000 
