  1        1   (0)      1 :  0.9997 0.0000 0.0000 0.0000 0.0000 0.0000 0.0000 0.0000 0.0000 0.0000 
  2        2   (0)      1 :  0.9997 0.0000 0.0000 0.0000 0.0000 0.0000 0.0000 0.0000 0.0000 0.0000 
  3        3   (0)      1 :  0.9997 0.0000 0.0000 0.0000 0.0000 0.0000 0.0000 0.0000 0.0000 0.0000 
  4        4   (0)      1 :  0.9997 0.0000 0.0000 0.0000 0.0000 0.0000 0.0000 0.0000 0.0000 0.0000 
  5        5   (0)      1 :  0.9997 0.0000 0.0000 0.0000 0.0000 0.0000 0.0000 0.0000 0.0000 0.0000 
  6        6   (0)      1 :  0.9997 0.0000 0.0000 0.0000 0.0000 0.0000 0.0000 0.0000 0.0000 0.0000 
  7        7   (0)      1 :  0.9997 0.0000 0.0000 0.0000 0.0000 0.0000 0.0000 0.0000 0.0000 0.0000 
  8        8   (0)      1 :  0.9998 0.0000 0.0000 0.0000 0.0000 0.0000 0.0000 0.0000 0.0000 0.0000 
  9        9   (0)      1 :  0.9998 0.0000 0.0000 0.0000 0.0000 0.0000 0.0000 0.0000 0.0000 0.0000 
 10       10   (0)      1 :  0.9998 0.0000 0.0000 0.0000 0.0000 0.0000 0.0000 0.0000 0.0000 0.0000 
 11       11   (0)      1 :  0.9997 0.0000 0.0000 0.0000 0.0000 0.0000 0.0000 0.0000 0.0000 0.0000 
 12       12   (0)      1 :  0.9998 0.0000 0.0000 0.0000 0.0000 0.0000 0.0000 0.0000 0.0000 0.0000 
 13       13   (0)      1 :  0.9997 0.0000 0.0000 0.0000 0.0000 0.0000 0.0000 0.0000 0.0000 0.0000 
 14       14   (0)      1 :  0.9997 0.0000 0.0000 0.0000 0.0000 0.0000 0.0000 0.0000 0.0000 0.0000 
 15       15   (0)      1 :  0.9997 0.0000 0.0000 0.0000 0.0000 0.0000 0.0000 0.0000 0.0000 0.0000 
 16       16   (0)      1 :  0.9997 0.0000 0.0000 0.0000 0.0000 0.0000 0.0000 0.0000 0.0000 0.0000 
 17       17   (0)      1 :  0.9997 0.0000 0.0000 0.0000 0.0000 0.0000 0.0000 0.0000 0.0000 0.0000 
 18       18   (0)      2 :  0.0000 0.0000 0.9998 0.0000 0.0000 0.0000 0.0000 0.0000 0.0000 0.0000 
 19       19   (0)      2 :  0.0931 0.0000 0.9066 0.0000 0.0000 0.0000 0.0000 0.0000 0.0000 0.0000 
 20       20   (0)      3 :  0.9775 0.0000 0.0223 0.0000 0.0000 0.0000 0.0000 0.0000 0.0000 0.0000 
 21       21   (0)      3 :  0.9851 0.0000 0.0147 0.0000 0.0000 0.0000 0.0000 0.0000 0.0000 0.0000 
 22       22   (0)      2 :  0.0000 0.0000 0.9997 0.0000 0.0000 0.0000 0.0000 0.0000 0.0000 0.0000 
 23       23   (0)      2 :  0.0000 0.0000 0.9998 0.0000 0.0000 0.0000 0.0000 0.0000 0.0000 0.0000 
 24       24   (0)      2 :  0.0000 0.0000 0.9998 0.0000 0.0000 0.0000 0.0000 0.0000 0.0000 0.0000 
 25       25   (0)      4 :  0.1490 0.0000 0.0000 0.0000 0.0000 0.0000 0.0000 0.8411 0.0000 0.0097 
 26       26   (0)      4 :  0.0100 0.0000 0.0000 0.0000 0.0000 0.0000 0.0000 0.9899 0.0000 0.0000 
 27       27   (0)      4 :  0.0000 0.0000 0.0000 0.0000 0.0000 0.0000 0.0000 0.9997 0.0000 0.0000 
 28       28   (0)      4 :  0.0000 0.0000 0.0000 0.0000 0.0000 0.0000 0.0000 0.9997 0.0000 0.0000 
 29       29   (0)      4 :  0.0000 0.0000 0.0000 0.0000 0.0000 0.0000 0.0000 0.9997 0.0000 0.0000 
 30       30   (0)      4 :  0.1187 0.0000 0.0000 0.0000 0.0000 0.0000 0.0000 0.8810 0.0000 0.0000 
 31       31   (0)      4 :  0.0000 0.0000 0.0000 0.0000 0.0000 0.0000 0.0000 0.9997 0.0000 0.0000 
 32       32   (0)      4 :  0.0000 0.0000 0.0000 0.0000 0.0000 0.0000 0.0000 0.9997 0.0000 0.0000 
 33       33   (0)      4 :  0.0000 0.0000 0.0000 0.0000 0.0000 0.0000 0.0000 0.9997 0.0000 0.0000 
 34       34   (0)      4 :  0.1146 0.0000 0.0000 0.0000 0.0000 0.0000 0.0000 0.7329 0.0000 0.1523 
 35       35   (0)      4 :  0.1736 0.0000 0.0000 0.0000 0.0000 0.0000 0.0000 0.6764 0.0000 0.1498 
 36       36   (0)      4 :  0.0000 0.0000 0.0000 0.0000 0.0000 0.0000 0.0000 0.7999 0.0000 0.2000 
 37       37   (0)      4 :  0.0000 0.0000 0.0000 0.0000 0.0000 0.0000 0.0000 0.7999 0.0000 0.2000 
 38       38   (0)      4 :  0.0000 0.0000 0.0000 0.0000 0.0000 0.0000 0.0000 0.9998 0.0000 0.0000 
 39       39   (0)      4 :  0.0000 0.0000 0.0000 0.0000 0.0000 0.0000 0.0000 0.7998 0.0000 0.2000 
 40       40   (0)      4 :  0.0000 0.0000 0.0000 0.0000 0.0000 0.0000 0.0000 0.7999 0.0000 0.2000 
 41       41   (0)      4 :  0.0000 0.0000 0.0000 0.0000 0.0000 0.0000 0.0000 0.9997 0.0000 0.0000 
 42       42   (0)      4 :  0.0000 0.0000 0.0000 0.0000 0.0000 0.0000 0.0000 0.9997 0.0000 0.0000 
 43       43   (0)      4 :  0.0000 0.0000 0.0000 0.0000 0.0000 0.0000 0.0000 0.9997 0.0000 0.0000 
 44       44   (0)      4 :  0.0000 0.0000 0.0000 0.0000 0.0000 0.0000 0.0000 0.9997 0.0000 0.0000 
 45       45   (0)      4 :  0.0000 0.0000 0.0000 0.0000 0.0000 0.0000 0.0000 0.9997 0.0000 0.0000 
 46       46   (0)      4 :  0.0753 0.0000 0.0000 0.0000 0.0000 0.0000 0.0000 0.9243 0.0000 0.0002 
 47       47   (0)      4 :  0.0000 0.0000 0.0000 0.0000 0.0000 0.0000 0.0000 0.9997 0.0000 0.0000 
 48       48   (0)      4 :  0.0985 0.0000 0.0000 0.0000 0.0000 0.0000 0.0000 0.7264 0.0000 0.1750 
 49       49   (0)      4 :  0.0000 0.0000 0.0000 0.0000 0.0000 0.0000 0.0000 0.9997 0.0000 0.0000 
 50       50   (0)      4 :  0.0000 0.0000 0.0000 0.0000 0.0000 0.0000 0.0000 0.9997 0.0000 0.0000 
 51       51   (0)      1 :  0.9998 0.0000 0.0000 0.0000 0.0000 0.0000 0.0000 0.0000 0.0000 0.0000 
 52       52   (0)      1 :  0.9998 0.0000 0.0000 0.0000 0.0000 0.0000 0.0000 0.0000 0.0000 0.0000 
 53       53   (0)      1 :  0.7737 0.0000 0.0377 0.0000 0.0000 0.0000 0.0000 0.1208 0.0000 0.0677 
 54       54   (0)      1 :  0.3326 0.0000 0.0374 0.0000 0.0000 0.0000 0.0000 0.4955 0.0000 0.1344 
 55       55   (0)      1 :  0.8297 0.0000 0.0000 0.0000 0.0000 0.0000 0.0000 0.1082 0.0000 0.0619 
 56       56   (0)      1 :  0.4456 0.0000 0.0000 0.0000 0.0000 0.0000 0.0000 0.4255 0.0000 0.1288 
 57       57   (0)      1 :  0.4898 0.0000 0.0000 0.0000 0.0000 0.0000 0.0000 0.3911 0.0000 0.1189 
 58       58   (0)      1 :  0.6069 0.0000 0.0000 0.0000 0.0000 0.0000 0.0000 0.3004 0.0000 0.0925 
 59       59   (0)      1 :  0.9960 0.0000 0.0000 0.0000 0.0000 0.0000 0.0000 0.0038 0.0000 0.0000 
 60       60   (0)      1 :  0.9997 0.0000 0.0000 0.0000 0.0000 0.0000 0.0000 0.0000 0.0000 0.0000 
 61       61   (0)      1 :  0.9998 0.0000 0.0000 0.0000 0.0000 0.0000 0.0000 0.0000 0.0000 0.0000 
 62       62   (0)      1 :  0.9401 0.0000 0.0000 0.0000 0.0000 0.0000 0.0000 0.0282 0.0000 0.0316 
 63       63   (0)      1 :  0.9579 0.0000 0.0000 0.0000 0.0000 0.0000 0.0000 0.0188 0.0000 0.0231 
 64       64   (0)      1 :  0.9997 0.0000 0.0000 0.0000 0.0000 0.0000 0.0000 0.0000 0.0000 0.0000 
 65       65   (0)      1 :  0.9997 0.0000 0.0000 0.0000 0.0000 0.0000 0.0000 0.0000 0.0000 0.0000 
 66       66   (0)      1 :  0.9997 0.0000 0.0000 0.0000 0.0000 0.0000 0.0000 0.0000 0.0000 0.0000 
 67       67   (0)      1 :  0.9997 0.0000 0.0000 0.0000 0.0000 0.0000 0.0000 0.0000 0.0000 0.0000 
 68       68   (0)      1 :  0.9997 0.0000 0.0000 0.0000 0.0000 0.0000 0.0000 0.0000 0.0000 0.0000 
 69       69   (0)      1 :  0.9997 0.0000 0.0000 0.0000 0.0000 0.0000 0.0000 0.0000 0.0000 0.0000 
 70       70   (0)      1 :  0.9998 0.0000 0.0000 0.0000 0.0000 0.0000 0.0000 0.0000 0.0000 0.0000 
 71       71   (0)      1 :  0.9997 0.0000 0.0000 0.0000 0.0000 0.0000 0.0000 0.0000 0.0000 0.0000 
 72       72   (0)      1 :  0.9997 0.0000 0.0000 0.0000 0.0000 0.0000 0.0000 0.0000 0.0000 0.0000 
 73       73   (0)      1 :  0.9997 0.0000 0.0000 0.0000 0.0000 0.0000 0.0000 0.0000 0.0000 0.0000 
 74       74   (0)      1 :  0.9998 0.0000 0.0000 0.0000 0.0000 0.0000 0.0000 0.0000 0.0000 0.0000 
 75       75   (0)      1 :  0.9998 0.0000 0.0000 0.0000 0.0000 0.0000 0.0000 0.0000 0.0000 0.0000 
 76       76   (0)      1 :  0.9997 0.0000 0.0000 0.0000 0.0000 0.0000 0.0000 0.0000 0.0000 0.0000 
 77       77   (0)      1 :  0.9997 0.0000 0.0000 0.0000 0.0000 0.0000 0.0000 0.0000 0.0000 0.0000 
 78       78   (0)      1 :  0.9997 0.0000 0.0000 0.0000 0.0000 0.0000 0.0000 0.0000 0.0000 0.0000 
 79       79   (0)      1 :  0.8682 0.0000 0.0105 0.0000 0.0000 0.0000 0.0000 0.0507 0.0000 0.0704 
 80       80   (0)      1 :  0.9998 0.0000 0.0000 0.0000 0.0000 0.0000 0.0000 0.0000 0.0000 0.0000 
 81       81   (0)      1 :  0.9998 0.0000 0.0000 0.0000 0.0000 0.0000 0.0000 0.0000 0.0000 0.0000 
 82       82   (0)      1 :  0.9998 0.0000 0.0000 0.0000 0.0000 0.0000 0.0000 0.0000 0.0000 0.0000 
 83       83   (0)      1 :  0.9439 0.0000 0.0000 0.0559 0.0000 0.0000 0.0000 0.0000 0.0000 0.0000 
 84       84   (0)      1 :  0.9913 0.0000 0.0000 0.0000 0.0000 0.0000 0.0000 0.0000 0.0000 0.0084 
 85       85   (0)      1 :  0.9998 0.0000 0.0000 0.0000 0.0000 0.0000 0.0000 0.0000 0.0000 0.0000 
 86       86   (0)      1 :  0.9998 0.0000 0.0000 0.0000 0.0000 0.0000 0.0000 0.0000 0.0000 0.0000 
 87       87   (0)      5 :  0.5629 0.0000 0.0635 0.0000 0.0000 0.0000 0.0000 0.2422 0.0000 0.1312 
 88       88   (0)      5 :  0.2418 0.0000 0.0000 0.0000 0.0000 0.0000 0.0000 0.6105 0.0000 0.1476 
 89       89   (0)      5 :  0.5720 0.0000 0.0647 0.0000 0.0000 0.0000 0.0000 0.2411 0.0000 0.1221 
 90       90   (0)      5 :  0.0454 0.0000 0.0000 0.0000 0.0000 0.0000 0.0000 0.7544 0.0000 0.2000 
 91       91   (0)      5 :  0.0000 0.0000 0.0000 0.0000 0.0000 0.0000 0.0000 0.7998 0.0000 0.2000 
 92       92   (0)      5 :  0.3140 0.0000 0.0000 0.0000 0.0000 0.0000 0.0000 0.5432 0.0000 0.1426 
 93       93   (0)      5 :  0.0976 0.0000 0.0000 0.0000 0.0000 0.0000 0.0000 0.7022 0.0000 0.2000 
 94       94   (0)      5 :  0.2157 0.0000 0.0000 0.0000 0.0000 0.0000 0.0000 0.6396 0.0000 0.1445 
 95       95   (0)      5 :  0.0000 0.0000 0.0000 0.0000 0.0000 0.0000 0.0000 0.7998 0.0000 0.2000 
 96       96   (0)      5 :  0.0759 0.0000 0.0000 0.0000 0.0000 0.0000 0.0000 0.7239 0.0000 0.2000 
 97       97   (0)      6 :  0.3999 0.0000 0.0000 0.5999 0.0000 0.0000 0.0000 0.0000 0.0000 0.0000 
 98       98   (0)      6 :  0.3999 0.0000 0.0000 0.5999 0.0000 0.0000 0.0000 0.0000 0.0000 0.0000 
 99       99   (0)      6 :  0.3999 0.0000 0.0000 0.5999 0.0000 0.0000 0.0000 0.0000 0.0000 0.0000 
100      100   (0)      6 :  0.5999 0.0000 0.0000 0.3999 0.0000 0.0000 0.0000 0.0000 0.0000 0.0000 
101      101   (0)      6 :  0.9180 0.0000 0.0000 0.0818 0.0000 0.0000 0.0000 0.0000 0.0000 0.0000 
102      102   (0)      6 :  0.7643 0.0000 0.0000 0.2356 0.0000 0.0000 0.0000 0.0000 0.0000 0.0000 
103      103   (0)      6 :  0.3999 0.0000 0.0000 0.5999 0.0000 0.0000 0.0000 0.0000 0.0000 0.0000 
104      104   (0)      6 :  0.3999 0.0000 0.0000 0.5999 0.0000 0.0000 0.0000 0.0000 0.0000 0.0000 
105      105   (0)      6 :  0.2000 0.0000 0.0000 0.7998 0.0000 0.0000 0.0000 0.0000 0.0000 0.0000 
106      106   (0)      6 :  0.2000 0.0000 0.0000 0.7998 0.0000 0.0000 0.0000 0.0000 0.0000 0.0000 
107      107   (0)      6 :  0.2000 0.0000 0.0000 0.7998 0.0000 0.0000 0.0000 0.0000 0.0000 0.0000 
108      108   (0)      6 :  0.3826 0.0000 0.0000 0.6172 0.0000 0.0000 0.0000 0.0000 0.0000 0.0000 
109      109   (0)      6 :  0.2000 0.0000 0.0000 0.7998 0.0000 0.0000 0.0000 0.0000 0.0000 0.0000 
110      110   (0)      2 :  0.1689 0.0000 0.8310 0.0000 0.0000 0.0000 0.0000 0.0000 0.0000 0.0000 
111      111   (0)      2 :  0.1019 0.0000 0.8978 0.0000 0.0000 0.0000 0.0000 0.0000 0.0000 0.0000 
112      112   (0)      2 :  0.1511 0.0000 0.8486 0.0000 0.0000 0.0000 0.0000 0.0000 0.0000 0.0000 
113      113   (0)      2 :  0.1047 0.0000 0.8950 0.0000 0.0000 0.0000 0.0000 0.0000 0.0000 0.0000 
114      114   (0)      2 :  0.0892 0.0000 0.9106 0.0000 0.0000 0.0000 0.0000 0.0000 0.0000 0.0000 
115      115   (0)      3 :  0.9775 0.0000 0.0223 0.0000 0.0000 0.0000 0.0000 0.0000 0.0000 0.0000 
