1        1   (0)      1  : 0.9998 0.0001 0.0001
2        2   (0)      1  : 0.9998 0.0001 0.0001
3        3   (0)      1  : 0.9998 0.0001 0.0001
4        4   (0)      1  : 0.9998 0.0001 0.0001
5        5   (0)      1  : 0.9997 0.0001 0.0001
6        6   (0)      1  : 0.9998 0.0001 0.0001
7        7   (0)      1  : 0.9997 0.0001 0.0001
8        8   (0)      1  : 0.9998 0.0001 0.0001
9        9   (0)      1  : 0.9998 0.0001 0.0001
10       10   (0)      1  : 0.9998 0.0001 0.0001
11       11   (0)      1  : 0.9998 0.0001 0.0001
12       12   (0)      1  : 0.9998 0.0001 0.0001
13       13   (0)      1  : 0.9998 0.0001 0.0001
14       14   (0)      1  : 0.9998 0.0001 0.0001
15       15   (0)      1  : 0.9998 0.0001 0.0001
16       16   (0)      1  : 0.9998 0.0001 0.0001
17       17   (0)      1  : 0.9997 0.0001 0.0001
18       18   (0)      2  : 0.0001 0.0001 0.9998
19       19   (0)      2  : 0.0001 0.0001 0.9998
20       20   (0)      3  : 0.9193 0.0001 0.0806
21       21   (0)      3  : 0.9304 0.0001 0.0695
22       22   (0)      2  : 0.0001 0.0001 0.9998
23       23   (0)      2  : 0.0001 0.0001 0.9998
24       24   (0)      2  : 0.0001 0.0001 0.9998
25       25   (0)      4  : 0.1021 0.8978 0.0001
26       26   (0)      4  : 0.0001 0.9998 0.0001
27       27   (0)      4  : 0.0001 0.9997 0.0001
28       28   (0)      4  : 0.0001 0.9998 0.0001
29       29   (0)      4  : 0.0001 0.9997 0.0001
30       30   (0)      4  : 0.1180 0.8819 0.0002
31       31   (0)      4  : 0.0001 0.9997 0.0001
32       32   (0)      4  : 0.0001 0.9997 0.0001
33       33   (0)      4  : 0.0001 0.9998 0.0001
34       34   (0)      4  : 0.0893 0.9106 0.0001
35       35   (0)      4  : 0.1868 0.8131 0.0001
36       36   (0)      4  : 0.0001 0.9998 0.0001
37       37   (0)      4  : 0.0001 0.9998 0.0001
38       38   (0)      4  : 0.0001 0.9998 0.0001
39       39   (0)      4  : 0.0001 0.9998 0.0001
40       40   (0)      4  : 0.0001 0.9998 0.0001
41       41   (0)      4  : 0.0001 0.9998 0.0001
42       42   (0)      4  : 0.0001 0.9998 0.0001
43       43   (0)      4  : 0.0001 0.9998 0.0001
44       44   (0)      4  : 0.0001 0.9998 0.0001
45       45   (0)      4  : 0.0001 0.9998 0.0001
46       46   (0)      4  : 0.0001 0.9998 0.0001
47       47   (0)      4  : 0.0001 0.9998 0.0001
48       48   (0)      4  : 0.1677 0.8322 0.0001
49       49   (0)      4  : 0.0001 0.9998 0.0001
50       50   (0)      4  : 0.0001 0.9998 0.0001
51       51   (0)      1  : 0.9998 0.0001 0.0001
52       52   (0)      1  : 0.9998 0.0001 0.0001
53       53   (0)      1  : 0.8177 0.1540 0.0283
54       54   (0)      1  : 0.4389 0.5610 0.0001
55       55   (0)      1  : 0.5800 0.4199 0.0001
56       56   (0)      1  : 0.4283 0.5717 0.0001
57       57   (0)      1  : 0.4884 0.5115 0.0001
58       58   (0)      1  : 0.5648 0.4351 0.0001
59       59   (0)      1  : 0.9497 0.0502 0.0001
60       60   (0)      1  : 0.9998 0.0001 0.0001
61       61   (0)      1  : 0.9998 0.0001 0.0001
62       62   (0)      1  : 0.7934 0.2065 0.0001
63       63   (0)      1  : 0.8708 0.1291 0.0001
64       64   (0)      1  : 0.9998 0.0001 0.0001
65       65   (0)      1  : 0.9998 0.0001 0.0001
66       66   (0)      1  : 0.9997 0.0001 0.0001
67       67   (0)      1  : 0.9998 0.0001 0.0001
68       68   (0)      1  : 0.9997 0.0001 0.0001
69       69   (0)      1  : 0.9997 0.0001 0.0001
70       70   (0)      1  : 0.9998 0.0001 0.0001
71       71   (0)      1  : 0.9997 0.0001 0.0001
72       72   (0)      1  : 0.9998 0.0001 0.0001
73       73   (0)      1  : 0.9998 0.0001 0.0001
74       74   (0)      1  : 0.9998 0.0001 0.0001
75       75   (0)      1  : 0.9998 0.0001 0.0001
76       76   (0)      1  : 0.9997 0.0002 0.0002
77       77   (0)      1  : 0.9998 0.0001 0.0001
78       78   (0)      1  : 0.9998 0.0001 0.0001
79       79   (0)      1  : 0.7145 0.2854 0.0001
80       80   (0)      1  : 0.9998 0.0001 0.0001
81       81   (0)      1  : 0.9998 0.0001 0.0001
82       82   (0)      1  : 0.9998 0.0001 0.0001
83       83   (0)      1  : 0.9883 0.0116 0.0001
84       84   (0)      1  : 0.9997 0.0002 0.0002
85       85   (0)      1  : 0.9998 0.0001 0.0001
86       86   (0)      1  : 0.9998 0.0001 0.0001
87       87   (0)      5  : 0.4732 0.5267 0.0001
88       88   (0)      5  : 0.3596 0.6403 0.0001
89       89   (0)      5  : 0.5190 0.4810 0.0001
90       90   (0)      5  : 0.1278 0.8721 0.0001
91       91   (0)      5  : 0.0390 0.9609 0.0001
92       92   (0)      5  : 0.3782 0.6217 0.0001
93       93   (0)      5  : 0.2792 0.7207 0.0001
94       94   (0)      5  : 0.2603 0.7396 0.0001
95       95   (0)      5  : 0.0622 0.9377 0.0001
96       96   (0)      5  : 0.2065 0.7934 0.0001
97       97   (0)      6  : 0.9998 0.0001 0.0001
98       98   (0)      6  : 0.9998 0.0001 0.0001
99       99   (0)      6  : 0.9998 0.0001 0.0001
100      100   (0)      6  : 0.9998 0.0001 0.0001
101      101   (0)      6  : 0.9998 0.0001 0.0001
102      102   (0)      6  : 0.9998 0.0001 0.0001
103      103   (0)      6  : 0.9998 0.0001 0.0001
104      104   (0)      6  : 0.9998 0.0001 0.0001
105      105   (0)      6  : 0.9998 0.0001 0.0001
106      106   (0)      6  : 0.9997 0.0001 0.0001
107      107   (0)      6  : 0.9998 0.0001 0.0001
108      108   (0)      6  : 0.9998 0.0001 0.0001
109      109   (0)      6  : 0.6666 0.0001 0.3333
110      110   (0)      2  : 0.0636 0.0001 0.9363
111      111   (0)      2  : 0.0001 0.0001 0.9998
112      112   (0)      2  : 0.0001 0.0001 0.9998
113      113   (0)      2  : 0.0001 0.0001 0.9998
114      114   (0)      2  : 0.0001 0.0001 0.9998
115      115   (0)      3  : 0.8472 0.0001 0.1527
