1        1   (0)      1  : 0.9997 0.0003
2        2   (0)      1  : 0.9997 0.0003
3        3   (0)      1  : 0.9995 0.0005
4        4   (0)      1  : 0.9996 0.0004
5        5   (0)      1  : 0.9996 0.0004
6        6   (0)      1  : 0.9996 0.0004
7        7   (0)      1  : 0.9996 0.0004
8        8   (0)      1  : 0.9998 0.0002
9        9   (0)      1  : 0.9998 0.0002
10       10   (0)      1  : 0.9997 0.0003
11       11   (0)      1  : 0.9996 0.0004
12       12   (0)      1  : 0.9997 0.0003
13       13   (0)      1  : 0.9997 0.0003
14       14   (0)      1  : 0.9997 0.0003
15       15   (0)      1  : 0.9997 0.0003
16       16   (0)      1  : 0.9997 0.0003
17       17   (0)      1  : 0.9996 0.0004
18       18   (0)      2  : 0.9995 0.0005
19       19   (0)      2  : 0.9993 0.0007
20       20   (0)      3  : 0.9997 0.0003
21       21   (0)      3  : 0.9997 0.0003
22       22   (0)      2  : 0.9995 0.0005
23       23   (0)      2  : 0.9993 0.0007
24       24   (0)      2  : 0.9995 0.0005
25       25   (0)      4  : 0.1049 0.8951
26       26   (0)      4  : 0.0003 0.9997
27       27   (0)      4  : 0.0006 0.9994
28       28   (0)      4  : 0.0004 0.9996
29       29   (0)      4  : 0.0007 0.9993
30       30   (0)      4  : 0.1322 0.8678
31       31   (0)      4  : 0.0004 0.9996
32       32   (0)      4  : 0.0072 0.9928
33       33   (0)      4  : 0.0004 0.9996
34       34   (0)      4  : 0.0033 0.9967
35       35   (0)      4  : 0.1517 0.8483
36       36   (0)      4  : 0.0003 0.9997
37       37   (0)      4  : 0.0003 0.9997
38       38   (0)      4  : 0.0003 0.9997
39       39   (0)      4  : 0.0003 0.9997
40       40   (0)      4  : 0.0003 0.9997
41       41   (0)      4  : 0.0004 0.9996
42       42   (0)      4  : 0.0004 0.9996
43       43   (0)      4  : 0.0004 0.9996
44       44   (0)      4  : 0.0005 0.9995
45       45   (0)      4  : 0.0004 0.9996
46       46   (0)      4  : 0.0441 0.9559
47       47   (0)      4  : 0.0004 0.9996
48       48   (0)      4  : 0.1876 0.8124
49       49   (0)      4  : 0.0004 0.9996
50       50   (0)      4  : 0.0004 0.9996
51       51   (0)      1  : 0.9998 0.0002
52       52   (0)      1  : 0.9998 0.0003
53       53   (0)      1  : 0.9078 0.0922
54       54   (0)      1  : 0.4526 0.5474
55       55   (0)      1  : 0.6830 0.3170
56       56   (0)      1  : 0.4414 0.5586
57       57   (0)      1  : 0.4899 0.5101
58       58   (0)      1  : 0.5720 0.4280
59       59   (0)      1  : 0.9930 0.0070
60       60   (0)      1  : 0.9997 0.0003
61       61   (0)      1  : 0.9998 0.0002
62       62   (0)      1  : 0.8493 0.1507
63       63   (0)      1  : 0.8979 0.1021
64       64   (0)      1  : 0.9997 0.0003
65       65   (0)      1  : 0.9997 0.0003
66       66   (0)      1  : 0.9996 0.0004
67       67   (0)      1  : 0.9997 0.0003
68       68   (0)      1  : 0.9996 0.0004
69       69   (0)      1  : 0.9996 0.0004
70       70   (0)      1  : 0.9997 0.0003
71       71   (0)      1  : 0.9997 0.0003
72       72   (0)      1  : 0.9996 0.0004
73       73   (0)      1  : 0.9997 0.0003
74       74   (0)      1  : 0.9998 0.0002
75       75   (0)      1  : 0.9998 0.0002
76       76   (0)      1  : 0.9995 0.0005
77       77   (0)      1  : 0.9996 0.0004
78       78   (0)      1  : 0.9997 0.0003
79       79   (0)      1  : 0.6933 0.3067
80       80   (0)      1  : 0.9998 0.0002
81       81   (0)      1  : 0.9997 0.0003
82       82   (0)      1  : 0.9998 0.0002
83       83   (0)      1  : 0.9995 0.0005
84       84   (0)      1  : 0.9993 0.0007
85       85   (0)      1  : 0.9998 0.0002
86       86   (0)      1  : 0.9998 0.0002
87       87   (0)      5  : 0.5738 0.4262
88       88   (0)      5  : 0.4068 0.5932
89       89   (0)      5  : 0.5393 0.4607
90       90   (0)      5  : 0.1513 0.8487
91       91   (0)      5  : 0.1289 0.8711
92       92   (0)      5  : 0.4468 0.5532
93       93   (0)      5  : 0.2718 0.7282
94       94   (0)      5  : 0.2658 0.7342
95       95   (0)      5  : 0.1504 0.8496
96       96   (0)      5  : 0.1706 0.8294
97       97   (0)      6  : 0.9997 0.0003
98       98   (0)      6  : 0.9997 0.0003
99       99   (0)      6  : 0.9997 0.0003
100      100   (0)      6  : 0.9998 0.0002
101      101   (0)      6  : 0.9998 0.0002
102      102   (0)      6  : 0.9998 0.0002
103      103   (0)      6  : 0.9997 0.0003
104      104   (0)      6  : 0.9996 0.0004
105      105   (0)      6  : 0.9995 0.0005
106      106   (0)      6  : 0.9996 0.0004
107      107   (0)      6  : 0.9996 0.0004
108      108   (0)      6  : 0.9996 0.0004
109      109   (0)      6  : 0.9993 0.0007
110      110   (0)      2  : 0.9620 0.0380
111      111   (0)      2  : 0.9995 0.0005
112      112   (0)      2  : 0.9995 0.0005
113      113   (0)      2  : 0.9993 0.0007
114      114   (0)      2  : 0.9971 0.0029
115      115   (0)      3  : 0.9998 0.0002
