1        1   (0)      1  : 0.7998 0.0000 0.0000 0.0000 0.2000 0.0000
2        2   (0)      1  : 0.7998 0.0000 0.0000 0.0000 0.2000 0.0000
3        3   (0)      1  : 0.7998 0.0000 0.0000 0.0000 0.2000 0.0000
4        4   (0)      1  : 0.7998 0.0000 0.0000 0.0000 0.2000 0.0000
5        5   (0)      1  : 0.7998 0.0001 0.0001 0.0001 0.2000 0.0001
6        6   (0)      1  : 0.7998 0.0000 0.0000 0.0000 0.2000 0.0000
7        7   (0)      1  : 0.9997 0.0001 0.0001 0.0001 0.0001 0.0001
8        8   (0)      1  : 0.9998 0.0000 0.0000 0.0000 0.0000 0.0000
9        9   (0)      1  : 0.9998 0.0000 0.0000 0.0000 0.0000 0.0000
10       10   (0)      1  : 0.9998 0.0000 0.0000 0.0000 0.0000 0.0000
11       11   (0)      1  : 0.9998 0.0000 0.0000 0.0000 0.0000 0.0000
12       12   (0)      1  : 0.9998 0.0000 0.0000 0.0000 0.0000 0.0000
13       13   (0)      1  : 0.9998 0.0000 0.0000 0.0000 0.0000 0.0000
14       14   (0)      1  : 0.9998 0.0000 0.0000 0.0000 0.0000 0.0000
15       15   (0)      1  : 0.9998 0.0000 0.0000 0.0000 0.0000 0.0000
16       16   (0)      1  : 0.9997 0.0001 0.0001 0.0000 0.0001 0.0000
17       17   (0)      1  : 0.9997 0.0001 0.0001 0.0001 0.0001 0.0001
18       18   (0)      2  : 0.0000 0.0000 0.9998 0.0000 0.0000 0.0000
19       19   (0)      2  : 0.0000 0.0000 0.9998 0.0000 0.0000 0.0000
20       20   (0)      3  : 0.7907 0.0000 0.0092 0.0000 0.2000 0.0000
21       21   (0)      3  : 0.7914 0.0000 0.0085 0.0000 0.2000 0.0000
22       22   (0)      2  : 0.0000 0.0000 0.9998 0.0000 0.0000 0.0000
23       23   (0)      2  : 0.0000 0.0000 0.9998 0.0000 0.0000 0.0000
24       24   (0)      2  : 0.0000 0.0000 0.9998 0.0000 0.0000 0.0000
25       25   (0)      4  : 0.0207 0.9791 0.0000 0.0000 0.0000 0.0000
26       26   (0)      4  : 0.0000 0.9998 0.0000 0.0000 0.0000 0.0000
27       27   (0)      4  : 0.0001 0.9997 0.0001 0.0001 0.0001 0.0001
28       28   (0)      4  : 0.0000 0.9998 0.0000 0.0000 0.0000 0.0000
29       29   (0)      4  : 0.0001 0.9997 0.0001 0.0001 0.0001 0.0001
30       30   (0)      4  : 0.0226 0.9619 0.0001 0.0001 0.0154 0.0001
31       31   (0)      4  : 0.0001 0.9997 0.0001 0.0001 0.0001 0.0001
32       32   (0)      4  : 0.0001 0.9997 0.0001 0.0001 0.0001 0.0001
33       33   (0)      4  : 0.0000 0.9998 0.0000 0.0000 0.0000 0.0000
34       34   (0)      4  : 0.0000 0.9998 0.0000 0.0000 0.0000 0.0000
35       35   (0)      4  : 0.0190 0.9809 0.0000 0.0000 0.0000 0.0000
36       36   (0)      4  : 0.0000 0.9998 0.0000 0.0000 0.0000 0.0000
37       37   (0)      4  : 0.0000 0.9998 0.0000 0.0000 0.0000 0.0000
38       38   (0)      4  : 0.0000 0.9998 0.0000 0.0000 0.0000 0.0000
39       39   (0)      4  : 0.0000 0.9998 0.0000 0.0000 0.0000 0.0000
40       40   (0)      4  : 0.0000 0.9998 0.0000 0.0000 0.0000 0.0000
41       41   (0)      4  : 0.0000 0.9998 0.0000 0.0000 0.0000 0.0000
42       42   (0)      4  : 0.0000 0.9998 0.0000 0.0000 0.0000 0.0000
43       43   (0)      4  : 0.0001 0.9997 0.0001 0.0001 0.0001 0.0001
44       44   (0)      4  : 0.0000 0.9998 0.0000 0.0000 0.0000 0.0000
45       45   (0)      4  : 0.0000 0.9998 0.0000 0.0000 0.0000 0.0000
46       46   (0)      4  : 0.0000 0.9998 0.0000 0.0000 0.0000 0.0000
47       47   (0)      4  : 0.0001 0.9997 0.0001 0.0000 0.0001 0.0000
48       48   (0)      4  : 0.0347 0.9651 0.0000 0.0000 0.0000 0.0000
49       49   (0)      4  : 0.0000 0.9998 0.0000 0.0000 0.0000 0.0000
50       50   (0)      4  : 0.0000 0.9998 0.0000 0.0000 0.0000 0.0000
51       51   (0)      1  : 0.7999 0.0000 0.0000 0.0000 0.2000 0.0000
52       52   (0)      1  : 0.7999 0.0000 0.0000 0.0000 0.2000 0.0000
53       53   (0)      1  : 0.5778 0.2656 0.0001 0.0001 0.1565 0.0001
54       54   (0)      1  : 0.3672 0.5890 0.0000 0.0000 0.0436 0.0000
55       55   (0)      1  : 0.5526 0.3113 0.0001 0.0001 0.1359 0.0001
56       56   (0)      1  : 0.3876 0.5201 0.0000 0.0000 0.0923 0.0000
57       57   (0)      1  : 0.4044 0.5005 0.0000 0.0000 0.0950 0.0000
58       58   (0)      1  : 0.5494 0.3121 0.0000 0.0000 0.1384 0.0000
59       59   (0)      1  : 0.9640 0.0030 0.0000 0.0000 0.0328 0.0000
60       60   (0)      1  : 0.9998 0.0000 0.0000 0.0000 0.0001 0.0000
61       61   (0)      1  : 0.9954 0.0000 0.0000 0.0000 0.0045 0.0000
62       62   (0)      1  : 0.8896 0.1102 0.0000 0.0000 0.0000 0.0000
63       63   (0)      1  : 0.9195 0.0803 0.0000 0.0000 0.0000 0.0000
64       64   (0)      1  : 0.9998 0.0000 0.0000 0.0000 0.0000 0.0000
65       65   (0)      1  : 0.9998 0.0000 0.0000 0.0000 0.0000 0.0000
66       66   (0)      1  : 0.9997 0.0001 0.0001 0.0001 0.0001 0.0001
67       67   (0)      1  : 0.9998 0.0000 0.0000 0.0000 0.0000 0.0000
68       68   (0)      1  : 0.9997 0.0001 0.0001 0.0001 0.0001 0.0001
69       69   (0)      1  : 0.9997 0.0001 0.0001 0.0001 0.0001 0.0001
70       70   (0)      1  : 0.9998 0.0000 0.0000 0.0000 0.0000 0.0000
71       71   (0)      1  : 0.9997 0.0001 0.0001 0.0001 0.0001 0.0001
72       72   (0)      1  : 0.9997 0.0001 0.0001 0.0001 0.0001 0.0001
73       73   (0)      1  : 0.9998 0.0000 0.0000 0.0000 0.0000 0.0000
74       74   (0)      1  : 0.9998 0.0000 0.0000 0.0000 0.0000 0.0000
75       75   (0)      1  : 0.9998 0.0000 0.0000 0.0000 0.0000 0.0000
76       76   (0)      1  : 0.9997 0.0001 0.0001 0.0001 0.0001 0.0001
77       77   (0)      1  : 0.9997 0.0001 0.0001 0.0001 0.0001 0.0001
78       78   (0)      1  : 0.9998 0.0000 0.0000 0.0000 0.0000 0.0000
79       79   (0)      1  : 0.6279 0.2276 0.0000 0.0000 0.1444 0.0000
80       80   (0)      1  : 0.7999 0.0000 0.0000 0.0000 0.2000 0.0000
81       81   (0)      1  : 0.7999 0.0000 0.0000 0.0000 0.2000 0.0000
82       82   (0)      1  : 0.7999 0.0000 0.0000 0.0000 0.2000 0.0000
83       83   (0)      1  : 0.7535 0.0000 0.0000 0.0000 0.2463 0.0000
84       84   (0)      1  : 0.7778 0.0220 0.0001 0.0001 0.2000 0.0001
85       85   (0)      1  : 0.9998 0.0000 0.0000 0.0000 0.0000 0.0000
86       86   (0)      1  : 0.7999 0.0000 0.0000 0.0000 0.2000 0.0000
87       87   (0)      5  : 0.2531 0.6844 0.0001 0.0001 0.0623 0.0001
88       88   (0)      5  : 0.2199 0.7272 0.0000 0.0000 0.0528 0.0000
89       89   (0)      5  : 0.3475 0.5694 0.0000 0.0000 0.0830 0.0000
90       90   (0)      5  : 0.0960 0.8822 0.0001 0.0001 0.0216 0.0001
91       91   (0)      5  : 0.0027 0.9971 0.0000 0.0000 0.0000 0.0000
92       92   (0)      5  : 0.2303 0.7172 0.0000 0.0000 0.0524 0.0000
93       93   (0)      5  : 0.0757 0.8898 0.0001 0.0001 0.0343 0.0001
94       94   (0)      5  : 0.1114 0.8551 0.0000 0.0000 0.0333 0.0000
95       95   (0)      5  : 0.0087 0.9911 0.0001 0.0001 0.0001 0.0001
96       96   (0)      5  : 0.1224 0.8512 0.0000 0.0000 0.0263 0.0000
97       97   (0)      6  : 0.3999 0.0000 0.0000 0.0000 0.5999 0.0000
98       98   (0)      6  : 0.3999 0.0000 0.0000 0.0000 0.5999 0.0000
99       99   (0)      6  : 0.3999 0.0000 0.0000 0.0000 0.5999 0.0000
100      100   (0)      6  : 0.7956 0.0000 0.0000 0.0000 0.2042 0.0000
101      101   (0)      6  : 0.7999 0.0000 0.0000 0.0000 0.2000 0.0000
102      102   (0)      6  : 0.7984 0.0000 0.0000 0.0000 0.2014 0.0000
103      103   (0)      6  : 0.3999 0.0000 0.0000 0.0000 0.5999 0.0000
104      104   (0)      6  : 0.3999 0.0000 0.0000 0.0000 0.5999 0.0000
105      105   (0)      6  : 0.3999 0.0000 0.0000 0.0000 0.5999 0.0000
106      106   (0)      6  : 0.3999 0.0001 0.0001 0.0001 0.5999 0.0001
107      107   (0)      6  : 0.3999 0.0000 0.0000 0.0000 0.5999 0.0000
108      108   (0)      6  : 0.3999 0.0000 0.0000 0.0000 0.5999 0.0000
109      109   (0)      6  : 0.3999 0.0000 0.0000 0.0000 0.5999 0.0000
110      110   (0)      2  : 0.0945 0.0000 0.8856 0.0000 0.0199 0.0000
111      111   (0)      2  : 0.0000 0.0000 0.9998 0.0000 0.0000 0.0000
112      112   (0)      2  : 0.0000 0.0000 0.9998 0.0000 0.0000 0.0000
113      113   (0)      2  : 0.0000 0.0000 0.9998 0.0000 0.0000 0.0000
114      114   (0)      2  : 0.0000 0.0000 0.9998 0.0000 0.0000 0.0000
115      115   (0)      3  : 0.7718 0.0000 0.0281 0.0000 0.2000 0.0000
