1        1   (0)      1  : 0.9997 0.0000 0.0000 0.0000 0.0000 0.0000 0.0000 0.0000
2        2   (0)      1  : 0.9998 0.0000 0.0000 0.0000 0.0000 0.0000 0.0000 0.0000
3        3   (0)      1  : 0.9997 0.0000 0.0000 0.0000 0.0000 0.0000 0.0000 0.0000
4        4   (0)      1  : 0.9997 0.0000 0.0000 0.0000 0.0000 0.0000 0.0000 0.0000
5        5   (0)      1  : 0.9997 0.0000 0.0000 0.0000 0.0000 0.0000 0.0000 0.0000
6        6   (0)      1  : 0.9997 0.0000 0.0000 0.0000 0.0000 0.0000 0.0000 0.0000
7        7   (0)      1  : 0.9997 0.0000 0.0000 0.0000 0.0000 0.0000 0.0000 0.0000
8        8   (0)      1  : 0.9998 0.0000 0.0000 0.0000 0.0000 0.0000 0.0000 0.0000
9        9   (0)      1  : 0.9998 0.0000 0.0000 0.0000 0.0000 0.0000 0.0000 0.0000
10       10   (0)      1  : 0.9998 0.0000 0.0000 0.0000 0.0000 0.0000 0.0000 0.0000
11       11   (0)      1  : 0.9997 0.0000 0.0000 0.0000 0.0000 0.0000 0.0000 0.0000
12       12   (0)      1  : 0.9998 0.0000 0.0000 0.0000 0.0000 0.0000 0.0000 0.0000
13       13   (0)      1  : 0.9998 0.0000 0.0000 0.0000 0.0000 0.0000 0.0000 0.0000
14       14   (0)      1  : 0.9998 0.0000 0.0000 0.0000 0.0000 0.0000 0.0000 0.0000
15       15   (0)      1  : 0.9997 0.0000 0.0000 0.0000 0.0000 0.0000 0.0000 0.0000
16       16   (0)      1  : 0.9997 0.0000 0.0000 0.0000 0.0000 0.0000 0.0000 0.0000
17       17   (0)      1  : 0.9997 0.0000 0.0000 0.0000 0.0000 0.0000 0.0000 0.0000
18       18   (0)      2  : 0.0000 0.0000 0.9998 0.0000 0.0000 0.0000 0.0000 0.0000
19       19   (0)      2  : 0.0000 0.0000 0.9997 0.0000 0.0000 0.0000 0.0000 0.0000
20       20   (0)      3  : 0.9868 0.0000 0.0131 0.0000 0.0000 0.0000 0.0000 0.0000
21       21   (0)      3  : 0.9998 0.0000 0.0000 0.0000 0.0000 0.0000 0.0000 0.0000
22       22   (0)      2  : 0.0000 0.0000 0.9997 0.0000 0.0000 0.0000 0.0000 0.0000
23       23   (0)      2  : 0.0000 0.0000 0.9998 0.0000 0.0000 0.0000 0.0000 0.0000
24       24   (0)      2  : 0.0000 0.0000 0.9998 0.0000 0.0000 0.0000 0.0000 0.0000
25       25   (0)      4  : 0.0000 0.9998 0.0000 0.0000 0.0000 0.0000 0.0000 0.0000
26       26   (0)      4  : 0.0000 0.9998 0.0000 0.0000 0.0000 0.0000 0.0000 0.0000
27       27   (0)      4  : 0.0000 0.9997 0.0000 0.0000 0.0000 0.0000 0.0000 0.0000
28       28   (0)      4  : 0.0000 0.9997 0.0000 0.0000 0.0000 0.0000 0.0000 0.0000
29       29   (0)      4  : 0.0000 0.9997 0.0000 0.0000 0.0000 0.0000 0.0000 0.0000
30       30   (0)      4  : 0.0661 0.9336 0.0000 0.0000 0.0000 0.0000 0.0000 0.0000
31       31   (0)      4  : 0.0000 0.9997 0.0000 0.0000 0.0000 0.0000 0.0000 0.0000
32       32   (0)      4  : 0.0000 0.9997 0.0000 0.0000 0.0000 0.0000 0.0000 0.0000
33       33   (0)      4  : 0.0000 0.9998 0.0000 0.0000 0.0000 0.0000 0.0000 0.0000
34       34   (0)      4  : 0.0000 0.9998 0.0000 0.0000 0.0000 0.0000 0.0000 0.0000
35       35   (0)      4  : 0.0538 0.9461 0.0000 0.0000 0.0000 0.0000 0.0000 0.0000
36       36   (0)      4  : 0.0000 0.9998 0.0000 0.0000 0.0000 0.0000 0.0000 0.0000
37       37   (0)      4  : 0.0000 0.9998 0.0000 0.0000 0.0000 0.0000 0.0000 0.0000
38       38   (0)      4  : 0.0000 0.9998 0.0000 0.0000 0.0000 0.0000 0.0000 0.0000
39       39   (0)      4  : 0.0000 0.9998 0.0000 0.0000 0.0000 0.0000 0.0000 0.0000
40       40   (0)      4  : 0.0000 0.9998 0.0000 0.0000 0.0000 0.0000 0.0000 0.0000
41       41   (0)      4  : 0.0000 0.9997 0.0000 0.0000 0.0000 0.0000 0.0000 0.0000
42       42   (0)      4  : 0.0000 0.9997 0.0000 0.0000 0.0000 0.0000 0.0000 0.0000
43       43   (0)      4  : 0.0000 0.9997 0.0000 0.0000 0.0000 0.0000 0.0000 0.0000
44       44   (0)      4  : 0.0000 0.9997 0.0000 0.0000 0.0000 0.0000 0.0000 0.0000
45       45   (0)      4  : 0.0000 0.9997 0.0000 0.0000 0.0000 0.0000 0.0000 0.0000
46       46   (0)      4  : 0.0000 0.9997 0.0000 0.0000 0.0000 0.0000 0.0000 0.0000
47       47   (0)      4  : 0.0000 0.9997 0.0000 0.0000 0.0000 0.0000 0.0000 0.0000
48       48   (0)      4  : 0.0656 0.9342 0.0000 0.0000 0.0000 0.0000 0.0000 0.0000
49       49   (0)      4  : 0.0000 0.9998 0.0000 0.0000 0.0000 0.0000 0.0000 0.0000
50       50   (0)      4  : 0.0000 0.9997 0.0000 0.0000 0.0000 0.0000 0.0000 0.0000
51       51   (0)      1  : 0.9998 0.0000 0.0000 0.0000 0.0000 0.0000 0.0000 0.0000
52       52   (0)      1  : 0.9998 0.0000 0.0000 0.0000 0.0000 0.0000 0.0000 0.0000
53       53   (0)      1  : 0.4999 0.0000 0.0000 0.0000 0.0000 0.4999 0.0000 0.0000
54       54   (0)      1  : 0.2019 0.2980 0.0000 0.0000 0.0000 0.4999 0.0000 0.0000
55       55   (0)      1  : 0.2758 0.3371 0.0000 0.0000 0.0000 0.3869 0.0000 0.0000
56       56   (0)      1  : 0.0000 0.4508 0.0000 0.0492 0.0000 0.4999 0.0000 0.0000
57       57   (0)      1  : 0.2261 0.2738 0.0000 0.0000 0.0000 0.4999 0.0000 0.0000
58       58   (0)      1  : 0.2636 0.2363 0.0000 0.0000 0.0000 0.4999 0.0000 0.0000
59       59   (0)      1  : 0.9998 0.0000 0.0000 0.0000 0.0000 0.0000 0.0000 0.0000
60       60   (0)      1  : 0.9998 0.0000 0.0000 0.0000 0.0000 0.0000 0.0000 0.0000
61       61   (0)      1  : 0.9998 0.0000 0.0000 0.0000 0.0000 0.0000 0.0000 0.0000
62       62   (0)      1  : 0.8473 0.0968 0.0000 0.0000 0.0000 0.0558 0.0000 0.0000
63       63   (0)      1  : 0.9080 0.0495 0.0000 0.0000 0.0000 0.0423 0.0000 0.0000
64       64   (0)      1  : 0.9997 0.0000 0.0000 0.0000 0.0000 0.0000 0.0000 0.0000
65       65   (0)      1  : 0.9998 0.0000 0.0000 0.0000 0.0000 0.0000 0.0000 0.0000
66       66   (0)      1  : 0.9997 0.0000 0.0000 0.0000 0.0000 0.0000 0.0000 0.0000
67       67   (0)      1  : 0.9998 0.0000 0.0000 0.0000 0.0000 0.0000 0.0000 0.0000
68       68   (0)      1  : 0.9997 0.0000 0.0000 0.0000 0.0000 0.0000 0.0000 0.0000
69       69   (0)      1  : 0.9997 0.0000 0.0000 0.0000 0.0000 0.0000 0.0000 0.0000
70       70   (0)      1  : 0.9998 0.0000 0.0000 0.0000 0.0000 0.0000 0.0000 0.0000
71       71   (0)      1  : 0.9997 0.0000 0.0000 0.0000 0.0000 0.0000 0.0000 0.0000
72       72   (0)      1  : 0.9997 0.0000 0.0000 0.0000 0.0000 0.0000 0.0000 0.0000
73       73   (0)      1  : 0.9998 0.0000 0.0000 0.0000 0.0000 0.0000 0.0000 0.0000
74       74   (0)      1  : 0.9998 0.0000 0.0000 0.0000 0.0000 0.0000 0.0000 0.0000
75       75   (0)      1  : 0.9998 0.0000 0.0000 0.0000 0.0000 0.0000 0.0000 0.0000
76       76   (0)      1  : 0.9997 0.0000 0.0000 0.0000 0.0000 0.0000 0.0000 0.0000
77       77   (0)      1  : 0.9997 0.0000 0.0000 0.0000 0.0000 0.0000 0.0000 0.0000
78       78   (0)      1  : 0.9997 0.0000 0.0000 0.0000 0.0000 0.0000 0.0000 0.0000
79       79   (0)      1  : 0.6937 0.1543 0.0000 0.0000 0.0000 0.1519 0.0000 0.0000
80       80   (0)      1  : 0.9998 0.0000 0.0000 0.0000 0.0000 0.0000 0.0000 0.0000
81       81   (0)      1  : 0.9998 0.0000 0.0000 0.0000 0.0000 0.0000 0.0000 0.0000
82       82   (0)      1  : 0.9998 0.0000 0.0000 0.0000 0.0000 0.0000 0.0000 0.0000
83       83   (0)      1  : 0.4305 0.0000 0.0000 0.5693 0.0000 0.0000 0.0000 0.0000
84       84   (0)      1  : 0.9997 0.0000 0.0000 0.0000 0.0000 0.0000 0.0000 0.0000
85       85   (0)      1  : 0.9998 0.0000 0.0000 0.0000 0.0000 0.0000 0.0000 0.0000
86       86   (0)      1  : 0.9998 0.0000 0.0000 0.0000 0.0000 0.0000 0.0000 0.0000
87       87   (0)      5  : 0.4105 0.5893 0.0000 0.0000 0.0000 0.0000 0.0000 0.0000
88       88   (0)      5  : 0.1786 0.8212 0.0000 0.0000 0.0000 0.0000 0.0000 0.0000
89       89   (0)      5  : 0.4472 0.5526 0.0000 0.0000 0.0000 0.0000 0.0000 0.0000
90       90   (0)      5  : 0.0792 0.9206 0.0000 0.0000 0.0000 0.0000 0.0000 0.0000
91       91   (0)      5  : 0.0429 0.9569 0.0000 0.0000 0.0000 0.0000 0.0000 0.0000
92       92   (0)      5  : 0.1947 0.8052 0.0000 0.0000 0.0000 0.0000 0.0000 0.0000
93       93   (0)      5  : 0.1445 0.8553 0.0000 0.0000 0.0000 0.0000 0.0000 0.0000
94       94   (0)      5  : 0.1101 0.8897 0.0000 0.0000 0.0000 0.0000 0.0000 0.0000
95       95   (0)      5  : 0.0414 0.9584 0.0000 0.0000 0.0000 0.0000 0.0000 0.0000
96       96   (0)      5  : 0.1171 0.8827 0.0000 0.0000 0.0000 0.0000 0.0000 0.0000
97       97   (0)      6  : 0.0000 0.0000 0.0000 0.9998 0.0000 0.0000 0.0000 0.0000
98       98   (0)      6  : 0.0000 0.0000 0.0000 0.9998 0.0000 0.0000 0.0000 0.0000
99       99   (0)      6  : 0.0000 0.0000 0.0000 0.9998 0.0000 0.0000 0.0000 0.0000
100      100   (0)      6  : 0.4679 0.0000 0.0000 0.5319 0.0000 0.0000 0.0000 0.0000
101      101   (0)      6  : 0.4865 0.0000 0.0000 0.5134 0.0000 0.0000 0.0000 0.0000
102      102   (0)      6  : 0.4744 0.0000 0.0000 0.5254 0.0000 0.0000 0.0000 0.0000
103      103   (0)      6  : 0.0000 0.0000 0.0000 0.9998 0.0000 0.0000 0.0000 0.0000
104      104   (0)      6  : 0.0000 0.0000 0.0000 0.9998 0.0000 0.0000 0.0000 0.0000
105      105   (0)      6  : 0.0000 0.0000 0.0000 0.9998 0.0000 0.0000 0.0000 0.0000
106      106   (0)      6  : 0.0000 0.0000 0.0000 0.9997 0.0000 0.0000 0.0000 0.0000
107      107   (0)      6  : 0.0000 0.0000 0.0000 0.9998 0.0000 0.0000 0.0000 0.0000
108      108   (0)      6  : 0.0000 0.0000 0.0000 0.9997 0.0000 0.0000 0.0000 0.0000
109      109   (0)      6  : 0.0000 0.0000 0.0000 0.9997 0.0000 0.0000 0.0000 0.0000
110      110   (0)      2  : 0.1084 0.0000 0.8914 0.0000 0.0000 0.0000 0.0000 0.0000
111      111   (0)      2  : 0.0000 0.0000 0.9997 0.0000 0.0000 0.0000 0.0000 0.0000
112      112   (0)      2  : 0.0433 0.0000 0.9565 0.0000 0.0000 0.0000 0.0000 0.0000
113      113   (0)      2  : 0.0000 0.0000 0.9998 0.0000 0.0000 0.0000 0.0000 0.0000
114      114   (0)      2  : 0.0000 0.0000 0.9998 0.0000 0.0000 0.0000 0.0000 0.0000
115      115   (0)      3  : 0.9614 0.0000 0.0384 0.0000 0.0000 0.0000 0.0000 0.0000
