1        1   (0)      1  : 0.9997 0.0000 0.0000 0.0000 0.0000 0.0000 0.0000 0.0000
2        2   (0)      1  : 0.9998 0.0000 0.0000 0.0000 0.0000 0.0000 0.0000 0.0000
3        3   (0)      1  : 0.9997 0.0000 0.0000 0.0000 0.0000 0.0000 0.0000 0.0000
4        4   (0)      1  : 0.9997 0.0000 0.0000 0.0000 0.0000 0.0000 0.0000 0.0000
5        5   (0)      1  : 0.9997 0.0000 0.0000 0.0000 0.0000 0.0000 0.0000 0.0000
6        6   (0)      1  : 0.9997 0.0000 0.0000 0.0000 0.0000 0.0000 0.0000 0.0000
7        7   (0)      1  : 0.9997 0.0000 0.0000 0.0000 0.0000 0.0000 0.0000 0.0000
8        8   (0)      1  : 0.9998 0.0000 0.0000 0.0000 0.0000 0.0000 0.0000 0.0000
9        9   (0)      1  : 0.9998 0.0000 0.0000 0.0000 0.0000 0.0000 0.0000 0.0000
10       10   (0)      1  : 0.9998 0.0000 0.0000 0.0000 0.0000 0.0000 0.0000 0.0000
11       11   (0)      1  : 0.9997 0.0000 0.0000 0.0000 0.0000 0.0000 0.0000 0.0000
12       12   (0)      1  : 0.9998 0.0000 0.0000 0.0000 0.0000 0.0000 0.0000 0.0000
13       13   (0)      1  : 0.9998 0.0000 0.0000 0.0000 0.0000 0.0000 0.0000 0.0000
14       14   (0)      1  : 0.9998 0.0000 0.0000 0.0000 0.0000 0.0000 0.0000 0.0000
15       15   (0)      1  : 0.9997 0.0000 0.0000 0.0000 0.0000 0.0000 0.0000 0.0000
16       16   (0)      1  : 0.9997 0.0000 0.0000 0.0000 0.0000 0.0000 0.0000 0.0000
17       17   (0)      1  : 0.9997 0.0000 0.0000 0.0000 0.0000 0.0000 0.0000 0.0000
18       18   (0)      2  : 0.2000 0.0000 0.7998 0.0000 0.0000 0.0000 0.0000 0.0000
19       19   (0)      2  : 0.2000 0.0000 0.7998 0.0000 0.0000 0.0000 0.0000 0.0000
20       20   (0)      3  : 0.9909 0.0000 0.0089 0.0000 0.0000 0.0000 0.0000 0.0000
21       21   (0)      3  : 0.9918 0.0000 0.0081 0.0000 0.0000 0.0000 0.0000 0.0000
22       22   (0)      2  : 0.2000 0.0000 0.7998 0.0000 0.0000 0.0000 0.0000 0.0000
23       23   (0)      2  : 0.2000 0.0000 0.7998 0.0000 0.0000 0.0000 0.0000 0.0000
24       24   (0)      2  : 0.2000 0.0000 0.7999 0.0000 0.0000 0.0000 0.0000 0.0000
25       25   (0)      4  : 0.0719 0.9279 0.0000 0.0000 0.0000 0.0000 0.0000 0.0000
26       26   (0)      4  : 0.0000 0.9998 0.0000 0.0000 0.0000 0.0000 0.0000 0.0000
27       27   (0)      4  : 0.0000 0.9997 0.0000 0.0000 0.0000 0.0000 0.0000 0.0000
28       28   (0)      4  : 0.0000 0.9997 0.0000 0.0000 0.0000 0.0000 0.0000 0.0000
29       29   (0)      4  : 0.0000 0.9997 0.0000 0.0000 0.0000 0.0000 0.0000 0.0000
30       30   (0)      4  : 0.0906 0.9091 0.0000 0.0000 0.0000 0.0000 0.0000 0.0000
31       31   (0)      4  : 0.0000 0.9997 0.0000 0.0000 0.0000 0.0000 0.0000 0.0000
32       32   (0)      4  : 0.0000 0.9997 0.0000 0.0000 0.0000 0.0000 0.0000 0.0000
33       33   (0)      4  : 0.0000 0.9998 0.0000 0.0000 0.0000 0.0000 0.0000 0.0000
34       34   (0)      4  : 0.0309 0.9690 0.0000 0.0000 0.0000 0.0000 0.0000 0.0000
35       35   (0)      4  : 0.0874 0.9124 0.0000 0.0000 0.0000 0.0000 0.0000 0.0000
36       36   (0)      4  : 0.0000 0.9998 0.0000 0.0000 0.0000 0.0000 0.0000 0.0000
37       37   (0)      4  : 0.0000 0.9998 0.0000 0.0000 0.0000 0.0000 0.0000 0.0000
38       38   (0)      4  : 0.0000 0.9998 0.0000 0.0000 0.0000 0.0000 0.0000 0.0000
39       39   (0)      4  : 0.0000 0.9998 0.0000 0.0000 0.0000 0.0000 0.0000 0.0000
40       40   (0)      4  : 0.0000 0.9998 0.0000 0.0000 0.0000 0.0000 0.0000 0.0000
41       41   (0)      4  : 0.0000 0.9997 0.0000 0.0000 0.0000 0.0000 0.0000 0.0000
42       42   (0)      4  : 0.0000 0.9997 0.0000 0.0000 0.0000 0.0000 0.0000 0.0000
43       43   (0)      4  : 0.0000 0.9997 0.0000 0.0000 0.0000 0.0000 0.0000 0.0000
44       44   (0)      4  : 0.0000 0.9997 0.0000 0.0000 0.0000 0.0000 0.0000 0.0000
45       45   (0)      4  : 0.0000 0.9997 0.0000 0.0000 0.0000 0.0000 0.0000 0.0000
46       46   (0)      4  : 0.0000 0.9997 0.0000 0.0000 0.0000 0.0000 0.0000 0.0000
47       47   (0)      4  : 0.0000 0.9997 0.0000 0.0000 0.0000 0.0000 0.0000 0.0000
48       48   (0)      4  : 0.0961 0.9037 0.0000 0.0000 0.0000 0.0000 0.0000 0.0000
49       49   (0)      4  : 0.0000 0.9998 0.0000 0.0000 0.0000 0.0000 0.0000 0.0000
50       50   (0)      4  : 0.0000 0.9997 0.0000 0.0000 0.0000 0.0000 0.0000 0.0000
51       51   (0)      1  : 0.9998 0.0000 0.0000 0.0000 0.0000 0.0000 0.0000 0.0000
52       52   (0)      1  : 0.9998 0.0000 0.0000 0.0000 0.0000 0.0000 0.0000 0.0000
53       53   (0)      1  : 0.7387 0.2610 0.0000 0.0000 0.0000 0.0000 0.0000 0.0000
54       54   (0)      1  : 0.5392 0.4606 0.0000 0.0000 0.0000 0.0000 0.0000 0.0000
55       55   (0)      1  : 0.7042 0.2955 0.0000 0.0000 0.0000 0.0000 0.0000 0.0000
56       56   (0)      1  : 0.5072 0.4926 0.0000 0.0000 0.0000 0.0000 0.0000 0.0000
57       57   (0)      1  : 0.5308 0.4690 0.0000 0.0000 0.0000 0.0000 0.0000 0.0000
58       58   (0)      1  : 0.6339 0.3659 0.0000 0.0000 0.0000 0.0000 0.0000 0.0000
59       59   (0)      1  : 0.9998 0.0000 0.0000 0.0000 0.0000 0.0000 0.0000 0.0000
60       60   (0)      1  : 0.9998 0.0000 0.0000 0.0000 0.0000 0.0000 0.0000 0.0000
61       61   (0)      1  : 0.9998 0.0000 0.0000 0.0000 0.0000 0.0000 0.0000 0.0000
62       62   (0)      1  : 0.9165 0.0834 0.0000 0.0000 0.0000 0.0000 0.0000 0.0000
63       63   (0)      1  : 0.9362 0.0636 0.0000 0.0000 0.0000 0.0000 0.0000 0.0000
64       64   (0)      1  : 0.9997 0.0000 0.0000 0.0000 0.0000 0.0000 0.0000 0.0000
65       65   (0)      1  : 0.9998 0.0000 0.0000 0.0000 0.0000 0.0000 0.0000 0.0000
66       66   (0)      1  : 0.9997 0.0000 0.0000 0.0000 0.0000 0.0000 0.0000 0.0000
67       67   (0)      1  : 0.9998 0.0000 0.0000 0.0000 0.0000 0.0000 0.0000 0.0000
68       68   (0)      1  : 0.9997 0.0000 0.0000 0.0000 0.0000 0.0000 0.0000 0.0000
69       69   (0)      1  : 0.9997 0.0000 0.0000 0.0000 0.0000 0.0000 0.0000 0.0000
70       70   (0)      1  : 0.9998 0.0000 0.0000 0.0000 0.0000 0.0000 0.0000 0.0000
71       71   (0)      1  : 0.9997 0.0000 0.0000 0.0000 0.0000 0.0000 0.0000 0.0000
72       72   (0)      1  : 0.9997 0.0000 0.0000 0.0000 0.0000 0.0000 0.0000 0.0000
73       73   (0)      1  : 0.9998 0.0000 0.0000 0.0000 0.0000 0.0000 0.0000 0.0000
74       74   (0)      1  : 0.9998 0.0000 0.0000 0.0000 0.0000 0.0000 0.0000 0.0000
75       75   (0)      1  : 0.9998 0.0000 0.0000 0.0000 0.0000 0.0000 0.0000 0.0000
76       76   (0)      1  : 0.9997 0.0000 0.0000 0.0000 0.0000 0.0000 0.0000 0.0000
77       77   (0)      1  : 0.9997 0.0000 0.0000 0.0000 0.0000 0.0000 0.0000 0.0000
78       78   (0)      1  : 0.9997 0.0000 0.0000 0.0000 0.0000 0.0000 0.0000 0.0000
79       79   (0)      1  : 0.7635 0.2363 0.0000 0.0000 0.0000 0.0000 0.0000 0.0000
80       80   (0)      1  : 0.9998 0.0000 0.0000 0.0000 0.0000 0.0000 0.0000 0.0000
81       81   (0)      1  : 0.9998 0.0000 0.0000 0.0000 0.0000 0.0000 0.0000 0.0000
82       82   (0)      1  : 0.9998 0.0000 0.0000 0.0000 0.0000 0.0000 0.0000 0.0000
83       83   (0)      1  : 0.9637 0.0000 0.0000 0.0000 0.0361 0.0000 0.0000 0.0000
84       84   (0)      1  : 0.9923 0.0074 0.0000 0.0000 0.0000 0.0000 0.0000 0.0000
85       85   (0)      1  : 0.9998 0.0000 0.0000 0.0000 0.0000 0.0000 0.0000 0.0000
86       86   (0)      1  : 0.9998 0.0000 0.0000 0.0000 0.0000 0.0000 0.0000 0.0000
87       87   (0)      5  : 0.4619 0.5379 0.0000 0.0000 0.0000 0.0000 0.0000 0.0000
88       88   (0)      5  : 0.4222 0.5776 0.0000 0.0000 0.0000 0.0000 0.0000 0.0000
89       89   (0)      5  : 0.5498 0.4500 0.0000 0.0000 0.0000 0.0000 0.0000 0.0000
90       90   (0)      5  : 0.1322 0.8676 0.0000 0.0000 0.0000 0.0000 0.0000 0.0000
91       91   (0)      5  : 0.0218 0.9779 0.0000 0.0000 0.0000 0.0000 0.0000 0.0000
92       92   (0)      5  : 0.4309 0.5689 0.0000 0.0000 0.0000 0.0000 0.0000 0.0000
93       93   (0)      5  : 0.1867 0.8131 0.0000 0.0000 0.0000 0.0000 0.0000 0.0000
94       94   (0)      5  : 0.1942 0.8056 0.0000 0.0000 0.0000 0.0000 0.0000 0.0000
95       95   (0)      5  : 0.0415 0.9583 0.0000 0.0000 0.0000 0.0000 0.0000 0.0000
96       96   (0)      5  : 0.1770 0.8228 0.0000 0.0000 0.0000 0.0000 0.0000 0.0000
97       97   (0)      6  : 0.7998 0.0000 0.0000 0.0000 0.2000 0.0000 0.0000 0.0000
98       98   (0)      6  : 0.7998 0.0000 0.0000 0.0000 0.2000 0.0000 0.0000 0.0000
99       99   (0)      6  : 0.7998 0.0000 0.0000 0.0000 0.2000 0.0000 0.0000 0.0000
100      100   (0)      6  : 0.7999 0.0000 0.0000 0.0000 0.2000 0.0000 0.0000 0.0000
101      101   (0)      6  : 0.9378 0.0000 0.0000 0.0000 0.0620 0.0000 0.0000 0.0000
102      102   (0)      6  : 0.7999 0.0000 0.0000 0.0000 0.2000 0.0000 0.0000 0.0000
103      103   (0)      6  : 0.7998 0.0000 0.0000 0.0000 0.2000 0.0000 0.0000 0.0000
104      104   (0)      6  : 0.7998 0.0000 0.0000 0.0000 0.2000 0.0000 0.0000 0.0000
105      105   (0)      6  : 0.7998 0.0000 0.0000 0.0000 0.2000 0.0000 0.0000 0.0000
106      106   (0)      6  : 0.7998 0.0000 0.0000 0.0000 0.2000 0.0000 0.0000 0.0000
107      107   (0)      6  : 0.7998 0.0000 0.0000 0.0000 0.2000 0.0000 0.0000 0.0000
108      108   (0)      6  : 0.7998 0.0000 0.0000 0.0000 0.2000 0.0000 0.0000 0.0000
109      109   (0)      6  : 0.7998 0.0000 0.0000 0.0000 0.2000 0.0000 0.0000 0.0000
110      110   (0)      2  : 0.2949 0.0000 0.7050 0.0000 0.0000 0.0000 0.0000 0.0000
111      111   (0)      2  : 0.2000 0.0000 0.7998 0.0000 0.0000 0.0000 0.0000 0.0000
112      112   (0)      2  : 0.2218 0.0000 0.7780 0.0000 0.0000 0.0000 0.0000 0.0000
113      113   (0)      2  : 0.2000 0.0000 0.7998 0.0000 0.0000 0.0000 0.0000 0.0000
114      114   (0)      2  : 0.2000 0.0000 0.7998 0.0000 0.0000 0.0000 0.0000 0.0000
115      115   (0)      3  : 0.9686 0.0000 0.0312 0.0000 0.0000 0.0000 0.0000 0.0000
