PLINK v2.00a2.3 64-bit (24 Jan 2020)
Options in effect:
  --allow-extra-chr
  --double-id
  --make-bed
  --out fs_infile_linked_biallelic
  --vcf linked_biallelic.recode.vcf

Hostname: Bejohouse-iMac.local
Working directory: /Users/bejo/Desktop/running_faststructure/linked
Start time: Thu Oct  7 15:04:39 2021

Random number seed: 1633633479
16384 MiB RAM detected; reserving 8192 MiB for main workspace.
Using up to 4 compute threads.
--vcf: 19858 variants scanned.
--vcf: fs_infile_linked_biallelic-temporary.pgen +
fs_infile_linked_biallelic-temporary.pvar +
fs_infile_linked_biallelic-temporary.psam written.
115 samples (0 females, 0 males, 115 ambiguous; 115 founders) loaded from
fs_infile_linked_biallelic-temporary.psam.
19858 variants loaded from fs_infile_linked_biallelic-temporary.pvar.
Note: No phenotype data present.
Writing fs_infile_linked_biallelic.fam ... done.
Writing fs_infile_linked_biallelic.bim ... done.
Writing fs_infile_linked_biallelic.bed ... done.

End time: Thu Oct  7 15:04:39 2021
