  1        1   (0)      1 :  0.2000 0.0001 0.7998 0.0001 0.0001 
  2        2   (0)      1 :  0.2000 0.0001 0.7998 0.0001 0.0001 
  3        3   (0)      1 :  0.2000 0.0001 0.7998 0.0001 0.0001 
  4        4   (0)      1 :  0.2000 0.0001 0.7998 0.0001 0.0001 
  5        5   (0)      1 :  0.2000 0.0001 0.7998 0.0001 0.0001 
  6        6   (0)      1 :  0.2000 0.0001 0.7998 0.0001 0.0001 
  7        7   (0)      1 :  0.0001 0.0001 0.9997 0.0001 0.0001 
  8        8   (0)      1 :  0.0000 0.0000 0.9998 0.0000 0.0000 
  9        9   (0)      1 :  0.0000 0.0000 0.9998 0.0000 0.0000 
 10       10   (0)      1 :  0.0001 0.0000 0.9998 0.0001 0.0001 
 11       11   (0)      1 :  0.0001 0.0001 0.9998 0.0001 0.0001 
 12       12   (0)      1 :  0.0000 0.0000 0.9998 0.0000 0.0000 
 13       13   (0)      1 :  0.0001 0.0001 0.9998 0.0001 0.0001 
 14       14   (0)      1 :  0.0001 0.0001 0.9998 0.0001 0.0001 
 15       15   (0)      1 :  0.0001 0.0001 0.9998 0.0001 0.0001 
 16       16   (0)      1 :  0.0001 0.0001 0.9998 0.0001 0.0001 
 17       17   (0)      1 :  0.0001 0.0001 0.9997 0.0001 0.0001 
 18       18   (0)      2 :  0.0000 0.0000 0.0630 0.0000 0.9369 
 19       19   (0)      2 :  0.0001 0.0001 0.0997 0.0001 0.9002 
 20       20   (0)      3 :  0.2000 0.0000 0.7960 0.0000 0.0040 
 21       21   (0)      3 :  0.2000 0.0000 0.7999 0.0000 0.0000 
 22       22   (0)      2 :  0.0001 0.0001 0.0001 0.0001 0.9998 
 23       23   (0)      2 :  0.0000 0.0000 0.0000 0.0000 0.9998 
 24       24   (0)      2 :  0.0000 0.0000 0.0000 0.0000 0.9998 
 25       25   (0)      4 :  0.0001 0.0001 0.0001 0.9998 0.0001 
 26       26   (0)      4 :  0.0000 0.0000 0.0000 0.9998 0.0000 
 27       27   (0)      4 :  0.0001 0.0001 0.0001 0.9997 0.0001 
 28       28   (0)      4 :  0.0001 0.0001 0.0001 0.9998 0.0001 
 29       29   (0)      4 :  0.0001 0.0001 0.0001 0.9997 0.0001 
 30       30   (0)      4 :  0.0111 0.0001 0.0340 0.9547 0.0001 
 31       31   (0)      4 :  0.0001 0.0001 0.0001 0.9997 0.0001 
 32       32   (0)      4 :  0.0001 0.0001 0.0001 0.9997 0.0001 
 33       33   (0)      4 :  0.0001 0.0001 0.0001 0.9998 0.0001 
 34       34   (0)      4 :  0.0000 0.0000 0.0000 0.9998 0.0000 
 35       35   (0)      4 :  0.0000 0.0000 0.0294 0.9705 0.0000 
 36       36   (0)      4 :  0.0000 0.2000 0.0000 0.7999 0.0000 
 37       37   (0)      4 :  0.0000 0.2000 0.0000 0.7999 0.0000 
 38       38   (0)      4 :  0.0001 0.0001 0.0001 0.9998 0.0001 
 39       39   (0)      4 :  0.0000 0.2000 0.0000 0.7999 0.0000 
 40       40   (0)      4 :  0.0000 0.2000 0.0000 0.7999 0.0000 
 41       41   (0)      4 :  0.0001 0.0001 0.0001 0.9998 0.0001 
 42       42   (0)      4 :  0.0001 0.0001 0.0001 0.9998 0.0001 
 43       43   (0)      4 :  0.0001 0.0001 0.0001 0.9998 0.0001 
 44       44   (0)      4 :  0.0001 0.0001 0.0001 0.9998 0.0001 
 45       45   (0)      4 :  0.0001 0.0001 0.0001 0.9998 0.0001 
 46       46   (0)      4 :  0.0001 0.0001 0.0162 0.9836 0.0001 
 47       47   (0)      4 :  0.0001 0.0001 0.0001 0.9998 0.0001 
 48       48   (0)      4 :  0.0001 0.0001 0.0272 0.9726 0.0001 
 49       49   (0)      4 :  0.0001 0.0001 0.0001 0.9998 0.0001 
 50       50   (0)      4 :  0.0001 0.0001 0.0001 0.9998 0.0001 
 51       51   (0)      1 :  0.2000 0.0000 0.7999 0.0000 0.0000 
 52       52   (0)      1 :  0.2000 0.0000 0.7999 0.0000 0.0000 
 53       53   (0)      1 :  0.1771 0.0291 0.7426 0.0512 0.0001 
 54       54   (0)      1 :  0.0447 0.0888 0.5118 0.3546 0.0000 
 55       55   (0)      1 :  0.1463 0.0458 0.6173 0.1905 0.0001 
 56       56   (0)      1 :  0.0800 0.0842 0.3761 0.4596 0.0000 
 57       57   (0)      1 :  0.0975 0.0677 0.4585 0.3764 0.0000 
 58       58   (0)      1 :  0.1244 0.0578 0.5036 0.3141 0.0001 
 59       59   (0)      1 :  0.0001 0.0001 0.9998 0.0001 0.0001 
 60       60   (0)      1 :  0.0221 0.0001 0.9778 0.0001 0.0001 
 61       61   (0)      1 :  0.0488 0.0000 0.9511 0.0000 0.0000 
 62       62   (0)      1 :  0.0001 0.0001 0.9761 0.0237 0.0001 
 63       63   (0)      1 :  0.0001 0.0017 0.9803 0.0180 0.0001 
 64       64   (0)      1 :  0.0001 0.0001 0.9998 0.0001 0.0001 
 65       65   (0)      1 :  0.0001 0.0001 0.9997 0.0001 0.0001 
 66       66   (0)      1 :  0.0001 0.0001 0.9997 0.0001 0.0001 
 67       67   (0)      1 :  0.0001 0.0001 0.9998 0.0001 0.0001 
 68       68   (0)      1 :  0.0001 0.0001 0.9997 0.0001 0.0001 
 69       69   (0)      1 :  0.0001 0.0001 0.9997 0.0001 0.0001 
 70       70   (0)      1 :  0.0001 0.0001 0.9998 0.0001 0.0001 
 71       71   (0)      1 :  0.0001 0.0001 0.9997 0.0001 0.0001 
 72       72   (0)      1 :  0.0001 0.0001 0.9998 0.0001 0.0001 
 73       73   (0)      1 :  0.0001 0.0001 0.9998 0.0001 0.0001 
 74       74   (0)      1 :  0.0026 0.0000 0.9973 0.0000 0.0000 
 75       75   (0)      1 :  0.0000 0.0000 0.9998 0.0000 0.0000 
 76       76   (0)      1 :  0.0001 0.0001 0.9997 0.0001 0.0001 
 77       77   (0)      1 :  0.0001 0.0001 0.9998 0.0001 0.0001 
 78       78   (0)      1 :  0.0001 0.0001 0.9998 0.0001 0.0001 
 79       79   (0)      1 :  0.1513 0.0386 0.6998 0.1103 0.0001 
 80       80   (0)      1 :  0.2000 0.0000 0.7999 0.0000 0.0000 
 81       81   (0)      1 :  0.2000 0.0000 0.7999 0.0000 0.0000 
 82       82   (0)      1 :  0.2000 0.0000 0.7999 0.0000 0.0000 
 83       83   (0)      1 :  0.2105 0.0001 0.7894 0.0001 0.0001 
 84       84   (0)      1 :  0.2000 0.0001 0.7998 0.0001 0.0001 
 85       85   (0)      1 :  0.0000 0.0000 0.9998 0.0000 0.0000 
 86       86   (0)      1 :  0.2000 0.0000 0.7999 0.0000 0.0000 
 87       87   (0)      5 :  0.0452 0.0001 0.1924 0.7624 0.0001 
 88       88   (0)      5 :  0.0529 0.0001 0.2203 0.7266 0.0001 
 89       89   (0)      5 :  0.0730 0.0000 0.3187 0.6082 0.0000 
 90       90   (0)      5 :  0.0215 0.0001 0.0253 0.9530 0.0001 
 91       91   (0)      5 :  0.0001 0.0001 0.0001 0.9998 0.0001 
 92       92   (0)      5 :  0.0593 0.0000 0.2679 0.6727 0.0000 
 93       93   (0)      5 :  0.0296 0.0001 0.0939 0.8763 0.0001 
 94       94   (0)      5 :  0.0342 0.0000 0.1380 0.8277 0.0000 
 95       95   (0)      5 :  0.0001 0.0001 0.0001 0.9997 0.0001 
 96       96   (0)      5 :  0.0161 0.0001 0.0392 0.9446 0.0001 
 97       97   (0)      6 :  0.3999 0.0001 0.5999 0.0001 0.0001 
 98       98   (0)      6 :  0.2399 0.0001 0.7600 0.0001 0.0001 
 99       99   (0)      6 :  0.2447 0.0001 0.7551 0.0001 0.0001 
100      100   (0)      6 :  0.2000 0.0000 0.7999 0.0000 0.0000 
101      101   (0)      6 :  0.2000 0.0000 0.7999 0.0000 0.0000 
102      102   (0)      6 :  0.2000 0.0000 0.7999 0.0000 0.0000 
103      103   (0)      6 :  0.3999 0.0001 0.5999 0.0001 0.0001 
104      104   (0)      6 :  0.2766 0.0001 0.7232 0.0001 0.0001 
105      105   (0)      6 :  0.5999 0.0001 0.3999 0.0001 0.0001 
106      106   (0)      6 :  0.5999 0.0001 0.3999 0.0001 0.0001 
107      107   (0)      6 :  0.3999 0.0001 0.5999 0.0001 0.0001 
108      108   (0)      6 :  0.4038 0.0001 0.5960 0.0001 0.0001 
109      109   (0)      6 :  0.5999 0.0001 0.3999 0.0001 0.0001 
110      110   (0)      2 :  0.0000 0.0000 0.1074 0.0000 0.8925 
111      111   (0)      2 :  0.0001 0.0001 0.0001 0.0001 0.9998 
112      112   (0)      2 :  0.0001 0.0001 0.1178 0.0001 0.8820 
113      113   (0)      2 :  0.0001 0.0001 0.1085 0.0001 0.8913 
114      114   (0)      2 :  0.0001 0.0001 0.2608 0.0001 0.7390 
115      115   (0)      3 :  0.2000 0.0000 0.7732 0.0000 0.0267 
