1        1   (0)      1  : 0.9998 0.0000 0.0000 0.0000 0.0000 0.0000
2        2   (0)      1  : 0.9998 0.0000 0.0000 0.0000 0.0000 0.0000
3        3   (0)      1  : 0.9998 0.0000 0.0000 0.0000 0.0000 0.0000
4        4   (0)      1  : 0.9998 0.0001 0.0000 0.0000 0.0000 0.0000
5        5   (0)      1  : 0.9997 0.0001 0.0001 0.0001 0.0001 0.0001
6        6   (0)      1  : 0.9998 0.0000 0.0000 0.0000 0.0000 0.0000
7        7   (0)      1  : 0.9997 0.0001 0.0001 0.0001 0.0001 0.0001
8        8   (0)      1  : 0.9998 0.0000 0.0000 0.0000 0.0000 0.0000
9        9   (0)      1  : 0.9998 0.0000 0.0000 0.0000 0.0000 0.0000
10       10   (0)      1  : 0.9998 0.0000 0.0000 0.0000 0.0000 0.0000
11       11   (0)      1  : 0.9998 0.0000 0.0000 0.0000 0.0000 0.0000
12       12   (0)      1  : 0.9998 0.0000 0.0000 0.0000 0.0000 0.0000
13       13   (0)      1  : 0.9998 0.0000 0.0000 0.0000 0.0000 0.0000
14       14   (0)      1  : 0.9998 0.0000 0.0000 0.0000 0.0000 0.0000
15       15   (0)      1  : 0.9998 0.0000 0.0000 0.0000 0.0000 0.0000
16       16   (0)      1  : 0.9997 0.0001 0.0001 0.0001 0.0001 0.0001
17       17   (0)      1  : 0.9997 0.0001 0.0001 0.0001 0.0001 0.0001
18       18   (0)      2  : 0.2000 0.0000 0.7999 0.0000 0.0000 0.0000
19       19   (0)      2  : 0.2000 0.0000 0.7998 0.0000 0.0000 0.0000
20       20   (0)      3  : 0.9951 0.0000 0.0048 0.0000 0.0000 0.0000
21       21   (0)      3  : 0.9998 0.0000 0.0000 0.0000 0.0000 0.0000
22       22   (0)      2  : 0.2000 0.0000 0.7998 0.0000 0.0000 0.0000
23       23   (0)      2  : 0.2000 0.0000 0.7999 0.0000 0.0000 0.0000
24       24   (0)      2  : 0.2000 0.0000 0.7999 0.0000 0.0000 0.0000
25       25   (0)      4  : 0.0000 0.9998 0.0000 0.0000 0.0000 0.0000
26       26   (0)      4  : 0.0000 0.9998 0.0000 0.0000 0.0000 0.0000
27       27   (0)      4  : 0.0001 0.9997 0.0001 0.0001 0.0001 0.0001
28       28   (0)      4  : 0.0000 0.9998 0.0000 0.0000 0.0000 0.0000
29       29   (0)      4  : 0.0001 0.9997 0.0001 0.0001 0.0001 0.0001
30       30   (0)      4  : 0.0707 0.9291 0.0001 0.0001 0.0001 0.0001
31       31   (0)      4  : 0.0001 0.9997 0.0001 0.0001 0.0001 0.0001
32       32   (0)      4  : 0.0001 0.9997 0.0001 0.0001 0.0001 0.0001
33       33   (0)      4  : 0.0000 0.9998 0.0000 0.0000 0.0000 0.0000
34       34   (0)      4  : 0.0000 0.9998 0.0000 0.0000 0.0000 0.0000
35       35   (0)      4  : 0.0412 0.9587 0.0000 0.0000 0.0000 0.0000
36       36   (0)      4  : 0.0000 0.9998 0.0000 0.0000 0.0000 0.0000
37       37   (0)      4  : 0.0000 0.9998 0.0000 0.0000 0.0000 0.0000
38       38   (0)      4  : 0.0000 0.9998 0.0000 0.0000 0.0000 0.0000
39       39   (0)      4  : 0.0000 0.9998 0.0000 0.0000 0.0000 0.0000
40       40   (0)      4  : 0.0000 0.9998 0.0000 0.0000 0.0000 0.0000
41       41   (0)      4  : 0.0001 0.9998 0.0001 0.0001 0.0001 0.0001
42       42   (0)      4  : 0.0000 0.9998 0.0000 0.0000 0.0000 0.0000
43       43   (0)      4  : 0.0001 0.9997 0.0001 0.0001 0.0001 0.0001
44       44   (0)      4  : 0.0000 0.9998 0.0000 0.0000 0.0000 0.0000
45       45   (0)      4  : 0.0000 0.9998 0.0000 0.0000 0.0000 0.0000
46       46   (0)      4  : 0.0457 0.9541 0.0000 0.0000 0.0000 0.0000
47       47   (0)      4  : 0.0001 0.9997 0.0001 0.0001 0.0001 0.0001
48       48   (0)      4  : 0.0588 0.9410 0.0000 0.0000 0.0000 0.0000
49       49   (0)      4  : 0.0000 0.9998 0.0000 0.0000 0.0000 0.0000
50       50   (0)      4  : 0.0000 0.9998 0.0000 0.0000 0.0000 0.0000
51       51   (0)      1  : 0.9998 0.0000 0.0000 0.0000 0.0000 0.0000
52       52   (0)      1  : 0.9998 0.0000 0.0000 0.0000 0.0000 0.0000
53       53   (0)      1  : 0.9634 0.0364 0.0001 0.0001 0.0001 0.0001
54       54   (0)      1  : 0.5646 0.4352 0.0000 0.0000 0.0000 0.0000
55       55   (0)      1  : 0.7361 0.2637 0.0001 0.0001 0.0001 0.0001
56       56   (0)      1  : 0.5500 0.4498 0.0000 0.0000 0.0000 0.0000
57       57   (0)      1  : 0.6353 0.3645 0.0000 0.0000 0.0000 0.0000
58       58   (0)      1  : 0.6744 0.3254 0.0000 0.0000 0.0000 0.0000
59       59   (0)      1  : 0.9998 0.0000 0.0000 0.0000 0.0000 0.0000
60       60   (0)      1  : 0.9998 0.0000 0.0000 0.0000 0.0000 0.0000
61       61   (0)      1  : 0.9998 0.0000 0.0000 0.0000 0.0000 0.0000
62       62   (0)      1  : 0.9762 0.0237 0.0000 0.0000 0.0000 0.0000
63       63   (0)      1  : 0.9758 0.0240 0.0000 0.0000 0.0000 0.0000
64       64   (0)      1  : 0.9998 0.0000 0.0000 0.0000 0.0000 0.0000
65       65   (0)      1  : 0.9998 0.0000 0.0000 0.0000 0.0000 0.0000
66       66   (0)      1  : 0.9997 0.0001 0.0001 0.0001 0.0001 0.0001
67       67   (0)      1  : 0.9998 0.0000 0.0000 0.0000 0.0000 0.0000
68       68   (0)      1  : 0.9997 0.0001 0.0001 0.0001 0.0001 0.0001
69       69   (0)      1  : 0.9997 0.0001 0.0001 0.0001 0.0001 0.0001
70       70   (0)      1  : 0.9998 0.0000 0.0000 0.0000 0.0000 0.0000
71       71   (0)      1  : 0.9997 0.0001 0.0001 0.0001 0.0001 0.0001
72       72   (0)      1  : 0.9997 0.0001 0.0001 0.0001 0.0001 0.0001
73       73   (0)      1  : 0.9998 0.0000 0.0000 0.0000 0.0000 0.0000
74       74   (0)      1  : 0.9998 0.0000 0.0000 0.0000 0.0000 0.0000
75       75   (0)      1  : 0.9998 0.0000 0.0000 0.0000 0.0000 0.0000
76       76   (0)      1  : 0.9997 0.0001 0.0001 0.0001 0.0001 0.0001
77       77   (0)      1  : 0.9997 0.0001 0.0001 0.0001 0.0001 0.0001
78       78   (0)      1  : 0.9998 0.0000 0.0000 0.0000 0.0000 0.0000
79       79   (0)      1  : 0.9006 0.0992 0.0000 0.0000 0.0000 0.0000
80       80   (0)      1  : 0.9998 0.0000 0.0000 0.0000 0.0000 0.0000
81       81   (0)      1  : 0.9998 0.0000 0.0000 0.0000 0.0000 0.0000
82       82   (0)      1  : 0.9998 0.0000 0.0000 0.0000 0.0000 0.0000
83       83   (0)      1  : 0.9210 0.0000 0.0000 0.0788 0.0000 0.0000
84       84   (0)      1  : 0.9997 0.0001 0.0001 0.0001 0.0001 0.0001
85       85   (0)      1  : 0.9998 0.0000 0.0000 0.0000 0.0000 0.0000
86       86   (0)      1  : 0.9998 0.0000 0.0000 0.0000 0.0000 0.0000
87       87   (0)      5  : 0.2743 0.7255 0.0001 0.0001 0.0001 0.0001
88       88   (0)      5  : 0.3197 0.6801 0.0000 0.0000 0.0000 0.0000
89       89   (0)      5  : 0.4334 0.5664 0.0000 0.0000 0.0000 0.0000
90       90   (0)      5  : 0.1466 0.8532 0.0001 0.0001 0.0001 0.0001
91       91   (0)      5  : 0.0229 0.9769 0.0000 0.0000 0.0000 0.0000
92       92   (0)      5  : 0.3696 0.6302 0.0000 0.0000 0.0000 0.0000
93       93   (0)      5  : 0.1805 0.8193 0.0001 0.0001 0.0001 0.0001
94       94   (0)      5  : 0.2145 0.7853 0.0000 0.0000 0.0000 0.0000
95       95   (0)      5  : 0.0001 0.9997 0.0001 0.0001 0.0001 0.0001
96       96   (0)      5  : 0.1092 0.8906 0.0000 0.0000 0.0000 0.0000
97       97   (0)      6  : 0.2000 0.0000 0.0000 0.7998 0.0000 0.0000
98       98   (0)      6  : 0.3798 0.0000 0.0000 0.6201 0.0000 0.0000
99       99   (0)      6  : 0.3767 0.0000 0.0000 0.6231 0.0000 0.0000
100      100   (0)      6  : 0.9603 0.0000 0.0000 0.0395 0.0000 0.0000
101      101   (0)      6  : 0.9921 0.0000 0.0000 0.0078 0.0000 0.0000
102      102   (0)      6  : 0.9567 0.0000 0.0000 0.0432 0.0000 0.0000
103      103   (0)      6  : 0.3688 0.0000 0.0000 0.6311 0.0000 0.0000
104      104   (0)      6  : 0.3620 0.0000 0.0000 0.6378 0.0000 0.0000
105      105   (0)      6  : 0.2000 0.0000 0.0000 0.7998 0.0000 0.0000
106      106   (0)      6  : 0.2000 0.0001 0.0001 0.7998 0.0001 0.0001
107      107   (0)      6  : 0.2000 0.0000 0.0000 0.7998 0.0000 0.0000
108      108   (0)      6  : 0.3302 0.0001 0.0000 0.6696 0.0000 0.0000
109      109   (0)      6  : 0.2000 0.0000 0.0000 0.7998 0.0000 0.0000
110      110   (0)      2  : 0.2695 0.0000 0.7304 0.0000 0.0000 0.0000
111      111   (0)      2  : 0.2000 0.0000 0.7998 0.0000 0.0000 0.0000
112      112   (0)      2  : 0.2000 0.0000 0.7998 0.0000 0.0000 0.0000
113      113   (0)      2  : 0.2000 0.0000 0.7998 0.0000 0.0000 0.0000
114      114   (0)      2  : 0.4069 0.0000 0.5929 0.0000 0.0000 0.0000
115      115   (0)      3  : 0.9660 0.0000 0.0339 0.0000 0.0000 0.0000
